19991 vladisl+  20   0   14692   9328   3044 R  40.0   0.1   0:00.12 newmem.bash
19993 vladisl+  20   0   25252  19624   3044 R  40.0   0.2   0:00.31 newmem.bash
19977 vladisl+  20   0   33304  27780   3020 R  33.3   0.2   0:00.47 newmem.bash
19977 vladisl+  20   0   41488  35964   3020 R  40.0   0.3   0:00.63 newmem.bash
19978 vladisl+  20   0   48088  42520   2968 R  33.3   0.3   0:00.76 newmem.bash
19994 vladisl+  20   0   57988  52512   2924 R  40.0   0.4   0:00.96 newmem.bash
19978 vladisl+  20   0   64324  58888   2968 R  40.0   0.5   0:01.09 newmem.bash
19994 vladisl+  20   0   75808  70200   2924 R  40.0   0.5   0:01.31 newmem.bash
19990 vladisl+  20   0   81088  75484   2928 R  40.0   0.6   0:01.43 newmem.bash
19981 vladisl+  20   0   87556  82192   3044 R  40.0   0.6   0:01.57 newmem.bash
19993 vladisl+  20   0   98380  93016   3044 R  40.0   0.7   0:01.79 newmem.bash
19981 vladisl+  20   0  104320  98824   3044 R  33.3   0.8   0:01.92 newmem.bash
19988 vladisl+  20   0  113032 107512   3016 R  40.0   0.8   0:02.11 newmem.bash
19977 vladisl+  20   0  117256 111732   3020 R  33.3   0.9   0:02.22 newmem.bash
19991 vladisl+  20   0  127156 121792   3044 R  40.0   0.9   0:02.38 newmem.bash
19982 vladisl+  20   0  134812 129488   3088 R  33.3   1.0   0:02.56 newmem.bash
19981 vladisl+  20   0  144448 138952   3044 R  33.3   1.1   0:02.77 newmem.bash
19982 vladisl+  20   0  150388 145064   3088 R  33.3   1.1   0:02.89 newmem.bash
19977 vladisl+  20   0  157780 152388   3020 R  33.3   1.2   0:03.06 newmem.bash
19982 vladisl+  20   0  168340 162752   3088 R  40.0   1.3   0:03.26 newmem.bash
19977 vladisl+  20   0  173224 167700   3020 R  33.3   1.3   0:03.40 newmem.bash
19994 vladisl+  20   0  189460 183720   2924 R  40.0   1.4   0:03.64 newmem.bash
19981 vladisl+  20   0  192364 186736   3044 R  33.3   1.4   0:03.77 newmem.bash
19993 vladisl+  20   0  203716 198352   3044 R  40.0   1.5   0:03.98 newmem.bash
19977 vladisl+  20   0  205432 199908   3020 R  33.3   1.6   0:04.05 newmem.bash
19977 vladisl+  20   0  213220 207828   3020 R  33.3   1.6   0:04.22 newmem.bash
19986 vladisl+  20   0  195796 190396   3004 R  33.3   1.5   0:03.89 newmem.bash
19981 vladisl+  20   0  232360 226864   3044 R  40.0   1.8   0:04.61 newmem.bash
19977 vladisl+  20   0  234076 228684   3020 R  33.3   1.8   0:04.71 newmem.bash
19982 vladisl+  20   0  240148 234824   3088 R  40.0   1.8   0:04.86 newmem.bash
19979 vladisl+  20   0  215332 209916   2988 R  40.0   1.6   0:04.50 newmem.bash
19978 vladisl+  20   0  245692 240256   2968 R  33.3   1.9   0:05.09 newmem.bash
19978 vladisl+  20   0  249916 244480   2968 R  40.0   1.9   0:05.31 newmem.bash
19978 vladisl+  20   0  254272 248704   2968 R  31.2   1.9   0:05.51 newmem.bash
19978 vladisl+  20   0  260476 254776   2968 R  33.3   2.0   0:05.70 newmem.bash
19978 vladisl+  20   0  266416 260848   2968 R  33.3   2.0   0:05.90 newmem.bash
19978 vladisl+  20   0  272752 267184   2968 R  43.8   2.1   0:06.13 newmem.bash
19988 vladisl+  20   0  290572 285184   3016 R  38.9   2.2   0:06.55 newmem.bash
19978 vladisl+  20   0  285688 280120   2968 R  35.3   2.2   0:06.55 newmem.bash
19988 vladisl+  20   0  302584 297064   3016 R  40.0   2.3   0:06.95 newmem.bash
20004 vladisl+  20   0  261532 256072   2944 R  40.0   2.0   0:06.09 newmem.bash
19978 vladisl+  20   0  302452 297016   2968 R  33.3   2.3   0:07.11 newmem.bash
19979 vladisl+  20   0  272356 266940   2988 R  33.3   2.1   0:06.44 newmem.bash
19983 vladisl+  20   0  275260 269580   2992 R  33.3   2.1   0:06.62 newmem.bash
19977 vladisl+  20   0  306544 301020   3020 R  31.2   2.3   0:07.29 newmem.bash
19978 vladisl+  20   0  322516 317080   2968 R  33.3   2.5   0:07.83 newmem.bash
19978 vladisl+  20   0  329644 324208   2968 R  43.8   2.5   0:08.05 newmem.bash
19997 vladisl+  20   0  324232 318592   2888 R  46.7   2.5   0:07.78 newmem.bash
19994 vladisl+  20   0  347464 341856   2924 R  37.5   2.7   0:08.51 newmem.bash
19991 vladisl+  20   0  349840 344344   3044 R  38.9   2.7   0:08.75 newmem.bash
19978 vladisl+  20   0  350896 345328   2968 R  26.3   2.7   0:08.88 newmem.bash
20005 vladisl+  20   0  309184 303532   2876 R  46.7   2.4   0:07.84 newmem.bash
19978 vladisl+  20   0  359608 354040   2968 R  40.0   2.7   0:09.24 newmem.bash
19978 vladisl+  20   0  364624 359056   2968 R  33.3   2.8   0:09.55 newmem.bash
19988 vladisl+  20   0  377428 372040   3016 R  35.3   2.9   0:09.94 newmem.bash
19976 vladisl+  20   0  331492 326124   3036 R  31.6   2.5   0:08.78 newmem.bash
19979 vladisl+  20   0  335584 330036   2988 R  33.3   2.6   0:08.90 newmem.bash
19980 vladisl+  20   0  344032 338360   2860 R  26.3   2.6   0:09.16 newmem.bash
19989 vladisl+  20   0  347068 341628   2960 R  40.0   2.6   0:09.35 newmem.bash
19976 vladisl+  20   0  350896 345396   3036 R  33.3   2.7   0:09.52 newmem.bash
19980 vladisl+  20   0  358420 352616   2860 R  36.8   2.7   0:09.79 newmem.bash
19977 vladisl+  20   0  371356 365964   3020 R  40.0   2.8   0:10.36 newmem.bash
19976 vladisl+  20   0  366340 360708   3036 R  41.2   2.8   0:10.26 newmem.bash
19985 vladisl+  20   0  364888 359284   2928 R  43.8   2.8   0:10.51 newmem.bash
19980 vladisl+  20   0  376636 371096   2860 R  43.8   2.9   0:10.71 newmem.bash
19996 vladisl+  20   0  382312 376724   2944 R  37.5   2.9   0:11.10 newmem.bash
19985 vladisl+  20   0  385084 379612   2928 R  25.0   2.9   0:11.48 newmem.bash
19985 vladisl+  20   0  389176 383572   2928 R  31.6   3.0   0:11.68 newmem.bash
19996 vladisl+  20   0  398020 392564   2944 R  31.6   3.0   0:11.82 newmem.bash
19980 vladisl+  20   0  407656 401984   2860 R  33.3   3.1   0:12.05 newmem.bash
19976 vladisl+  20   0  411220 405852   3036 R  29.7   3.1   0:12.32 newmem.bash
20002 vladisl+  20   0  423100 417664   2964 R  21.6   3.2   0:13.31 newmem.bash
19980 vladisl+  20   0  545068 419696   1140 R  93.8   3.3   0:18.41 newmem.bash
19977 vladisl+  20   0  542428 402700   1180 R  93.8   3.1   0:19.17 newmem.bash
19996 vladisl+  20   0  533584 410168   1192 R 100.0   3.2   0:18.33 newmem.bash
19992 vladisl+  20   0  458212 333048   1204 R  93.8   2.6   0:15.38 newmem.bash
19992 vladisl+  20   0  483556 358392   1204 R 100.0   2.8   0:15.81 newmem.bash
19992 vladisl+  20   0  502960 377664   1204 R 100.0   2.9   0:16.26 newmem.bash
19992 vladisl+  20   0  530152 404856   1204 R 100.0   3.1   0:16.68 newmem.bash
