12452708
12451888
12451888
12451612
12451872
12373996
12134328
11892408
11657536
11420656
11197840
10972324
10750824
10533592
10318896
10107208
9880660
9668224
9459584
9225704
9014788
8786240
8578844
8347744
8127756
7898948
7671620
7443568
7204184
6991488
6770224
6543668
6322672
6128648
5992804
5861528
5712832
5586084
5462856
5315688
5172308
5014036
4878476
4731048
4579596
4441744
4295088
4123948
3998420
3859064
3728276
3584140
3447296
3321052
3193540
3067532
2944556
2826116
2680712
2559988
2425680
2269952
2155284
2029032
1890432
1765692
1617256
1538656
1431304
1269512
1112760
1004920
817180
705536
568700
410940
128196
6258048
8864436
10070472
11597420
12099976
12083604
12059924
11897612
12465508
12465768
12466280
12465784
12465232
12464760
12464760
12465020
12464516
12465012
12465012
12464744
12465028
12465304
12465012
12465248
12464784
12464988
12399484
12465524
12465484
12466012
12465752
12334696
12465272
12465264
12465524
12465288
12333972
12465020
12465508
12465800
12465036
12334484
12465036
12464280
12464012
12464516
12332948
12464532
12463760
12464784
12465012
12465272
12465288
12465280
12465264
12464744
12464216
12464744
12464476
12463720
12463484
12462704
12463476
12463232
