3733092
3733092
3733092
3733092
3733092
3733092
3733092
3733092
3733092
3733092
3733092
3733092
3733092
3733092
3733092
3733092
3733092
3733092
3733096
3733096
3733096
3733096
3733096
3733096
3733096
3733096
3733096
3733096
3733096
3733096
3733096
3733100
3733100
3733100
3733100
3733100
3733100
3733100
3733100
3733100
3733100
3733100
3733100
3733100
3733100
3733100
3733100
3733100
3733100
3733100
3733100
3733100
3733100
3733100
3733100
3733100
3733100
3733100
3733100
3733100
3733100
3733100
3733100
3733100
3733100
3733108
3733108
3733108
3733108
3733108
3733108
3733108
3733108
3733120
3733120
3733120
3733120
2140580
2733220
2991268
3509156
3625124
3625124
3625124
3625124
3743140
3743140
3743140
3743140
3743140
3743140
3743140
3743140
3743140
3743140
3743140
3743140
3743140
3743140
3743140
3743140
3743140
3743140
3743140
3743140
3743140
3743140
3743140
3743140
3743140
3743140
3743140
3743140
3743140
3743140
3743140
3743140
3743140
3743140
3743140
3743140
3743140
3743140
3743140
3743140
3743140
3743140
3743140
3743140
3743140
3743140
3743140
3743140
3743140
3743140
3743140
3743140
3743140
3743140
3743140
3743140
