12300 vladisl+  20   0    9148   3704   2952 R   6.2   0.0   0:00.01 newmem.bash
12301 vladisl+  20   0   16936  11488   3100 R  33.3   0.1   0:00.19 newmem.bash
12301 vladisl+  20   0   25648  20200   3100 R  40.0   0.2   0:00.36 newmem.bash
12325 vladisl+  20   0   29344  23628   2812 R  40.0   0.2   0:00.45 newmem.bash
12306 vladisl+  20   0   42148  36416   2936 R  40.0   0.3   0:00.69 newmem.bash
12305 vladisl+  20   0   49012  43664   3064 R  33.3   0.3   0:00.84 newmem.bash
12302 vladisl+  20   0   56404  51092   3096 R  33.3   0.4   0:01.00 newmem.bash
12301 vladisl+  20   0   65644  60328   3100 R  33.3   0.5   0:01.19 newmem.bash
12320 vladisl+  20   0   71716  66272   2980 R  40.0   0.5   0:01.31 newmem.bash
12306 vladisl+  20   0   82012  76544   2936 R  46.7   0.6   0:01.51 newmem.bash
12301 vladisl+  20   0   91648  86200   3100 R  33.3   0.7   0:01.72 newmem.bash
12319 vladisl+  20   0   99832  94332   3036 R  40.0   0.7   0:01.87 newmem.bash
12301 vladisl+  20   0  111844 106528   3100 R  33.3   0.8   0:02.12 newmem.bash
12306 vladisl+  20   0  121744 116144   2936 R  40.0   0.9   0:02.32 newmem.bash
12306 vladisl+  20   0  132304 126704   2936 R  40.0   1.0   0:02.54 newmem.bash
12301 vladisl+  20   0  137452 132136   3100 R  33.3   1.0   0:02.65 newmem.bash
12301 vladisl+  20   0  146692 141112   3100 R  33.3   1.1   0:02.84 newmem.bash
12303 vladisl+  20   0  129928 124392   3004 R  33.3   1.0   0:02.54 newmem.bash
12306 vladisl+  20   0  170980 165248   2936 R  33.3   1.3   0:03.33 newmem.bash
12303 vladisl+  20   0  147352 141816   3004 R  40.0   1.1   0:02.90 newmem.bash
12310 vladisl+  20   0  153160 147524   2908 R  40.0   1.1   0:03.08 newmem.bash
12309 vladisl+  20   0  158176 152576   2932 R  33.3   1.2   0:03.18 newmem.bash
12324 vladisl+  20   0  168340 162832   2896 R  40.0   1.3   0:03.37 newmem.bash
12310 vladisl+  20   0  175072 169436   2908 R  40.0   1.3   0:03.56 newmem.bash
12306 vladisl+  20   0  219952 214352   2936 R  33.3   1.7   0:04.35 newmem.bash
12307 vladisl+  20   0  188536 183032   3036 R  33.3   1.4   0:03.77 newmem.bash
12310 vladisl+  20   0  195004 189500   2908 R  37.5   1.5   0:04.08 newmem.bash
12310 vladisl+  20   0  199888 194252   2908 R  46.7   1.5   0:04.27 newmem.bash
12310 vladisl+  20   0  204640 199004   2908 R  40.0   1.5   0:04.46 newmem.bash
12325 vladisl+  20   0  199624 193908   2812 R  37.5   1.5   0:04.31 newmem.bash
12300 vladisl+  20   0  203584 198008   2952 R  33.3   1.5   0:04.48 newmem.bash
12303 vladisl+  20   0  221140 215736   3004 R  33.3   1.7   0:04.95 newmem.bash
12301 vladisl+  20   0  245164 239848   3100 R  33.3   1.9   0:05.42 newmem.bash
12303 vladisl+  20   0  231568 226032   3004 R  40.0   1.8   0:05.32 newmem.bash
12303 vladisl+  20   0  236584 231048   3004 R  36.8   1.8   0:05.51 newmem.bash
12309 vladisl+  20   0  231964 226232   2932 R  27.8   1.8   0:05.55 newmem.bash
12304 vladisl+  20   0  231568 226008   2984 R  40.0   1.8   0:05.53 newmem.bash
12321 vladisl+  20   0  235924 230468   2948 R  38.9   1.8   0:05.67 newmem.bash
12309 vladisl+  20   0  246088 240488   2932 R  37.5   1.9   0:06.05 newmem.bash
12307 vladisl+  20   0  252160 246656   3036 R  33.3   1.9   0:06.18 newmem.bash
12304 vladisl+  20   0  248992 243432   2984 R  33.3   1.9   0:06.18 newmem.bash
12307 vladisl+  20   0  260212 254840   3036 R  26.3   2.0   0:06.51 newmem.bash
12300 vladisl+  20   0  255724 250280   2952 R  31.6   1.9   0:06.49 newmem.bash
12300 vladisl+  20   0  261004 255560   2952 R  33.3   2.0   0:06.67 newmem.bash
12300 vladisl+  20   0  266548 261104   2952 R  40.0   2.0   0:06.86 newmem.bash
12303 vladisl+  20   0  287668 282264   3004 R  40.0   2.2   0:07.40 newmem.bash
12329 vladisl+  20   0  274204 268456   2912 R  40.0   2.1   0:07.16 newmem.bash
12303 vladisl+  20   0  296776 291240   3004 R  33.3   2.3   0:07.77 newmem.bash
12307 vladisl+  20   0  290440 284936   3036 R  33.3   2.2   0:07.68 newmem.bash
12303 vladisl+  20   0  305884 300480   3004 R  40.0   2.3   0:08.12 newmem.bash
12303 vladisl+  20   0  311824 306288   3004 R  46.7   2.4   0:08.34 newmem.bash
12324 vladisl+  20   0  304432 298792   2896 R  40.0   2.3   0:08.23 newmem.bash
12310 vladisl+  20   0  315652 310148   2908 R  37.5   2.4   0:08.72 newmem.bash
12307 vladisl+  20   0  316576 311072   3036 R  40.0   2.4   0:08.63 newmem.bash
12300 vladisl+  20   0  309844 304400   2952 R  33.3   2.4   0:08.48 newmem.bash
12305 vladisl+  20   0  320140 314528   3064 R  33.3   2.4   0:08.40 newmem.bash
12311 vladisl+  20   0  332152 326516   2896 R  37.5   2.5   0:09.27 newmem.bash
12300 vladisl+  20   0  322516 317072   2952 R  23.8   2.5   0:09.00 newmem.bash
12300 vladisl+  20   0  327532 322088   2952 R  33.3   2.5   0:09.22 newmem.bash
12321 vladisl+  20   0  334396 328676   2948 R  40.0   2.5   0:09.38 newmem.bash
12304 vladisl+  20   0  347200 341640   2984 R  40.0   2.6   0:10.02 newmem.bash
12303 vladisl+  20   0  373072 367536   3004 R  10.2   2.8   0:10.91 newmem.bash
12303 vladisl+  20   0  377956 372552   3004 R  30.3   2.9   0:11.30 newmem.bash
12314 vladisl+  20   0  377692 372280   3008 R  30.0   2.9   0:10.66 newmem.bash
12301 vladisl+  20   0  400132 394816   3100 R  27.8   3.1   0:11.55 newmem.bash
12301 vladisl+  20   0  444088 438588   3048 R   4.0   3.4   0:17.30 newmem.bash
12307 vladisl+  20   0  635620 510300   1300 R  81.2   4.0   0:25.79 newmem.bash
12328 vladisl+  20   0  576616 445828   1072 R  56.2   3.5   0:23.79 newmem.bash
12301 vladisl+  20   0  667696 515512   1252 R  31.6   4.0   0:26.34 newmem.bash
12321 vladisl+  20   0  535036 408564   1132 R  40.0   3.2   0:22.64 newmem.bash
12300 vladisl+  20   0  528964 397080   1196 R  82.4   3.1   0:24.47 newmem.bash
12302 vladisl+  20   0  622552 482172   1236 R  53.3   3.7   0:25.05 newmem.bash
12329 vladisl+  20   0  607900 470384   1184 R 100.0   3.6   0:28.06 newmem.bash
12300 vladisl+  20   0  560116 423764   1220 R  30.0   3.3   0:26.14 newmem.bash
12327 vladisl+  20   0  623872 475748   1236 R  78.9   3.7   0:27.15 newmem.bash
12327 vladisl+  20   0  652252 503856   1236 R  80.0   3.9   0:27.87 newmem.bash
12300 vladisl+  20   0  591796 453360    992 R  43.8   3.5   0:27.10 newmem.bash
12308 vladisl+  20   0  621496 461884   1152 R  86.7   3.6   0:27.14 newmem.bash
12325 vladisl+  20   0  628888 478424   1076 R  46.7   3.7   0:26.96 newmem.bash
12312 vladisl+  20   0  623608 471312   1076 R  50.0   3.7   0:26.48 newmem.bash
12312 vladisl+  20   0  651064 492612   1052 R  81.2   3.8   0:27.41 newmem.bash
12300 vladisl+  20   0  626116 476092   1092 R  47.1   3.7   0:28.63 newmem.bash
12317 vladisl+  20   0  729076 570704   1112 R 100.0   4.4   0:29.65 newmem.bash
12300 vladisl+  20   0  641296 491140   1092 R  50.0   3.8   0:29.26 newmem.bash
12326 vladisl+  20   0  735940 550208    440 R  47.8   4.3   0:30.99 newmem.bash
12325 vladisl+  20   0  701224 538752   1148 R 100.0   4.2   0:30.01 newmem.bash
12311 vladisl+  20   0  737788 571836   1164 R  53.3   4.4   0:32.72 newmem.bash
12319 vladisl+  20   0  672976 478084      4 D   8.4   3.7   0:28.40 newmem.bash
12318 vladisl+  20   0  706108 539308   1296 R  80.0   4.2   0:31.48 newmem.bash
12323 vladisl+  20   0  724852 552808   1260 R  56.2   4.3   0:30.61 newmem.bash
12310 vladisl+  20   0  778840 600572   1244 R  53.3   4.7   0:34.25 newmem.bash
12323 vladisl+  20   0  740824 568500   1260 D  61.5   4.4   0:31.36 newmem.bash
12326 vladisl+  20   0  822400 619864   1120 R  93.3   4.8   0:34.33 newmem.bash
12325 vladisl+  20   0  763660 587932   1124 R  52.6   4.6   0:32.51 newmem.bash
12311 vladisl+  20   0  797452 617692   1152 R  56.2   4.8   0:35.35 newmem.bash
12326 vladisl+  20   0  844444 641772   1116 R  63.2   5.0   0:35.53 newmem.bash
12305 vladisl+  20   0  818176 618008   1092 R  93.8   4.8   0:35.14 newmem.bash
12308 vladisl+  20   0  805372 611924   1148 R  93.3   4.7   0:34.76 newmem.bash
12308 vladisl+  20   0  821080 626924    408 R  73.7   4.9   0:35.09 newmem.bash
12321 vladisl+  20   0  815140 616800   1200 R  75.0   4.8   0:34.37 newmem.bash
12316 vladisl+  20   0  851572 630520   1172 R  80.0   4.9   0:34.91 newmem.bash
12321 vladisl+  20   0  839824 641352   1200 R  64.7   5.0   0:35.04 newmem.bash
12308 vladisl+  20   0  874408 669900   1220 R  88.2   5.2   0:36.90 newmem.bash
12314 vladisl+  20   0  906484 693280   1076 R 100.0   5.4   0:36.47 newmem.bash
12318 vladisl+  20   0  886552 686512   1188 R  81.2   5.3   0:37.95 newmem.bash
12314 vladisl+  20   0  922720 709648   1076 R  83.3   5.5   0:37.25 newmem.bash
12318 vladisl+  20   0  904636 704728   1188 R  75.0   5.5   0:38.82 newmem.bash
12308 vladisl+  20   0  925492 720852   1220 R  66.7   5.6   0:38.80 newmem.bash
12315 vladisl+  20   0  966808 746760   1264 R 100.0   5.8   0:42.97 newmem.bash
12327 vladisl+  20   0 1057360 820976   1256 R 100.0   6.4   0:44.10 newmem.bash
12323 vladisl+  20   0 1015780 787596   1224 R  80.0   6.1   0:42.99 newmem.bash
12312 vladisl+  20   0 1024492 787592   1152 R  60.0   6.1   0:42.39 newmem.bash
12313 vladisl+  20   0  975520 735848   1216 R  81.2   5.7   0:41.03 newmem.bash
12319 vladisl+  20   0 1032544 765356   1220 R  86.7   5.9   0:42.63 newmem.bash
12319 vladisl+  20   0 1052740 785420   1220 R 100.0   6.1   0:43.07 newmem.bash
12316 vladisl+  20   0 1088908 807500   1204 R  86.7   6.3   0:44.00 newmem.bash
12316 vladisl+  20   0 1100128 818852   1204 R  80.0   6.3   0:44.42 newmem.bash
12323 vladisl+  20   0 1101448 858348   1236 R  86.7   6.7   0:45.63 newmem.bash
12309 vladisl+  20   0 1021852 765776   1220 R  51.6   5.9   0:46.22 newmem.bash
12318 vladisl+  20   0 1157152 899352   1264 R  93.8   7.0   0:50.14 newmem.bash
12318 vladisl+  20   0 1181440 923640   1264 R  93.3   7.2   0:50.67 newmem.bash
12318 vladisl+  20   0 1201636 943968   1264 R  93.3   7.3   0:51.20 newmem.bash
12316 vladisl+  20   0 1220512 890616   1216 R 100.0   6.9   0:50.06 newmem.bash
12308 vladisl+  20   0 1250740 955104   1128 R  93.3   7.4   0:51.95 newmem.bash
12319 vladisl+  20   0 1228960 909268   1160 R  86.7   7.1   0:50.73 newmem.bash
12300 vladisl+  20   0 1181968 885532   1116 R  80.0   6.9   0:51.17 newmem.bash
12309 vladisl+  20   0 1167844 877016   1164 R 100.0   6.8   0:52.52 newmem.bash
12313 vladisl+  20   0 1158736 882316   1220 R  93.3   6.8   0:48.93 newmem.bash
12321 vladisl+  20   0 1202824 892588   1240 R  93.3   6.9   0:51.30 newmem.bash
12321 vladisl+  20   0 1225264 915028   1240 R  93.3   7.1   0:52.19 newmem.bash
12321 vladisl+  20   0 1251664 920892   1204 R  88.2   7.1   0:53.21 newmem.bash
12315 vladisl+  20   0 1263808 975904   1280 R 100.0   7.6   0:55.78 newmem.bash
12313 vladisl+  20   0 1242820 946344   1192 R  93.3   7.3   0:52.02 newmem.bash
12325 vladisl+  20   0 1334296 986.7m   1100 R 100.0   7.8   0:55.92 newmem.bash
12313 vladisl+  20   0 1270144 973536   1192 R 100.0   7.5   0:53.09 newmem.bash
12312 vladisl+  20   0 1354756   1.0g   1168 R 100.0   8.0   0:55.68 newmem.bash
12312 vladisl+  20   0 1365976   1.0g   1168 R 100.0   8.1   0:56.24 newmem.bash
12309 vladisl+  20   0 1291528 979288   1240 R  83.3   7.6   0:58.11 newmem.bash
12316 vladisl+  20   0 1442272   1.0g   1176 R  94.1   8.2   0:58.60 newmem.bash
12321 vladisl+  20   0 1441744   1.0g   1228 R 100.0   8.3   0:59.34 newmem.bash
12314 vladisl+  20   0 1464712   1.1g   1112 R 100.0   8.7   0:58.62 newmem.bash
12313 vladisl+  20   0 1406896   1.0g   1164 R  93.3   8.4   0:57.35 newmem.bash
12316 vladisl+  20   0 1535068   1.1g   1176 R 100.0   8.9   1:00.85 newmem.bash
12320 vladisl+  20   0 1466560   1.1g   1264 R  88.9   8.9   0:59.14 newmem.bash
12300 vladisl+  20   0 1493092   1.1g   1192 R 100.0   8.8   1:01.62 newmem.bash
12309 vladisl+  20   0 1464976   1.1g   1200 R 100.0   8.7   1:02.65 newmem.bash
12309 vladisl+  20   0 1477384   1.1g   1200 R 100.0   8.8   1:03.16 newmem.bash
12300 vladisl+  20   0 1536256   1.1g   1192 R 100.0   9.2   1:03.15 newmem.bash
12300 vladisl+  20   0 1548796   1.1g   1192 R 100.0   9.3   1:03.72 newmem.bash
12300 vladisl+  20   0 1560544   1.2g   1192 R  93.8   9.4   1:04.31 newmem.bash
12300 vladisl+  20   0 1572160   1.2g   1192 R 100.0   9.4   1:04.90 newmem.bash
12314 vladisl+  20   0 1610572   1.2g   1060 R 100.0   9.9   1:03.63 newmem.bash
12309 vladisl+  20   0 1579024   1.2g   1200 R 100.0   9.4   1:07.67 newmem.bash
12313 vladisl+  20   0 1630372   1.2g   1196 R 100.0   9.9   1:04.78 newmem.bash
12309 vladisl+  20   0       0      0      0 R  93.3   0.0   1:09.04 newmem.bash
