12487800
12487232
12487532
12487272
12487516
12486776
12486712
12487004
12486980
12486760
12486516
12486736
12486736
12486500
12486752
12486224
12486232
12485964
12345796
12127524
11901432
11667584
11445776
11224244
11002752
10766140
10541356
10322572
10089976
9857640
9613452
9394716
9171428
8962276
8724892
8509684
8289184
8058100
7837624
7603492
7391552
7184392
6969460
6797320
6666304
6555904
6429156
6299376
6172116
6040328
5893396
5763372
5616204
5475800
5341248
5199860
5095516
4985912
4881340
4756600
4623544
4494276
4361716
4233708
4122080
3984440
3852644
3715344
3575704
3435340
3299520
3167472
3036188
2912716
2791260
2657472
2523384
2418804
1999508
1775708
1506336
1227876
703732
139896
132084
466860
247628
618032
327764
161964
323048
132276
408984
188980
410952
225724
149368
708628
500764
368724
255340
137884
555112
172316
149644
409156
272620
158464
141588
551844
355300
220984
138596
526116
290488
146140
712860
420552
262776
135784
606064
465212
357844
269660
171128
933396
632536
450088
261088
1076024
845184
637284
459640
328828
230572
142112
737176
476356
295168
142456
891520
773160
673116
552928
443740
388632
220800
126280
1067132
838064
646796
531128
354980
241336
155404
1057884
801104
597472
425836
255012
1259632
999820
813868
680780
565672
472172
372640
268556
198012
118312
9963452
11078992
12492888
12492628
12492368
12491596
12361604
12492612
12491620
12492400
12492896
12426848
12490888
12490896
12490636
12490384
12490644
12490904
12490360
12489816
12490368
12490864
12490320
12489084
12489108
12489336
12489336
12489288
12489028
12488564
12487060
12486288
12486848
12486556
