3763580
3763580
3763588
3763588
3763592
3763592
3763592
3763592
3763592
3763592
3763592
3763592
3763592
3763592
3763592
3763592
3763592
3763592
3763592
3763592
3763592
3763592
3763592
3763592
3763592
3763592
3763592
3763592
3763592
3763592
3763592
3763592
3763592
3763592
3763592
3763592
3763592
3763592
3763592
3763592
3763600
3763600
3763600
3763600
3763600
3763600
3763600
3763600
3763600
3763600
3763600
3763600
3763600
3763600
3763600
3763600
3763600
3763748
3763748
3763748
3763772
3763772
3763772
3763772
3763772
3763772
3763772
3763772
3763772
3763772
3763772
3763772
3763772
3763772
3763772
3763772
3763772
3763772
3763776
3763776
3763776
3763800
3763800
40
0
7416
7420
0
796
796
548
0
0
172
752
760
760
0
0
80
80
80
1784
1824
24
61936
61936
61936
64240
70940
70940
71196
71196
2188
2292
2340
1212
1528
1792
1292
14708
14708
14708
14708
14708
668
2468
2468
2476
1840
2136
2172
2172
2176
2176
2196
11068
76
76
0
260
720
732
1500
3548
3648
9168
0
10336
15008
15008
15108
15108
15464
15464
208
208
216
224
224
365664
365664
365664
365664
365664
365664
365664
365664
365664
312276
2981348
3325668
3688676
3688676
3688676
3688676
3688676
3688676
3688676
3688676
3688676
3688676
3688676
3688676
3688676
3688676
3688676
3688676
3688676
3688676
3688676
3688676
3688676
3688676
3688676
3688676
3688676
3688676
3688676
3688676
3688676
3688676
3688676
3688676
