  158 vladisl+  20   0  764784   6372      0 S   0.0   0.0   0:58.08 docker
  144 root      20   0 1680396   3896      0 S   0.0   0.0   0:13.39 docker-desktop-
12046 vladisl+  20   0   10724   3616   3160 T   0.0   0.0   0:00.00 top
12060 vladisl+  20   0   10872   3592   3136 R   0.0   0.0   0:00.00 top
12049 vladisl+  20   0    8752   3512   3068 S   0.0   0.0   0:00.01 bash

  158 vladisl+  20   0  764784   6372      0 S   0.0   0.0   0:58.08 docker
  144 root      20   0 1680396   3896      0 S   0.0   0.0   0:13.39 docker-desktop-
12046 vladisl+  20   0   10724   3616   3160 T   0.0   0.0   0:00.00 top
12074 vladisl+  20   0   10872   3604   3148 R   0.0   0.0   0:00.00 top
12049 vladisl+  20   0    8752   3520   3068 S   0.0   0.0   0:00.01 bash

  158 vladisl+  20   0  764784   6372      0 S   0.0   0.0   0:58.08 docker
  144 root      20   0 1680396   3896      0 S   0.0   0.0   0:13.39 docker-desktop-
12046 vladisl+  20   0   10724   3616   3160 T   0.0   0.0   0:00.00 top
12088 vladisl+  20   0   10872   3560   3104 R   0.0   0.0   0:00.00 top
12049 vladisl+  20   0    8752   3520   3068 S   0.0   0.0   0:00.02 bash

  158 vladisl+  20   0  764784   6372      0 S   0.0   0.0   0:58.08 docker
  144 root      20   0 1680396   3896      0 S   0.0   0.0   0:13.39 docker-desktop-
12046 vladisl+  20   0   10724   3616   3160 T   0.0   0.0   0:00.00 top
12103 vladisl+  20   0   10872   3564   3108 R   0.0   0.0   0:00.00 top
12049 vladisl+  20   0    8752   3520   3068 S   0.0   0.0   0:00.02 bash

  158 vladisl+  20   0  764784   6372      0 S   0.0   0.0   0:58.08 docker
  144 root      20   0 1680396   3896      0 S   0.0   0.0   0:13.39 docker-desktop-
12117 vladisl+  20   0   10872   3640   3180 R   0.0   0.0   0:00.00 top
12046 vladisl+  20   0   10724   3616   3160 T   0.0   0.0   0:00.00 top
12049 vladisl+  20   0    8752   3524   3068 S   0.0   0.0   0:00.03 bash

  158 vladisl+  20   0  764784   6372      0 S   0.0   0.0   0:58.08 docker
  144 root      20   0 1680396   3896      0 S   0.0   0.0   0:13.39 docker-desktop-
12046 vladisl+  20   0   10724   3616   3160 T   0.0   0.0   0:00.00 top
12131 vladisl+  20   0   10872   3560   3104 R   0.0   0.0   0:00.00 top
12049 vladisl+  20   0    8752   3524   3068 S   0.0   0.0   0:00.03 bash

  158 vladisl+  20   0  764784   6372      0 S   0.0   0.0   0:58.08 docker
  144 root      20   0 1680396   3896      0 S   0.0   0.0   0:13.39 docker-desktop-
12145 vladisl+  20   0   10872   3624   3164 R   0.0   0.0   0:00.00 top
12046 vladisl+  20   0   10724   3616   3160 T   0.0   0.0   0:00.00 top
12049 vladisl+  20   0    8752   3524   3068 S   0.0   0.0   0:00.04 bash

  158 vladisl+  20   0  764784   6372      0 S   0.0   0.0   0:58.08 docker
  144 root      20   0 1680396   3896      0 S   0.0   0.0   0:13.39 docker-desktop-
12046 vladisl+  20   0   10724   3616   3160 T   0.0   0.0   0:00.00 top
12159 vladisl+  20   0   10872   3616   3160 R   0.0   0.0   0:00.00 top
12049 vladisl+  20   0    8752   3524   3068 S   0.0   0.0   0:00.04 bash

  158 vladisl+  20   0  764784   6372      0 S   0.0   0.0   0:58.08 docker
  144 root      20   0 1680396   3896      0 S   0.0   0.0   0:13.39 docker-desktop-
12173 vladisl+  20   0   10872   3676   3220 R   0.0   0.0   0:00.00 top
12046 vladisl+  20   0   10724   3616   3160 T   0.0   0.0   0:00.00 top
12049 vladisl+  20   0    8752   3524   3068 S   0.0   0.0   0:00.05 bash

  158 vladisl+  20   0  764784   6372      0 S   0.0   0.0   0:58.08 docker
  144 root      20   0 1680396   3896      0 S   0.0   0.0   0:13.39 docker-desktop-
12187 vladisl+  20   0   10872   3620   3160 R   0.0   0.0   0:00.00 top
12046 vladisl+  20   0   10724   3616   3160 T   0.0   0.0   0:00.00 top
12049 vladisl+  20   0    8752   3524   3068 S   0.0   0.0   0:00.05 bash

  158 vladisl+  20   0  764784   6372      0 S   0.0   0.0   0:58.08 docker
  144 root      20   0 1680396   3896      0 S   0.0   0.0   0:13.39 docker-desktop-
12201 vladisl+  20   0   10872   3656   3196 R   6.2   0.0   0:00.01 top
12046 vladisl+  20   0   10724   3616   3160 T   0.0   0.0   0:00.00 top
12049 vladisl+  20   0    8752   3524   3068 S   0.0   0.0   0:00.06 bash

  158 vladisl+  20   0  764784   6372      0 S   0.0   0.0   0:58.08 docker
  144 root      20   0 1680396   3896      0 S   0.0   0.0   0:13.39 docker-desktop-
12215 vladisl+  20   0   10872   3640   3180 R   6.7   0.0   0:00.01 top
12046 vladisl+  20   0   10724   3616   3160 T   0.0   0.0   0:00.00 top
12049 vladisl+  20   0    8752   3524   3068 S   0.0   0.0   0:00.06 bash

  158 vladisl+  20   0  764784   6372      0 S   0.0   0.0   0:58.08 docker
  144 root      20   0 1680396   3896      0 S   0.0   0.0   0:13.39 docker-desktop-
12229 vladisl+  20   0   10872   3620   3160 R   0.0   0.0   0:00.00 top
12046 vladisl+  20   0   10724   3616   3160 T   0.0   0.0   0:00.00 top
12049 vladisl+  20   0    8752   3524   3068 S   0.0   0.0   0:00.07 bash

  158 vladisl+  20   0  764784   6372      0 S   0.0   0.0   0:58.08 docker
  144 root      20   0 1680396   3896      0 S   0.0   0.0   0:13.39 docker-desktop-
12046 vladisl+  20   0   10724   3616   3160 T   0.0   0.0   0:00.00 top
12243 vladisl+  20   0   10872   3572   3112 R   0.0   0.0   0:00.00 top
12049 vladisl+  20   0    8752   3524   3068 S   0.0   0.0   0:00.08 bash

  158 vladisl+  20   0  764784   6372      0 S   0.0   0.0   0:58.08 docker
  144 root      20   0 1680396   3896      0 S   0.0   0.0   0:13.39 docker-desktop-
12046 vladisl+  20   0   10724   3616   3160 T   0.0   0.0   0:00.00 top
12257 vladisl+  20   0   10872   3572   3112 R   0.0   0.0   0:00.00 top
12049 vladisl+  20   0    8752   3524   3068 S   0.0   0.0   0:00.08 bash

  158 vladisl+  20   0  764784   6372      0 S   0.0   0.0   0:58.08 docker
  144 root      20   0 1680396   3896      0 S   0.0   0.0   0:13.39 docker-desktop-
12271 vladisl+  20   0   10872   3644   3188 R   0.0   0.0   0:00.00 top
12046 vladisl+  20   0   10724   3616   3160 T   0.0   0.0   0:00.00 top
12049 vladisl+  20   0    8752   3524   3068 S   0.0   0.0   0:00.08 bash

  158 vladisl+  20   0  764784   6372      0 S   0.0   0.0   0:58.08 docker
  144 root      20   0 1680396   3896      0 S   0.0   0.0   0:13.39 docker-desktop-
12285 vladisl+  20   0   10872   3644   3188 R   0.0   0.0   0:00.00 top
12046 vladisl+  20   0   10724   3616   3160 T   0.0   0.0   0:00.00 top
12049 vladisl+  20   0    8752   3524   3068 S   0.0   0.0   0:00.09 bash

  158 vladisl+  20   0  764784   6372      0 S   0.0   0.0   0:58.08 docker
12316 vladisl+  20   0   11920   6336   2948 R  29.4   0.0   0:00.08 newmem.bash
12306 vladisl+  20   0   11920   6320   2936 R  35.3   0.0   0:00.08 newmem.bash
12302 vladisl+  20   0   11656   6212   3096 R  29.4   0.0   0:00.08 newmem.bash
12323 vladisl+  20   0   11524   6084   2968 R  29.4   0.0   0:00.07 newmem.bash

12314 vladisl+  20   0   19708  14296   3008 R  33.3   0.1   0:00.24 newmem.bash
12316 vladisl+  20   0   19708  14256   2948 R  33.3   0.1   0:00.25 newmem.bash
12301 vladisl+  20   0   19444  14128   3100 R  33.3   0.1   0:00.24 newmem.bash
12327 vladisl+  20   0   19312  13740   2968 R  33.3   0.1   0:00.23 newmem.bash
12322 vladisl+  20   0   19312  13712   2956 R  33.3   0.1   0:00.23 newmem.bash

12316 vladisl+  20   0   28552  22968   2948 R  26.7   0.2   0:00.41 newmem.bash
12301 vladisl+  20   0   27760  22312   3100 R  26.7   0.2   0:00.40 newmem.bash
12314 vladisl+  20   0   27628  22216   3008 R  26.7   0.2   0:00.40 newmem.bash
12322 vladisl+  20   0   27628  22160   2956 R  26.7   0.2   0:00.42 newmem.bash
12320 vladisl+  20   0   27100  21656   2980 R  26.7   0.2   0:00.38 newmem.bash

12301 vladisl+  20   0   36604  31288   3100 R  20.0   0.2   0:00.58 newmem.bash
12322 vladisl+  20   0   36340  30872   2956 R  33.3   0.2   0:00.58 newmem.bash
12305 vladisl+  20   0   36208  30728   3064 R  26.7   0.2   0:00.57 newmem.bash
12316 vladisl+  20   0   36208  30624   2948 R  26.7   0.2   0:00.57 newmem.bash
12327 vladisl+  20   0   35812  30372   2968 R  33.3   0.2   0:00.57 newmem.bash

12319 vladisl+  20   0   43864  38364   3036 R  26.7   0.3   0:00.73 newmem.bash
12306 vladisl+  20   0   43732  38264   2936 R  20.0   0.3   0:00.72 newmem.bash
12327 vladisl+  20   0   43600  38028   2968 R  26.7   0.3   0:00.73 newmem.bash
12301 vladisl+  20   0   43204  37888   3100 R  26.7   0.3   0:00.71 newmem.bash
12305 vladisl+  20   0   43204  37856   3064 R  26.7   0.3   0:00.72 newmem.bash

12319 vladisl+  20   0   52180  46548   3036 R  26.7   0.4   0:00.89 newmem.bash
12306 vladisl+  20   0   51916  46448   2936 R  26.7   0.4   0:00.89 newmem.bash
12314 vladisl+  20   0   51784  46240   3008 R  33.3   0.4   0:00.89 newmem.bash
12305 vladisl+  20   0   51388  46040   3064 R  20.0   0.4   0:00.88 newmem.bash
12327 vladisl+  20   0   51652  45948   2968 R  26.7   0.4   0:00.89 newmem.bash

12327 vladisl+  20   0   60232  54660   2968 R  33.3   0.4   0:01.06 newmem.bash
12301 vladisl+  20   0   59572  54256   3100 R  33.3   0.4   0:01.07 newmem.bash
12319 vladisl+  20   0   59572  54204   3036 R  26.7   0.4   0:01.05 newmem.bash
12323 vladisl+  20   0   59704  54132   2968 R  33.3   0.4   0:01.06 newmem.bash
12314 vladisl+  20   0   59308  53896   3008 R  26.7   0.4   0:01.04 newmem.bash

12301 vladisl+  20   0   68548  63232   3100 R  33.3   0.5   0:01.25 newmem.bash
12327 vladisl+  20   0   68548  63108   2968 R  26.7   0.5   0:01.23 newmem.bash
12314 vladisl+  20   0   67756  62344   3008 R  33.3   0.5   0:01.21 newmem.bash
12319 vladisl+  20   0   67624  62124   3036 R  20.0   0.5   0:01.20 newmem.bash
12323 vladisl+  20   0   67624  62052   2968 R  26.7   0.5   0:01.22 newmem.bash

12301 vladisl+  20   0   76600  71152   3100 R  25.0   0.6   0:01.41 newmem.bash
12327 vladisl+  20   0   76072  70500   2968 R  31.2   0.5   0:01.40 newmem.bash
12302 vladisl+  20   0   75676  70100   3096 R  25.0   0.5   0:01.39 newmem.bash
12314 vladisl+  20   0   75544  70000   3008 R  25.0   0.5   0:01.36 newmem.bash
12306 vladisl+  20   0   75544  69944   2936 R  25.0   0.5   0:01.37 newmem.bash

12322 vladisl+  20   0   84916  79448   2956 R  26.7   0.6   0:01.58 newmem.bash
12306 vladisl+  20   0   84784  79184   2936 R  40.0   0.6   0:01.57 newmem.bash
12301 vladisl+  20   0   84520  79072   3100 R  33.3   0.6   0:01.56 newmem.bash
12319 vladisl+  20   0   83728  78228   3036 R  33.3   0.6   0:01.54 newmem.bash
12327 vladisl+  20   0   83068  77628   2968 R  26.7   0.6   0:01.54 newmem.bash

12301 vladisl+  20   0   95212  89896   3100 R  46.7   0.7   0:01.80 newmem.bash
12322 vladisl+  20   0   95080  89480   2956 R  33.3   0.7   0:01.79 newmem.bash
12306 vladisl+  20   0   94288  88688   2936 R  26.7   0.7   0:01.76 newmem.bash
12319 vladisl+  20   0   93364  87732   3036 R  26.7   0.7   0:01.73 newmem.bash
12326 vladisl+  20   0   92044  86536   2888 R  40.0   0.7   0:01.71 newmem.bash

12301 vladisl+  20   0  105244  99928   3100 R  33.3   0.8   0:02.00 newmem.bash
12322 vladisl+  20   0  104320  98720   2956 R  33.3   0.8   0:01.98 newmem.bash
12306 vladisl+  20   0  104056  98456   2936 R  33.3   0.8   0:01.96 newmem.bash
12319 vladisl+  20   0  102736  97236   3036 R  33.3   0.8   0:01.93 newmem.bash
12326 vladisl+  20   0  101812  96304   2888 R  33.3   0.7   0:01.92 newmem.bash

12301 vladisl+  20   0  114352 108904   3100 R  26.7   0.8   0:02.17 newmem.bash
12306 vladisl+  20   0  113692 108224   2936 R  26.7   0.8   0:02.16 newmem.bash
12319 vladisl+  20   0  113296 107796   3036 R  26.7   0.8   0:02.13 newmem.bash
12322 vladisl+  20   0  113164 107696   2956 R  33.3   0.8   0:02.17 newmem.bash
12326 vladisl+  20   0  112768 107128   2888 R  46.7   0.8   0:02.13 newmem.bash

12306 vladisl+  20   0  124780 119048   2936 R  40.0   0.9   0:02.39 newmem.bash
12301 vladisl+  20   0  122404 117088   3100 R  33.3   0.9   0:02.35 newmem.bash
12316 vladisl+  20   0  122008 116424   2948 R  40.0   0.9   0:02.34 newmem.bash
12322 vladisl+  20   0  121348 115880   2956 R  33.3   0.9   0:02.34 newmem.bash
12319 vladisl+  20   0  121084 115452   3036 R  26.7   0.9   0:02.30 newmem.bash

12306 vladisl+  20   0  135736 130136   2936 R  46.7   1.0   0:02.62 newmem.bash
12316 vladisl+  20   0  132304 126720   2948 R  26.7   1.0   0:02.55 newmem.bash
12301 vladisl+  20   0  131116 125800   3100 R  33.3   1.0   0:02.51 newmem.bash
12319 vladisl+  20   0  129928 124428   3036 R  33.3   1.0   0:02.48 newmem.bash
12322 vladisl+  20   0  129532 124064   2956 R  26.7   1.0   0:02.50 newmem.bash

12306 vladisl+  20   0  145240 139640   2936 R  33.3   1.1   0:02.81 newmem.bash
12316 vladisl+  20   0  141808 136224   2948 R  33.3   1.1   0:02.74 newmem.bash
12301 vladisl+  20   0  140488 135040   3100 R  33.3   1.0   0:02.71 newmem.bash
12319 vladisl+  20   0  139300 133932   3036 R  33.3   1.0   0:02.67 newmem.bash
12322 vladisl+  20   0  138904 133304   2956 R  33.3   1.0   0:02.70 newmem.bash

12306 vladisl+  20   0  156328 150728   2936 R  40.0   1.2   0:03.03 newmem.bash
12316 vladisl+  20   0  151444 145728   2948 R  33.3   1.1   0:02.93 newmem.bash
12301 vladisl+  20   0  149596 144280   3100 R  33.3   1.1   0:02.90 newmem.bash
12326 vladisl+  20   0  149596 144088   2888 R  33.3   1.1   0:02.88 newmem.bash
12319 vladisl+  20   0  149068 143700   3036 R  40.0   1.1   0:02.87 newmem.bash

12306 vladisl+  20   0  164644 158912   2936 R  26.7   1.2   0:03.20 newmem.bash
12316 vladisl+  20   0  159760 154176   2948 R  26.7   1.2   0:03.10 newmem.bash
12301 vladisl+  20   0  158044 152728   3100 R  33.3   1.2   0:03.07 newmem.bash
12319 vladisl+  20   0  157384 151884   3036 R  33.3   1.2   0:03.04 newmem.bash
12326 vladisl+  20   0  156724 150952   2888 R  26.7   1.2   0:03.03 newmem.bash

12306 vladisl+  20   0  173092 167624   2936 R  33.3   1.3   0:03.38 newmem.bash
12316 vladisl+  20   0  166888 161304   2948 R  33.3   1.3   0:03.25 newmem.bash
12301 vladisl+  20   0  165304 159856   3100 R  26.7   1.2   0:03.24 newmem.bash
12319 vladisl+  20   0  164908 159540   3036 R  26.7   1.2   0:03.20 newmem.bash
12326 vladisl+  20   0  164644 159136   2888 R  26.7   1.2   0:03.19 newmem.bash

12306 vladisl+  20   0  181276 175808   2936 R  26.7   1.4   0:03.54 newmem.bash
12316 vladisl+  20   0  174016 168432   2948 R  26.7   1.3   0:03.41 newmem.bash
12301 vladisl+  20   0  173620 168304   3100 R  33.3   1.3   0:03.41 newmem.bash
12326 vladisl+  20   0  172960 167320   2888 R  26.7   1.3   0:03.37 newmem.bash
12322 vladisl+  20   0  172300 166832   2956 R  26.7   1.3   0:03.39 newmem.bash

12306 vladisl+  20   0  189724 183992   2936 R  33.3   1.4   0:03.72 newmem.bash
12316 vladisl+  20   0  181936 176352   2948 R  20.0   1.4   0:03.57 newmem.bash
12301 vladisl+  20   0  181144 175696   3100 R  26.7   1.4   0:03.57 newmem.bash
12326 vladisl+  20   0  180880 175240   2888 R  26.7   1.4   0:03.54 newmem.bash
12322 vladisl+  20   0  179824 174224   2956 R  33.3   1.4   0:03.56 newmem.bash

12306 vladisl+  20   0  198304 192704   2936 R  33.3   1.5   0:03.91 newmem.bash
12316 vladisl+  20   0  190516 185064   2948 R  26.7   1.4   0:03.75 newmem.bash
12326 vladisl+  20   0  189592 183952   2888 R  33.3   1.4   0:03.72 newmem.bash
12301 vladisl+  20   0  188932 183616   3100 R  26.7   1.4   0:03.74 newmem.bash
12319 vladisl+  20   0  188668 183300   3036 R  26.7   1.4   0:03.69 newmem.bash

12306 vladisl+  20   0  205960 200360   2936 R  26.7   1.6   0:04.06 newmem.bash
12316 vladisl+  20   0  198304 192720   2948 R  33.3   1.5   0:03.93 newmem.bash
12326 vladisl+  20   0  197248 191608   2888 R  33.3   1.5   0:03.89 newmem.bash
12301 vladisl+  20   0  196456 191008   3100 R  26.7   1.5   0:03.90 newmem.bash
12319 vladisl+  20   0  196324 190956   3036 R  26.7   1.5   0:03.85 newmem.bash

12306 vladisl+  20   0  214276 208808   2936 R  26.7   1.6   0:04.23 newmem.bash
12316 vladisl+  20   0  205432 199848   2948 R  26.7   1.5   0:04.07 newmem.bash
12326 vladisl+  20   0  205300 199528   2888 R  33.3   1.5   0:04.05 newmem.bash
12301 vladisl+  20   0  204508 199192   3100 R  33.3   1.5   0:04.07 newmem.bash
12319 vladisl+  20   0  203584 198084   3036 R  26.7   1.5   0:04.00 newmem.bash

12306 vladisl+  20   0  222856 217256   2936 R  33.3   1.7   0:04.42 newmem.bash
12326 vladisl+  20   0  213484 207712   2888 R  26.7   1.6   0:04.23 newmem.bash
12316 vladisl+  20   0  212428 206976   2948 R  26.7   1.6   0:04.22 newmem.bash
12301 vladisl+  20   0  210976 205528   3100 R  26.7   1.6   0:04.22 newmem.bash
12322 vladisl+  20   0  210844 205376   2956 R  26.7   1.6   0:04.20 newmem.bash

12306 vladisl+  20   0  228268 222800   2936 R  17.6   1.7   0:04.55 newmem.bash
12316 vladisl+  20   0  220084 214632   2948 R  29.4   1.7   0:04.41 newmem.bash
12326 vladisl+  20   0  220216 214576   2888 R  29.4   1.7   0:04.40 newmem.bash
12322 vladisl+  20   0  218764 213296   2956 R  29.4   1.7   0:04.39 newmem.bash
12319 vladisl+  20   0  218368 212868   3036 R  29.4   1.7   0:04.35 newmem.bash

12306 vladisl+  20   0  233548 228080   2936 R  26.7   1.8   0:04.74 newmem.bash
12326 vladisl+  20   0  225232 219592   2888 R  26.7   1.7   0:04.56 newmem.bash
12316 vladisl+  20   0  224572 219120   2948 R  20.0   1.7   0:04.56 newmem.bash
12319 vladisl+  20   0  223648 218148   3036 R  33.3   1.7   0:04.53 newmem.bash
12322 vladisl+  20   0  222592 216992   2956 R  26.7   1.7   0:04.53 newmem.bash

12306 vladisl+  20   0  237508 231776   2936 R  26.7   1.8   0:04.89 newmem.bash
12326 vladisl+  20   0  229324 223816   2888 R  26.7   1.7   0:04.71 newmem.bash
12316 vladisl+  20   0  228532 223080   2948 R  26.7   1.7   0:04.70 newmem.bash
12319 vladisl+  20   0  227872 222372   3036 R  33.3   1.7   0:04.68 newmem.bash
12322 vladisl+  20   0  226684 221216   2956 R  26.7   1.7   0:04.68 newmem.bash

12306 vladisl+  20   0  241600 236000   2936 R  26.7   1.8   0:05.04 newmem.bash
12326 vladisl+  20   0  233152 227512   2888 R  26.7   1.8   0:04.85 newmem.bash
12316 vladisl+  20   0  232624 227040   2948 R  26.7   1.8   0:04.85 newmem.bash
12319 vladisl+  20   0  231832 226332   3036 R  26.7   1.8   0:04.82 newmem.bash
12322 vladisl+  20   0  231040 225440   2956 R  26.7   1.7   0:04.84 newmem.bash

12306 vladisl+  20   0  245560 239960   2936 R  26.7   1.9   0:05.19 newmem.bash
12326 vladisl+  20   0  237244 231736   2888 R  26.7   1.8   0:05.00 newmem.bash
12316 vladisl+  20   0  236848 231264   2948 R  33.3   1.8   0:05.01 newmem.bash
12319 vladisl+  20   0  236056 230556   3036 R  26.7   1.8   0:04.97 newmem.bash
12322 vladisl+  20   0  235264 229664   2956 R  26.7   1.8   0:04.99 newmem.bash

12306 vladisl+  20   0  249784 244184   2936 R  20.0   1.9   0:05.35 newmem.bash
12326 vladisl+  20   0  241864 236224   2888 R  20.0   1.8   0:05.16 newmem.bash
12316 vladisl+  20   0  240940 235488   2948 R  20.0   1.8   0:05.16 newmem.bash
12319 vladisl+  20   0  240676 235308   3036 R  20.0   1.8   0:05.14 newmem.bash
12322 vladisl+  20   0  239488 233888   2956 R  20.0   1.8   0:05.14 newmem.bash

12306 vladisl+  20   0  254404 248672   2936 R  22.2   1.9   0:05.51 newmem.bash
12326 vladisl+  20   0  246352 240712   2888 R  22.2   1.9   0:05.32 newmem.bash
12316 vladisl+  20   0  245296 239712   2948 R  16.7   1.9   0:05.31 newmem.bash
12319 vladisl+  20   0  244768 239268   3036 R  22.2   1.9   0:05.28 newmem.bash
12322 vladisl+  20   0  243580 238112   2956 R  16.7   1.8   0:05.29 newmem.bash

12306 vladisl+  20   0  258760 253160   2936 R  21.1   2.0   0:05.67 newmem.bash
12326 vladisl+  20   0  250708 245200   2888 R  21.1   1.9   0:05.48 newmem.bash
12316 vladisl+  20   0  249784 244200   2948 R  21.1   1.9   0:05.48 newmem.bash
12319 vladisl+  20   0  249388 244020   3036 R  21.1   1.9   0:05.45 newmem.bash
12322 vladisl+  20   0  248200 242600   2956 R  21.1   1.9   0:05.46 newmem.bash

12306 vladisl+  20   0  263248 257648   2936 R  20.0   2.0   0:05.81 newmem.bash
12326 vladisl+  20   0  255196 249424   2888 R  26.7   1.9   0:05.63 newmem.bash
12316 vladisl+  20   0  254008 248424   2948 R  26.7   1.9   0:05.62 newmem.bash
12319 vladisl+  20   0  253744 248244   3036 R  26.7   1.9   0:05.60 newmem.bash
12322 vladisl+  20   0  252688 247088   2956 R  26.7   1.9   0:05.61 newmem.bash

12306 vladisl+  20   0  268000 262400   2936 R  26.7   2.0   0:05.97 newmem.bash
12326 vladisl+  20   0  259552 253912   2888 R  20.0   2.0   0:05.78 newmem.bash
12316 vladisl+  20   0  258892 253440   2948 R  26.7   2.0   0:05.78 newmem.bash
12319 vladisl+  20   0  258232 252732   3036 R  33.3   2.0   0:05.76 newmem.bash
12322 vladisl+  20   0  257176 251576   2956 R  26.7   2.0   0:05.76 newmem.bash

12306 vladisl+  20   0  272752 267152   2936 R  23.5   2.1   0:06.13 newmem.bash
12326 vladisl+  20   0  264172 258664   2888 R  17.6   2.0   0:05.93 newmem.bash
12316 vladisl+  20   0  263512 257928   2948 R  17.6   2.0   0:05.94 newmem.bash
12319 vladisl+  20   0  262852 257484   3036 R  23.5   2.0   0:05.92 newmem.bash
12322 vladisl+  20   0  261796 256328   2956 R  23.5   2.0   0:05.92 newmem.bash

12306 vladisl+  20   0  276976 271376   2936 R  26.7   2.1   0:06.28 newmem.bash
12326 vladisl+  20   0  268396 262888   2888 R  26.7   2.0   0:06.09 newmem.bash
12316 vladisl+  20   0  267868 262416   2948 R  26.7   2.0   0:06.09 newmem.bash
12319 vladisl+  20   0  267340 261972   3036 R  26.7   2.0   0:06.07 newmem.bash
12322 vladisl+  20   0  266548 261080   2956 R  26.7   2.0   0:06.08 newmem.bash

12306 vladisl+  20   0  281332 275600   2936 R  26.7   2.1   0:06.43 newmem.bash
12326 vladisl+  20   0  273280 267640   2888 R  26.7   2.1   0:06.24 newmem.bash
12316 vladisl+  20   0  272488 266904   2948 R  20.0   2.1   0:06.24 newmem.bash
12319 vladisl+  20   0  271432 265932   3036 R  26.7   2.1   0:06.22 newmem.bash
12322 vladisl+  20   0  270508 265040   2956 R  20.0   2.1   0:06.22 newmem.bash

12306 vladisl+  20   0  284896 279296   2936 R  26.7   2.2   0:06.58 newmem.bash
12326 vladisl+  20   0  276712 271072   2888 R  20.0   2.1   0:06.38 newmem.bash
12316 vladisl+  20   0  275788 270336   2948 R  20.0   2.1   0:06.38 newmem.bash
12319 vladisl+  20   0  275128 269628   3036 R  26.7   2.1   0:06.36 newmem.bash
12322 vladisl+  20   0  273808 268208   2956 R  26.7   2.1   0:06.37 newmem.bash

12306 vladisl+  20   0  288064 282464   2936 R  20.0   2.2   0:06.71 newmem.bash
12326 vladisl+  20   0  279880 274240   2888 R  26.7   2.1   0:06.51 newmem.bash
12316 vladisl+  20   0  278824 273240   2948 R  20.0   2.1   0:06.52 newmem.bash
12319 vladisl+  20   0  277900 272532   3036 R  26.7   2.1   0:06.50 newmem.bash
12322 vladisl+  20   0  276580 270848   2956 R  20.0   2.1   0:06.50 newmem.bash

12306 vladisl+  20   0  291100 285368   2936 R  25.0   2.2   0:06.87 newmem.bash
12326 vladisl+  20   0  283180 277408   2888 R  25.0   2.2   0:06.68 newmem.bash
12316 vladisl+  20   0  282256 276672   2948 R  18.8   2.1   0:06.68 newmem.bash
12319 vladisl+  20   0  281332 275700   3036 R  25.0   2.1   0:06.66 newmem.bash
12322 vladisl+  20   0  279484 274016   2956 R  25.0   2.1   0:06.66 newmem.bash

12306 vladisl+  20   0  294532 289064   2936 R  26.7   2.2   0:07.03 newmem.bash
12326 vladisl+  20   0  286744 281104   2888 R  26.7   2.2   0:06.83 newmem.bash
12316 vladisl+  20   0  285820 280368   2948 R  26.7   2.2   0:06.84 newmem.bash
12319 vladisl+  20   0  285424 279924   3036 R  20.0   2.2   0:06.81 newmem.bash
12322 vladisl+  20   0  283048 277448   2956 R  26.7   2.2   0:06.82 newmem.bash

12306 vladisl+  20   0  299020 293552   2936 R  26.7   2.3   0:07.20 newmem.bash
12326 vladisl+  20   0  291364 285592   2888 R  26.7   2.2   0:07.00 newmem.bash
12316 vladisl+  20   0  290176 284592   2948 R  20.0   2.2   0:07.00 newmem.bash
12319 vladisl+  20   0  289648 284148   3036 R  26.7   2.2   0:06.98 newmem.bash
12322 vladisl+  20   0  287404 281672   2956 R  26.7   2.2   0:06.99 newmem.bash

12306 vladisl+  20   0  303112 297512   2936 R  26.7   2.3   0:07.34 newmem.bash
12326 vladisl+  20   0  295324 289816   2888 R  26.7   2.2   0:07.14 newmem.bash
12316 vladisl+  20   0  294268 288816   2948 R  26.7   2.2   0:07.14 newmem.bash
12319 vladisl+  20   0  293740 288372   3036 R  26.7   2.2   0:07.12 newmem.bash
12322 vladisl+  20   0  291364 285896   2956 R  26.7   2.2   0:07.13 newmem.bash

12306 vladisl+  20   0  307204 301736   2936 R  26.7   2.3   0:07.48 newmem.bash
12326 vladisl+  20   0  299680 294040   2888 R  26.7   2.3   0:07.28 newmem.bash
12316 vladisl+  20   0  298624 293040   2948 R  20.0   2.3   0:07.28 newmem.bash
12319 vladisl+  20   0  297964 292332   3036 R  26.7   2.3   0:07.26 newmem.bash
12322 vladisl+  20   0  295720 290120   2956 R  26.7   2.2   0:07.27 newmem.bash

12306 vladisl+  20   0  311560 305960   2936 R  26.7   2.4   0:07.63 newmem.bash
12326 vladisl+  20   0  304036 298528   2888 R  33.3   2.3   0:07.44 newmem.bash
12319 vladisl+  20   0  302452 297084   3036 R  26.7   2.3   0:07.41 newmem.bash
12316 vladisl+  20   0  302716 297000   2948 R  26.7   2.3   0:07.43 newmem.bash
12322 vladisl+  20   0  300076 294608   2956 R  26.7   2.3   0:07.42 newmem.bash

12306 vladisl+  20   0  315124 309656   2936 R  26.7   2.4   0:07.78 newmem.bash
12326 vladisl+  20   0  307996 302488   2888 R  20.0   2.3   0:07.58 newmem.bash
12319 vladisl+  20   0  306676 301308   3036 R  20.0   2.3   0:07.56 newmem.bash
12316 vladisl+  20   0  306544 300960   2948 R  26.7   2.3   0:07.59 newmem.bash
12322 vladisl+  20   0  303640 298040   2956 R  26.7   2.3   0:07.58 newmem.bash

12306 vladisl+  20   0  319612 314144   2936 R  26.7   2.4   0:07.94 newmem.bash
12326 vladisl+  20   0  312748 306976   2888 R  26.7   2.4   0:07.75 newmem.bash
12319 vladisl+  20   0  311296 305796   3036 R  26.7   2.4   0:07.73 newmem.bash
12316 vladisl+  20   0  311032 305448   2948 R  26.7   2.4   0:07.75 newmem.bash
12301 vladisl+  20   0  307468 302152   3100 R  26.7   2.3   0:07.73 newmem.bash

12306 vladisl+  20   0  324100 318632   2936 R  27.8   2.5   0:08.10 newmem.bash
12326 vladisl+  20   0  316972 311464   2888 R  16.7   2.4   0:07.90 newmem.bash
12319 vladisl+  20   0  315520 310020   3036 R  22.2   2.4   0:07.88 newmem.bash
12316 vladisl+  20   0  315388 309936   2948 R  22.2   2.4   0:07.90 newmem.bash
12322 vladisl+  20   0  312088 306488   2956 R  16.7   2.4   0:07.88 newmem.bash

12306 vladisl+  20   0  328324 322856   2936 R  26.7   2.5   0:08.24 newmem.bash
12326 vladisl+  20   0  321328 315688   2888 R  26.7   2.4   0:08.04 newmem.bash
12319 vladisl+  20   0  319876 314508   3036 R  26.7   2.4   0:08.02 newmem.bash
12316 vladisl+  20   0  319612 313896   2948 R  26.7   2.4   0:08.04 newmem.bash
12322 vladisl+  20   0  316444 310976   2956 R  26.7   2.4   0:08.03 newmem.bash

12306 vladisl+  20   0  332548 327080   2936 R  26.7   2.5   0:08.39 newmem.bash
12326 vladisl+  20   0  325948 320440   2888 R  20.0   2.5   0:08.19 newmem.bash
12319 vladisl+  20   0  324364 318996   3036 R  20.0   2.5   0:08.17 newmem.bash
12316 vladisl+  20   0  324100 318648   2948 R  26.7   2.5   0:08.20 newmem.bash
12301 vladisl+  20   0  320668 315088   3100 R  26.7   2.4   0:08.19 newmem.bash

12306 vladisl+  20   0  337168 331568   2936 R  20.0   2.6   0:08.54 newmem.bash
12326 vladisl+  20   0  330436 324928   2888 R  26.7   2.5   0:08.35 newmem.bash
12319 vladisl+  20   0  328984 323484   3036 R  26.7   2.5   0:08.33 newmem.bash
12316 vladisl+  20   0  328720 323136   2948 R  26.7   2.5   0:08.35 newmem.bash
12301 vladisl+  20   0  325156 319840   3100 R  26.7   2.5   0:08.34 newmem.bash

12306 vladisl+  20   0  341920 336320   2936 R  26.7   2.6   0:08.71 newmem.bash
12326 vladisl+  20   0  335188 329680   2888 R  33.3   2.6   0:08.52 newmem.bash
12319 vladisl+  20   0  333736 328236   3036 R  26.7   2.5   0:08.50 newmem.bash
12316 vladisl+  20   0  333472 327888   2948 R  26.7   2.5   0:08.52 newmem.bash
12301 vladisl+  20   0  329908 324592   3100 R  20.0   2.5   0:08.50 newmem.bash

12306 vladisl+  20   0  346408 340808   2936 R  26.7   2.6   0:08.86 newmem.bash
12326 vladisl+  20   0  339412 333904   2888 R  26.7   2.6   0:08.66 newmem.bash
12319 vladisl+  20   0  337960 332460   3036 R  26.7   2.6   0:08.64 newmem.bash
12316 vladisl+  20   0  337432 331848   2948 R  26.7   2.6   0:08.67 newmem.bash
12301 vladisl+  20   0  334396 328816   3100 R  26.7   2.5   0:08.65 newmem.bash

12306 vladisl+  20   0  350764 345296   2936 R  27.8   2.7   0:09.01 newmem.bash
12326 vladisl+  20   0  344164 338392   2888 R  27.8   2.6   0:08.82 newmem.bash
12319 vladisl+  20   0  342448 336948   3036 R  27.8   2.6   0:08.80 newmem.bash
12316 vladisl+  20   0  341920 336336   2948 R  27.8   2.6   0:08.82 newmem.bash
12301 vladisl+  20   0  338356 333040   3100 R  27.8   2.6   0:08.80 newmem.bash

12306 vladisl+  20   0  355252 349784   2936 R  26.7   2.7   0:09.16 newmem.bash
12326 vladisl+  20   0  348652 342880   2888 R  26.7   2.7   0:08.96 newmem.bash
12319 vladisl+  20   0  346672 341172   3036 R  26.7   2.6   0:08.94 newmem.bash
12316 vladisl+  20   0  346408 340824   2948 R  20.0   2.6   0:08.96 newmem.bash
12322 vladisl+  20   0  342712 337112   2956 R  20.0   2.6   0:08.94 newmem.bash

12306 vladisl+  20   0  359080 353480   2936 R  18.8   2.7   0:09.29 newmem.bash
12326 vladisl+  20   0  352084 346576   2888 R  25.0   2.7   0:09.10 newmem.bash
12319 vladisl+  20   0  350236 344868   3036 R  25.0   2.7   0:09.08 newmem.bash
12316 vladisl+  20   0  350368 344784   2948 R  25.0   2.7   0:09.11 newmem.bash
12322 vladisl+  20   0  346804 341336   2956 R  18.8   2.6   0:09.09 newmem.bash

12306 vladisl+  20   0  363040 357440   2936 R  20.0   2.8   0:09.47 newmem.bash
12326 vladisl+  20   0  356044 350272   2888 R  26.7   2.7   0:09.28 newmem.bash
12319 vladisl+  20   0  354064 348564   3036 R  26.7   2.7   0:09.26 newmem.bash
12316 vladisl+  20   0  353932 348216   2948 R  20.0   2.7   0:09.28 newmem.bash
12322 vladisl+  20   0  351028 345560   2956 R  33.3   2.7   0:09.27 newmem.bash

12306 vladisl+  20   0  367924 362456   2936 R  26.7   2.8   0:09.66 newmem.bash
12326 vladisl+  20   0  360532 355024   2888 R  33.3   2.8   0:09.47 newmem.bash
12319 vladisl+  20   0  358288 352788   3036 R  26.7   2.7   0:09.45 newmem.bash
12316 vladisl+  20   0  358156 352704   2948 R  26.7   2.7   0:09.47 newmem.bash
12322 vladisl+  20   0  355780 350048   2956 R  26.7   2.7   0:09.45 newmem.bash

12306 vladisl+  20   0  371224 365624   2936 R  20.0   2.8   0:09.80 newmem.bash
12326 vladisl+  20   0  363832 358192   2888 R  26.7   2.8   0:09.61 newmem.bash
12316 vladisl+  20   0  361588 356136   2948 R  20.0   2.8   0:09.61 newmem.bash
12319 vladisl+  20   0  361456 355956   3036 R  26.7   2.8   0:09.59 newmem.bash
12322 vladisl+  20   0  358948 353216   2956 R  20.0   2.7   0:09.59 newmem.bash

12306 vladisl+  20   0  384160 378560   2936 R  13.0   2.9   0:10.35 newmem.bash
12326 vladisl+  20   0  377296 371656   2888 R  21.7   2.9   0:10.16 newmem.bash
12319 vladisl+  20   0  375052 369420   3036 R  17.4   2.9   0:10.14 newmem.bash
12316 vladisl+  20   0  374524 369072   2948 R  21.7   2.9   0:10.17 newmem.bash
12322 vladisl+  20   0  372148 366680   2956 R  17.4   2.8   0:10.15 newmem.bash

12306 vladisl+  20   0  393136 387536   2936 R  17.4   3.0   0:10.76 newmem.bash
12326 vladisl+  20   0  385744 380104   2888 R  17.4   2.9   0:10.56 newmem.bash
12319 vladisl+  20   0  384028 378396   3036 R  13.0   2.9   0:10.54 newmem.bash
12316 vladisl+  20   0  383368 377784   2948 R  21.7   2.9   0:10.58 newmem.bash
12322 vladisl+  20   0  380728 375128   2956 R  13.0   2.9   0:10.55 newmem.bash

12306 vladisl+  20   0  401848 396248   2936 R   8.2   3.1   0:11.15 newmem.bash
12326 vladisl+  20   0  394852 389344   2888 R   9.4   3.0   0:10.96 newmem.bash
12319 vladisl+  20   0  393532 388164   3036 R   9.4   3.0   0:10.94 newmem.bash
12316 vladisl+  20   0  391684 385968   2948 R   9.4   3.0   0:10.97 newmem.bash
12322 vladisl+  20   0  389968 384368   2956 R   9.4   3.0   0:10.95 newmem.bash

12306 vladisl+  20   0  411880 406280   2936 R   9.5   3.2   0:11.67 newmem.bash
12326 vladisl+  20   0  403696 398056   2888 R   7.1   3.1   0:11.42 newmem.bash
12319 vladisl+  20   0  403168 397668   3036 R   9.5   3.1   0:11.40 newmem.bash
12316 vladisl+  20   0  400660 395208   2948 R  11.9   3.1   0:11.44 newmem.bash
12322 vladisl+  20   0  399472 393872   2956 R   9.5   3.1   0:11.41 newmem.bash

12306 vladisl+  20   0  416896 411296   2936 R  28.6   3.2   0:11.92 newmem.bash
12326 vladisl+  20   0  408448 402808   2888 R  25.0   3.1   0:11.66 newmem.bash
12319 vladisl+  20   0  408184 402684   3036 R  25.0   3.1   0:11.64 newmem.bash
12316 vladisl+  20   0  405676 399960   2948 R  28.6   3.1   0:11.68 newmem.bash
12322 vladisl+  20   0  403960 398360   2956 R  17.9   3.1   0:11.64 newmem.bash

12306 vladisl+  20   0  463624 457888   2800 R  12.3   3.6   0:17.76 newmem.bash
12326 vladisl+  20   0  450292 444660   2764 R  21.1   3.4   0:17.88 newmem.bash
12319 vladisl+  20   0  449368 443728   2896 R  10.5   3.4   0:17.34 newmem.bash
12301 vladisl+  20   0  445804 440324   2936 R  12.3   3.4   0:17.69 newmem.bash
12316 vladisl+  20   0  444352 438636   2816 R  10.5   3.4   0:16.98 newmem.bash

12324 vladisl+  20   0  696208 569876   1160 R  20.0   4.4   0:26.13 newmem.bash
12307 vladisl+  20   0  643012 517692   1300 R  86.7   4.0   0:25.95 newmem.bash
12301 vladisl+  20   0  648424 499140   1256 R  26.7   3.9   0:25.79 newmem.bash
12322 vladisl+  20   0  636940 488672   1176 R  20.0   3.8   0:27.10 newmem.bash
12303 vladisl+  20   0  594040 464884   1224 R  20.0   3.6   0:26.37 newmem.bash

12307 vladisl+  20   0  657268 528032   1236 R  20.0   4.1   0:26.29 newmem.bash
12301 vladisl+  20   0  661756 509704   1252 R  20.0   4.0   0:26.21 newmem.bash
12322 vladisl+  20   0  647896 496016   1168 R  26.7   3.8   0:27.40 newmem.bash
12303 vladisl+  20   0  609220 477316   1204 R  46.7   3.7   0:26.76 newmem.bash
12302 vladisl+  20   0  589024 453972   1200 R  20.0   3.5   0:24.02 newmem.bash

12307 vladisl+  20   0  665584 536216   1236 R  20.0   4.2   0:26.46 newmem.bash
12301 vladisl+  20   0  669808 517624   1252 R  26.7   4.0   0:26.39 newmem.bash
12322 vladisl+  20   0  658456 506576   1168 R  40.0   3.9   0:27.64 newmem.bash
12303 vladisl+  20   0  616612 484708   1204 R  26.7   3.8   0:26.94 newmem.bash
12302 vladisl+  20   0  596284 461100   1200 R  26.7   3.6   0:24.19 newmem.bash

12307 vladisl+  20   0  671656 542288   1236 R  26.7   4.2   0:26.64 newmem.bash
12301 vladisl+  20   0  676276 523960   1252 R  26.7   4.1   0:26.57 newmem.bash
12322 vladisl+  20   0  664528 512588   1168 R  33.3   4.0   0:27.83 newmem.bash
12303 vladisl+  20   0  622816 490780   1204 R  33.3   3.8   0:27.14 newmem.bash
12302 vladisl+  20   0  601960 466908   1200 R  26.7   3.6   0:24.36 newmem.bash

12307 vladisl+  20   0  683140 548404   1316 R  33.3   4.3   0:27.32 newmem.bash
12322 vladisl+  20   0  676012 518120   1244 R  20.0   4.0   0:28.48 newmem.bash
12303 vladisl+  20   0  635620 497300   1232 R  20.0   3.9   0:28.01 newmem.bash
12317 vladisl+  20   0  621232 481580   1200 R  80.0   3.7   0:25.20 newmem.bash
12302 vladisl+  20   0  615688 475308   1236 R  20.0   3.7   0:24.89 newmem.bash

12307 vladisl+  20   0  689608 555004   1316 R  33.3   4.3   0:27.48 newmem.bash
12322 vladisl+  20   0  681688 523664   1244 R  26.7   4.1   0:28.64 newmem.bash
12303 vladisl+  20   0  643012 504692   1232 R  33.3   3.9   0:28.20 newmem.bash
12317 vladisl+  20   0  632320 492668   1200 R  33.3   3.8   0:25.48 newmem.bash
12302 vladisl+  20   0  624136 483492   1236 R  33.3   3.7   0:25.10 newmem.bash

12322 vladisl+  20   0  705052 541844   1216 R  20.8   4.2   0:30.29 newmem.bash
12303 vladisl+  20   0  656212 512852   1176 R  16.7   4.0   0:29.53 newmem.bash
12302 vladisl+  20   0  648028 502852   1184 R  12.5   3.9   0:26.74 newmem.bash
12317 vladisl+  20   0  643276 498996   1204 R  16.7   3.9   0:26.11 newmem.bash
12304 vladisl+  20   0  626116 489272   1228 R  58.3   3.8   0:27.84 newmem.bash

12322 vladisl+  20   0  712840 549764   1216 R  22.2   4.3   0:30.74 newmem.bash
12303 vladisl+  20   0  662812 519452   1176 R  16.7   4.0   0:29.96 newmem.bash
12302 vladisl+  20   0  656344 511300   1184 R  22.2   4.0   0:27.18 newmem.bash
12317 vladisl+  20   0  649876 505596   1204 R  22.2   3.9   0:26.54 newmem.bash
12304 vladisl+  20   0  632848 495872   1228 R  22.2   3.8   0:28.36 newmem.bash

12303 vladisl+  20   0  675352 528488   1228 R  10.0   4.1   0:30.44 newmem.bash
12317 vladisl+  20   0  670864 526048   1188 R  10.0   4.1   0:27.30 newmem.bash
12302 vladisl+  20   0  669280 518060   1248 R  16.7   4.0   0:27.61 newmem.bash
12304 vladisl+  20   0  645916 508108   1180 R  13.3   3.9   0:28.79 newmem.bash
12306 vladisl+  20   0  676804 501060   1116 R  16.7   3.9   0:29.42 newmem.bash

12303 vladisl+  20   0  683140 536104   1228 R  40.0   4.2   0:30.67 newmem.bash
12317 vladisl+  20   0  679312 534760   1188 R  33.3   4.1   0:27.56 newmem.bash
12302 vladisl+  20   0  677200 525952   1248 R  20.0   4.1   0:27.82 newmem.bash
12304 vladisl+  20   0  656212 518404   1180 R  26.7   4.0   0:29.04 newmem.bash
12306 vladisl+  20   0  686308 510484   1116 R  26.7   4.0   0:29.66 newmem.bash

12303 vladisl+  20   0  693700 540680   1164 R  18.8   4.2   0:31.43 newmem.bash
12317 vladisl+  20   0  688816 536912   1116 R  18.8   4.2   0:28.08 newmem.bash
12302 vladisl+  20   0  691852 533904   1172 R  75.0   4.1   0:28.63 newmem.bash
12304 vladisl+  20   0  667432 523112   1148 R  18.8   4.1   0:29.55 newmem.bash
12327 vladisl+  20   0  677596 522200   1152 R  18.8   4.0   0:28.82 newmem.bash

12303 vladisl+  20   0  700300 547280   1164 R  40.0   4.2   0:31.61 newmem.bash
12317 vladisl+  20   0  695152 543248   1116 R  26.7   4.2   0:28.23 newmem.bash
12302 vladisl+  20   0  700564 542616   1172 R  40.0   4.2   0:28.86 newmem.bash
12304 vladisl+  20   0  674032 529712   1148 R  26.7   4.1   0:29.71 newmem.bash
12327 vladisl+  20   0  684592 529064   1152 R  33.3   4.1   0:28.98 newmem.bash

12303 vladisl+  20   0  706900 553616   1164 R  33.3   4.3   0:31.79 newmem.bash
12317 vladisl+  20   0  700828 549056   1116 R  33.3   4.3   0:28.40 newmem.bash
12302 vladisl+  20   0  706636 548688   1172 R  33.3   4.3   0:29.01 newmem.bash
12327 vladisl+  20   0  691456 535928   1152 R  33.3   4.2   0:29.17 newmem.bash
12304 vladisl+  20   0  679840 535520   1148 R  33.3   4.2   0:29.87 newmem.bash

12303 vladisl+  20   0  711916 558856   1148 R  37.5   4.3   0:32.00 newmem.bash
12317 vladisl+  20   0  704656 552752   1116 R  31.2   4.3   0:28.59 newmem.bash
12302 vladisl+  20   0  710464 552360   1148 R  31.2   4.3   0:29.18 newmem.bash
12327 vladisl+  20   0  696472 540916   1124 R  37.5   4.2   0:29.37 newmem.bash
12328 vladisl+  20   0  702148 540240   1080 R  37.5   4.2   0:29.13 newmem.bash

12302 vladisl+  20   0  723268 559052   1088 R  31.2   4.3   0:29.74 newmem.bash
12317 vladisl+  20   0  715348 556976   1112 R  56.2   4.3   0:29.10 newmem.bash
12304 vladisl+  20   0  702676 553296   1068 R  43.8   4.3   0:30.87 newmem.bash
12327 vladisl+  20   0  707692 546632   1144 R  31.2   4.2   0:30.05 newmem.bash
12328 vladisl+  20   0  714424 545516   1032 R  18.8   4.2   0:29.68 newmem.bash

12317 vladisl+  20   0  723400 564896   1112 R  43.8   4.4   0:29.40 newmem.bash
12302 vladisl+  20   0  728548 564332   1088 R  31.2   4.4   0:29.96 newmem.bash
12304 vladisl+  20   0  709408 560160   1068 R  31.2   4.3   0:31.11 newmem.bash
12327 vladisl+  20   0  713632 552704   1144 R  25.0   4.3   0:30.28 newmem.bash
12328 vladisl+  20   0  719176 550268   1032 R  25.0   4.3   0:29.88 newmem.bash

12317 vladisl+  20   0  733036 574664   1112 R  80.0   4.5   0:29.80 newmem.bash
12302 vladisl+  20   0  731716 567500   1088 R  26.7   4.4   0:30.11 newmem.bash
12304 vladisl+  20   0  713896 564384   1068 R  26.7   4.4   0:31.29 newmem.bash
12327 vladisl+  20   0  717592 556664   1144 R  20.0   4.3   0:30.44 newmem.bash
12328 vladisl+  20   0  723004 553964   1032 R  26.7   4.3   0:30.04 newmem.bash

12317 vladisl+  20   0  740164 581792   1112 R  60.0   4.5   0:30.14 newmem.bash
12302 vladisl+  20   0  736072 571988   1088 R  25.0   4.4   0:30.32 newmem.bash
12304 vladisl+  20   0  717724 568344   1068 R  20.0   4.4   0:31.47 newmem.bash
12327 vladisl+  20   0  721816 560888   1144 R  20.0   4.3   0:30.63 newmem.bash
12328 vladisl+  20   0  726964 557924   1032 R  20.0   4.3   0:30.23 newmem.bash

12304 vladisl+  20   0  733036 576636   1224 R  87.5   4.5   0:32.24 newmem.bash
12302 vladisl+  20   0  745576 575972   1260 R  25.0   4.5   0:30.87 newmem.bash
12328 vladisl+  20   0  742012 566844   1124 R  81.2   4.4   0:31.01 newmem.bash
12327 vladisl+  20   0  732640 565760   1244 R  25.0   4.4   0:31.19 newmem.bash
12310 vladisl+  20   0  730000 556424   1228 R  25.0   4.3   0:32.38 newmem.bash

12304 vladisl+  20   0  763132 606732   1224 R  33.3   4.7   0:33.40 newmem.bash
12328 vladisl+  20   0  765772 590604   1124 R  33.3   4.6   0:32.06 newmem.bash
12302 vladisl+  20   0  756532 586796   1260 R  26.7   4.5   0:31.43 newmem.bash
12327 vladisl+  20   0  752572 585824   1244 R  73.3   4.5   0:31.91 newmem.bash
12310 vladisl+  20   0  745444 571736   1228 R  33.3   4.4   0:32.92 newmem.bash

12304 vladisl+  20   0  768676 612276   1224 R  33.3   4.7   0:33.63 newmem.bash
12328 vladisl+  20   0  771316 596148   1124 R  22.2   4.6   0:32.27 newmem.bash
12302 vladisl+  20   0  762076 592604   1260 R  27.8   4.6   0:31.65 newmem.bash
12327 vladisl+  20   0  759304 592424   1244 R  27.8   4.6   0:32.13 newmem.bash
12310 vladisl+  20   0  750724 577016   1228 R  27.8   4.5   0:33.13 newmem.bash

12304 vladisl+  20   0  781876 620108   1228 R  31.2   4.8   0:34.05 newmem.bash
12327 vladisl+  20   0  776596 605712   1240 R  37.5   4.7   0:32.69 newmem.bash
12302 vladisl+  20   0  776068 602332   1280 R  25.0   4.7   0:32.11 newmem.bash
12310 vladisl+  20   0  761284 583148   1244 R  37.5   4.5   0:33.54 newmem.bash
12326 vladisl+  20   0  773692 578704   1176 R  31.2   4.5   0:32.72 newmem.bash

12304 vladisl+  20   0  786892 625388   1228 R  31.2   4.8   0:34.23 newmem.bash
12327 vladisl+  20   0  782404 611520   1240 R  50.0   4.7   0:32.91 newmem.bash
12302 vladisl+  20   0  781480 607612   1280 R  31.2   4.7   0:32.34 newmem.bash
12310 vladisl+  20   0  767884 589748   1244 R  31.2   4.6   0:33.78 newmem.bash
12311 vladisl+  20   0  756532 584976   1172 R  50.0   4.5   0:33.43 newmem.bash

12304 vladisl+  20   0  792040 630404   1228 R  33.3   4.9   0:34.43 newmem.bash
12327 vladisl+  20   0  787156 616272   1240 R  26.7   4.8   0:33.13 newmem.bash
12302 vladisl+  20   0  786364 612628   1280 R  40.0   4.8   0:32.57 newmem.bash
12310 vladisl+  20   0  774748 596348   1244 R  60.0   4.6   0:34.06 newmem.bash
12311 vladisl+  20   0  762076 590520   1172 R  33.3   4.6   0:33.69 newmem.bash

12304 vladisl+  20   0  796000 634364   1228 R  33.3   4.9   0:34.65 newmem.bash
12327 vladisl+  20   0  791248 620496   1240 R  33.3   4.8   0:33.33 newmem.bash
12302 vladisl+  20   0  790852 617116   1280 R  33.3   4.8   0:32.76 newmem.bash
12310 vladisl+  20   0  780556 602156   1244 R  46.7   4.7   0:34.33 newmem.bash
12311 vladisl+  20   0  766432 594744   1172 R  33.3   4.6   0:33.89 newmem.bash

12304 vladisl+  20   0  805504 635408   1200 R  31.2   4.9   0:35.06 newmem.bash
12327 vladisl+  20   0  797980 620052   1224 R  18.8   4.8   0:33.73 newmem.bash
12310 vladisl+  20   0  796792 612488   1232 R  25.0   4.7   0:35.07 newmem.bash
12311 vladisl+  20   0  780424 600796   1152 R  25.0   4.7   0:34.65 newmem.bash
12326 vladisl+  20   0  798112 595576   1120 R  56.2   4.6   0:33.81 newmem.bash

12304 vladisl+  20   0  812764 642800   1200 R  33.3   5.0   0:35.28 newmem.bash
12327 vladisl+  20   0  805504 627444   1224 R  33.3   4.9   0:33.93 newmem.bash
12326 vladisl+  20   0  824512 621976   1120 R 100.0   4.8   0:34.51 newmem.bash
12310 vladisl+  20   0  804580 620144   1232 R  53.3   4.8   0:35.32 newmem.bash
12311 vladisl+  20   0  786892 607132   1152 R  33.3   4.7   0:34.85 newmem.bash

12304 vladisl+  20   0  818836 648872   1200 R  37.5   5.0   0:35.59 newmem.bash
12327 vladisl+  20   0  811180 632988   1224 R  43.8   4.9   0:34.26 newmem.bash
12310 vladisl+  20   0  811708 627272   1232 R  31.2   4.9   0:35.65 newmem.bash
12326 vladisl+  20   0  829660 627256   1120 R  56.2   4.9   0:34.91 newmem.bash
12311 vladisl+  20   0  793888 614260   1152 R  31.2   4.8   0:35.17 newmem.bash

12304 vladisl+  20   0  822136 652040   1200 R  12.5   5.1   0:35.79 newmem.bash
12327 vladisl+  20   0  815404 637212   1224 R  68.8   4.9   0:34.52 newmem.bash
12326 vladisl+  20   0  835468 632800   1120 R  50.0   4.9   0:35.19 newmem.bash
12310 vladisl+  20   0  816856 632552   1232 R  50.0   4.9   0:35.89 newmem.bash
12311 vladisl+  20   0  798112 618484   1152 R  18.8   4.8   0:35.40 newmem.bash

12304 vladisl+  20   0  850912 666044   1144 R  25.0   5.2   0:36.83 newmem.bash
12327 vladisl+  20   0  837184 648168   1192 R  37.5   5.0   0:35.47 newmem.bash
12310 vladisl+  20   0  837580 638616   1168 R  31.2   5.0   0:36.74 newmem.bash
12329 vladisl+  20   0  820948 629268   1108 R  37.5   4.9   0:36.85 newmem.bash
12315 vladisl+  20   0  808144 624544   1200 R  31.2   4.8   0:36.22 newmem.bash

12304 vladisl+  20   0  863188 678188   1144 R  25.0   5.3   0:37.26 newmem.bash
12327 vladisl+  20   0  849196 660312   1192 R  25.0   5.1   0:35.88 newmem.bash
12310 vladisl+  20   0  848932 649968   1168 R  25.0   5.0   0:37.15 newmem.bash
12329 vladisl+  20   0  834676 642996   1108 R  30.0   5.0   0:37.30 newmem.bash
12311 vladisl+  20   0  831244 637092   1096 R  35.0   4.9   0:36.72 newmem.bash

12304 vladisl+  20   0  870712 685844   1144 R  33.3   5.3   0:37.45 newmem.bash
12327 vladisl+  20   0  856456 667440   1192 R  33.3   5.2   0:36.05 newmem.bash
12310 vladisl+  20   0  856192 657360   1168 R  33.3   5.1   0:37.33 newmem.bash
12329 vladisl+  20   0  845500 653820   1108 R  53.3   5.1   0:37.55 newmem.bash
12311 vladisl+  20   0  841012 646860   1096 R  53.3   5.0   0:36.96 newmem.bash

12327 vladisl+  20   0  866620 668048   1216 R  18.8   5.2   0:36.51 newmem.bash
12329 vladisl+  20   0  864112 662616   1168 R  87.5   5.1   0:38.01 newmem.bash
12310 vladisl+  20   0  865432 654020   1204 R  12.5   5.1   0:37.61 newmem.bash
12315 vladisl+  20   0  837316 649644   1248 R  18.8   5.0   0:37.05 newmem.bash
12311 vladisl+  20   0  851836 647588   1120 R  18.8   5.0   0:37.25 newmem.bash

12329 vladisl+  20   0  888004 686376   1168 R  40.0   5.3   0:38.54 newmem.bash
12327 vladisl+  20   0  881272 682568   1216 R  40.0   5.3   0:36.83 newmem.bash
12310 vladisl+  20   0  881140 669860   1204 R  46.7   5.2   0:37.96 newmem.bash
12311 vladisl+  20   0  865432 661052   1120 R  33.3   5.1   0:37.54 newmem.bash
12305 vladisl+  20   0  865828 659512   1144 R  46.7   5.1   0:36.33 newmem.bash

12329 vladisl+  20   0  897376 695880   1168 R  43.8   5.4   0:38.81 newmem.bash
12327 vladisl+  20   0  889060 690488   1216 R  37.5   5.4   0:37.05 newmem.bash
12310 vladisl+  20   0  888664 677516   1204 R  50.0   5.3   0:38.18 newmem.bash
12311 vladisl+  20   0  874144 669764   1120 R  31.2   5.2   0:37.79 newmem.bash
12305 vladisl+  20   0  875860 669544   1144 R  56.2   5.2   0:36.62 newmem.bash

12329 vladisl+  20   0  909256 707760   1168 R  60.0   5.5   0:39.10 newmem.bash
12327 vladisl+  20   0  898696 699992   1216 R  40.0   5.4   0:37.28 newmem.bash
12310 vladisl+  20   0  897772 686492   1204 R  40.0   5.3   0:38.41 newmem.bash
12305 vladisl+  20   0  887344 680896   1144 R  40.0   5.3   0:36.89 newmem.bash
12311 vladisl+  20   0  882988 678476   1120 R  33.3   5.3   0:38.01 newmem.bash

12327 vladisl+  20   0  916120 705864   1240 R  33.3   5.5   0:38.24 newmem.bash
12310 vladisl+  20   0  928264 699420   1156 R  60.0   5.4   0:39.62 newmem.bash
12305 vladisl+  20   0  905956 693836   1144 R  33.3   5.4   0:37.94 newmem.bash
12311 vladisl+  20   0  913876 680560   1060 R  40.0   5.3   0:39.10 newmem.bash
12308 vladisl+  20   0  884308 679668   1220 R  93.3   5.3   0:37.10 newmem.bash

12327 vladisl+  20   0  923908 713520   1240 R  46.7   5.5   0:38.47 newmem.bash
12310 vladisl+  20   0  938032 708924   1156 R  26.7   5.5   0:39.92 newmem.bash
12305 vladisl+  20   0  913348 701228   1144 R  46.7   5.4   0:38.19 newmem.bash
12308 vladisl+  20   0  900940 696300   1220 R  46.7   5.4   0:37.58 newmem.bash
12314 vladisl+  20   0  909256 696184   1076 R  73.3   5.4   0:36.59 newmem.bash

12327 vladisl+  20   0  929584 719328   1240 R  31.2   5.6   0:38.70 newmem.bash
12310 vladisl+  20   0  943180 714204   1156 R  37.5   5.5   0:40.15 newmem.bash
12305 vladisl+  20   0  918232 706244   1144 R  43.8   5.5   0:38.42 newmem.bash
12308 vladisl+  20   0  909388 704748   1220 R  68.8   5.5   0:37.95 newmem.bash
12314 vladisl+  20   0  916516 703312   1076 R  43.8   5.5   0:36.92 newmem.bash

12327 vladisl+  20   0  934204 723816   1240 R  33.3   5.6   0:38.95 newmem.bash
12310 vladisl+  20   0  947800 718956   1156 R  44.4   5.6   0:40.42 newmem.bash
12314 vladisl+  20   0  925228 712024   1076 R  77.8   5.5   0:37.40 newmem.bash
12305 vladisl+  20   0  922852 710732   1144 R  38.9   5.5   0:38.70 newmem.bash
12308 vladisl+  20   0  914536 710028   1220 R  44.4   5.5   0:38.24 newmem.bash

12327 vladisl+  20   0  939616 729360   1240 R  26.7   5.7   0:39.19 newmem.bash
12310 vladisl+  20   0  953740 724764   1156 R  53.3   5.6   0:40.67 newmem.bash
12314 vladisl+  20   0  931036 718096   1076 R  53.3   5.6   0:37.69 newmem.bash
12305 vladisl+  20   0  928660 716540   1144 R  46.7   5.6   0:38.95 newmem.bash
12308 vladisl+  20   0  920872 716364   1220 R  46.7   5.6   0:38.52 newmem.bash

12327 vladisl+  20   0  943972 733408   1064 R  35.3   5.7   0:39.43 newmem.bash
12310 vladisl+  20   0  957568 728600   1032 R  47.1   5.6   0:40.91 newmem.bash
12314 vladisl+  20   0  935920 722752    980 R  47.1   5.6   0:37.96 newmem.bash
12308 vladisl+  20   0  927208 722532   1052 R  58.8   5.6   0:38.91 newmem.bash
12305 vladisl+  20   0  933412 721168   1020 R  47.1   5.6   0:39.21 newmem.bash

12327 vladisl+  20   0 1038220 801968   1256 R  86.7   6.2   0:43.71 newmem.bash
12308 vladisl+  20   0 1007068 774080   1228 R  33.3   6.0   0:43.12 newmem.bash
12305 vladisl+  20   0 1033336 772984   1108 R  80.0   6.0   0:43.85 newmem.bash
12314 vladisl+  20   0 1008388 768644   1072 R  33.3   6.0   0:41.87 newmem.bash
12318 vladisl+  20   0  992680 766724   1196 R  66.7   5.9   0:44.01 newmem.bash

12327 vladisl+  20   0 1064224 827840   1256 R  93.3   6.4   0:44.26 newmem.bash
12318 vladisl+  20   0 1014460 788636   1196 R  46.7   6.1   0:44.48 newmem.bash
12305 vladisl+  20   0 1046008 785656   1108 R  53.3   6.1   0:44.14 newmem.bash
12308 vladisl+  20   0 1016968 783848   1228 R  46.7   6.1   0:43.35 newmem.bash
12314 vladisl+  20   0 1019212 779468   1072 R  40.0   6.0   0:42.11 newmem.bash

12327 vladisl+  20   0 1077028 840776   1256 R  60.0   6.5   0:44.55 newmem.bash
12318 vladisl+  20   0 1030300 804476   1196 R  86.7   6.2   0:44.84 newmem.bash
12305 vladisl+  20   0 1057624 797272   1108 R  46.7   6.2   0:44.40 newmem.bash
12308 vladisl+  20   0 1026340 793352   1228 R  40.0   6.2   0:43.58 newmem.bash
12323 vladisl+  20   0 1019872 791556   1224 R  53.3   6.1   0:43.07 newmem.bash

12327 vladisl+  20   0 1089568 852864   1080 R  56.2   6.6   0:44.84 newmem.bash
12318 vladisl+  20   0 1043764 817224   1032 R  56.2   6.3   0:45.13 newmem.bash
12305 vladisl+  20   0 1069768 809108    964 R  50.0   6.3   0:44.68 newmem.bash
12308 vladisl+  20   0 1038616 805136   1060 R  43.8   6.2   0:43.85 newmem.bash
12323 vladisl+  20   0 1032412 803792   1048 R  50.0   6.2   0:43.35 newmem.bash

12318 vladisl+  20   0 1058680 822108   1248 R  46.7   6.4   0:45.50 newmem.bash
12323 vladisl+  20   0 1052080 808980   1236 R  46.7   6.3   0:44.04 newmem.bash
12305 vladisl+  20   0 1093000 805096   1172 R  93.3   6.2   0:45.29 newmem.bash
12308 vladisl+  20   0 1058944 804816   1196 R  53.3   6.2   0:44.43 newmem.bash
12314 vladisl+  20   0 1054852 803192   1132 R  40.0   6.2   0:43.04 newmem.bash

12318 vladisl+  20   0 1071484 835044   1248 R  53.3   6.5   0:45.78 newmem.bash
12323 vladisl+  20   0 1064488 821388   1236 R  53.3   6.4   0:44.30 newmem.bash
12305 vladisl+  20   0 1105540 817768   1172 R  53.3   6.3   0:45.55 newmem.bash
12308 vladisl+  20   0 1071220 816960   1196 R  53.3   6.3   0:44.69 newmem.bash
12314 vladisl+  20   0 1067788 816128   1132 R  53.3   6.3   0:43.31 newmem.bash

12318 vladisl+  20   0 1083496 846924   1248 R  46.7   6.6   0:46.02 newmem.bash
12323 vladisl+  20   0 1077952 834852   1236 R  60.0   6.5   0:44.58 newmem.bash
12308 vladisl+  20   0 1084552 830424   1196 R  46.7   6.4   0:44.94 newmem.bash
12305 vladisl+  20   0 1117816 829912   1172 R  53.3   6.4   0:45.82 newmem.bash
12314 vladisl+  20   0 1079404 827744   1132 R  53.3   6.4   0:43.55 newmem.bash

12318 vladisl+  20   0 1092736 856428   1248 R  50.0   6.6   0:46.31 newmem.bash
12323 vladisl+  20   0 1087588 844356   1236 R  56.2   6.5   0:44.86 newmem.bash
12305 vladisl+  20   0 1127188 839416   1172 R  37.5   6.5   0:46.08 newmem.bash
12308 vladisl+  20   0 1092868 838608   1196 R  37.5   6.5   0:45.20 newmem.bash
12314 vladisl+  20   0 1088776 837248   1132 R  50.0   6.5   0:43.84 newmem.bash

12318 vladisl+  20   0 1098808 862500   1248 R  40.0   6.7   0:46.55 newmem.bash
12323 vladisl+  20   0 1095112 852012   1236 R  66.7   6.6   0:45.14 newmem.bash
12305 vladisl+  20   0 1134052 846280   1172 R  53.3   6.6   0:46.34 newmem.bash
12308 vladisl+  20   0 1099468 845208   1196 R  60.0   6.6   0:45.47 newmem.bash
12314 vladisl+  20   0 1095508 843848   1132 R  46.7   6.5   0:44.09 newmem.bash

12318 vladisl+  20   0 1103824 867516   1248 R  53.3   6.7   0:47.06 newmem.bash
12323 vladisl+  20   0 1103296 860196   1236 R  60.0   6.7   0:45.73 newmem.bash
12305 vladisl+  20   0 1143556 855784   1172 R  53.3   6.6   0:46.83 newmem.bash
12308 vladisl+  20   0 1108048 853920   1196 R  46.7   6.6   0:45.97 newmem.bash
12314 vladisl+  20   0 1101844 850184   1132 R  46.7   6.6   0:44.56 newmem.bash

12323 vladisl+  20   0 1125472 872280   1220 R 100.0   6.8   0:47.28 newmem.bash
12318 vladisl+  20   0 1117684 869732   1264 R 100.0   6.7   0:48.45 newmem.bash
12308 vladisl+  20   0 1128112 862740   1220 R 100.0   6.7   0:47.26 newmem.bash
12314 vladisl+  20   0 1111612 853716   1144 R 100.0   6.6   0:45.81 newmem.bash
12312 vladisl+  20   0 1112404 845932   1176 R 100.0   6.6   0:45.98 newmem.bash

12323 vladisl+  20   0 1193188 929964   1220 R 100.0   7.2   0:49.42 newmem.bash
12318 vladisl+  20   0 1166260 908592   1264 R 100.0   7.0   0:50.31 newmem.bash
12308 vladisl+  20   0 1174972 900664   1220 R  40.0   7.0   0:49.30 newmem.bash
12314 vladisl+  20   0 1145008 876780   1144 R  53.3   6.8   0:47.30 newmem.bash
12316 vladisl+  20   0 1177612 875432   1220 R  46.7   6.8   0:48.56 newmem.bash

12323 vladisl+  20   0 1216288 952932   1220 R 100.0   7.4   0:49.97 newmem.bash
12318 vladisl+  20   0 1188568 930768   1264 R 100.0   7.2   0:50.85 newmem.bash
12308 vladisl+  20   0 1186324 912016   1220 R  53.3   7.1   0:49.59 newmem.bash
12314 vladisl+  20   0 1156360 888132   1144 R  33.3   6.9   0:47.57 newmem.bash
12316 vladisl+  20   0 1189360 887048   1220 R  40.0   6.9   0:48.83 newmem.bash

12323 vladisl+  20   0 1228960 965604   1220 R  46.7   7.5   0:50.33 newmem.bash
12318 vladisl+  20   0 1205464 947664   1264 R  53.3   7.3   0:51.28 newmem.bash
12308 vladisl+  20   0 1198204 923896   1220 R  53.3   7.2   0:49.88 newmem.bash
12314 vladisl+  20   0 1167976 899748   1144 R  53.3   7.0   0:47.86 newmem.bash
12316 vladisl+  20   0 1200580 898400   1220 R  46.7   7.0   0:49.12 newmem.bash

12318 vladisl+  20   0 1246384 970628   1204 R 100.0   7.5   0:52.84 newmem.bash
12308 vladisl+  20   0 1241104 945600   1128 R  93.3   7.3   0:51.58 newmem.bash
12314 vladisl+  20   0 1212988 925996   1044 R  46.7   7.2   0:49.44 newmem.bash
12325 vladisl+  20   0 1212064 912952   1052 R  53.3   7.1   0:51.07 newmem.bash
12312 vladisl+  20   0 1209424 911868   1108 R  60.0   7.1   0:49.74 newmem.bash

12318 vladisl+  20   0 1255492 979868   1204 R  66.7   7.6   0:53.21 newmem.bash
12308 vladisl+  20   0 1253908 958272   1128 R  73.3   7.4   0:52.07 newmem.bash
12314 vladisl+  20   0 1221436 934444   1044 R  53.3   7.2   0:49.79 newmem.bash
12325 vladisl+  20   0 1219852 920608   1052 R  53.3   7.1   0:51.38 newmem.bash
12312 vladisl+  20   0 1217212 919788   1108 R  46.7   7.1   0:50.04 newmem.bash

12318 vladisl+  20   0 1264996 989372   1204 R  86.7   7.7   0:53.61 newmem.bash
12308 vladisl+  20   0 1260640 965136   1128 R  53.3   7.5   0:52.37 newmem.bash
12314 vladisl+  20   0 1230016 942892   1044 R  93.3   7.3   0:50.16 newmem.bash
12325 vladisl+  20   0 1226056 926944   1052 R  53.3   7.2   0:51.66 newmem.bash
12312 vladisl+  20   0 1223548 925860   1108 R  46.7   7.2   0:50.32 newmem.bash

12318 vladisl+  20   0 1275160 999404   1204 R  46.7   7.7   0:54.02 newmem.bash
12308 vladisl+  20   0 1270012 974376   1128 R  73.3   7.6   0:52.75 newmem.bash
12314 vladisl+  20   0 1236352 949228   1044 R  53.3   7.4   0:50.42 newmem.bash
12325 vladisl+  20   0 1234768 935656   1052 R  73.3   7.3   0:52.01 newmem.bash
12312 vladisl+  20   0 1231204 933516   1108 R  80.0   7.2   0:50.64 newmem.bash

12318 vladisl+  20   0 1283476 984.2m   1204 R  68.8   7.8   0:54.37 newmem.bash
12308 vladisl+  20   0 1279252 983616   1128 R  62.5   7.6   0:53.16 newmem.bash
12314 vladisl+  20   0 1243084 956092   1044 R  50.0   7.4   0:50.73 newmem.bash
12325 vladisl+  20   0 1242292 943048   1052 R  50.0   7.3   0:52.34 newmem.bash
12312 vladisl+  20   0 1238728 941172   1108 R  43.8   7.3   0:50.97 newmem.bash

12318 vladisl+  20   0 1289680 990.2m   1204 R  63.2   7.9   0:54.76 newmem.bash
12308 vladisl+  20   0 1286116 990480   1128 R  63.2   7.7   0:53.63 newmem.bash
12314 vladisl+  20   0 1248364 961372   1044 R  42.1   7.5   0:51.04 newmem.bash
12325 vladisl+  20   0 1247440 948328   1052 R  36.8   7.4   0:52.66 newmem.bash
12312 vladisl+  20   0 1243744 946188   1108 R  57.9   7.3   0:51.32 newmem.bash

12318 vladisl+  20   0 1296676 997.1m   1204 R  40.0   7.9   0:55.54 newmem.bash
12308 vladisl+  20   0 1291924 996288   1128 R  46.7   7.7   0:54.42 newmem.bash
12314 vladisl+  20   0 1258660 971668   1044 R  93.3   7.5   0:51.91 newmem.bash
12325 vladisl+  20   0 1252852 953608   1052 R  46.7   7.4   0:53.44 newmem.bash
12312 vladisl+  20   0 1249156 951732   1108 R  46.7   7.4   0:52.05 newmem.bash

12318 vladisl+  20   0 1307236   1.0g   1204 R  38.9   8.0   0:56.09 newmem.bash
12308 vladisl+  20   0 1303276 982.1m   1128 R  50.0   7.8   0:54.99 newmem.bash
12314 vladisl+  20   0 1274368 986212   1044 R  44.4   7.6   0:52.58 newmem.bash
12312 vladisl+  20   0 1261960 963520   1108 R  44.4   7.5   0:52.61 newmem.bash
12325 vladisl+  20   0 1264204 962968   1052 R  55.6   7.5   0:54.04 newmem.bash

12308 vladisl+  20   0 1335616 993.6m   1200 R  53.3   7.9   0:56.05 newmem.bash
12314 vladisl+  20   0 1298524 989908   1128 R  46.7   7.7   0:53.35 newmem.bash
12312 vladisl+  20   0 1285456 966632   1168 R  40.0   7.5   0:53.35 newmem.bash
12325 vladisl+  20   0 1290208 966308   1100 R 100.0   7.5   0:54.88 newmem.bash
12315 vladisl+  20   0 1246120 958216   1280 R  80.0   7.4   0:55.37 newmem.bash

12308 vladisl+  20   0 1350928   1.0g   1200 R  60.0   8.0   0:56.37 newmem.bash
12314 vladisl+  20   0 1313044 981.1m   1128 R  46.7   7.8   0:53.66 newmem.bash
12312 vladisl+  20   0 1305916 986960   1168 R  86.7   7.7   0:53.83 newmem.bash
12325 vladisl+  20   0 1310140 986108   1100 R  73.3   7.6   0:55.32 newmem.bash
12315 vladisl+  20   0 1269616 981712   1280 R  66.7   7.6   0:55.90 newmem.bash

12308 vladisl+  20   0 1369804   1.0g   1200 R  73.3   8.2   0:56.78 newmem.bash
12314 vladisl+  20   0 1330864 998.4m   1128 R  93.3   7.9   0:54.04 newmem.bash
12312 vladisl+  20   0 1323076 980.6m   1168 R  53.3   7.8   0:54.20 newmem.bash
12325 vladisl+  20   0 1325188 977.7m   1100 R  40.0   7.8   0:55.65 newmem.bash
12315 vladisl+  20   0 1284004 995968   1280 R  53.3   7.7   0:56.21 newmem.bash

12308 vladisl+  20   0 1381948   1.0g   1200 R  80.0   8.2   0:57.12 newmem.bash
12314 vladisl+  20   0 1344856   1.0g   1128 R  53.3   8.0   0:54.45 newmem.bash
12325 vladisl+  20   0 1336936 989.3m   1100 R  60.0   7.9   0:56.04 newmem.bash
12312 vladisl+  20   0 1330864 988.3m   1168 R  66.7   7.8   0:54.50 newmem.bash
12315 vladisl+  20   0 1295488 984.0m   1280 R  60.0   7.8   0:56.50 newmem.bash

12308 vladisl+  20   0 1393960   1.0g   1200 R  93.8   8.3   0:57.74 newmem.bash
12314 vladisl+  20   0 1356472   1.0g   1128 R  62.5   8.1   0:54.99 newmem.bash
12325 vladisl+  20   0 1354228   1.0g   1100 R  93.8   8.0   0:56.76 newmem.bash
12315 vladisl+  20   0 1312912   1.0g   1280 R  81.2   7.9   0:57.24 newmem.bash
12312 vladisl+  20   0 1343932   1.0g   1168 R  43.8   7.9   0:55.28 newmem.bash

12308 vladisl+  20   0 1400956   1.0g   1200 R  46.7   8.4   0:58.02 newmem.bash
12314 vladisl+  20   0 1367956   1.0g   1128 R  80.0   8.2   0:55.40 newmem.bash
12312 vladisl+  20   0 1358716   1.0g   1168 R  93.3   8.1   0:55.84 newmem.bash
12325 vladisl+  20   0 1362016   1.0g   1100 R  60.0   8.0   0:57.06 newmem.bash
12315 vladisl+  20   0 1322944   1.0g   1280 R  53.3   8.0   0:57.63 newmem.bash

12308 vladisl+  20   0 1408348   1.0g   1200 R 100.0   8.5   0:58.44 newmem.bash
12314 vladisl+  20   0 1374688   1.0g   1128 R  43.8   8.3   0:55.77 newmem.bash
12312 vladisl+  20   0 1368616   1.0g   1168 R  87.5   8.1   0:56.41 newmem.bash
12325 vladisl+  20   0 1369012   1.0g   1100 R 100.0   8.1   0:57.48 newmem.bash
12315 vladisl+  20   0 1328884   1.0g   1280 R  62.5   8.1   0:58.02 newmem.bash

12308 vladisl+  20   0 1414684   1.0g   1164 R  53.3   8.5   0:58.80 newmem.bash
12314 vladisl+  20   0 1381156   1.0g   1112 R  46.7   8.3   0:56.17 newmem.bash
12312 vladisl+  20   0 1375480   1.0g   1144 R  80.0   8.2   0:56.82 newmem.bash
12325 vladisl+  20   0 1378120   1.0g   1100 R  93.3   8.2   0:58.00 newmem.bash
12315 vladisl+  20   0 1336936   1.0g   1268 R  86.7   8.1   0:58.49 newmem.bash

12325 vladisl+  20   0 1446628   1.0g   1080 R  73.3   8.5   0:59.88 newmem.bash
12314 vladisl+  20   0 1433824   1.0g   1112 R  86.7   8.5   0:57.95 newmem.bash
12315 vladisl+  20   0 1402144   1.0g   1200 R  46.7   8.4   1:00.29 newmem.bash
12312 vladisl+  20   0 1436728   1.0g   1164 R  46.7   8.3   0:58.48 newmem.bash
12316 vladisl+  20   0 1451248   1.0g   1176 R 100.0   8.3   0:58.79 newmem.bash

12325 vladisl+  20   0 1465768   1.1g   1080 R  60.0   8.7   1:00.26 newmem.bash
12314 vladisl+  20   0 1454284   1.1g   1112 R  93.3   8.7   0:58.35 newmem.bash
12315 vladisl+  20   0 1416796   1.0g   1200 R  46.7   8.5   1:00.60 newmem.bash
12312 vladisl+  20   0 1455208   1.0g   1164 R  73.3   8.5   0:58.87 newmem.bash
12316 vladisl+  20   0 1477252   1.0g   1176 R 100.0   8.5   0:59.33 newmem.bash

12325 vladisl+  20   0 1481212   1.1g   1080 R  66.7   8.8   1:00.64 newmem.bash
12314 vladisl+  20   0 1469992   1.1g   1112 R  60.0   8.8   0:58.75 newmem.bash
12316 vladisl+  20   0 1499428   1.1g   1176 R 100.0   8.7   0:59.89 newmem.bash
12315 vladisl+  20   0 1432240   1.1g   1200 R  73.3   8.6   1:00.98 newmem.bash
12312 vladisl+  20   0 1473292   1.1g   1164 R 100.0   8.6   0:59.31 newmem.bash

12325 vladisl+  20   0 1496260   1.1g   1080 R  93.3   8.9   1:01.05 newmem.bash
12314 vladisl+  20   0 1483060   1.1g   1112 R  53.3   8.9   0:59.09 newmem.bash
12316 vladisl+  20   0 1520416   1.1g   1176 R 100.0   8.8   1:00.46 newmem.bash
12315 vladisl+  20   0 1447552   1.1g   1200 R  66.7   8.8   1:01.39 newmem.bash
12321 vladisl+  20   0 1493488   1.1g   1228 R 100.0   8.7   1:00.63 newmem.bash

12325 vladisl+  20   0 1509988   1.1g   1080 R  53.3   9.0   1:01.42 newmem.bash
12314 vladisl+  20   0 1497844   1.1g   1096 R  66.7   9.0   0:59.48 newmem.bash
12316 vladisl+  20   0 1542592   1.1g   1176 R 100.0   9.0   1:01.02 newmem.bash
12321 vladisl+  20   0 1514872   1.1g   1228 R  93.3   8.9   1:01.19 newmem.bash
12315 vladisl+  20   0 1463128   1.1g   1188 R  86.7   8.9   1:01.80 newmem.bash

12325 vladisl+  20   0 1533220   1.1g   1128 R  53.3   9.2   1:02.01 newmem.bash
12314 vladisl+  20   0 1521472   1.1g   1060 R  60.0   9.2   1:00.06 newmem.bash
12321 vladisl+  20   0 1540480   1.1g   1232 R 100.0   9.1   1:01.81 newmem.bash
12315 vladisl+  20   0 1486096   1.1g   1232 R  86.7   9.1   1:02.39 newmem.bash
12312 vladisl+  20   0 1525168   1.1g   1180 R  46.7   9.0   1:00.65 newmem.bash

12314 vladisl+  20   0 1543516   1.1g   1060 R  93.3   9.3   1:00.55 newmem.bash
12325 vladisl+  20   0 1550380   1.1g   1128 R  46.7   9.3   1:02.37 newmem.bash
12321 vladisl+  20   0 1556848   1.1g   1232 R  93.3   9.2   1:02.17 newmem.bash
12315 vladisl+  20   0 1503520   1.1g   1232 R  60.0   9.2   1:02.79 newmem.bash
12312 vladisl+  20   0 1544176   1.1g   1180 R  60.0   9.2   1:01.09 newmem.bash

12314 vladisl+  20   0 1557244   1.2g   1060 R 100.0   9.4   1:00.98 newmem.bash
12325 vladisl+  20   0 1563316   1.2g   1128 R  53.3   9.4   1:02.78 newmem.bash
12321 vladisl+  20   0 1570708   1.1g   1232 R 100.0   9.3   1:02.61 newmem.bash
12315 vladisl+  20   0 1517248   1.1g   1232 R  60.0   9.3   1:03.21 newmem.bash
12320 vladisl+  20   0 1516852   1.1g   1264 R  93.3   9.3   1:00.43 newmem.bash

12314 vladisl+  20   0 1568332   1.2g   1060 R  73.3   9.5   1:01.43 newmem.bash
12325 vladisl+  20   0 1572556   1.2g   1128 R 100.0   9.5   1:03.13 newmem.bash
12321 vladisl+  20   0 1579024   1.2g   1232 R  46.7   9.4   1:02.95 newmem.bash
12320 vladisl+  20   0 1529920   1.2g   1264 R 100.0   9.4   1:00.97 newmem.bash
12315 vladisl+  20   0 1524772   1.2g   1232 R  73.3   9.4   1:03.51 newmem.bash

12314 vladisl+  20   0 1580212   1.2g   1060 R 100.0   9.6   1:01.95 newmem.bash
12325 vladisl+  20   0 1580476   1.2g   1128 R  53.3   9.6   1:03.50 newmem.bash
12321 vladisl+  20   0 1588660   1.2g   1232 R  80.0   9.5   1:03.39 newmem.bash
12320 vladisl+  20   0 1537972   1.2g   1264 R  40.0   9.4   1:01.34 newmem.bash
12315 vladisl+  20   0 1532824   1.2g   1232 R  80.0   9.4   1:03.89 newmem.bash

12314 vladisl+  20   0 1589320   1.2g   1060 R  37.5   9.7   1:02.37 newmem.bash
12325 vladisl+  20   0 1588132   1.2g   1128 R  43.8   9.6   1:03.88 newmem.bash
12321 vladisl+  20   0 1596448   1.2g   1232 R  93.8   9.5   1:03.82 newmem.bash
12315 vladisl+  20   0 1544836   1.2g   1232 R  93.8   9.5   1:04.48 newmem.bash
12320 vladisl+  20   0 1546816   1.2g   1264 R  68.8   9.5   1:01.81 newmem.bash

12314 vladisl+  20   0 1597900   1.2g   1060 R  80.0   9.8   1:02.76 newmem.bash
12325 vladisl+  20   0 1598428   1.2g   1128 R 100.0   9.7   1:04.38 newmem.bash
12315 vladisl+  20   0 1555792   1.2g   1232 R  93.3   9.6   1:04.97 newmem.bash
12321 vladisl+  20   0 1602784   1.2g   1232 R  60.0   9.6   1:04.14 newmem.bash
12320 vladisl+  20   0 1555000   1.2g   1264 R  73.3   9.6   1:02.20 newmem.bash

12314 vladisl+  20   0 1602256   1.2g   1060 R  38.2   9.8   1:03.17 newmem.bash
12325 vladisl+  20   0 1606348   1.2g   1128 R  79.4   9.8   1:05.05 newmem.bash
12315 vladisl+  20   0 1563976   1.2g   1232 R  79.4   9.7   1:05.70 newmem.bash
12321 vladisl+  20   0 1611628   1.2g   1232 R  79.4   9.6   1:04.92 newmem.bash
12320 vladisl+  20   0 1561600   1.2g   1264 R  70.6   9.6   1:02.87 newmem.bash

12314 vladisl+  20   0 1614796   1.2g   1060 R 100.0   9.9   1:03.81 newmem.bash
12325 vladisl+  20   0 1618360   1.2g   1128 R 100.0   9.8   1:05.67 newmem.bash
12315 vladisl+  20   0 1574272   1.2g   1232 R  80.0   9.7   1:06.24 newmem.bash
12320 vladisl+  20   0 1573876   1.2g   1264 R 100.0   9.7   1:03.54 newmem.bash
12321 vladisl+  20   0 1618624   1.2g   1232 R  80.0   9.7   1:05.30 newmem.bash

12300 vladisl+  20   0 1633672   1.2g   1192 D   0.0   9.6   1:07.78 newmem.bash
12313 vladisl+  20   0 1592488   1.2g   1196 R  60.0   9.6   1:04.02 newmem.bash
12319 vladisl+  20   0 1625356   1.2g   1196 R 100.0   9.5   1:05.22 newmem.bash
12309 vladisl+  20   0 1582984   1.2g   1200 R 100.0   9.4   1:07.86 newmem.bash
  158 vladisl+  20   0  764784   6464      0 S   0.0   0.1   0:58.74 docker

12309 vladisl+  20   0 1628920   1.2g   1200 R  93.3   9.8   1:08.77 newmem.bash
  158 vladisl+  20   0  764784   6464      0 S   0.0   0.1   0:58.74 docker
  144 root      20   0 1680396   3908      0 S   0.0   0.0   0:15.49 docker-desktop-
14474 vladisl+  20   0   10876   3564   3104 R   0.0   0.0   0:00.00 top
12049 vladisl+  20   0    8752   1736   1560 S   0.0   0.0   0:01.54 bash

  158 vladisl+  20   0  764784   6464      0 S   0.0   0.1   0:58.74 docker
  144 root      20   0 1680396   3908      0 S   0.0   0.0   0:15.49 docker-desktop-
14488 vladisl+  20   0   10876   3516   3060 R   6.2   0.0   0:00.01 top
12049 vladisl+  20   0    8752   1736   1560 S   0.0   0.0   0:01.54 bash
 9804 vladisl+  20   0   10288    864      4 S   0.0   0.0   0:01.10 bash

  158 vladisl+  20   0  764784   6464      0 S   0.0   0.1   0:58.74 docker
  144 root      20   0 1680396   3908      0 S   0.0   0.0   0:15.49 docker-desktop-
14502 vladisl+  20   0   10872   3632   3172 R   0.0   0.0   0:00.00 top
12049 vladisl+  20   0    8752   1736   1560 S   0.0   0.0   0:01.55 bash
 9804 vladisl+  20   0   10288    864      4 S   0.0   0.0   0:01.10 bash

  158 vladisl+  20   0  764784   6464      0 S   0.0   0.1   0:58.74 docker
  144 root      20   0 1680396   3908      0 S   0.0   0.0   0:15.49 docker-desktop-
14516 vladisl+  20   0   10872   3612   3152 R   0.0   0.0   0:00.00 top
12049 vladisl+  20   0    8752   1736   1560 S   0.0   0.0   0:01.55 bash
 9804 vladisl+  20   0   10288    864      4 S   0.0   0.0   0:01.10 bash

  158 vladisl+  20   0  764784   6464      0 S   0.0   0.1   0:58.74 docker
  144 root      20   0 1680396   3908      0 S   0.0   0.0   0:15.49 docker-desktop-
14530 vladisl+  20   0   10872   3644   3184 R   0.0   0.0   0:00.00 top
12049 vladisl+  20   0    8752   1736   1560 S   0.0   0.0   0:01.56 bash
 9804 vladisl+  20   0   10288    864      4 S   0.0   0.0   0:01.10 bash

  158 vladisl+  20   0  764784   6464      0 S   0.0   0.1   0:58.74 docker
  144 root      20   0 1680396   3908      0 S   0.0   0.0   0:15.49 docker-desktop-
14544 vladisl+  20   0   10872   3656   3200 R   0.0   0.0   0:00.00 top
12049 vladisl+  20   0    8752   1736   1560 S   0.0   0.0   0:01.56 bash
 9804 vladisl+  20   0   10288    864      4 S   0.0   0.0   0:01.10 bash

  158 vladisl+  20   0  764784   6464      0 S   0.0   0.1   0:58.74 docker
  144 root      20   0 1680396   3908      0 S   0.0   0.0   0:15.49 docker-desktop-
14558 vladisl+  20   0   10872   3628   3172 R   0.0   0.0   0:00.00 top
12049 vladisl+  20   0    8752   1736   1560 S   0.0   0.0   0:01.56 bash
 9804 vladisl+  20   0   10288    864      4 S   0.0   0.0   0:01.10 bash

  158 vladisl+  20   0  764784   6464      0 S   0.0   0.1   0:58.74 docker
  144 root      20   0 1680396   3908      0 S   0.0   0.0   0:15.49 docker-desktop-
14572 vladisl+  20   0   10872   3644   3184 R   0.0   0.0   0:00.00 top
12049 vladisl+  20   0    8752   1736   1560 S   0.0   0.0   0:01.57 bash
 9804 vladisl+  20   0   10288    864      4 S   0.0   0.0   0:01.10 bash

  158 vladisl+  20   0  764784   6464      0 S   0.0   0.1   0:58.74 docker
  144 root      20   0 1680396   3908      0 S   0.0   0.0   0:15.49 docker-desktop-
14586 vladisl+  20   0   10872   3548   3088 R   0.0   0.0   0:00.00 top
12049 vladisl+  20   0    8752   1736   1560 S   0.0   0.0   0:01.57 bash
 9804 vladisl+  20   0   10288    864      4 S   0.0   0.0   0:01.10 bash

  158 vladisl+  20   0  764784   6464      0 S   0.0   0.1   0:58.74 docker
  144 root      20   0 1680396   3908      0 S   0.0   0.0   0:15.49 docker-desktop-
14600 vladisl+  20   0   10872   3560   3104 R   0.0   0.0   0:00.00 top
12049 vladisl+  20   0    8752   1736   1560 S   0.0   0.0   0:01.58 bash
 9804 vladisl+  20   0   10288    864      4 S   0.0   0.0   0:01.10 bash

  158 vladisl+  20   0  764784   6464      0 S   0.0   0.1   0:58.74 docker
  144 root      20   0 1680396   3908      0 S   0.0   0.0   0:15.49 docker-desktop-
14614 vladisl+  20   0   10872   3564   3108 R   0.0   0.0   0:00.00 top
12049 vladisl+  20   0    8752   1736   1560 S   0.0   0.0   0:01.59 bash
 9804 vladisl+  20   0   10288    864      4 S   0.0   0.0   0:01.10 bash

  158 vladisl+  20   0  764784   6464      0 S   0.0   0.1   0:58.74 docker
  144 root      20   0 1680396   3908      0 S   0.0   0.0   0:15.49 docker-desktop-
14628 vladisl+  20   0   10872   3616   3160 R   0.0   0.0   0:00.00 top
12049 vladisl+  20   0    8752   1736   1560 S   0.0   0.0   0:01.59 bash
 9804 vladisl+  20   0   10288    864      4 S   0.0   0.0   0:01.10 bash

  158 vladisl+  20   0  764784   6464      0 S   0.0   0.1   0:58.74 docker
  144 root      20   0 1680396   3908      0 S   0.0   0.0   0:15.49 docker-desktop-
14642 vladisl+  20   0   10872   3616   3160 R   0.0   0.0   0:00.05 top
12049 vladisl+  20   0    8752   1736   1560 S   0.0   0.0   0:01.60 bash
 9804 vladisl+  20   0   10288    864      4 S   0.0   0.0   0:01.10 bash

  158 vladisl+  20   0  764784   6464      0 S   0.0   0.1   0:58.74 docker
  144 root      20   0 1680396   3908      0 S   0.0   0.0   0:15.49 docker-desktop-
14656 vladisl+  20   0   10872   3676   3220 R   0.0   0.0   0:00.00 top
 9804 vladisl+  20   0   10288   2352   1488 S   0.0   0.0   0:01.10 bash
12049 vladisl+  20   0    8752   1736   1560 S   0.0   0.0   0:01.60 bash

  158 vladisl+  20   0  764784   6464      0 S   0.0   0.1   0:58.74 docker
  144 root      20   0 1680396   3908      0 S   0.0   0.0   0:15.49 docker-desktop-
14670 vladisl+  20   0   10872   3560   3104 R   0.0   0.0   0:00.00 top
 9804 vladisl+  20   0   10288   2352   1488 S   0.0   0.0   0:01.10 bash
12049 vladisl+  20   0    8752   1736   1560 S   0.0   0.0   0:01.60 bash

  158 vladisl+  20   0  764784   6464      0 S   0.0   0.1   0:58.74 docker
  144 root      20   0 1680396   3908      0 S   0.0   0.0   0:15.49 docker-desktop-
14684 vladisl+  20   0   10872   3532   3072 R   0.0   0.0   0:00.00 top
 9804 vladisl+  20   0   10288   2352   1488 S   0.0   0.0   0:01.10 bash
12049 vladisl+  20   0    8752   1736   1560 S   0.0   0.0   0:01.61 bash

  158 vladisl+  20   0  764784   6464      0 S   0.0   0.1   0:58.74 docker
  144 root      20   0 1680396   3908      0 S   0.0   0.0   0:15.49 docker-desktop-
14698 vladisl+  20   0   10872   3600   3144 R   0.0   0.0   0:00.00 top
 9804 vladisl+  20   0   10288   2352   1488 S   0.0   0.0   0:01.10 bash
12049 vladisl+  20   0    8752   1736   1560 S   0.0   0.0   0:01.61 bash

  158 vladisl+  20   0  764784   6464      0 S   0.0   0.1   0:58.74 docker
  144 root      20   0 1680396   3908      0 S   0.0   0.0   0:15.49 docker-desktop-
14713 vladisl+  20   0   10876   3644   3188 R   0.0   0.0   0:00.00 top
14712 vladisl+  20   0   10876   3640   3104 S   0.0   0.0   0:00.00 top
 9804 vladisl+  20   0   10288   2832   1964 S   0.0   0.0   0:01.10 bash

  158 vladisl+  20   0  764784   6464      0 S   0.0   0.1   0:58.74 docker
  144 root      20   0 1680396   3908      0 S   0.0   0.0   0:15.49 docker-desktop-
14712 vladisl+  20   0   10876   3640   3104 S   0.0   0.0   0:00.00 top
14727 vladisl+  20   0   10876   3584   3124 R   0.0   0.0   0:00.00 top
 9804 vladisl+  20   0   10288   2832   1964 S   0.0   0.0   0:01.10 bash

  158 vladisl+  20   0  764784   6464      0 S   0.0   0.1   0:58.74 docker
  144 root      20   0 1680396   3908      0 S   0.0   0.0   0:15.49 docker-desktop-
14712 vladisl+  20   0   10876   3640   3104 S   0.0   0.0   0:00.00 top
14741 vladisl+  20   0   10876   3640   3180 R   0.0   0.0   0:00.00 top
 9804 vladisl+  20   0   10288   2832   1964 S   0.0   0.0   0:01.10 bash

  158 vladisl+  20   0  764784   6464      0 S   0.0   0.1   0:58.74 docker
  144 root      20   0 1680396   3908      0 S   0.0   0.0   0:15.49 docker-desktop-
14712 vladisl+  20   0   10876   3640   3104 S   0.0   0.0   0:00.00 top
14755 vladisl+  20   0   10876   3572   3112 R   0.0   0.0   0:00.00 top
 9804 vladisl+  20   0   10288   2832   1964 S   0.0   0.0   0:01.10 bash

  158 vladisl+  20   0  764784   6464      0 S   0.0   0.1   0:58.74 docker
  144 root      20   0 1680396   3908      0 S   0.0   0.0   0:15.49 docker-desktop-
14712 vladisl+  20   0   10876   3640   3104 S   0.0   0.0   0:00.00 top
14769 vladisl+  20   0   10876   3636   3180 R   0.0   0.0   0:00.00 top
 9804 vladisl+  20   0   10288   2832   1964 S   0.0   0.0   0:01.10 bash

  158 vladisl+  20   0  764784   6464      0 S   0.0   0.1   0:58.74 docker
  144 root      20   0 1680396   3908      0 S   0.0   0.0   0:15.49 docker-desktop-
14712 vladisl+  20   0   10876   3640   3104 S   0.0   0.0   0:00.00 top
14783 vladisl+  20   0   10876   3564   3104 R   0.0   0.0   0:00.05 top
 9804 vladisl+  20   0   10288   2832   1964 S   0.0   0.0   0:01.10 bash

  158 vladisl+  20   0  764784   6464      0 S   0.0   0.1   0:58.74 docker
  144 root      20   0 1680396   3908      0 S   0.0   0.0   0:15.49 docker-desktop-
14797 vladisl+  20   0   10876   3656   3200 R   0.0   0.0   0:00.00 top
14712 vladisl+  20   0   10876   3640   3104 S   0.0   0.0   0:00.04 top
 9804 vladisl+  20   0   10288   2832   1964 S   0.0   0.0   0:01.10 bash

  158 vladisl+  20   0  764784   6464      0 S   0.0   0.1   0:58.74 docker
  144 root      20   0 1680396   3908      0 S   0.0   0.0   0:15.49 docker-desktop-
14712 vladisl+  20   0   10876   3640   3104 S   0.0   0.0   0:00.04 top
14811 vladisl+  20   0   10876   3556   3100 R   0.0   0.0   0:00.00 top
 9804 vladisl+  20   0   10288   2832   1964 S   0.0   0.0   0:01.10 bash

  158 vladisl+  20   0  764784   6464      0 S   0.0   0.1   0:58.74 docker
  144 root      20   0 1680396   3908      0 S   0.0   0.0   0:15.49 docker-desktop-
14825 vladisl+  20   0   10876   3708   3252 R   0.0   0.0   0:00.00 top
14712 vladisl+  20   0   10876   3640   3104 S   0.0   0.0   0:00.04 top
 9804 vladisl+  20   0   10288   2832   1964 S   0.0   0.0   0:01.10 bash

  158 vladisl+  20   0  764784   6464      0 S   0.0   0.1   0:58.74 docker
  144 root      20   0 1680396   3908      0 S   0.0   0.0   0:15.49 docker-desktop-
14712 vladisl+  20   0   10876   3640   3104 S   0.0   0.0   0:00.04 top
14839 vladisl+  20   0   10876   3604   3148 R   0.0   0.0   0:00.00 top
 9804 vladisl+  20   0   10288   2832   1964 S   0.0   0.0   0:01.10 bash

  158 vladisl+  20   0  764784   6464      0 S   0.0   0.1   0:58.74 docker
  144 root      20   0 1680396   3908      0 S   0.0   0.0   0:15.49 docker-desktop-
14853 vladisl+  20   0   10876   3644   3184 R   0.0   0.0   0:00.00 top
14712 vladisl+  20   0   10876   3640   3104 S   0.0   0.0   0:00.04 top
 9804 vladisl+  20   0   10288   2832   1964 S   0.0   0.0   0:01.10 bash

  158 vladisl+  20   0  764784   6464      0 S   0.0   0.1   0:58.74 docker
  144 root      20   0 1680396   3908      0 S   0.0   0.0   0:15.49 docker-desktop-
14712 vladisl+  20   0   10876   3640   3104 S   0.0   0.0   0:00.04 top
14867 vladisl+  20   0   10876   3572   3112 R   0.0   0.0   0:00.00 top
 9804 vladisl+  20   0   10288   2832   1964 S   0.0   0.0   0:01.10 bash

  158 vladisl+  20   0  764784   6464      0 S   0.0   0.1   0:58.74 docker
  144 root      20   0 1680396   3908      0 S   0.0   0.0   0:15.50 docker-desktop-
14881 vladisl+  20   0   10876   3712   3252 R   0.0   0.0   0:00.00 top
14712 vladisl+  20   0   10876   3640   3104 S   0.0   0.0   0:00.04 top
 9804 vladisl+  20   0   10288   2832   1964 S   0.0   0.0   0:01.10 bash

  158 vladisl+  20   0  764784   6464      0 S   0.0   0.1   0:58.74 docker
  144 root      20   0 1680396   3908      0 S   0.0   0.0   0:15.50 docker-desktop-
14712 vladisl+  20   0   10876   3640   3104 S   0.0   0.0   0:00.04 top
14895 vladisl+  20   0   10876   3572   3112 R   0.0   0.0   0:00.00 top
 9804 vladisl+  20   0   10288   2832   1964 S   0.0   0.0   0:01.10 bash

  158 vladisl+  20   0  764784   6464      0 S   0.0   0.1   0:58.74 docker
  144 root      20   0 1680396   3908      0 S   0.0   0.0   0:15.50 docker-desktop-
14712 vladisl+  20   0   10876   3640   3104 S   0.0   0.0   0:00.04 top
14909 vladisl+  20   0   10876   3580   3120 R   0.0   0.0   0:00.00 top
 9804 vladisl+  20   0   10288   2832   1964 S   0.0   0.0   0:01.10 bash

  158 vladisl+  20   0  764784   6464      0 S   0.0   0.1   0:58.74 docker
  144 root      20   0 1680396   3908      0 S   0.0   0.0   0:15.50 docker-desktop-
14923 vladisl+  20   0   10876   3656   3200 R   0.0   0.0   0:00.00 top
14712 vladisl+  20   0   10876   3640   3104 S   0.0   0.0   0:00.04 top
 9804 vladisl+  20   0   10288   2832   1964 S   0.0   0.0   0:01.10 bash

  158 vladisl+  20   0  764784   6464      0 S   0.0   0.1   0:58.74 docker
  144 root      20   0 1680396   3908      0 S   0.0   0.0   0:15.50 docker-desktop-
14937 vladisl+  20   0   10876   3652   3196 R   0.0   0.0   0:00.00 top
14712 vladisl+  20   0   10876   3640   3104 S   0.0   0.0   0:00.04 top
 9804 vladisl+  20   0   10288   2832   1964 S   0.0   0.0   0:01.10 bash

