100.0 
100.0 
100.0 
100.0 
100.0 
100.0 
100.0 
100.0 
100.0 
100.0 
100.0 
100.0 
100.0 
100.0 
100.0 
100.0 
100.0 
100.0 
100.0 
100.0 
100.0 
100.0 
100.0 
100.0 
100.0 
100.0 
100.0 
100.0 
100.0 
100.0 
100.0 
100.0 
100.0 
100.0 
100.0 
100.0 
100.0 
100.0 
100.0 
100.0 
100.0 
100.0 
100.0 
100.0 
100.0 
100.0 
100.0 
100.0 
100.0 
 93.8 
 93.8 
 93.8 
100.0 
100.0 
100.0 
100.0 
100.0 
 60.7 
100.0 
 93.8 
 84.6 
100.0 
 88.2 
 96.7 
 66.7 
 81.2 
100.0 
 53.6 
100.0 
100.0 
100.0 
100.0 
100.0 
100.0 
 41.0 
100.0 
 89.3 
100.0 
100.0 
100.0 
100.0 
100.0 
100.0 
100.0 
 94.1 
 80.0 
 33.3 
100.0 
100.0 
100.0 
100.0 
100.0 
100.0 
100.0 
100.0 
  0.0 
