 18540 
 34408 
 64212 
 81080 
103392 
122820 
123192 
148008 
174144 
199752 
218420 
233988 
269900 
267600 
320060 
344876 
324360 
350496 
376896 
420572 
455724 
480276 
438404 
531228 
525188 
551588 
577196 
535560 
629436 
650588 
586508 
682500 
698076 
712860 
726588 
642480 
657000 
672576 
699236 
782820 
723788 
723816 
730656 
746760 
762600 
854364 
869676 
795072 
852280 
820416 
912180 
925908 
848664 
862128 
882984 
915836 
983.9m 
949100 
964032 
961656 
962180 
987908 
  1.0g 
978.6m 
987816 
  1.0g 
  1.0g 
  1.0g 
  1.0g 
  1.1g 
  1.1g 
  1.0g 
  1.1g 
  1.1g 
  1.1g 
  1.0g 
  1.1g 
  1.1g 
  1.1g 
  1.1g 
  1.2g 
  1.2g 
  1.2g 
  1.2g 
  1.2g 
  1.2g 
  1.1g 
  1.1g 
  1.1g 
  1.1g 
  1.2g 
  1.2g 
  1.1g 
  1.2g 
     0 
  1.2g 
