  23932 
  40036 
  69604 
  86500 
 108676 
 128344 
 128872 
 153688 
 179824 
 205432 
 224044 
 239356 
 275656 
 273280 
 325816 
 350500 
 330040 
 356044 
 382576 
 426136 
 461248 
 485800 
 443692 
 536752 
 530812 
 557344 
 582952 
 541240 
 634960 
 656212 
 591928 
 687892 
 703600 
 718252 
 732112 
 648028 
 662812 
 678256 
 704656 
 788344 
 729076 
 729340 
 736336 
 752308 
 768148 
 859888 
 875332 
 800752 
 857644 
 825964 
 917704 
 931564 
 854212 
 867940 
 888664 
 921400 
1012876 
 954664 
 969316 
 967204 
 967468 
 993604 
1038220 
1007728 
 993604 
1055644 
1074784 
1053664 
1063828 
1116760 
1154512 
1090096 
1178272 
1134448 
1144216 
1101976 
1164940 
1131544 
1188964 
1201900 
1268560 
1283080 
1244272 
1256548 
1222360 
1252720 
1211272 
1533484 
1520020 
1581136 
1603972 
1615852 
1577572 
1618492 
      0 
1633672 
