24062 vladisl+  20   0   13900   8508   3016 R  40.0   0.1   0:00.10 newmem.bash
24083 vladisl+  20   0   20236  14704   2868 R  40.0   0.1   0:00.24 newmem.bash
24058 vladisl+  20   0   27628  22184   2960 R  33.3   0.2   0:00.39 newmem.bash
24078 vladisl+  20   0   38320  32748   2960 R  40.0   0.3   0:00.60 newmem.bash
24082 vladisl+  20   0   47164  41316   2808 R  40.0   0.3   0:00.78 newmem.bash
24061 vladisl+  20   0   56536  50860   2868 R  33.3   0.4   0:00.97 newmem.bash
24068 vladisl+  20   0   65116  59596   2880 R  40.0   0.5   0:01.15 newmem.bash
24061 vladisl+  20   0   75676  69868   2868 R  33.3   0.5   0:01.37 newmem.bash
24061 vladisl+  20   0   84916  79372   2868 R  40.0   0.6   0:01.56 newmem.bash
24061 vladisl+  20   0   93100  87556   2868 R  33.3   0.7   0:01.74 newmem.bash
24056 vladisl+  20   0   83332  78052   3132 R  33.3   0.6   0:01.60 newmem.bash
24056 vladisl+  20   0   91780  86236   3132 R  33.3   0.7   0:01.78 newmem.bash
24056 vladisl+  20   0   99172  93892   3132 R  33.3   0.7   0:01.94 newmem.bash
24056 vladisl+  20   0  106828 101548   3132 R  29.4   0.8   0:02.10 newmem.bash
24060 vladisl+  20   0  112900 107564   3080 R  40.0   0.8   0:02.26 newmem.bash
24082 vladisl+  20   0  140884 135300   2808 R  40.0   1.0   0:02.76 newmem.bash
24074 vladisl+  20   0  148672 143232   3108 R  40.0   1.1   0:02.96 newmem.bash
24078 vladisl+  20   0  157384 151812   2960 R  40.0   1.2   0:03.13 newmem.bash
24071 vladisl+  20   0  169660 164328   3076 R  40.0   1.3   0:03.35 newmem.bash
24056 vladisl+  20   0  159892 154612   3132 R  33.3   1.2   0:03.21 newmem.bash
24074 vladisl+  20   0  186424 180984   3108 R  40.0   1.4   0:03.74 newmem.bash
24056 vladisl+  20   0  179164 173884   3132 R  35.3   1.3   0:03.64 newmem.bash
24056 vladisl+  20   0  188932 183652   3132 R  40.0   1.4   0:03.85 newmem.bash
24082 vladisl+  20   0  212560 206844   2808 R  40.0   1.6   0:04.30 newmem.bash
24056 vladisl+  20   0  206488 201076   3132 R  40.0   1.6   0:04.23 newmem.bash
24078 vladisl+  20   0  231304 225732   2960 R  40.0   1.8   0:04.72 newmem.bash
24056 vladisl+  20   0  225364 220084   3132 R  46.7   1.7   0:04.64 newmem.bash
24056 vladisl+  20   0  233020 227740   3132 R  33.3   1.8   0:04.82 newmem.bash
24074 vladisl+  20   0  250444 245136   3108 R  40.0   1.9   0:05.22 newmem.bash
24078 vladisl+  20   0  260344 254772   2960 R  40.0   2.0   0:05.53 newmem.bash
24074 vladisl+  20   0  262456 257016   3108 R  36.8   2.0   0:05.67 newmem.bash
24056 vladisl+  20   0  255856 250444   3132 R  33.3   1.9   0:05.65 newmem.bash
24078 vladisl+  20   0  274996 269556   2960 R  40.0   2.1   0:06.16 newmem.bash
24056 vladisl+  20   0  266284 261004   3132 R  33.3   2.0   0:06.06 newmem.bash
24056 vladisl+  20   0  271960 266548   3132 R  33.3   2.1   0:06.25 newmem.bash
24059 vladisl+  20   0  234472 228964   3032 R  40.0   1.8   0:05.43 newmem.bash
24068 vladisl+  20   0  293344 287692   2880 R  40.0   2.2   0:06.84 newmem.bash
24078 vladisl+  20   0  302980 297276   2960 R  40.0   2.3   0:07.17 newmem.bash
24068 vladisl+  20   0  305224 299572   2880 R  40.0   2.3   0:07.27 newmem.bash
24082 vladisl+  20   0  310768 305052   2808 R  40.0   2.4   0:07.46 newmem.bash
24074 vladisl+  20   0  317236 311928   3108 R  40.0   2.4   0:07.63 newmem.bash
24082 vladisl+  20   0  322912 317196   2808 R  40.0   2.5   0:07.87 newmem.bash
24066 vladisl+  20   0  265624 260004   2916 R  40.0   2.0   0:06.52 newmem.bash
24078 vladisl+  20   0  335452 330012   2960 R  31.6   2.6   0:08.41 newmem.bash
24081 vladisl+  20   0  267340 261868   2924 R  33.3   2.0   0:07.00 newmem.bash
24056 vladisl+  20   0  330436 324892   3132 R  31.6   2.5   0:08.56 newmem.bash
24081 vladisl+  20   0  275656 270052   2924 R  42.9   2.1   0:07.57 newmem.bash
24056 vladisl+  20   0  339148 333604   3132 R  40.0   2.6   0:09.27 newmem.bash
24056 vladisl+  20   0  342976 337564   3132 R  26.3   2.6   0:09.50 newmem.bash
24056 vladisl+  20   0  347068 341788   3132 R  26.3   2.7   0:09.75 newmem.bash
24068 vladisl+  20   0  362512 356860   2880 R  30.4   2.8   0:10.31 newmem.bash
24056 vladisl+  20   0  354856 349444   3132 R  27.8   2.7   0:10.26 newmem.bash
24056 vladisl+  20   0  358816 353404   3132 R  28.0   2.7   0:10.51 newmem.bash
24071 vladisl+  20   0  388384 382920   3076 R  35.0   3.0   0:11.62 newmem.bash
24058 vladisl+  20   0  306016 300440   2960 R  33.3   2.3   0:09.45 newmem.bash
24063 vladisl+  20   0  314464 309020   3096 R  31.2   2.4   0:09.84 newmem.bash
24056 vladisl+  20   0  387988 382708   3132 R  42.9   3.0   0:12.12 newmem.bash
24076 vladisl+  20   0  327796 322488   3100 R  28.6   2.5   0:10.53 newmem.bash
24073 vladisl+  20   0  338224 332784   3108 R  24.1   2.6   0:11.39 newmem.bash
24070 vladisl+  20   0  353140 347636   2892 R  93.8   2.7   0:12.60 newmem.bash
24076 vladisl+  20   0  353272 347832   3100 R  31.2   2.7   0:13.50 newmem.bash
24056 vladisl+  20   0  429700 424420   3132 R  31.8   3.3   0:15.97 newmem.bash
24059 vladisl+  20   0  366604 361228   3032 R  40.5   2.8   0:14.78 newmem.bash
24069 vladisl+  20   0  366736 361204   3012 R  33.3   2.8   0:15.18 newmem.bash
24074 vladisl+  20   0  451744 446304   3108 R  31.6   3.5   0:19.00 newmem.bash
24074 vladisl+  20   0  455572 450264   3108 R  28.6   3.5   0:19.20 newmem.bash
24057 vladisl+  20   0  386800 381136   2868 R  39.6   3.0   0:16.82 newmem.bash
24070 vladisl+  20   0  397096 391460   2892 R  31.6   3.0   0:17.40 newmem.bash
24058 vladisl+  20   0  395380 389936   2960 R  31.1   3.0   0:18.30 newmem.bash
24069 vladisl+  20   0  397624 392092   3012 R 100.0   3.0   0:18.94 newmem.bash
24072 vladisl+  20   0  416236 410740   2916 R  14.5   3.2   0:19.94 newmem.bash
24067 vladisl+  20   0  551272 421796   1200 R  75.0   3.3   0:28.69 newmem.bash
24065 vladisl+  20   0  535300 407588   1156 R  44.4   3.2   0:26.29 newmem.bash
24067 vladisl+  20   0  568696 438956   1200 R  43.8   3.4   0:29.38 newmem.bash
24083 vladisl+  20   0  500716 378416   1228 R  64.4   2.9   0:28.45 newmem.bash
24062 vladisl+  20   0  556552 431396   1140 R  46.7   3.3   0:31.36 newmem.bash
24083 vladisl+  20   0  520252 397952   1228 R  47.1   3.1   0:29.50 newmem.bash
24084 vladisl+  20   0  570544 443928   1156 R  86.7   3.4   0:28.86 newmem.bash
24057 vladisl+  20   0  567244 442992   1188 R  93.3   3.4   0:29.90 newmem.bash
24057 vladisl+  20   0  578728 454608   1188 R 100.0   3.5   0:30.26 newmem.bash
24076 vladisl+  20   0  573184 448584   1172 R  81.0   3.5   0:29.94 newmem.bash
24076 vladisl+  20   0  592720 468120   1172 R 100.0   3.6   0:30.37 newmem.bash
