12473936
12472132
12471368
12471864
12470800
12442808
12224780
11983120
11757832
11527456
11298428
11058020
10822652
10603412
10380636
10160900
9957496
9748344
9539176
9304556
9102720
8903380
8677060
8455552
8217640
7973980
7767088
7578844
7381024
7171864
6980604
6733896
6540100
6383624
6237716
6110952
5994788
5860212
5731188
5599636
5463044
5325964
5199468
5065900
4920504
4781124
4649076
4503948
4396856
4262808
4112080
3992388
3880996
3779944
3677884
3575320
3469732
3377760
3285748
3088204
2868200
2653008
2422924
2030804
1739728
1563832
1383100
1205180
1063548
842552
721340
619540
491020
384904
222120
121964
1801164
2345104
2716860
3544768
3330072
3150900
4349820
4664452
6363836
9156372
10597244
12046000
12484144
12481640
12481136
12350576
12481136
12481656
12480640
12480388
12481136
12480884
12480356
12480624
12479844
12479852
12479616
12479876
12480152
12480136
12480436
12479900
12479404
12479664
12348884
12479908
12479388
12479924
12479672
12348096
12478916
12478932
12478404
12478144
12478396
12478388
12478388
12478640
12478404
12478388
12478144
12477876
12478152
12478128
12477632
12477388
12477884
