3742844
3742844
3742844
3742844
3742844
3742844
3742844
3742844
3742844
3742844
3742844
3742844
3742844
3742844
3742844
3742844
3742844
3742844
3742844
3742844
3742844
3742844
3742844
3742844
3742844
3742844
3742844
3742844
3742844
3742844
3742844
3742844
3742844
3742844
3742844
3742844
3742844
3742844
3742844
3742844
3742844
3742844
3742852
3742852
3742852
3742852
3742852
3742852
3742852
3742852
3742852
3742852
3742852
3742852
3742852
3742852
3742852
3742852
3742852
3742852
3742852
3742852
3742852
3742852
3742852
3742856
3742964
3742964
3742964
3742964
3742964
3742964
3742964
3742964
3742968
3741808
846856
862676
981512
1245880
1245880
1245880
1603252
1735424
2334336
3037384
3274132
3740032
3740224
3740228
3740228
3740228
3740228
3740228
3740228
3740228
3740228
3740228
3740228
3740228
3740228
3740228
3740228
3740228
3740228
3740228
3740228
3740228
3740228
3740228
3740228
3740228
3740228
3740228
3740228
3740228
3740228
3740228
3740236
3740236
3740236
3740236
3740236
3740236
3740236
3740236
3740236
3740236
3740236
3740236
3740236
3740252
3740252
