  158 vladisl+  20   0  764784   6504      0 S   0.0   0.1   1:01.70 docker
  144 root      20   0 1680396   3992      0 S   0.0   0.0   0:18.47 docker-desktop-
23995 vladisl+  20   0   10856   3644   3184 R   6.2   0.0   0:00.01 top
23984 vladisl+  20   0    8752   3576   3132 S   0.0   0.0   0:00.00 bash
 9804 vladisl+  20   0   10288   3572   2300 S   0.0   0.0   0:02.05 bash

  158 vladisl+  20   0  764784   6504      0 S   0.0   0.1   1:01.70 docker
  144 root      20   0 1680396   3992      0 S   0.0   0.0   0:18.47 docker-desktop-
24009 vladisl+  20   0   10856   3632   3176 R   0.0   0.0   0:00.01 top
23984 vladisl+  20   0    8752   3584   3132 S   0.0   0.0   0:00.01 bash
 9804 vladisl+  20   0   10288   3572   2300 S   0.0   0.0   0:02.05 bash

  158 vladisl+  20   0  764784   6504      0 S   0.0   0.1   1:01.70 docker
  144 root      20   0 1680396   3992      0 S   0.0   0.0   0:18.47 docker-desktop-
24023 vladisl+  20   0   10856   3724   3268 R   6.7   0.0   0:00.01 top
23984 vladisl+  20   0    8752   3584   3132 S   0.0   0.0   0:00.02 bash
 9804 vladisl+  20   0   10288   3572   2300 S   0.0   0.0   0:02.05 bash

  158 vladisl+  20   0  764784   6504      0 S   0.0   0.1   1:01.70 docker
  144 root      20   0 1680396   3992      0 S   0.0   0.0   0:18.47 docker-desktop-
24037 vladisl+  20   0   10856   3672   3216 R   6.7   0.0   0:00.01 top
23984 vladisl+  20   0    8752   3584   3132 S   0.0   0.0   0:00.02 bash
 9804 vladisl+  20   0   10288   3572   2300 S   0.0   0.0   0:02.05 bash

  158 vladisl+  20   0  764784   6504      0 S   0.0   0.1   1:01.70 docker
  144 root      20   0 1680396   3992      0 S   0.0   0.0   0:18.47 docker-desktop-
24051 vladisl+  20   0   10856   3640   3180 R   0.0   0.0   0:00.00 top
23984 vladisl+  20   0    8752   3584   3132 S   0.0   0.0   0:00.03 bash
 9804 vladisl+  20   0   10288   3572   2300 S   0.0   0.0   0:02.05 bash

24072 vladisl+  20   0   17596  12204   3020 R  46.7   0.1   0:00.17 newmem.bash
24062 vladisl+  20   0   17200  11676   3016 R  40.0   0.1   0:00.17 newmem.bash
24076 vladisl+  20   0   15088   9648   3100 R  20.0   0.1   0:00.12 newmem.bash
24075 vladisl+  20   0   15088   9576   3024 R  26.7   0.1   0:00.13 newmem.bash
24069 vladisl+  20   0   15088   9556   3012 R  26.7   0.1   0:00.12 newmem.bash

24062 vladisl+  20   0   25516  20124   3016 R  33.3   0.2   0:00.34 newmem.bash
24072 vladisl+  20   0   25384  19860   3020 R  33.3   0.2   0:00.33 newmem.bash
24075 vladisl+  20   0   23800  18288   3024 R  26.7   0.1   0:00.31 newmem.bash
24069 vladisl+  20   0   23668  18268   3012 R  33.3   0.1   0:00.31 newmem.bash
24057 vladisl+  20   0   23932  18136   2868 R  26.7   0.1   0:00.29 newmem.bash

24062 vladisl+  20   0   33700  28308   3016 R  33.3   0.2   0:00.51 newmem.bash
24072 vladisl+  20   0   33436  27780   3020 R  26.7   0.2   0:00.50 newmem.bash
24075 vladisl+  20   0   31852  26472   3024 R  33.3   0.2   0:00.48 newmem.bash
24069 vladisl+  20   0   31852  26188   3012 R  26.7   0.2   0:00.45 newmem.bash
24078 vladisl+  20   0   31588  26148   2960 R  33.3   0.2   0:00.46 newmem.bash

24072 vladisl+  20   0   41224  35700   3020 R  26.7   0.3   0:00.65 newmem.bash
24078 vladisl+  20   0   41092  35652   2960 R  33.3   0.3   0:00.66 newmem.bash
24062 vladisl+  20   0   40696  35172   3016 R  26.7   0.3   0:00.66 newmem.bash
24082 vladisl+  20   0   40036  34452   2808 R  33.3   0.3   0:00.63 newmem.bash
24075 vladisl+  20   0   39640  34128   3024 R  20.0   0.3   0:00.63 newmem.bash

24078 vladisl+  20   0   49804  44364   2960 R  33.3   0.3   0:00.85 newmem.bash
24082 vladisl+  20   0   49672  43956   2808 R  33.3   0.3   0:00.83 newmem.bash
24061 vladisl+  20   0   49408  43732   2868 R  33.3   0.3   0:00.81 newmem.bash
24074 vladisl+  20   0   48484  43176   3108 R  33.3   0.3   0:00.81 newmem.bash
24071 vladisl+  20   0   48352  42888   3076 R  33.3   0.3   0:00.83 newmem.bash

24078 vladisl+  20   0   60100  54660   2960 R  33.3   0.4   0:01.06 newmem.bash
24082 vladisl+  20   0   60100  54516   2808 R  40.0   0.4   0:01.04 newmem.bash
24061 vladisl+  20   0   59308  53764   2868 R  33.3   0.4   0:01.03 newmem.bash
24074 vladisl+  20   0   58120  52680   3108 R  33.3   0.4   0:01.02 newmem.bash
24071 vladisl+  20   0   58252  52656   3076 R  33.3   0.4   0:01.03 newmem.bash

24082 vladisl+  20   0   70396  64812   2808 R  33.3   0.5   0:01.24 newmem.bash
24078 vladisl+  20   0   70132  64428   2960 R  33.3   0.5   0:01.27 newmem.bash
24061 vladisl+  20   0   68812  63004   2868 R  33.3   0.5   0:01.23 newmem.bash
24071 vladisl+  20   0   68284  62952   3076 R  33.3   0.5   0:01.24 newmem.bash
24068 vladisl+  20   0   68152  62500   2880 R  40.0   0.5   0:01.21 newmem.bash

24082 vladisl+  20   0   79636  73788   2808 R  26.7   0.6   0:01.44 newmem.bash
24078 vladisl+  20   0   79372  73668   2960 R  33.3   0.6   0:01.47 newmem.bash
24061 vladisl+  20   0   78448  72772   2868 R  33.3   0.6   0:01.43 newmem.bash
24071 vladisl+  20   0   77656  72192   3076 R  33.3   0.6   0:01.44 newmem.bash
24068 vladisl+  20   0   77524  72004   2880 R  33.3   0.6   0:01.41 newmem.bash

24082 vladisl+  20   0   89140  83292   2808 R  33.3   0.6   0:01.64 newmem.bash
24078 vladisl+  20   0   88348  82644   2960 R  33.3   0.6   0:01.66 newmem.bash
24061 vladisl+  20   0   87424  81748   2868 R  26.7   0.6   0:01.61 newmem.bash
24071 vladisl+  20   0   86896  81432   3076 R  33.3   0.6   0:01.63 newmem.bash
24068 vladisl+  20   0   86764  81244   2880 R  33.3   0.6   0:01.60 newmem.bash

24078 vladisl+  20   0   97060  91620   2960 R  26.7   0.7   0:01.84 newmem.bash
24082 vladisl+  20   0   96928  91212   2808 R  26.7   0.7   0:01.82 newmem.bash
24071 vladisl+  20   0   96532  91200   3076 R  40.0   0.7   0:01.83 newmem.bash
24068 vladisl+  20   0   95608  89956   2880 R  33.3   0.7   0:01.81 newmem.bash
24061 vladisl+  20   0   95608  89932   2868 R  40.0   0.7   0:01.81 newmem.bash

24082 vladisl+  20   0  105772  99924   2808 R  33.3   0.8   0:02.00 newmem.bash
24071 vladisl+  20   0  104320  98856   3076 R  26.7   0.8   0:01.97 newmem.bash
24061 vladisl+  20   0  104320  98644   2868 R  33.3   0.8   0:02.00 newmem.bash
24078 vladisl+  20   0  104056  98484   2960 R  33.3   0.8   0:02.00 newmem.bash
24068 vladisl+  20   0  103000  97348   2880 R  26.7   0.8   0:01.97 newmem.bash

24082 vladisl+  20   0  112240 106524   2808 R  26.7   0.8   0:02.14 newmem.bash
24078 vladisl+  20   0  111712 106140   2960 R  33.3   0.8   0:02.16 newmem.bash
24061 vladisl+  20   0  111844 106036   2868 R  33.3   0.8   0:02.17 newmem.bash
24071 vladisl+  20   0  111316 105720   3076 R  33.3   0.8   0:02.14 newmem.bash
24074 vladisl+  20   0  109468 104160   3108 R  26.7   0.8   0:02.12 newmem.bash

24071 vladisl+  20   0  119764 114168   3076 R  33.3   0.9   0:02.32 newmem.bash
24082 vladisl+  20   0  119500 113916   2808 R  26.7   0.9   0:02.30 newmem.bash
24061 vladisl+  20   0  119236 113692   2868 R  20.0   0.9   0:02.31 newmem.bash
24078 vladisl+  20   0  118972 113532   2960 R  26.7   0.9   0:02.32 newmem.bash
24074 vladisl+  20   0  118444 112872   3108 R  26.7   0.9   0:02.30 newmem.bash

24071 vladisl+  20   0  128080 122616   3076 R  33.3   1.0   0:02.49 newmem.bash
24082 vladisl+  20   0  127948 122364   2808 R  33.3   0.9   0:02.48 newmem.bash
24078 vladisl+  20   0  127816 122244   2960 R  33.3   0.9   0:02.50 newmem.bash
24061 vladisl+  20   0  127420 121612   2868 R  26.7   0.9   0:02.49 newmem.bash
24068 vladisl+  20   0  127024 121372   2880 R  33.3   0.9   0:02.47 newmem.bash

24071 vladisl+  20   0  137320 131856   3076 R  40.0   1.0   0:02.69 newmem.bash
24068 vladisl+  20   0  135340 129556   2880 R  33.3   1.0   0:02.65 newmem.bash
24082 vladisl+  20   0  134944 129228   2808 R  20.0   1.0   0:02.62 newmem.bash
24078 vladisl+  20   0  134680 129108   2960 R  26.7   1.0   0:02.64 newmem.bash
24061 vladisl+  20   0  134284 128740   2868 R  26.7   1.0   0:02.64 newmem.bash

24071 vladisl+  20   0  144712 139248   3076 R  33.3   1.1   0:02.85 newmem.bash
24082 vladisl+  20   0  143656 137940   2808 R  40.0   1.1   0:02.82 newmem.bash
24068 vladisl+  20   0  142732 137212   2880 R  33.3   1.1   0:02.81 newmem.bash
24074 vladisl+  20   0  142336 136896   3108 R  40.0   1.1   0:02.82 newmem.bash
24078 vladisl+  20   0  142072 136500   2960 R  33.3   1.1   0:02.81 newmem.bash

24082 vladisl+  20   0  153688 147972   2808 R  33.3   1.1   0:03.03 newmem.bash
24071 vladisl+  20   0  152896 147432   3076 R  33.3   1.1   0:03.01 newmem.bash
24074 vladisl+  20   0  151708 146400   3108 R  33.3   1.1   0:03.02 newmem.bash
24068 vladisl+  20   0  150520 144868   2880 R  33.3   1.1   0:02.97 newmem.bash
24078 vladisl+  20   0  150124 144684   2960 R  33.3   1.1   0:02.98 newmem.bash

24082 vladisl+  20   0  163852 158268   2808 R  33.3   1.2   0:03.23 newmem.bash
24071 vladisl+  20   0  162928 157464   3076 R  26.7   1.2   0:03.20 newmem.bash
24074 vladisl+  20   0  161608 156168   3108 R  26.7   1.2   0:03.21 newmem.bash
24068 vladisl+  20   0  161080 155428   2880 R  33.3   1.2   0:03.18 newmem.bash
24078 vladisl+  20   0  160948 155244   2960 R  40.0   1.2   0:03.20 newmem.bash

24071 vladisl+  20   0  173224 167760   3076 R  40.0   1.3   0:03.42 newmem.bash
24082 vladisl+  20   0  171640 165924   2808 R  26.7   1.3   0:03.39 newmem.bash
24078 vladisl+  20   0  170716 165276   2960 R  26.7   1.3   0:03.39 newmem.bash
24074 vladisl+  20   0  170188 164880   3108 R  33.3   1.3   0:03.39 newmem.bash
24068 vladisl+  20   0  169792 164140   2880 R  40.0   1.3   0:03.35 newmem.bash

24071 vladisl+  20   0  183388 178056   3076 R  23.5   1.4   0:03.62 newmem.bash
24082 vladisl+  20   0  182200 176484   2808 R  29.4   1.4   0:03.60 newmem.bash
24078 vladisl+  20   0  181408 175836   2960 R  29.4   1.4   0:03.61 newmem.bash
24074 vladisl+  20   0  179692 174384   3108 R  29.4   1.4   0:03.59 newmem.bash
24068 vladisl+  20   0  179692 174172   2880 R  29.4   1.4   0:03.56 newmem.bash

24071 vladisl+  20   0  193288 187824   3076 R  40.0   1.5   0:03.84 newmem.bash
24082 vladisl+  20   0  191704 185988   2808 R  46.7   1.4   0:03.82 newmem.bash
24078 vladisl+  20   0  190648 185076   2960 R  33.3   1.4   0:03.82 newmem.bash
24074 vladisl+  20   0  189064 183624   3108 R  26.7   1.4   0:03.79 newmem.bash
24068 vladisl+  20   0  188800 183148   2880 R  26.7   1.4   0:03.76 newmem.bash

24071 vladisl+  20   0  202264 196800   3076 R  26.7   1.5   0:04.05 newmem.bash
24082 vladisl+  20   0  199228 193644   2808 R  33.3   1.5   0:03.99 newmem.bash
24078 vladisl+  20   0  197776 192204   2960 R  26.7   1.5   0:03.99 newmem.bash
24074 vladisl+  20   0  197380 192072   3108 R  46.7   1.5   0:03.99 newmem.bash
24068 vladisl+  20   0  196984 191332   2880 R  33.3   1.5   0:03.94 newmem.bash

24071 vladisl+  20   0  209656 204192   3076 R  33.3   1.6   0:04.21 newmem.bash
24078 vladisl+  20   0  207280 201708   2960 R  33.3   1.6   0:04.19 newmem.bash
24082 vladisl+  20   0  206752 201036   2808 R  40.0   1.6   0:04.16 newmem.bash
24074 vladisl+  20   0  204640 199200   3108 R  33.3   1.5   0:04.15 newmem.bash
24068 vladisl+  20   0  204112 198460   2880 R  26.7   1.5   0:04.09 newmem.bash

24071 vladisl+  20   0  218632 213168   3076 R  33.3   1.7   0:04.41 newmem.bash
24078 vladisl+  20   0  216124 210684   2960 R  33.3   1.6   0:04.40 newmem.bash
24082 vladisl+  20   0  215596 209748   2808 R  33.3   1.6   0:04.36 newmem.bash
24074 vladisl+  20   0  213484 207912   3108 R  33.3   1.6   0:04.34 newmem.bash
24068 vladisl+  20   0  213088 207436   2880 R  33.3   1.6   0:04.29 newmem.bash

24071 vladisl+  20   0  227344 221880   3076 R  40.0   1.7   0:04.60 newmem.bash
24078 vladisl+  20   0  223384 217812   2960 R  26.7   1.7   0:04.56 newmem.bash
24082 vladisl+  20   0  222988 217404   2808 R  26.7   1.7   0:04.53 newmem.bash
24068 vladisl+  20   0  221404 215620   2880 R  40.0   1.7   0:04.47 newmem.bash
24074 vladisl+  20   0  221008 215568   3108 R  33.3   1.7   0:04.51 newmem.bash

24071 vladisl+  20   0  236584 231120   3076 R  33.3   1.8   0:04.79 newmem.bash
24078 vladisl+  20   0  234076 228636   2960 R  33.3   1.8   0:04.78 newmem.bash
24068 vladisl+  20   0  231832 226180   2880 R  33.3   1.8   0:04.69 newmem.bash
24082 vladisl+  20   0  231700 225852   2808 R  33.3   1.8   0:04.72 newmem.bash
24074 vladisl+  20   0  230776 225336   3108 R  33.3   1.7   0:04.71 newmem.bash

24071 vladisl+  20   0  247408 241944   3076 R  40.0   1.9   0:05.02 newmem.bash
24078 vladisl+  20   0  242920 237348   2960 R  40.0   1.8   0:04.96 newmem.bash
24068 vladisl+  20   0  239752 234100   2880 R  20.0   1.8   0:04.85 newmem.bash
24082 vladisl+  20   0  239884 234036   2808 R  33.3   1.8   0:04.89 newmem.bash
24074 vladisl+  20   0  238300 232728   3108 R  26.7   1.8   0:04.86 newmem.bash

24071 vladisl+  20   0  254536 249072   3076 R  26.7   1.9   0:05.20 newmem.bash
24078 vladisl+  20   0  250576 245004   2960 R  33.3   1.9   0:05.16 newmem.bash
24082 vladisl+  20   0  247804 241956   2808 R  46.7   1.9   0:05.10 newmem.bash
24068 vladisl+  20   0  246352 240700   2880 R  26.7   1.9   0:05.04 newmem.bash
24074 vladisl+  20   0  246220 240648   3108 R  33.3   1.9   0:05.07 newmem.bash

24071 vladisl+  20   0  260212 254880   3076 R  33.3   2.0   0:05.40 newmem.bash
24078 vladisl+  20   0  256516 251076   2960 R  33.3   1.9   0:05.37 newmem.bash
24082 vladisl+  20   0  253480 247764   2808 R  33.3   1.9   0:05.28 newmem.bash
24074 vladisl+  20   0  252556 247248   3108 R  40.0   1.9   0:05.29 newmem.bash
24068 vladisl+  20   0  251896 246244   2880 R  33.3   1.9   0:05.23 newmem.bash

24071 vladisl+  20   0  266020 260688   3076 R  33.3   2.0   0:05.61 newmem.bash
24078 vladisl+  20   0  262060 256620   2960 R  33.3   2.0   0:05.59 newmem.bash
24082 vladisl+  20   0  258892 253308   2808 R  33.3   2.0   0:05.49 newmem.bash
24074 vladisl+  20   0  258496 253056   3108 R  40.0   2.0   0:05.50 newmem.bash
24068 vladisl+  20   0  257440 251788   2880 R  33.3   2.0   0:05.45 newmem.bash

24071 vladisl+  20   0  271168 265704   3076 R  33.3   2.1   0:05.81 newmem.bash
24078 vladisl+  20   0  267076 261636   2960 R  40.0   2.0   0:05.82 newmem.bash
24074 vladisl+  20   0  263776 258336   3108 R  33.3   2.0   0:05.73 newmem.bash
24082 vladisl+  20   0  263908 258324   2808 R  40.0   2.0   0:05.71 newmem.bash
24068 vladisl+  20   0  262192 256540   2880 R  33.3   2.0   0:05.66 newmem.bash

24071 vladisl+  20   0  276316 270984   3076 R  26.3   2.1   0:06.02 newmem.bash
24078 vladisl+  20   0  271696 266124   2960 R  26.3   2.1   0:06.02 newmem.bash
24074 vladisl+  20   0  268924 263352   3108 R  26.3   2.0   0:05.93 newmem.bash
24082 vladisl+  20   0  268660 263076   2808 R  26.3   2.0   0:05.92 newmem.bash
24068 vladisl+  20   0  267208 261556   2880 R  31.6   2.0   0:05.88 newmem.bash

24071 vladisl+  20   0  281596 276264   3076 R  40.0   2.1   0:06.24 newmem.bash
24078 vladisl+  20   0  277108 271404   2960 R  33.3   2.1   0:06.23 newmem.bash
24074 vladisl+  20   0  274600 269160   3108 R  40.0   2.1   0:06.15 newmem.bash
24082 vladisl+  20   0  274204 268356   2808 R  33.3   2.1   0:06.14 newmem.bash
24068 vladisl+  20   0  272488 266836   2880 R  33.3   2.1   0:06.08 newmem.bash

24071 vladisl+  20   0  286876 281544   3076 R  26.7   2.2   0:06.42 newmem.bash
24078 vladisl+  20   0  282256 276684   2960 R  33.3   2.1   0:06.42 newmem.bash
24074 vladisl+  20   0  279880 274440   3108 R  33.3   2.1   0:06.33 newmem.bash
24082 vladisl+  20   0  279616 273900   2808 R  33.3   2.1   0:06.33 newmem.bash
24068 vladisl+  20   0  277900 272380   2880 R  33.3   2.1   0:06.28 newmem.bash

24071 vladisl+  20   0  292816 287352   3076 R  26.3   2.2   0:06.62 newmem.bash
24078 vladisl+  20   0  287800 282228   2960 R  31.6   2.2   0:06.62 newmem.bash
24074 vladisl+  20   0  285952 280512   3108 R  36.8   2.2   0:06.54 newmem.bash
24082 vladisl+  20   0  285292 279708   2808 R  31.6   2.2   0:06.53 newmem.bash
24068 vladisl+  20   0  283444 277924   2880 R  31.6   2.2   0:06.48 newmem.bash

24071 vladisl+  20   0  297832 292368   3076 R  27.8   2.3   0:06.83 newmem.bash
24078 vladisl+  20   0  292948 287508   2960 R  22.2   2.2   0:06.82 newmem.bash
24074 vladisl+  20   0  290836 285528   3108 R  27.8   2.2   0:06.73 newmem.bash
24082 vladisl+  20   0  290044 284460   2808 R  27.8   2.2   0:06.73 newmem.bash
24068 vladisl+  20   0  288592 282940   2880 R  27.8   2.2   0:06.68 newmem.bash

24071 vladisl+  20   0  303112 297648   3076 R  33.3   2.3   0:07.00 newmem.bash
24078 vladisl+  20   0  299812 294372   2960 R  40.0   2.3   0:07.05 newmem.bash
24074 vladisl+  20   0  296512 291072   3108 R  33.3   2.3   0:06.91 newmem.bash
24068 vladisl+  20   0  295324 289804   2880 R  33.3   2.2   0:06.90 newmem.bash
24082 vladisl+  20   0  295324 289476   2808 R  33.3   2.2   0:06.91 newmem.bash

24071 vladisl+  20   0  307996 302664   3076 R  21.1   2.3   0:07.18 newmem.bash
24078 vladisl+  20   0  304696 299124   2960 R  21.1   2.3   0:07.24 newmem.bash
24074 vladisl+  20   0  301660 296352   3108 R  26.3   2.3   0:07.11 newmem.bash
24068 vladisl+  20   0  300472 294820   2880 R  26.3   2.3   0:07.10 newmem.bash
24082 vladisl+  20   0  300076 294492   2808 R  36.8   2.3   0:07.11 newmem.bash

24071 vladisl+  20   0  313936 308472   3076 R  26.7   2.4   0:07.40 newmem.bash
24078 vladisl+  20   0  310372 304932   2960 R  33.3   2.4   0:07.45 newmem.bash
24074 vladisl+  20   0  307732 302424   3108 R  40.0   2.3   0:07.33 newmem.bash
24068 vladisl+  20   0  307072 301420   2880 R  33.3   2.3   0:07.34 newmem.bash
24082 vladisl+  20   0  306148 300564   2808 R  33.3   2.3   0:07.31 newmem.bash

24071 vladisl+  20   0  320404 315072   3076 R  33.3   2.4   0:07.60 newmem.bash
24078 vladisl+  20   0  315652 309948   2960 R  33.3   2.4   0:07.62 newmem.bash
24074 vladisl+  20   0  313144 307704   3108 R  33.3   2.4   0:07.48 newmem.bash
24082 vladisl+  20   0  312484 306900   2808 R  26.7   2.4   0:07.51 newmem.bash
24068 vladisl+  20   0  312088 306436   2880 R  40.0   2.4   0:07.49 newmem.bash

24071 vladisl+  20   0  326476 321144   3076 R  27.8   2.5   0:07.81 newmem.bash
24078 vladisl+  20   0  321328 315756   2960 R  27.8   2.4   0:07.82 newmem.bash
24074 vladisl+  20   0  318952 313512   3108 R  22.2   2.4   0:07.69 newmem.bash
24082 vladisl+  20   0  318820 313236   2808 R  27.8   2.4   0:07.72 newmem.bash
24068 vladisl+  20   0  318424 312772   2880 R  27.8   2.4   0:07.70 newmem.bash

24071 vladisl+  20   0  332548 327216   3076 R  33.3   2.5   0:08.02 newmem.bash
24078 vladisl+  20   0  327136 321564   2960 R  33.3   2.5   0:08.03 newmem.bash
24074 vladisl+  20   0  324760 319320   3108 R  33.3   2.5   0:07.89 newmem.bash
24082 vladisl+  20   0  324892 319044   2808 R  33.3   2.5   0:07.93 newmem.bash
24068 vladisl+  20   0  324364 318844   2880 R  40.0   2.5   0:07.91 newmem.bash

24071 vladisl+  20   0  337300 331704   3076 R  22.2   2.6   0:08.22 newmem.bash
24078 vladisl+  20   0  332020 326580   2960 R  38.9   2.5   0:08.25 newmem.bash
24074 vladisl+  20   0  328984 323544   3108 R  22.2   2.5   0:08.09 newmem.bash
24082 vladisl+  20   0  329380 323532   2808 R  22.2   2.5   0:08.13 newmem.bash
24068 vladisl+  20   0  328720 323068   2880 R  27.8   2.5   0:08.11 newmem.bash

24071 vladisl+  20   0  342052 336720   3076 R  46.7   2.6   0:08.45 newmem.bash
24078 vladisl+  20   0  336640 331068   2960 R  26.7   2.6   0:08.46 newmem.bash
24074 vladisl+  20   0  334132 328824   3108 R  40.0   2.5   0:08.32 newmem.bash
24082 vladisl+  20   0  334132 328548   2808 R  33.3   2.5   0:08.35 newmem.bash
24068 vladisl+  20   0  332152 326500   2880 R  26.7   2.5   0:08.31 newmem.bash

24071 vladisl+  20   0  348916 343584   3076 R  31.6   2.7   0:08.75 newmem.bash
24078 vladisl+  20   0  343504 337932   2960 R  26.3   2.6   0:08.74 newmem.bash
24074 vladisl+  20   0  341128 335688   3108 R  31.6   2.6   0:08.62 newmem.bash
24082 vladisl+  20   0  340336 334620   2808 R  21.1   2.6   0:08.61 newmem.bash
24068 vladisl+  20   0  338620 332836   2880 R  21.1   2.6   0:08.59 newmem.bash

24071 vladisl+  20   0  354460 349128   3076 R  33.3   2.7   0:09.03 newmem.bash
24078 vladisl+  20   0  347728 342156   2960 R  14.3   2.7   0:08.94 newmem.bash
24074 vladisl+  20   0  346276 340968   3108 R  57.1   2.6   0:08.93 newmem.bash
24082 vladisl+  20   0  344428 338844   2808 R  33.3   2.6   0:08.86 newmem.bash
24068 vladisl+  20   0  343108 337324   2880 R  28.6   2.6   0:08.83 newmem.bash

24071 vladisl+  20   0  358816 353352   3076 R  16.7   2.7   0:09.59 newmem.bash
24078 vladisl+  20   0  351820 346380   2960 R  10.4   2.7   0:09.38 newmem.bash
24074 vladisl+  20   0  350764 345456   3108 R  10.4   2.7   0:09.46 newmem.bash
24082 vladisl+  20   0  349048 343332   2808 R  10.4   2.7   0:09.39 newmem.bash
24068 vladisl+  20   0  346540 340756   2880 R   2.1   2.6   0:09.34 newmem.bash

24071 vladisl+  20   0  363304 357840   3076 R  26.3   2.8   0:09.81 newmem.bash
24074 vladisl+  20   0  355780 350208   3108 R  21.1   2.7   0:09.68 newmem.bash
24078 vladisl+  20   0  355120 349548   2960 R  21.1   2.7   0:09.57 newmem.bash
24082 vladisl+  20   0  353932 348084   2808 R  26.3   2.7   0:09.62 newmem.bash
24068 vladisl+  20   0  351556 346036   2880 R  36.8   2.7   0:09.58 newmem.bash

24071 vladisl+  20   0  367528 362064   3076 R  21.1   2.8   0:10.07 newmem.bash
24074 vladisl+  20   0  359344 353904   3108 R  26.3   2.7   0:09.95 newmem.bash
24078 vladisl+  20   0  358420 352980   2960 R  15.8   2.7   0:09.78 newmem.bash
24082 vladisl+  20   0  357892 352308   2808 R  21.1   2.7   0:09.86 newmem.bash
24068 vladisl+  20   0  355912 350260   2880 R  36.8   2.7   0:09.86 newmem.bash

24071 vladisl+  20   0  371752 366288   3076 R  26.1   2.8   0:10.29 newmem.bash
24074 vladisl+  20   0  363568 358128   3108 R  30.4   2.8   0:10.18 newmem.bash
24078 vladisl+  20   0  361852 356412   2960 R  13.0   2.8   0:09.95 newmem.bash
24082 vladisl+  20   0  361984 356268   2808 R  26.1   2.8   0:10.08 newmem.bash
24068 vladisl+  20   0  360400 354748   2880 R  34.8   2.8   0:10.11 newmem.bash

24071 vladisl+  20   0  374920 369456   3076 R  31.6   2.9   0:10.58 newmem.bash
24074 vladisl+  20   0  367132 361824   3108 R  21.1   2.8   0:10.46 newmem.bash
24078 vladisl+  20   0  365416 359844   2960 R  21.1   2.8   0:10.20 newmem.bash
24082 vladisl+  20   0  365284 359700   2808 R  31.6   2.8   0:10.37 newmem.bash
24068 vladisl+  20   0  364096 358444   2880 R  26.3   2.8   0:10.43 newmem.bash

24071 vladisl+  20   0  378880 373416   3076 R  25.0   2.9   0:10.79 newmem.bash
24074 vladisl+  20   0  371224 365784   3108 R  25.0   2.8   0:10.68 newmem.bash
24082 vladisl+  20   0  368980 363396   2808 R  30.0   2.8   0:10.58 newmem.bash
24078 vladisl+  20   0  368452 363012   2960 R  25.0   2.8   0:10.38 newmem.bash
24068 vladisl+  20   0  368056 362404   2880 R  25.0   2.8   0:10.64 newmem.bash

24071 vladisl+  20   0  383500 378168   3076 R  33.3   2.9   0:11.06 newmem.bash
24074 vladisl+  20   0  375184 369744   3108 R  23.8   2.9   0:10.94 newmem.bash
24082 vladisl+  20   0  373468 367620   2808 R  23.8   2.9   0:10.83 newmem.bash
24068 vladisl+  20   0  372412 366628   2880 R  23.8   2.8   0:10.89 newmem.bash
24078 vladisl+  20   0  371488 365916   2960 R  14.3   2.8   0:10.58 newmem.bash

24071 vladisl+  20   0  390496 385032   3076 R  33.3   3.0   0:11.67 newmem.bash
24074 vladisl+  20   0  382048 376608   3108 R  40.0   2.9   0:11.56 newmem.bash
24082 vladisl+  20   0  379540 373956   2808 R  26.7   2.9   0:11.40 newmem.bash
24068 vladisl+  20   0  378088 372436   2880 R  33.3   2.9   0:11.49 newmem.bash
24078 vladisl+  20   0  375448 369876   2960 R  26.7   2.9   0:11.06 newmem.bash

24071 vladisl+  20   0  399340 394008   3076 R  25.7   3.1   0:11.90 newmem.bash
24074 vladisl+  20   0  389044 383472   3108 R  22.9   3.0   0:11.76 newmem.bash
24082 vladisl+  20   0  387724 382140   2808 R  25.7   3.0   0:11.62 newmem.bash
24068 vladisl+  20   0  386536 380884   2880 R  22.9   3.0   0:11.72 newmem.bash
24078 vladisl+  20   0  384028 378588   2960 R  22.9   2.9   0:11.26 newmem.bash

24071 vladisl+  20   0  407260 401928   3076 R  33.3   3.1   0:12.19 newmem.bash
24074 vladisl+  20   0  396172 390864   3108 R  26.7   3.0   0:12.01 newmem.bash
24082 vladisl+  20   0  395380 389532   2808 R  40.0   3.0   0:11.91 newmem.bash
24068 vladisl+  20   0  394456 388804   2880 R  33.3   3.0   0:12.01 newmem.bash
24078 vladisl+  20   0  389308 383604   2960 R  33.3   3.0   0:11.52 newmem.bash

24071 vladisl+  20   0  415576 410112   3076 R  22.7   3.2   0:12.63 newmem.bash
24082 vladisl+  20   0  404488 398772   2808 R  27.3   3.1   0:12.38 newmem.bash
24074 vladisl+  20   0  403564 398256   3108 R  31.8   3.1   0:12.47 newmem.bash
24068 vladisl+  20   0  403036 397516   2880 R  22.7   3.1   0:12.44 newmem.bash
24078 vladisl+  20   0  396172 390732   2960 R  27.3   3.0   0:11.98 newmem.bash

24071 vladisl+  20   0  423628 418296   3076 R   4.5   3.2   0:12.99 newmem.bash
24082 vladisl+  20   0  415180 409596   2808 R  18.2   3.2   0:12.84 newmem.bash
24074 vladisl+  20   0  413728 408288   3108 R  22.7   3.2   0:12.88 newmem.bash
24068 vladisl+  20   0  413068 407548   2880 R  18.2   3.2   0:12.86 newmem.bash
24078 vladisl+  20   0  407920 402348   2960 R  18.2   3.1   0:12.46 newmem.bash

24071 vladisl+  20   0  434848 429384   3076 R   7.7   3.3   0:14.28 newmem.bash
24082 vladisl+  20   0  427060 421212   2808 R   9.6   3.3   0:14.02 newmem.bash
24068 vladisl+  20   0  425344 419692   2880 R  13.5   3.3   0:14.07 newmem.bash
24074 vladisl+  20   0  422308 417000   3108 R   1.9   3.2   0:14.04 newmem.bash
24078 vladisl+  20   0  420724 415284   2960 R  13.5   3.2   0:13.71 newmem.bash

24071 vladisl+  20   0  440260 434928   3076 R  37.5   3.4   0:15.26 newmem.bash
24068 vladisl+  20   0  432340 426820   2880 R  50.0   3.3   0:14.92 newmem.bash
24082 vladisl+  20   0  431812 426228   2808 R  50.0   3.3   0:14.91 newmem.bash
24078 vladisl+  20   0  429436 423996   2960 R 100.0   3.3   0:14.99 newmem.bash
24074 vladisl+  20   0  427456 422016   3108 R 100.0   3.3   0:15.12 newmem.bash

24071 vladisl+  20   0  451084 445752   3076 R  17.6   3.5   0:16.04 newmem.bash
24068 vladisl+  20   0  441844 436324   2880 R  23.5   3.4   0:15.60 newmem.bash
24078 vladisl+  20   0  437224 431652   2960 R  17.6   3.3   0:15.77 newmem.bash
24082 vladisl+  20   0  436564 430716   2808 R  17.6   3.3   0:15.60 newmem.bash
24074 vladisl+  20   0  432736 427296   3108 R  17.6   3.3   0:15.82 newmem.bash

24071 vladisl+  20   0  455572 449976   3076 R  19.8   3.5   0:16.55 newmem.bash
24068 vladisl+  20   0  444352 438700   2880 R   0.0   3.4   0:16.13 newmem.bash
24082 vladisl+  20   0  443560 437844   2808 R   6.6   3.4   0:16.12 newmem.bash
24078 vladisl+  20   0  441184 435612   2960 R   4.4   3.4   0:16.26 newmem.bash
24074 vladisl+  20   0  436828 431520   3108 R  14.3   3.3   0:16.52 newmem.bash

24071 vladisl+  20   0  460720 455256   3076 R  17.0   3.5   0:17.52 newmem.bash
24068 vladisl+  20   0  452404 446884   2880 R  14.9   3.5   0:17.12 newmem.bash
24078 vladisl+  20   0  449896 444324   2960 R  17.0   3.4   0:17.26 newmem.bash
24082 vladisl+  20   0  449764 444180   2808 R  20.2   3.4   0:17.17 newmem.bash
24074 vladisl+  20   0  443824 438384   3108 R  33.0   3.4   0:17.64 newmem.bash

24071 vladisl+  20   0  466924 461592   3076 R  38.5   3.6   0:18.18 newmem.bash
24068 vladisl+  20   0  455440 449788   2880 R  15.4   3.5   0:17.71 newmem.bash
24078 vladisl+  20   0  452800 447228   2960 R   0.0   3.5   0:17.84 newmem.bash
24082 vladisl+  20   0  451348 445764   2808 R   0.0   3.5   0:17.69 newmem.bash
24074 vladisl+  20   0  446332 441024   3108 R  15.4   3.4   0:18.22 newmem.bash

24071 vladisl+  20   0  473260 467928   3076 R  21.1   3.6   0:18.89 newmem.bash
24078 vladisl+  20   0  460852 455412   2960 R  15.8   3.5   0:18.65 newmem.bash
24068 vladisl+  20   0  459928 454276   2880 R  21.1   3.5   0:18.49 newmem.bash
24082 vladisl+  20   0  458080 452364   2808 R  21.1   3.5   0:18.47 newmem.bash
24074 vladisl+  20   0  452932 447624   3108 R  26.3   3.5   0:19.06 newmem.bash

24071 vladisl+  20   0  477220 471888   3076 R  15.0   3.7   0:19.08 newmem.bash
24078 vladisl+  20   0  464416 458844   2960 R  20.0   3.6   0:18.86 newmem.bash
24068 vladisl+  20   0  463624 457972   2880 R  15.0   3.6   0:18.69 newmem.bash
24082 vladisl+  20   0  461248 455532   2808 R  25.0   3.5   0:18.67 newmem.bash
24074 vladisl+  20   0  456760 451320   3108 R  25.0   3.5   0:19.26 newmem.bash

24071 vladisl+  20   0  480784 475320   3076 R  22.2   3.7   0:19.45 newmem.bash
24078 vladisl+  20   0  469036 463596   2960 R  33.3   3.6   0:19.24 newmem.bash
24068 vladisl+  20   0  468772 462988   2880 R  27.8   3.6   0:19.08 newmem.bash
24082 vladisl+  20   0  466132 460284   2808 R  27.8   3.6   0:19.05 newmem.bash
24074 vladisl+  20   0  460456 455016   3108 R  11.1   3.5   0:19.64 newmem.bash

24071 vladisl+  20   0  484084 478752   3076 R  33.3   3.7   0:19.84 newmem.bash
24078 vladisl+  20   0  472732 467292   2960 R  26.7   3.6   0:19.63 newmem.bash
24068 vladisl+  20   0  472864 467212   2880 R  33.3   3.6   0:19.47 newmem.bash
24082 vladisl+  20   0  469432 463716   2808 R  26.7   3.6   0:19.38 newmem.bash
24074 vladisl+  20   0  465340 460032   3108 R  33.3   3.6   0:20.05 newmem.bash

24071 vladisl+  20   0  489232 483768   3076 R   5.6   3.8   0:20.78 newmem.bash
24078 vladisl+  20   0  479596 473892   2960 R  11.1   3.7   0:20.58 newmem.bash
24068 vladisl+  20   0  479200 473548   2880 R   5.6   3.7   0:20.40 newmem.bash
24082 vladisl+  20   0  475240 469524   2808 R  22.2   3.6   0:20.35 newmem.bash
24074 vladisl+  20   0  469564 464256   3108 R  22.2   3.6   0:20.97 newmem.bash

24071 vladisl+  20   0  494512 489048   3076 R   0.0   3.8   0:21.69 newmem.bash
24068 vladisl+  20   0  485668 479884   2880 R  44.0   3.7   0:21.28 newmem.bash
24078 vladisl+  20   0  483820 478380   2960 R  32.0   3.7   0:21.39 newmem.bash
24082 vladisl+  20   0  479992 474276   2808 R  24.0   3.7   0:21.20 newmem.bash
24074 vladisl+  20   0  476692 471384   3108 R  48.0   3.7   0:21.88 newmem.bash

24081 vladisl+  20   0  587572 462596   1180 R   7.1   3.6   0:26.79 newmem.bash
24063 vladisl+  20   0  574372 452452   1184 R  14.3   3.5   0:29.53 newmem.bash
24075 vladisl+  20   0  575956 449752   1152 R  14.3   3.5   0:29.32 newmem.bash
24056 vladisl+  20   0  586780 439552   1292 R  10.7   3.4   0:28.79 newmem.bash
24068 vladisl+  20   0  590608 436204   1176 R   7.1   3.4   0:28.41 newmem.bash

24063 vladisl+  20   0  586912 465124   1184 R  26.7   3.6   0:30.36 newmem.bash
24075 vladisl+  20   0  591136 465064   1152 R  26.7   3.6   0:30.24 newmem.bash
24072 vladisl+  20   0  564340 437980   1136 R  26.7   3.4   0:29.26 newmem.bash
24069 vladisl+  20   0  561040 437800   1328 R  26.7   3.4   0:30.81 newmem.bash
24074 vladisl+  20   0  588364 431176   1164 R  26.7   3.3   0:28.93 newmem.bash

24063 vladisl+  20   0  591136 469348   1184 R  27.8   3.6   0:30.54 newmem.bash
24072 vladisl+  20   0  569356 442996   1136 R  22.2   3.4   0:29.46 newmem.bash
24069 vladisl+  20   0  565000 441496   1328 R  33.3   3.4   0:30.99 newmem.bash
24074 vladisl+  20   0  592456 435400   1164 R  27.8   3.4   0:29.11 newmem.bash
24067 vladisl+  20   0  564604 434996   1200 R  38.9   3.4   0:29.22 newmem.bash

24072 vladisl+  20   0  573712 447484   1136 R  26.7   3.5   0:29.67 newmem.bash
24069 vladisl+  20   0  569092 445720   1328 R  40.0   3.5   0:31.19 newmem.bash
24067 vladisl+  20   0  570940 441332   1200 R  40.0   3.4   0:29.47 newmem.bash
24059 vladisl+  20   0  551272 425068   1252 R  26.7   3.3   0:27.99 newmem.bash
24080 vladisl+  20   0  550744 422940   1208 R  33.3   3.3   0:28.20 newmem.bash

24072 vladisl+  20   0  579784 453556   1136 R  29.4   3.5   0:30.79 newmem.bash
24069 vladisl+  20   0  576484 453112   1328 R  35.3   3.5   0:32.43 newmem.bash
24067 vladisl+  20   0  577672 448196   1200 R  29.4   3.5   0:30.69 newmem.bash
24059 vladisl+  20   0  555496 429292   1252 R  23.5   3.3   0:29.24 newmem.bash
24080 vladisl+  20   0  556552 429012   1208 R  29.4   3.3   0:29.42 newmem.bash

24069 vladisl+  20   0  587836 464464   1328 R  47.1   3.6   0:32.97 newmem.bash
24072 vladisl+  20   0  588496 462268   1136 R  41.2   3.6   0:31.25 newmem.bash
24067 vladisl+  20   0  585724 456116   1200 R  41.2   3.5   0:31.14 newmem.bash
24080 vladisl+  20   0  570016 442212   1208 R  41.2   3.4   0:29.96 newmem.bash
24059 vladisl+  20   0  568036 441700   1252 R  29.4   3.4   0:29.83 newmem.bash

24067 vladisl+  20   0  593644 464036   1200 R  33.3   3.6   0:31.34 newmem.bash
24080 vladisl+  20   0  578596 450924   1208 R  33.3   3.5   0:30.17 newmem.bash
24059 vladisl+  20   0  575032 448564   1252 R  33.3   3.5   0:30.04 newmem.bash
24073 vladisl+  20   0  570544 446684   1180 R  60.0   3.5   0:30.99 newmem.bash
24085 vladisl+  20   0  569884 445652   1144 R  46.7   3.5   0:30.04 newmem.bash

24059 vladisl+  20   0  587440 461236   1252 R  60.0   3.6   0:30.30 newmem.bash
24080 vladisl+  20   0  588892 461220   1208 R  33.3   3.6   0:30.42 newmem.bash
24073 vladisl+  20   0  581236 457244   1180 R  40.0   3.5   0:31.24 newmem.bash
24085 vladisl+  20   0  578992 454892   1144 R  40.0   3.5   0:30.27 newmem.bash
24058 vladisl+  20   0  578332 453500   1224 R  33.3   3.5   0:30.15 newmem.bash

24079 vladisl+  20   0  594568 467436   1208 R  73.3   3.6   0:29.96 newmem.bash
24073 vladisl+  20   0  591268 467276   1180 R  53.3   3.6   0:31.48 newmem.bash
24084 vladisl+  20   0  593116 466368   1156 R  80.0   3.6   0:29.34 newmem.bash
24065 vladisl+  20   0  592324 464612   1156 R  73.3   3.6   0:29.03 newmem.bash
24085 vladisl+  20   0  588496 464396   1144 R  53.3   3.6   0:30.50 newmem.bash

24085 vladisl+  20   0  594172 469940   1144 R  53.3   3.6   0:30.77 newmem.bash
24062 vladisl+  20   0  593512 468356   1140 R 100.0   3.6   0:32.45 newmem.bash
24060 vladisl+  20   0  593248 468264   1168 R 100.0   3.6   0:30.84 newmem.bash
24066 vladisl+  20   0  592060 464996   1228 R  60.0   3.6   0:31.42 newmem.bash
24057 vladisl+  20   0  583348 459096   1188 R 100.0   3.6   0:30.44 newmem.bash

24064 vladisl+  20   0  586648 461092   1244 R 100.0   3.6   0:30.44 newmem.bash
24076 vladisl+  20   0  578860 454128   1172 R 100.0   3.5   0:30.11 newmem.bash
24070 vladisl+  20   0  572920 450248   1156 R 100.0   3.5   0:29.43 newmem.bash
24083 vladisl+  20   0  571468 449168   1228 R 100.0   3.5   0:31.08 newmem.bash
  158 vladisl+  20   0  764784   6460      0 S   0.0   0.1   1:04.49 docker

24070 vladisl+  20   0  594436 471632   1156 R 100.0   3.7   0:29.84 newmem.bash
24083 vladisl+  20   0  592060 469760   1228 R 100.0   3.6   0:31.50 newmem.bash
  158 vladisl+  20   0  764784   6460      0 S   0.0   0.1   1:04.49 docker
  144 root      20   0 1680396   3944      0 S   0.0   0.0   0:19.03 docker-desktop-
25230 vladisl+  20   0   10856   3636   3180 R   0.0   0.0   0:00.00 top

  158 vladisl+  20   0  764784   6460      0 S   0.0   0.1   1:04.49 docker
  144 root      20   0 1680396   3944      0 S   0.0   0.0   0:19.03 docker-desktop-
25244 vladisl+  20   0   10856   3572   3112 R   0.0   0.0   0:00.00 top
21018 vladisl+  20   0   10168   2188   1928 S   0.0   0.0   0:00.14 bash
23984 vladisl+  20   0    8752   1936   1764 S   0.0   0.0   0:02.68 bash

  158 vladisl+  20   0  764784   6460      0 S   0.0   0.1   1:04.49 docker
  144 root      20   0 1680396   3944      0 S   0.0   0.0   0:19.03 docker-desktop-
25258 vladisl+  20   0   10856   3560   3104 R   6.7   0.0   0:00.01 top
21018 vladisl+  20   0   10168   2188   1928 S   0.0   0.0   0:00.14 bash
23984 vladisl+  20   0    8752   1936   1764 S   0.0   0.0   0:02.68 bash

  158 vladisl+  20   0  764784   6460      0 S   0.0   0.1   1:04.49 docker
  144 root      20   0 1680396   3944      0 S   0.0   0.0   0:19.03 docker-desktop-
25272 vladisl+  20   0   10856   3632   3172 R  27.3   0.0   0:00.13 top
21018 vladisl+  20   0   10168   2188   1928 S   0.0   0.0   0:00.14 bash
23984 vladisl+  20   0    8752   1936   1764 S   0.0   0.0   0:02.69 bash

  158 vladisl+  20   0  764784   6460      0 S   0.0   0.1   1:04.49 docker
  144 root      20   0 1680396   3944      0 S   0.0   0.0   0:19.03 docker-desktop-
25286 vladisl+  20   0   10856   3580   3124 R   6.2   0.0   0:00.01 top
21018 vladisl+  20   0   10168   2188   1928 S   0.0   0.0   0:00.14 bash
23984 vladisl+  20   0    8752   1936   1764 S   0.0   0.0   0:02.69 bash

  158 vladisl+  20   0  764784   6460      0 S   0.0   0.1   1:04.49 docker
  144 root      20   0 1680396   3944      0 S   0.0   0.0   0:19.03 docker-desktop-
25300 vladisl+  20   0   10856   3632   3176 R  18.2   0.0   0:00.06 top
21018 vladisl+  20   0   10168   2188   1928 S   0.0   0.0   0:00.14 bash
23984 vladisl+  20   0    8752   1936   1764 S   0.0   0.0   0:02.70 bash

  158 vladisl+  20   0  764784   6460      0 S   0.0   0.1   1:04.49 docker
  144 root      20   0 1680396   3944      0 S   0.0   0.0   0:19.03 docker-desktop-
25314 vladisl+  20   0   10856   3632   3176 R   0.0   0.0   0:00.00 top
21018 vladisl+  20   0   10168   2188   1928 S   0.0   0.0   0:00.14 bash
23984 vladisl+  20   0    8752   1936   1764 S   0.0   0.0   0:02.70 bash

  158 vladisl+  20   0  764784   6460      0 S   0.0   0.1   1:04.49 docker
  144 root      20   0 1680396   3944      0 S   0.0   0.0   0:19.03 docker-desktop-
25328 vladisl+  20   0   10856   3632   3176 R   0.0   0.0   0:00.00 top
21018 vladisl+  20   0   10168   2188   1928 S   0.0   0.0   0:00.14 bash
23984 vladisl+  20   0    8752   1936   1764 S   0.0   0.0   0:02.71 bash

  158 vladisl+  20   0  764784   6460      0 S   0.0   0.1   1:04.49 docker
  144 root      20   0 1680396   3944      0 S   0.0   0.0   0:19.03 docker-desktop-
25342 vladisl+  20   0   10856   3588   3128 R   0.0   0.0   0:00.00 top
21018 vladisl+  20   0   10168   2188   1928 S   0.0   0.0   0:00.14 bash
23984 vladisl+  20   0    8752   1936   1764 S   0.0   0.0   0:02.72 bash

  158 vladisl+  20   0  764784   6460      0 S   0.0   0.1   1:04.49 docker
  144 root      20   0 1680396   3944      0 S   0.0   0.0   0:19.03 docker-desktop-
25356 vladisl+  20   0   10856   3648   3192 R   0.0   0.0   0:00.00 top
21018 vladisl+  20   0   10168   2188   1928 S   0.0   0.0   0:00.14 bash
23984 vladisl+  20   0    8752   1936   1764 S   0.0   0.0   0:02.72 bash

  158 vladisl+  20   0  764784   6460      0 S   0.0   0.1   1:04.49 docker
  144 root      20   0 1680396   3944      0 S   0.0   0.0   0:19.03 docker-desktop-
25370 vladisl+  20   0   10856   3596   3140 R   6.2   0.0   0:00.01 top
21018 vladisl+  20   0   10168   2188   1928 S   0.0   0.0   0:00.14 bash
23984 vladisl+  20   0    8752   1936   1764 S   0.0   0.0   0:02.73 bash

  158 vladisl+  20   0  764784   6460      0 S   0.0   0.1   1:04.49 docker
  144 root      20   0 1680396   3944      0 S   0.0   0.0   0:19.03 docker-desktop-
25384 vladisl+  20   0   10856   3624   3168 R   6.2   0.0   0:00.01 top
21018 vladisl+  20   0   10168   2188   1928 S   0.0   0.0   0:00.14 bash
23984 vladisl+  20   0    8752   1936   1764 S   0.0   0.0   0:02.73 bash

  158 vladisl+  20   0  764784   6460      0 S   0.0   0.1   1:04.49 docker
  144 root      20   0 1680396   3944      0 S   0.0   0.0   0:19.03 docker-desktop-
25398 vladisl+  20   0   10856   3560   3100 R   0.0   0.0   0:00.01 top
21018 vladisl+  20   0   10168   2188   1928 S   0.0   0.0   0:00.14 bash
23984 vladisl+  20   0    8752   1936   1764 S   0.0   0.0   0:02.74 bash

  158 vladisl+  20   0  764784   6460      0 S   0.0   0.1   1:04.49 docker
  144 root      20   0 1680396   3944      0 S   0.0   0.0   0:19.03 docker-desktop-
25412 vladisl+  20   0   10856   3628   3172 R   6.2   0.0   0:00.01 top
21018 vladisl+  20   0   10168   2188   1928 S   0.0   0.0   0:00.14 bash
23984 vladisl+  20   0    8752   1936   1764 S   0.0   0.0   0:02.74 bash

  158 vladisl+  20   0  764784   6460      0 S   0.0   0.1   1:04.49 docker
  144 root      20   0 1680396   3944      0 S   0.0   0.0   0:19.03 docker-desktop-
25426 vladisl+  20   0   10856   3584   3128 R   0.0   0.0   0:00.00 top
21018 vladisl+  20   0   10168   2188   1928 S   0.0   0.0   0:00.14 bash
23984 vladisl+  20   0    8752   1936   1764 S   0.0   0.0   0:02.75 bash

  158 vladisl+  20   0  764784   6460      0 S   0.0   0.1   1:04.49 docker
  144 root      20   0 1680396   3944      0 S   0.0   0.0   0:19.03 docker-desktop-
25440 vladisl+  20   0   10856   3564   3104 R   0.0   0.0   0:00.02 top
21018 vladisl+  20   0   10168   2188   1928 S   0.0   0.0   0:00.14 bash
23984 vladisl+  20   0    8752   1936   1764 S   0.0   0.0   0:02.75 bash

  158 vladisl+  20   0  764784   6460      0 S   0.0   0.1   1:04.49 docker
  144 root      20   0 1680396   3944      0 S   0.0   0.0   0:19.03 docker-desktop-
25454 vladisl+  20   0   10856   3616   3156 R   0.0   0.0   0:00.00 top
21018 vladisl+  20   0   10168   2188   1928 S   0.0   0.0   0:00.14 bash
23984 vladisl+  20   0    8752   1936   1764 S   0.0   0.0   0:02.76 bash

  158 vladisl+  20   0  764784   6460      0 S   0.0   0.1   1:04.49 docker
  144 root      20   0 1680396   3944      0 S   0.0   0.0   0:19.03 docker-desktop-
25468 vladisl+  20   0   10856   3564   3104 R   0.0   0.0   0:00.00 top
21018 vladisl+  20   0   10168   2188   1928 S   0.0   0.0   0:00.14 bash
23984 vladisl+  20   0    8752   1936   1764 S   0.0   0.0   0:02.76 bash

  158 vladisl+  20   0  764784   6460      0 S   0.0   0.1   1:04.49 docker
  144 root      20   0 1680396   3944      0 S   0.0   0.0   0:19.03 docker-desktop-
25482 vladisl+  20   0   10856   3632   3176 R   0.0   0.0   0:00.00 top
21018 vladisl+  20   0   10168   2188   1928 S   0.0   0.0   0:00.14 bash
23984 vladisl+  20   0    8752   1936   1764 S   0.0   0.0   0:02.76 bash

  158 vladisl+  20   0  764784   6460      0 S   0.0   0.1   1:04.49 docker
  144 root      20   0 1680396   3944      0 S   0.0   0.0   0:19.03 docker-desktop-
25496 vladisl+  20   0   10856   3536   3076 R   0.0   0.0   0:00.01 top
21018 vladisl+  20   0   10168   2188   1928 S   0.0   0.0   0:00.14 bash
23984 vladisl+  20   0    8752   1936   1764 S   0.0   0.0   0:02.77 bash

  158 vladisl+  20   0  764784   6460      0 S   0.0   0.1   1:04.49 docker
  144 root      20   0 1680396   3944      0 S   0.0   0.0   0:19.03 docker-desktop-
25510 vladisl+  20   0   10856   3528   3068 R   0.0   0.0   0:00.01 top
21018 vladisl+  20   0   10168   2188   1928 S   0.0   0.0   0:00.14 bash
23984 vladisl+  20   0    8752   1936   1764 S   0.0   0.0   0:02.78 bash

  158 vladisl+  20   0  764784   6460      0 S   0.0   0.1   1:04.49 docker
  144 root      20   0 1680396   3944      0 S   0.0   0.0   0:19.03 docker-desktop-
25524 vladisl+  20   0   10856   3632   3172 R   0.0   0.0   0:00.00 top
21018 vladisl+  20   0   10168   2188   1928 S   0.0   0.0   0:00.14 bash
23984 vladisl+  20   0    8752   1936   1764 S   0.0   0.0   0:02.78 bash

  158 vladisl+  20   0  764784   6460      0 S   0.0   0.1   1:04.49 docker
  144 root      20   0 1680396   3944      0 S   0.0   0.0   0:19.03 docker-desktop-
25538 vladisl+  20   0   10856   3632   3176 R   6.2   0.0   0:00.03 top
21018 vladisl+  20   0   10168   2188   1928 S   0.0   0.0   0:00.14 bash
23984 vladisl+  20   0    8752   1936   1764 S   0.0   0.0   0:02.79 bash

  158 vladisl+  20   0  764784   6460      0 S   0.0   0.1   1:04.49 docker
  144 root      20   0 1680396   3944      0 S   0.0   0.0   0:19.03 docker-desktop-
25552 vladisl+  20   0   10856   3624   3168 R   6.7   0.0   0:00.01 top
21018 vladisl+  20   0   10168   2188   1928 S   0.0   0.0   0:00.14 bash
23984 vladisl+  20   0    8752   1936   1764 S   0.0   0.0   0:02.79 bash

  158 vladisl+  20   0  764784   6460      0 S   0.0   0.1   1:04.49 docker
  144 root      20   0 1680396   3944      0 S   0.0   0.0   0:19.03 docker-desktop-
25566 vladisl+  20   0   10856   3632   3176 R   0.0   0.0   0:00.01 top
21018 vladisl+  20   0   10168   2188   1928 S   0.0   0.0   0:00.14 bash
23984 vladisl+  20   0    8752   1936   1764 S   0.0   0.0   0:02.80 bash

  158 vladisl+  20   0  764784   6460      0 S   0.0   0.1   1:04.49 docker
  144 root      20   0 1680396   3944      0 S   0.0   0.0   0:19.03 docker-desktop-
25580 vladisl+  20   0   10856   3600   3140 R   0.0   0.0   0:00.00 top
21018 vladisl+  20   0   10168   2188   1928 S   0.0   0.0   0:00.14 bash
23984 vladisl+  20   0    8752   1936   1764 S   0.0   0.0   0:02.81 bash

  158 vladisl+  20   0  764784   6460      0 S   0.0   0.1   1:04.49 docker
  144 root      20   0 1680396   3944      0 S   0.0   0.0   0:19.03 docker-desktop-
25594 vladisl+  20   0   10856   3556   3100 R   0.0   0.0   0:00.01 top
21018 vladisl+  20   0   10168   2188   1928 S   0.0   0.0   0:00.14 bash
23984 vladisl+  20   0    8752   1936   1764 S   0.0   0.0   0:02.81 bash

  158 vladisl+  20   0  764784   6460      0 S   0.0   0.1   1:04.49 docker
  144 root      20   0 1680396   3944      0 S   0.0   0.0   0:19.03 docker-desktop-
25608 vladisl+  20   0   10856   3636   3180 R   0.0   0.0   0:00.02 top
21018 vladisl+  20   0   10168   2188   1928 S   0.0   0.0   0:00.14 bash
23984 vladisl+  20   0    8752   1936   1764 S   0.0   0.0   0:02.81 bash

  158 vladisl+  20   0  764784   6460      0 S   0.0   0.1   1:04.49 docker
  144 root      20   0 1680396   3944      0 S   0.0   0.0   0:19.03 docker-desktop-
25622 vladisl+  20   0   10856   3580   3124 R   0.0   0.0   0:00.00 top
21018 vladisl+  20   0   10168   2188   1928 S   0.0   0.0   0:00.14 bash
23984 vladisl+  20   0    8752   1936   1764 S   0.0   0.0   0:02.82 bash

  158 vladisl+  20   0  764784   6460      0 S   0.0   0.1   1:04.49 docker
  144 root      20   0 1680396   3944      0 S   0.0   0.0   0:19.03 docker-desktop-
25636 vladisl+  20   0   10856   3632   3176 R   6.7   0.0   0:00.01 top
21018 vladisl+  20   0   10168   2188   1928 S   0.0   0.0   0:00.14 bash
23984 vladisl+  20   0    8752   1936   1764 S   0.0   0.0   0:02.82 bash

  158 vladisl+  20   0  764784   6460      0 S   0.0   0.1   1:04.49 docker
  144 root      20   0 1680396   3944      0 S   0.0   0.0   0:19.03 docker-desktop-
25650 vladisl+  20   0   10856   3596   3140 R   0.0   0.0   0:00.00 top
21018 vladisl+  20   0   10168   2188   1928 S   0.0   0.0   0:00.14 bash
23984 vladisl+  20   0    8752   1936   1764 S   0.0   0.0   0:02.83 bash

  158 vladisl+  20   0  764784   6460      0 S   0.0   0.1   1:04.49 docker
  144 root      20   0 1680396   3944      0 S   0.0   0.0   0:19.03 docker-desktop-
25664 vladisl+  20   0   10876   3664   3128 S   0.0   0.0   0:00.00 top
25665 vladisl+  20   0   10856   3564   3104 R   6.2   0.0   0:00.01 top
21018 vladisl+  20   0   10168   2188   1928 S   0.0   0.0   0:00.14 bash

  158 vladisl+  20   0  764784   6460      0 S   0.0   0.1   1:04.49 docker
  144 root      20   0 1680396   3944      0 S   0.0   0.0   0:19.03 docker-desktop-
25664 vladisl+  20   0   10876   3664   3128 S   0.0   0.0   0:00.00 top
25679 vladisl+  20   0   10856   3628   3172 R   0.0   0.0   0:00.00 top
21018 vladisl+  20   0   10168   2188   1928 S   0.0   0.0   0:00.14 bash

  158 vladisl+  20   0  764784   6460      0 S   0.0   0.1   1:04.49 docker
  144 root      20   0 1680396   3944      0 S   0.0   0.0   0:19.03 docker-desktop-
25664 vladisl+  20   0   10876   3664   3128 S   0.0   0.0   0:00.00 top
25693 vladisl+  20   0   10856   3584   3128 R   6.7   0.0   0:00.01 top
21018 vladisl+  20   0   10168   2188   1928 S   0.0   0.0   0:00.14 bash

  158 vladisl+  20   0  764784   6460      0 S   0.0   0.1   1:04.49 docker
  144 root      20   0 1680396   3944      0 S   0.0   0.0   0:19.03 docker-desktop-
25664 vladisl+  20   0   10876   3664   3128 S   0.0   0.0   0:00.00 top
25707 vladisl+  20   0   10856   3648   3192 R   0.0   0.0   0:00.01 top
21018 vladisl+  20   0   10168   2188   1928 S   0.0   0.0   0:00.14 bash

  158 vladisl+  20   0  764784   6460      0 S   0.0   0.1   1:04.49 docker
  144 root      20   0 1680396   3944      0 S   0.0   0.0   0:19.03 docker-desktop-
25664 vladisl+  20   0   10876   3664   3128 S   0.0   0.0   0:00.00 top
25721 vladisl+  20   0   10856   3592   3136 R   0.0   0.0   0:00.03 top
21018 vladisl+  20   0   10168   2188   1928 S   0.0   0.0   0:00.14 bash

  158 vladisl+  20   0  764784   6460      0 S   0.0   0.1   1:04.49 docker
  144 root      20   0 1680396   3944      0 S   0.0   0.0   0:19.03 docker-desktop-
25735 vladisl+  20   0   10856   3716   3260 R  12.5   0.0   0:00.02 top
25664 vladisl+  20   0   10876   3664   3128 S   0.0   0.0   0:00.00 top
21018 vladisl+  20   0   10168   2188   1928 S   0.0   0.0   0:00.14 bash

  158 vladisl+  20   0  764784   6460      0 S   0.0   0.1   1:04.49 docker
  144 root      20   0 1680396   3944      0 S   0.0   0.0   0:19.03 docker-desktop-
25664 vladisl+  20   0   10876   3664   3128 S   0.0   0.0   0:00.00 top
25749 vladisl+  20   0   10856   3580   3124 R   0.0   0.0   0:00.00 top
21018 vladisl+  20   0   10168   2188   1928 S   0.0   0.0   0:00.14 bash

  158 vladisl+  20   0  764784   6460      0 S   0.0   0.1   1:04.49 docker
  144 root      20   0 1680396   3944      0 S   0.0   0.0   0:19.03 docker-desktop-
25664 vladisl+  20   0   10876   3664   3128 S   0.0   0.0   0:00.01 top
25763 vladisl+  20   0   10856   3636   3176 R   0.0   0.0   0:00.00 top
21018 vladisl+  20   0   10168   2188   1928 S   0.0   0.0   0:00.14 bash

  158 vladisl+  20   0  764784   6460      0 S   0.0   0.1   1:04.49 docker
  144 root      20   0 1680396   3944      0 S   0.0   0.0   0:19.03 docker-desktop-
25664 vladisl+  20   0   10876   3664   3128 S   0.0   0.0   0:00.01 top
25777 vladisl+  20   0   10856   3576   3120 R   0.0   0.0   0:00.00 top
21018 vladisl+  20   0   10168   2188   1928 S   0.0   0.0   0:00.14 bash

  158 vladisl+  20   0  764784   6460      0 S   0.0   0.1   1:04.49 docker
  144 root      20   0 1680396   3944      0 S   0.0   0.0   0:19.03 docker-desktop-
25664 vladisl+  20   0   10876   3664   3128 S   0.0   0.0   0:00.01 top
25791 vladisl+  20   0   10856   3600   3140 R   0.0   0.0   0:00.00 top
21018 vladisl+  20   0   10168   2188   1928 S   0.0   0.0   0:00.14 bash

  158 vladisl+  20   0  764784   6460      0 S   0.0   0.1   1:04.49 docker
  144 root      20   0 1680396   3944      0 S   0.0   0.0   0:19.03 docker-desktop-
25664 vladisl+  20   0   10876   3664   3128 S   0.0   0.0   0:00.01 top
25805 vladisl+  20   0   10856   3556   3100 R   0.0   0.0   0:00.00 top
21018 vladisl+  20   0   10168   2188   1928 S   0.0   0.0   0:00.14 bash

  158 vladisl+  20   0  764784   6460      0 S   0.0   0.1   1:04.49 docker
  144 root      20   0 1680396   3944      0 S   0.0   0.0   0:19.03 docker-desktop-
25664 vladisl+  20   0   10876   3664   3128 S   0.0   0.0   0:00.01 top
25819 vladisl+  20   0   10856   3528   3068 R   0.0   0.0   0:00.00 top
21018 vladisl+  20   0   10168   2188   1928 S   0.0   0.0   0:00.14 bash

  158 vladisl+  20   0  764784   6460      0 S   0.0   0.1   1:04.49 docker
  144 root      20   0 1680396   3944      0 S   0.0   0.0   0:19.03 docker-desktop-
25664 vladisl+  20   0   10876   3664   3128 S   0.0   0.0   0:00.01 top
25833 vladisl+  20   0   10856   3600   3140 R   0.0   0.0   0:00.00 top
21018 vladisl+  20   0   10168   2188   1928 S   0.0   0.0   0:00.14 bash

  158 vladisl+  20   0  764784   6460      0 S   0.0   0.1   1:04.49 docker
  144 root      20   0 1680396   3944      0 S   0.0   0.0   0:19.03 docker-desktop-
25664 vladisl+  20   0   10876   3664   3128 S   0.0   0.0   0:00.01 top
25847 vladisl+  20   0   10856   3632   3176 R   6.7   0.0   0:00.01 top
21018 vladisl+  20   0   10168   2188   1928 S   0.0   0.0   0:00.14 bash

  158 vladisl+  20   0  764784   6460      0 S   0.0   0.1   1:04.49 docker
  144 root      20   0 1680396   3944      0 S   0.0   0.0   0:19.03 docker-desktop-
25664 vladisl+  20   0   10876   3664   3128 S   0.0   0.0   0:00.01 top
25861 vladisl+  20   0   10856   3560   3104 R   0.0   0.0   0:00.00 top
21018 vladisl+  20   0   10168   2188   1928 S   0.0   0.0   0:00.14 bash

