15091 vladisl+  20   0   15616  10044   2960 R  40.0   0.1   0:00.15 newmem.bash
15101 vladisl+  20   0   24064  18540   3020 R  40.0   0.1   0:00.31 newmem.bash
15094 vladisl+  20   0   31456  25840   2920 R  40.0   0.2   0:00.47 newmem.bash
15111 vladisl+  20   0   42148  36716   2972 R  40.0   0.3   0:00.65 newmem.bash
15102 vladisl+  20   0   48484  42904   2864 R  40.0   0.3   0:00.78 newmem.bash
15091 vladisl+  20   0   59044  53604   2960 R  33.3   0.4   0:00.98 newmem.bash
15102 vladisl+  20   0   69736  64024   2864 R  46.7   0.5   0:01.21 newmem.bash
15110 vladisl+  20   0   73960  68436   3016 R  40.0   0.5   0:01.33 newmem.bash
15094 vladisl+  20   0   82672  77056   2920 R  46.7   0.6   0:01.54 newmem.bash
15109 vladisl+  20   0   78844  73452   3020 R  40.0   0.6   0:01.45 newmem.bash
15107 vladisl+  20   0  101152  95568   2960 R  40.0   0.7   0:01.90 newmem.bash
15110 vladisl+  20   0  110392 104868   3016 R  40.0   0.8   0:02.10 newmem.bash
15091 vladisl+  20   0  121612 116172   2960 R  33.3   0.9   0:02.31 newmem.bash
15091 vladisl+  20   0  130984 125412   2960 R  33.3   1.0   0:02.51 newmem.bash
15091 vladisl+  20   0  140884 135444   2960 R  33.3   1.1   0:02.72 newmem.bash
15094 vladisl+  20   0  148540 143056   2920 R  40.0   1.1   0:02.92 newmem.bash
15090 vladisl+  20   0  137056 131520   3000 R  40.0   1.0   0:02.64 newmem.bash
15095 vladisl+  20   0  145108 139732   3036 R  40.0   1.1   0:02.83 newmem.bash
15090 vladisl+  20   0  153952 148416   3000 R  40.0   1.2   0:02.98 newmem.bash
15113 vladisl+  20   0  155404 150020   3028 R  66.7   1.2   0:03.02 newmem.bash
15109 vladisl+  20   0  162268 156612   3020 R  46.7   1.2   0:03.18 newmem.bash
