12419700
12419976
12420212
12420700
12420960
12421464
12421016
12339856
12126372
11889208
11644476
11413888
11173968
10932560
10696940
10478400
10256664
10027352
9816680
9582312
9346936
9113844
8871680
8658220
8432184
8365160
8976812
8747240
10669944
12352324
12418624
12418348
12418860
12419632
12419624
12419892
12419616
12419120
12419120
12418600
12418860
12418680
12418924
12419200
12419924
12419672
12419664
12419168
12419924
12420128
12420120
12419868
12420624
12420860
12421120
12421080
12421340
