  158 vladisl+  20   0  764784   6516      0 S   0.0   0.1   0:58.92 docker
  144 root      20   0 1680396   3916      0 S   0.0   0.0   0:15.55 docker-desktop-
15001 vladisl+  20   0   10876   3656   3200 R   0.0   0.0   0:00.00 top
14712 vladisl+  20   0   10876   3640   3104 T   0.0   0.0   0:00.21 top
14989 vladisl+  20   0   10876   3636   3100 T   0.0   0.0   0:00.03 top

  158 vladisl+  20   0  764784   6516      0 S   0.0   0.1   0:58.92 docker
  144 root      20   0 1680396   3916      0 S   0.0   0.0   0:15.55 docker-desktop-
14712 vladisl+  20   0   10876   3640   3104 T   0.0   0.0   0:00.21 top
14990 vladisl+  20   0    8752   3640   3184 S   0.0   0.0   0:00.01 bash
14989 vladisl+  20   0   10876   3636   3100 T   0.0   0.0   0:00.03 top

  158 vladisl+  20   0  764784   6516      0 S   0.0   0.1   0:58.92 docker
  144 root      20   0 1680396   3916      0 S   0.0   0.0   0:15.55 docker-desktop-
15029 vladisl+  20   0   10876   3656   3200 R   0.0   0.0   0:00.00 top
14712 vladisl+  20   0   10876   3640   3104 T   0.0   0.0   0:00.21 top
14990 vladisl+  20   0    8752   3640   3184 S   0.0   0.0   0:00.01 bash

  158 vladisl+  20   0  764784   6516      0 S   0.0   0.1   0:58.92 docker
  144 root      20   0 1680396   3916      0 S   0.0   0.0   0:15.55 docker-desktop-
15043 vladisl+  20   0   10876   3712   3256 R   0.0   0.0   0:00.00 top
14712 vladisl+  20   0   10876   3640   3104 T   0.0   0.0   0:00.21 top
14990 vladisl+  20   0    8752   3640   3184 S   0.0   0.0   0:00.02 bash

  158 vladisl+  20   0  764784   6516      0 S   0.0   0.1   0:58.92 docker
  144 root      20   0 1680396   3916      0 S   0.0   0.0   0:15.55 docker-desktop-
14712 vladisl+  20   0   10876   3640   3104 T   0.0   0.0   0:00.21 top
14990 vladisl+  20   0    8752   3640   3184 S   0.0   0.0   0:00.02 bash
14989 vladisl+  20   0   10876   3636   3100 T   0.0   0.0   0:00.03 top

  158 vladisl+  20   0  764784   6516      0 S   0.0   0.1   0:58.92 docker
  144 root      20   0 1680396   3916      0 S   0.0   0.0   0:15.55 docker-desktop-
15071 vladisl+  20   0   10876   3660   3200 R   0.0   0.0   0:00.00 top
14990 vladisl+  20   0    8752   3644   3184 S   0.0   0.0   0:00.02 bash
14712 vladisl+  20   0   10876   3640   3104 T   0.0   0.0   0:00.21 top

  158 vladisl+  20   0  764784   6516      0 S   0.0   0.1   0:58.92 docker
15089 vladisl+  20   0    9412   4040   3036 R  13.3   0.0   0:00.02 newmem.bash
15095 vladisl+  20   0    9544   4036   3036 R  13.3   0.0   0:00.02 newmem.bash
15094 vladisl+  20   0    9544   3928   2920 R  13.3   0.0   0:00.02 newmem.bash
  144 root      20   0 1680396   3916      0 S   0.0   0.0   0:15.55 docker-desktop-

15105 vladisl+  20   0   18256  12640   2920 R  26.7   0.1   0:00.19 newmem.bash
15101 vladisl+  20   0   17992  12468   3020 R  40.0   0.1   0:00.19 newmem.bash
15091 vladisl+  20   0   18124  12420   2960 R  26.7   0.1   0:00.20 newmem.bash
15095 vladisl+  20   0   17728  12220   3036 R  33.3   0.1   0:00.18 newmem.bash
15108 vladisl+  20   0   17464  11952   3028 R  26.7   0.1   0:00.17 newmem.bash

15105 vladisl+  20   0   27100  21616   2920 R  33.3   0.2   0:00.36 newmem.bash
15101 vladisl+  20   0   26968  21444   3020 R  33.3   0.2   0:00.37 newmem.bash
15111 vladisl+  20   0   26836  21140   2972 R  26.7   0.2   0:00.35 newmem.bash
15091 vladisl+  20   0   26308  20868   2960 R  20.0   0.2   0:00.36 newmem.bash
15110 vladisl+  20   0   26044  20388   3016 R  26.7   0.2   0:00.34 newmem.bash

15101 vladisl+  20   0   35416  29892   3020 R  20.0   0.2   0:00.53 newmem.bash
15111 vladisl+  20   0   35284  29852   2972 R  26.7   0.2   0:00.51 newmem.bash
15105 vladisl+  20   0   35416  29800   2920 R  33.3   0.2   0:00.52 newmem.bash
15095 vladisl+  20   0   35020  29644   3036 R  33.3   0.2   0:00.52 newmem.bash
15115 vladisl+  20   0   34360  28868   3056 R  33.3   0.2   0:00.51 newmem.bash

15111 vladisl+  20   0   44524  39092   2972 R  25.0   0.3   0:00.69 newmem.bash
15105 vladisl+  20   0   43732  38248   2920 R  25.0   0.3   0:00.68 newmem.bash
15101 vladisl+  20   0   43468  37812   3020 R  25.0   0.3   0:00.68 newmem.bash
15091 vladisl+  20   0   43072  37500   2960 R  25.0   0.3   0:00.67 newmem.bash
15095 vladisl+  20   0   42940  37300   3036 R  31.2   0.3   0:00.68 newmem.bash

15105 vladisl+  20   0   53500  48016   2920 R  40.0   0.4   0:00.88 newmem.bash
15111 vladisl+  20   0   52840  47276   2972 R  26.7   0.4   0:00.86 newmem.bash
15091 vladisl+  20   0   51652  46212   2960 R  33.3   0.4   0:00.84 newmem.bash
15102 vladisl+  20   0   51388  45808   2864 R  40.0   0.4   0:00.84 newmem.bash
15095 vladisl+  20   0   51256  45748   3036 R  26.7   0.4   0:00.84 newmem.bash

15105 vladisl+  20   0   63136  57520   2920 R  40.0   0.4   0:01.08 newmem.bash
15091 vladisl+  20   0   61816  56244   2960 R  33.3   0.4   0:01.06 newmem.bash
15102 vladisl+  20   0   61156  55576   2864 R  33.3   0.4   0:01.03 newmem.bash
15111 vladisl+  20   0   60364  54932   2972 R  20.0   0.4   0:01.00 newmem.bash
15110 vladisl+  20   0   60232  54708   3016 R  33.3   0.4   0:01.03 newmem.bash

15105 vladisl+  20   0   74752  69136   2920 R  40.0   0.5   0:01.31 newmem.bash
15102 vladisl+  20   0   72376  66664   2864 R  33.3   0.5   0:01.26 newmem.bash
15091 vladisl+  20   0   70792  65220   2960 R  26.7   0.5   0:01.23 newmem.bash
15110 vladisl+  20   0   68812  63420   3016 R  33.3   0.5   0:01.22 newmem.bash
15107 vladisl+  20   0   68680  63096   2960 R  33.3   0.5   0:01.20 newmem.bash

15105 vladisl+  20   0   82804  77320   2920 R  26.7   0.6   0:01.49 newmem.bash
15102 vladisl+  20   0   81484  75904   2864 R  40.0   0.6   0:01.46 newmem.bash
15091 vladisl+  20   0   79240  73668   2960 R  33.3   0.6   0:01.42 newmem.bash
15107 vladisl+  20   0   77524  71808   2960 R  26.7   0.6   0:01.39 newmem.bash
15094 vladisl+  20   0   76864  71248   2920 R  33.3   0.6   0:01.40 newmem.bash

15105 vladisl+  20   0   90592  84976   2920 R  33.3   0.7   0:01.65 newmem.bash
15102 vladisl+  20   0   89404  83824   2864 R  33.3   0.6   0:01.63 newmem.bash
15091 vladisl+  20   0   86896  81324   2960 R  33.3   0.6   0:01.59 newmem.bash
15110 vladisl+  20   0   85708  80316   3016 R  33.3   0.6   0:01.58 newmem.bash
15094 vladisl+  20   0   85444  79960   2920 R  26.7   0.6   0:01.59 newmem.bash

15105 vladisl+  20   0  100228  94744   2920 R  33.3   0.7   0:01.85 newmem.bash
15102 vladisl+  20   0   99172  93592   2864 R  33.3   0.7   0:01.83 newmem.bash
15091 vladisl+  20   0   96928  91356   2960 R  33.3   0.7   0:01.79 newmem.bash
15110 vladisl+  20   0   95872  90348   3016 R  33.3   0.7   0:01.79 newmem.bash
15094 vladisl+  20   0   95740  89992   2920 R  33.3   0.7   0:01.80 newmem.bash

15105 vladisl+  20   0  108808 103192   2920 R  40.0   0.8   0:02.03 newmem.bash
15102 vladisl+  20   0  106960 101248   2864 R  33.3   0.8   0:02.00 newmem.bash
15091 vladisl+  20   0  104980  99540   2960 R  26.7   0.8   0:01.97 newmem.bash
15107 vladisl+  20   0  103660  98208   2960 R  33.3   0.8   0:01.95 newmem.bash
15094 vladisl+  20   0  103660  98176   2920 R  26.7   0.8   0:01.96 newmem.bash

15105 vladisl+  20   0  117784 112168   2920 R  31.2   0.9   0:02.22 newmem.bash
15102 vladisl+  20   0  116596 111016   2864 R  37.5   0.9   0:02.20 newmem.bash
15091 vladisl+  20   0  114616 109044   2960 R  31.2   0.8   0:02.17 newmem.bash
15110 vladisl+  20   0  113428 107772   3016 R  31.2   0.8   0:02.16 newmem.bash
15107 vladisl+  20   0  113296 107712   2960 R  25.0   0.8   0:02.15 newmem.bash

15105 vladisl+  20   0  127420 121672   2920 R  33.3   0.9   0:02.43 newmem.bash
15102 vladisl+  20   0  126100 120520   2864 R  33.3   0.9   0:02.40 newmem.bash
15091 vladisl+  20   0  124516 119076   2960 R  33.3   0.9   0:02.37 newmem.bash
15110 vladisl+  20   0  122800 117276   3016 R  33.3   0.9   0:02.37 newmem.bash
15107 vladisl+  20   0  122800 117216   2960 R  33.3   0.9   0:02.36 newmem.bash

15105 vladisl+  20   0  136264 130648   2920 R  33.3   1.0   0:02.63 newmem.bash
15102 vladisl+  20   0  134680 128968   2864 R  26.7   1.0   0:02.59 newmem.bash
15091 vladisl+  20   0  134548 128844   2960 R  53.3   1.0   0:02.60 newmem.bash
15110 vladisl+  20   0  132172 126780   3016 R  26.7   1.0   0:02.56 newmem.bash
15107 vladisl+  20   0  132304 126720   2960 R  40.0   1.0   0:02.57 newmem.bash

15105 vladisl+  20   0  145504 139888   2920 R  26.7   1.1   0:02.81 newmem.bash
15102 vladisl+  20   0  144184 138472   2864 R  26.7   1.1   0:02.78 newmem.bash
15091 vladisl+  20   0  143788 138348   2960 R  33.3   1.1   0:02.78 newmem.bash
15110 vladisl+  20   0  142864 137340   3016 R  46.7   1.1   0:02.77 newmem.bash
15107 vladisl+  20   0  141676 136224   2960 R  26.7   1.1   0:02.76 newmem.bash

15105 vladisl+  20   0  153028 147280   2920 R  26.7   1.1   0:02.96 newmem.bash
15102 vladisl+  20   0  151708 146128   2864 R  26.7   1.1   0:02.94 newmem.bash
15091 vladisl+  20   0  151048 145476   2960 R  33.3   1.1   0:02.94 newmem.bash
15107 vladisl+  20   0  150652 145200   2960 R  33.3   1.1   0:02.95 newmem.bash
15094 vladisl+  20   0  149860 144376   2920 R  20.0   1.1   0:02.95 newmem.bash

15105 vladisl+  20   0  161476 155992   2920 R  33.3   1.2   0:03.13 newmem.bash
15107 vladisl+  20   0  159628 154176   2960 R  26.7   1.2   0:03.13 newmem.bash
15102 vladisl+  20   0  159100 153520   2864 R  26.7   1.2   0:03.09 newmem.bash
15091 vladisl+  20   0  158572 152868   2960 R  33.3   1.2   0:03.09 newmem.bash
15110 vladisl+  20   0  156856 151332   3016 R  26.7   1.2   0:03.06 newmem.bash

15105 vladisl+  20   0  169660 164176   2920 R  33.3   1.3   0:03.30 newmem.bash
15107 vladisl+  20   0  167152 161568   2960 R  26.7   1.3   0:03.27 newmem.bash
15102 vladisl+  20   0  167020 161440   2864 R  26.7   1.3   0:03.26 newmem.bash
15091 vladisl+  20   0  166228 160524   2960 R  26.7   1.2   0:03.26 newmem.bash
15110 vladisl+  20   0  165040 159516   3016 R  33.3   1.2   0:03.23 newmem.bash

15090 vladisl+  20   0  160552 155016   3000 R  73.3   1.2   0:03.11 newmem.bash
15095 vladisl+  20   0  156196 150820   3036 R  33.3   1.2   0:03.04 newmem.bash
15111 vladisl+  20   0  154348 148652   2972 R  26.7   1.2   0:03.00 newmem.bash
15116 vladisl+  20   0  153688 148040   2884 R  26.7   1.1   0:02.98 newmem.bash
15101 vladisl+  20   0  153028 147636   3020 R  26.7   1.1   0:02.96 newmem.bash

15090 vladisl+  20   0  168340 162936   3000 R  26.7   1.3   0:03.28 newmem.bash
15095 vladisl+  20   0  164248 158740   3036 R  26.7   1.2   0:03.20 newmem.bash
15111 vladisl+  20   0  162796 157364   2972 R  46.7   1.2   0:03.20 newmem.bash
15116 vladisl+  20   0  162400 156752   2884 R  33.3   1.2   0:03.15 newmem.bash
15101 vladisl+  20   0  161872 156348   3020 R  33.3   1.2   0:03.15 newmem.bash

15101 vladisl+  20   0  170716 165060   3020 R  46.7   1.3   0:03.35 newmem.bash
15113 vladisl+  20   0  170188 164804   3028 R  40.0   1.3   0:03.31 newmem.bash
15100 vladisl+  20   0  170188 164748   2956 R  40.0   1.3   0:03.28 newmem.bash
15093 vladisl+  20   0  169792 164216   2952 R  46.7   1.3   0:03.28 newmem.bash
15118 vladisl+  20   0  169396 163880   2880 R  40.0   1.3   0:03.28 newmem.bash

  158 vladisl+  20   0  764784   6516      0 S   0.0   0.1   0:58.92 docker
  144 root      20   0 1680396   3916      0 S   0.0   0.0   0:15.55 docker-desktop-
15158 vladisl+  20   0   10876   3700   3168 S   0.0   0.0   0:00.00 top
14990 vladisl+  20   0    8752   3644   3184 S   0.0   0.0   0:00.08 bash
14712 vladisl+  20   0   10876   3640   3104 T   0.0   0.0   0:00.21 top

  158 vladisl+  20   0  764784   6516      0 S   0.0   0.1   0:58.92 docker
  144 root      20   0 1680396   3916      0 S   0.0   0.0   0:15.55 docker-desktop-
15158 vladisl+  20   0   10876   3700   3168 S   0.0   0.0   0:00.00 top
14990 vladisl+  20   0    8752   3644   3184 S   0.0   0.0   0:00.08 bash
14712 vladisl+  20   0   10876   3640   3104 T   0.0   0.0   0:00.21 top

  158 vladisl+  20   0  764784   6516      0 S   0.0   0.1   0:58.92 docker
  144 root      20   0 1680396   3916      0 S   0.0   0.0   0:15.55 docker-desktop-
15158 vladisl+  20   0   10876   3700   3168 S   0.0   0.0   0:00.00 top
15453 vladisl+  20   0   10880   3680   3220 R   0.0   0.0   0:00.00 top
14990 vladisl+  20   0    8752   3644   3184 S   0.0   0.0   0:00.09 bash

  158 vladisl+  20   0  764784   6516      0 S   0.0   0.1   0:58.92 docker
  144 root      20   0 1680396   3916      0 S   0.0   0.0   0:15.55 docker-desktop-
15158 vladisl+  20   0   10876   3700   3168 S   0.0   0.0   0:00.00 top
14990 vladisl+  20   0    8752   3644   3184 S   0.0   0.0   0:00.09 bash
14712 vladisl+  20   0   10876   3640   3104 T   0.0   0.0   0:00.21 top

  158 vladisl+  20   0  764784   6516      0 S   0.0   0.1   0:58.92 docker
  144 root      20   0 1680396   3916      0 S   0.0   0.0   0:15.55 docker-desktop-
15158 vladisl+  20   0   10876   3700   3168 S   0.0   0.0   0:00.00 top
14990 vladisl+  20   0    8752   3644   3184 S   0.0   0.0   0:00.10 bash
14712 vladisl+  20   0   10876   3640   3104 T   0.0   0.0   0:00.21 top

  158 vladisl+  20   0  764784   6516      0 S   0.0   0.1   0:58.92 docker
  144 root      20   0 1680396   3916      0 S   0.0   0.0   0:15.55 docker-desktop-
15158 vladisl+  20   0   10876   3700   3168 S   0.0   0.0   0:00.00 top
14990 vladisl+  20   0    8752   3644   3184 S   0.0   0.0   0:00.10 bash
14712 vladisl+  20   0   10876   3640   3104 T   0.0   0.0   0:00.21 top

  158 vladisl+  20   0  764784   6516      0 S   0.0   0.1   0:58.92 docker
  144 root      20   0 1680396   3916      0 S   0.0   0.0   0:15.55 docker-desktop-
15158 vladisl+  20   0   10876   3700   3168 S   0.0   0.0   0:00.00 top
15509 vladisl+  20   0   10880   3680   3220 R   0.0   0.0   0:00.00 top
14990 vladisl+  20   0    8752   3644   3184 S   0.0   0.0   0:00.11 bash

  158 vladisl+  20   0  764784   6516      0 S   0.0   0.1   0:58.92 docker
  144 root      20   0 1680396   3916      0 S   0.0   0.0   0:15.55 docker-desktop-
15158 vladisl+  20   0   10876   3700   3168 S   0.0   0.0   0:00.00 top
15523 vladisl+  20   0   10880   3652   3196 R   0.0   0.0   0:00.00 top
14990 vladisl+  20   0    8752   3644   3184 S   0.0   0.0   0:00.11 bash

  158 vladisl+  20   0  764784   6516      0 S   0.0   0.1   0:58.92 docker
  144 root      20   0 1680396   3916      0 S   0.0   0.0   0:15.55 docker-desktop-
15158 vladisl+  20   0   10876   3700   3168 S   0.0   0.0   0:00.00 top
14990 vladisl+  20   0    8752   3644   3184 S   0.0   0.0   0:00.12 bash
14712 vladisl+  20   0   10876   3640   3104 T   0.0   0.0   0:00.21 top

  158 vladisl+  20   0  764784   6516      0 S   0.0   0.1   0:58.92 docker
  144 root      20   0 1680396   3916      0 S   0.0   0.0   0:15.55 docker-desktop-
15158 vladisl+  20   0   10876   3700   3168 S   0.0   0.0   0:00.00 top
14990 vladisl+  20   0    8752   3644   3184 S   0.0   0.0   0:00.12 bash
14712 vladisl+  20   0   10876   3640   3104 T   0.0   0.0   0:00.21 top

  158 vladisl+  20   0  764784   6516      0 S   0.0   0.1   0:58.92 docker
  144 root      20   0 1680396   3916      0 S   0.0   0.0   0:15.55 docker-desktop-
15158 vladisl+  20   0   10876   3700   3168 S   0.0   0.0   0:00.01 top
14990 vladisl+  20   0    8752   3644   3184 S   0.0   0.0   0:00.12 bash
15565 vladisl+  20   0   10880   3644   3188 R   0.0   0.0   0:00.00 top

  158 vladisl+  20   0  764784   6516      0 S   0.0   0.1   0:58.92 docker
  144 root      20   0 1680396   3916      0 S   0.0   0.0   0:15.55 docker-desktop-
15158 vladisl+  20   0   10876   3700   3168 S   0.0   0.0   0:00.01 top
14990 vladisl+  20   0    8752   3644   3184 S   0.0   0.0   0:00.13 bash
14712 vladisl+  20   0   10876   3640   3104 T   0.0   0.0   0:00.21 top

  158 vladisl+  20   0  764784   6516      0 S   0.0   0.1   0:58.92 docker
  144 root      20   0 1680396   3916      0 S   0.0   0.0   0:15.55 docker-desktop-
15593 vladisl+  20   0   10880   3712   3256 R   0.0   0.0   0:00.00 top
15158 vladisl+  20   0   10876   3700   3168 S   0.0   0.0   0:00.01 top
14990 vladisl+  20   0    8752   3644   3184 S   0.0   0.0   0:00.13 bash

  158 vladisl+  20   0  764784   6516      0 S   0.0   0.1   0:58.92 docker
  144 root      20   0 1680396   3916      0 S   0.0   0.0   0:15.55 docker-desktop-
15158 vladisl+  20   0   10876   3700   3168 S   0.0   0.0   0:00.01 top
14990 vladisl+  20   0    8752   3644   3184 S   0.0   0.0   0:00.14 bash
14712 vladisl+  20   0   10876   3640   3104 T   0.0   0.0   0:00.21 top

  158 vladisl+  20   0  764784   6516      0 S   0.0   0.1   0:58.92 docker
  144 root      20   0 1680396   3916      0 S   0.0   0.0   0:15.55 docker-desktop-
15158 vladisl+  20   0   10876   3700   3168 S   0.0   0.0   0:00.01 top
15621 vladisl+  20   0   10880   3656   3196 R   0.0   0.0   0:00.00 top
14990 vladisl+  20   0    8752   3644   3184 S   0.0   0.0   0:00.14 bash

  158 vladisl+  20   0  764784   6516      0 S   0.0   0.1   0:58.92 docker
  144 root      20   0 1680396   3916      0 S   0.0   0.0   0:15.55 docker-desktop-
15158 vladisl+  20   0   10876   3700   3168 S   0.0   0.0   0:00.01 top
15635 vladisl+  20   0   10880   3660   3200 R   0.0   0.0   0:00.00 top
14990 vladisl+  20   0    8752   3644   3184 S   0.0   0.0   0:00.15 bash

  158 vladisl+  20   0  764784   6516      0 S   0.0   0.1   0:58.92 docker
  144 root      20   0 1680396   3916      0 S   0.0   0.0   0:15.55 docker-desktop-
15158 vladisl+  20   0   10876   3700   3168 S   0.0   0.0   0:00.01 top
14990 vladisl+  20   0    8752   3644   3184 S   0.0   0.0   0:00.15 bash
15649 vladisl+  20   0   10880   3644   3188 R   0.0   0.0   0:00.00 top

  158 vladisl+  20   0  764784   6516      0 S   0.0   0.1   0:58.92 docker
  144 root      20   0 1680396   3916      0 S   0.0   0.0   0:15.55 docker-desktop-
15158 vladisl+  20   0   10876   3700   3168 S   0.0   0.0   0:00.01 top
14990 vladisl+  20   0    8752   3644   3184 S   0.0   0.0   0:00.15 bash
14712 vladisl+  20   0   10876   3640   3104 T   0.0   0.0   0:00.21 top

  158 vladisl+  20   0  764784   6516      0 S   0.0   0.1   0:58.92 docker
  144 root      20   0 1680396   3916      0 S   0.0   0.0   0:15.55 docker-desktop-
15158 vladisl+  20   0   10876   3700   3168 S   0.0   0.0   0:00.01 top
14990 vladisl+  20   0    8752   3644   3184 S   0.0   0.0   0:00.16 bash
14712 vladisl+  20   0   10876   3640   3104 T   0.0   0.0   0:00.21 top

  158 vladisl+  20   0  764784   6516      0 S   0.0   0.1   0:58.92 docker
  144 root      20   0 1680396   3916      0 S   0.0   0.0   0:15.55 docker-desktop-
15158 vladisl+  20   0   10876   3700   3168 S   0.0   0.0   0:00.01 top
14990 vladisl+  20   0    8752   3644   3184 S   0.0   0.0   0:00.16 bash
15691 vladisl+  20   0   10880   3644   3188 R   0.0   0.0   0:00.00 top

  158 vladisl+  20   0  764784   6516      0 S   0.0   0.1   0:58.92 docker
  144 root      20   0 1680396   3916      0 S   0.0   0.0   0:15.55 docker-desktop-
15158 vladisl+  20   0   10876   3700   3168 S   0.0   0.0   0:00.01 top
14990 vladisl+  20   0    8752   3644   3184 S   0.0   0.0   0:00.17 bash
14712 vladisl+  20   0   10876   3640   3104 T   0.0   0.0   0:00.21 top

  158 vladisl+  20   0  764784   6516      0 S   0.0   0.1   0:58.92 docker
  144 root      20   0 1680396   3916      0 S   0.0   0.0   0:15.55 docker-desktop-
15158 vladisl+  20   0   10876   3700   3168 S   0.0   0.0   0:00.01 top
14990 vladisl+  20   0    8752   3644   3184 S   0.0   0.0   0:00.17 bash
14712 vladisl+  20   0   10876   3640   3104 T   0.0   0.0   0:00.21 top

  158 vladisl+  20   0  764784   6516      0 S   0.0   0.1   0:58.92 docker
  144 root      20   0 1680396   3916      0 S   0.0   0.0   0:15.55 docker-desktop-
15158 vladisl+  20   0   10876   3700   3168 S   0.0   0.0   0:00.01 top
15733 vladisl+  20   0   10880   3660   3200 R   0.0   0.0   0:00.00 top
14990 vladisl+  20   0    8752   3644   3184 S   0.0   0.0   0:00.18 bash

  158 vladisl+  20   0  764784   6516      0 S   0.0   0.1   0:58.92 docker
  144 root      20   0 1680396   3916      0 S   0.0   0.0   0:15.55 docker-desktop-
15158 vladisl+  20   0   10876   3700   3168 S   0.0   0.0   0:00.01 top
15747 vladisl+  20   0   10880   3656   3200 R   0.0   0.0   0:00.00 top
14990 vladisl+  20   0    8752   3644   3184 S   0.0   0.0   0:00.18 bash

  158 vladisl+  20   0  764784   6516      0 S   0.0   0.1   0:58.92 docker
  144 root      20   0 1680396   3916      0 S   0.0   0.0   0:15.55 docker-desktop-
15158 vladisl+  20   0   10876   3700   3168 S   0.0   0.0   0:00.01 top
14990 vladisl+  20   0    8752   3644   3184 S   0.0   0.0   0:00.19 bash
14712 vladisl+  20   0   10876   3640   3104 T   0.0   0.0   0:00.21 top

  158 vladisl+  20   0  764784   6516      0 S   0.0   0.1   0:58.92 docker
  144 root      20   0 1680396   3916      0 S   0.0   0.0   0:15.55 docker-desktop-
15158 vladisl+  20   0   10876   3700   3168 S   0.0   0.0   0:00.01 top
14990 vladisl+  20   0    8752   3644   3184 S   0.0   0.0   0:00.19 bash
14712 vladisl+  20   0   10876   3640   3104 T   0.0   0.0   0:00.21 top

  158 vladisl+  20   0  764784   6516      0 S   0.0   0.1   0:58.92 docker
  144 root      20   0 1680396   3916      0 S   0.0   0.0   0:15.55 docker-desktop-
15158 vladisl+  20   0   10876   3700   3168 S   0.0   0.0   0:00.01 top
14990 vladisl+  20   0    8752   3644   3184 S   0.0   0.0   0:00.20 bash
14712 vladisl+  20   0   10876   3640   3104 T   0.0   0.0   0:00.21 top

  158 vladisl+  20   0  764784   6516      0 S   0.0   0.1   0:58.92 docker
  144 root      20   0 1680396   3916      0 S   0.0   0.0   0:15.55 docker-desktop-
15158 vladisl+  20   0   10876   3700   3168 S   0.0   0.0   0:00.01 top
14990 vladisl+  20   0    8752   3644   3184 S   0.0   0.0   0:00.20 bash
15803 vladisl+  20   0   10880   3644   3188 R   0.0   0.0   0:00.00 top

