  743 vladisl+  20   0   25252  19776   2932 R 100.0   0.2   0:00.30 mem2.bash
  743 vladisl+  20   0   68284  62544   2932 R 100.0   0.5   0:00.87 mem2.bash
  743 vladisl+  20   0  108676 103256   2992 R 100.0   0.8   0:01.44 mem2.bash
  743 vladisl+  20   0  139168 133616   2992 R 100.0   1.0   0:02.00 mem2.bash
  743 vladisl+  20   0  182728 177176   2992 R 100.0   1.4   0:02.57 mem2.bash
  743 vladisl+  20   0  223384 217832   2992 R 100.0   1.7   0:03.14 mem2.bash
  743 vladisl+  20   0  263776 258224   2992 R 100.0   2.0   0:03.70 mem2.bash
  743 vladisl+  20   0  311824 306272   2992 R 100.0   2.4   0:04.27 mem2.bash
  743 vladisl+  20   0  341524 335840   2992 R 100.0   2.6   0:04.84 mem2.bash
  743 vladisl+  20   0  369376 363824   2992 R  93.8   2.8   0:05.41 mem2.bash
  743 vladisl+  20   0  412540 407120   2992 R 100.0   3.2   0:05.97 mem2.bash
  743 vladisl+  20   0  440920 435368   2992 R 100.0   3.4   0:06.54 mem2.bash
  743 vladisl+  20   0  472072 466520   2992 R 100.0   3.6   0:07.11 mem2.bash
  743 vladisl+  20   0  514708 509288   2992 R 100.0   3.9   0:07.68 mem2.bash
  743 vladisl+  20   0  549820 544136   2992 R 100.0   4.2   0:08.25 mem2.bash
  743 vladisl+  20   0  577276 571856   2992 R 100.0   4.4   0:08.82 mem2.bash
  743 vladisl+  20   0  609748 604328   2992 R 100.0   4.7   0:09.39 mem2.bash
  743 vladisl+  20   0  638260 632840   2992 R 100.0   4.9   0:09.96 mem2.bash
  743 vladisl+  20   0  679048 673496   2992 R  93.8   5.2   0:10.53 mem2.bash
  743 vladisl+  20   0  726436 721016   2992 R 100.0   5.6   0:11.10 mem2.bash
  743 vladisl+  20   0  760624 755072   2992 R 100.0   5.9   0:11.66 mem2.bash
  743 vladisl+  20   0  789136 783584   2992 R 100.0   6.1   0:12.23 mem2.bash
  743 vladisl+  20   0  817384 811832   2992 R 100.0   6.3   0:12.80 mem2.bash
  743 vladisl+  20   0  845500 840080   2992 R 100.0   6.5   0:13.36 mem2.bash
  743 vladisl+  20   0  874804 869120   2992 R 100.0   6.7   0:13.93 mem2.bash
  743 vladisl+  20   0  920740 915056   2992 R 100.0   7.1   0:14.50 mem2.bash
  743 vladisl+  20   0  965488 959936   2992 R 100.0   7.4   0:15.07 mem2.bash
  743 vladisl+  20   0 1009180 980.2m   2992 R 100.0   7.8   0:15.64 mem2.bash
  743 vladisl+  20   0 1050892   1.0g   2992 R 100.0   8.1   0:16.20 mem2.bash
  743 vladisl+  20   0 1082704   1.0g   2992 R 100.0   8.4   0:16.77 mem2.bash
  743 vladisl+  20   0 1111216   1.1g   2992 R 100.0   8.6   0:17.34 mem2.bash
  743 vladisl+  20   0 1139464   1.1g   2992 R  93.8   8.8   0:17.91 mem2.bash
  743 vladisl+  20   0 1167712   1.1g   2992 R 100.0   9.0   0:18.47 mem2.bash
  743 vladisl+  20   0 1195828   1.1g   2992 R 100.0   9.2   0:19.04 mem2.bash
  743 vladisl+  20   0 1238332   1.2g   2992 R 100.0   9.6   0:19.61 mem2.bash
  743 vladisl+  20   0 1278592   1.2g   2992 R 100.0   9.9   0:20.18 mem2.bash
  743 vladisl+  20   0 1312252   1.2g   2992 R 100.0  10.1   0:20.74 mem2.bash
  743 vladisl+  20   0 1340500   1.3g   2992 R 100.0  10.4   0:21.31 mem2.bash
  743 vladisl+  20   0 1367956   1.3g   2992 R 100.0  10.6   0:21.88 mem2.bash
  743 vladisl+  20   0 1396204   1.3g   2992 R 100.0  10.8   0:22.45 mem2.bash
  743 vladisl+  20   0 1424320   1.4g   2992 R 100.0  11.0   0:23.02 mem2.bash
  743 vladisl+  20   0 1452568   1.4g   2992 R 100.0  11.2   0:23.58 mem2.bash
  743 vladisl+  20   0 1480948   1.4g   2992 R 100.0  11.4   0:24.15 mem2.bash
  743 vladisl+  20   0 1509328   1.4g   2992 R  93.8  11.7   0:24.72 mem2.bash
  743 vladisl+  20   0 1537444   1.5g   2992 R 100.0  11.9   0:25.28 mem2.bash
  743 vladisl+  20   0 1582588   1.5g   2992 R 100.0  12.2   0:25.85 mem2.bash
  743 vladisl+  20   0 1624696   1.5g   2992 R 100.0  12.6   0:26.42 mem2.bash
  743 vladisl+  20   0 1673404   1.6g   2992 R  93.8  12.9   0:26.99 mem2.bash
  743 vladisl+  20   0 1725148   1.6g   2992 R 100.0  13.3   0:27.55 mem2.bash
  743 vladisl+  20   0 1776364   1.7g   2992 R 100.0  13.7   0:28.12 mem2.bash
  743 vladisl+  20   0 1821904   1.7g   2992 R 100.0  14.1   0:28.69 mem2.bash
  743 vladisl+  20   0 1853320   1.8g   2992 R 100.0  14.3   0:29.25 mem2.bash
  743 vladisl+  20   0 1890544   1.8g   2992 R 100.0  14.6   0:29.82 mem2.bash
  743 vladisl+  20   0 1931596   1.8g   2992 R 100.0  14.9   0:30.39 mem2.bash
  743 vladisl+  20   0 1963144   1.9g   2992 R 100.0  15.2   0:30.96 mem2.bash
  743 vladisl+  20   0 1991392   1.9g   2992 R 100.0  15.4   0:31.53 mem2.bash
  743 vladisl+  20   0 2023996   1.9g   2992 R 100.0  15.7   0:32.09 mem2.bash
  743 vladisl+  20   0 2053036   2.0g   2992 R  93.8  15.9   0:32.67 mem2.bash
  743 vladisl+  20   0 2086300   2.0g   2992 R 100.0  16.1   0:33.24 mem2.bash
  743 vladisl+  20   0 2124448   2.0g   2992 R 100.0  16.4   0:33.80 mem2.bash
  743 vladisl+  20   0 2164048   2.1g   2992 R 100.0  16.7   0:34.37 mem2.bash
  743 vladisl+  20   0 2204308   2.1g   2992 R 100.0  17.0   0:34.94 mem2.bash
  743 vladisl+  20   0 2234140   2.1g   2992 R 100.0  17.3   0:35.51 mem2.bash
  743 vladisl+  20   0 2262256   2.2g   2992 R 100.0  17.5   0:36.06 mem2.bash
  743 vladisl+  20   0 2289712   2.2g   2992 R 100.0  17.7   0:36.63 mem2.bash
  743 vladisl+  20   0 2333272   2.2g   2992 R 100.0  18.0   0:37.20 mem2.bash
  743 vladisl+  20   0 2378416   2.3g   2992 R 100.0  18.4   0:37.77 mem2.bash
  743 vladisl+  20   0 2413000   2.3g   2992 R 100.0  18.7   0:38.34 mem2.bash
  743 vladisl+  20   0 2443756   2.3g   2992 R 100.0  18.9   0:38.91 mem2.bash
  743 vladisl+  20   0 2471872   2.4g   2992 R 100.0  19.1   0:39.47 mem2.bash
  743 vladisl+  20   0 2499856   2.4g   2992 R 100.0  19.3   0:40.04 mem2.bash
  743 vladisl+  20   0 2530480   2.4g   2992 R 100.0  19.6   0:40.61 mem2.bash
  743 vladisl+  20   0 2564932   2.4g   2992 R  87.5  19.8   0:41.17 mem2.bash
  743 vladisl+  20   0 2592652   2.5g   2992 R 100.0  20.1   0:41.74 mem2.bash
  743 vladisl+  20   0 2622220   2.5g   2992 R 100.0  20.3   0:42.31 mem2.bash
  743 vladisl+  20   0 2653636   2.5g   2992 R 100.0  20.5   0:42.88 mem2.bash
  743 vladisl+  20   0 2700232   2.6g   2992 R 100.0  20.9   0:43.45 mem2.bash
  743 vladisl+  20   0 2746300   2.6g   2992 R 100.0  21.3   0:44.01 mem2.bash
  743 vladisl+  20   0 2789728   2.7g   2992 R 100.0  21.6   0:44.58 mem2.bash
  743 vladisl+  20   0 2831440   2.7g   2992 R 100.0  21.9   0:45.15 mem2.bash
  743 vladisl+  20   0 2875396   2.7g   2992 R  93.8  22.3   0:45.72 mem2.bash
  743 vladisl+  20   0 2906944   2.8g   2992 R 100.0  22.5   0:46.28 mem2.bash
  743 vladisl+  20   0 2934796   2.8g   2992 R 100.0  22.7   0:46.85 mem2.bash
  743 vladisl+  20   0 2961988   2.8g   2992 R 100.0  22.9   0:47.42 mem2.bash
  743 vladisl+  20   0 2990368   2.8g   2992 R 100.0  23.1   0:47.99 mem2.bash
  743 vladisl+  20   0 3029308   2.9g   2992 R 100.0  23.4   0:48.56 mem2.bash
  743 vladisl+  20   0 3066928   2.9g   2992 R 100.0  23.7   0:49.12 mem2.bash
  743 vladisl+  20   0 3106000   3.0g   2992 R 100.0  24.0   0:49.69 mem2.bash
  743 vladisl+  20   0 3147448   3.0g   2992 R 100.0  24.4   0:50.26 mem2.bash
  743 vladisl+  20   0 3175168   3.0g   2992 R 100.0  24.6   0:50.83 mem2.bash
  743 vladisl+  20   0 3212524   3.1g   2992 R 100.0  24.9   0:51.40 mem2.bash
  743 vladisl+  20   0 3240772   3.1g   2992 R  93.8  25.1   0:51.97 mem2.bash
  743 vladisl+  20   0 3280900   3.1g   2992 R 100.0  25.4   0:52.53 mem2.bash
  743 vladisl+  20   0 3319048   3.2g   2992 R 100.0  25.7   0:53.11 mem2.bash
  743 vladisl+  20   0 3359440   3.2g   2992 R  93.8  26.0   0:53.68 mem2.bash
  743 vladisl+  20   0 3395872   3.2g   2992 R 100.0  26.3   0:54.25 mem2.bash
  743 vladisl+  20   0 3435340   3.3g   2992 R 100.0  26.6   0:54.82 mem2.bash
  743 vladisl+  20   0 3468868   3.3g   2992 R 100.0  26.9   0:55.40 mem2.bash
  743 vladisl+  20   0 3500020   3.3g   2992 R  93.8  27.1   0:55.97 mem2.bash
  743 vladisl+  20   0 3535528   3.4g   2992 R 100.0  27.4   0:56.54 mem2.bash
  743 vladisl+  20   0 3571168   3.4g   2992 R 100.0  27.6   0:57.11 mem2.bash
  743 vladisl+  20   0 3601528   3.4g   2992 R 100.0  27.9   0:57.69 mem2.bash
  743 vladisl+  20   0 3632152   3.5g   2992 R  93.8  28.1   0:58.26 mem2.bash
  743 vladisl+  20   0 3667528   3.5g   2992 R 100.0  28.4   0:58.83 mem2.bash
  743 vladisl+  20   0 3694456   3.5g   2992 R  93.8  28.6   0:59.40 mem2.bash
  743 vladisl+  20   0 3722308   3.5g   2992 R 100.0  28.8   0:59.96 mem2.bash
  743 vladisl+  20   0 3750028   3.6g   2992 R 100.0  29.0   1:00.53 mem2.bash
  743 vladisl+  20   0 3777880   3.6g   2992 R 100.0  29.3   1:01.10 mem2.bash
  743 vladisl+  20   0 3815104   3.6g   2992 R 100.0  29.5   1:01.67 mem2.bash
  743 vladisl+  20   0 3849688   3.7g   2992 R 100.0  29.8   1:02.24 mem2.bash
  743 vladisl+  20   0 3877672   3.7g   2992 R 100.0  30.0   1:02.80 mem2.bash
  743 vladisl+  20   0 3906184   3.7g   2992 R 100.0  30.2   1:03.37 mem2.bash
  743 vladisl+  20   0 3940504   3.8g   2992 R 100.0  30.5   1:03.94 mem2.bash
  743 vladisl+  20   0 3988420   3.8g   2992 R 100.0  30.9   1:04.51 mem2.bash
  743 vladisl+  20   0 4029604   3.8g   2992 R 100.0  31.2   1:05.08 mem2.bash
  743 vladisl+  20   0 4071976   3.9g   2992 R 100.0  31.5   1:05.65 mem2.bash
  743 vladisl+  20   0 4112368   3.9g   2992 R 100.0  31.8   1:06.21 mem2.bash
  743 vladisl+  20   0 4153420   4.0g   2992 R 100.0  32.2   1:06.78 mem2.bash
  743 vladisl+  20   0 4180744   4.0g   2992 R 100.0  32.4   1:07.35 mem2.bash
  743 vladisl+  20   0 4211764   4.0g   2992 R 100.0  32.6   1:07.92 mem2.bash
  743 vladisl+  20   0 4246216   4.0g   2992 R 100.0  32.9   1:08.49 mem2.bash
  743 vladisl+  20   0 4278424   4.1g   2992 R 100.0  33.1   1:09.06 mem2.bash
  743 vladisl+  20   0 4318024   4.1g   2992 R 100.0  33.4   1:09.63 mem2.bash
  743 vladisl+  20   0 4354984   4.1g   2992 R 100.0  33.7   1:10.20 mem2.bash
  743 vladisl+  20   0 4389304   4.2g   2992 R 100.0  34.0   1:10.76 mem2.bash
  743 vladisl+  20   0 4425472   4.2g   2992 R 100.0  34.3   1:11.33 mem2.bash
  743 vladisl+  20   0 4460320   4.2g   2992 R 100.0  34.5   1:11.91 mem2.bash
  743 vladisl+  20   0 4498864   4.3g   2992 R  93.8  34.8   1:12.48 mem2.bash
  743 vladisl+  20   0 4529224   4.3g   2992 R 100.0  35.1   1:13.04 mem2.bash
  743 vladisl+  20   0 4569484   4.4g   2992 R 100.0  35.4   1:13.61 mem2.bash
  743 vladisl+  20   0 4601692   4.4g   2992 R 100.0  35.6   1:14.18 mem2.bash
  743 vladisl+  20   0 4632184   4.4g   2992 R  93.8  35.9   1:14.75 mem2.bash
  743 vladisl+  20   0 4664260   4.4g   2992 R  93.8  36.1   1:15.32 mem2.bash
  743 vladisl+  20   0 4703860   4.5g   2992 R 100.0  36.4   1:15.88 mem2.bash
  743 vladisl+  20   0 4751512   4.5g   2992 R 100.0  36.8   1:16.45 mem2.bash
  743 vladisl+  20   0 4795864   4.6g   2992 R 100.0  37.1   1:17.02 mem2.bash
  743 vladisl+  20   0 4830976   4.6g   2992 R 100.0  37.4   1:17.63 mem2.bash
  743 vladisl+  20   0 4863844   4.6g   2992 R  93.8  37.7   1:18.20 mem2.bash
  743 vladisl+  20   0 4896184   4.7g   2992 R 100.0  37.9   1:18.77 mem2.bash
  743 vladisl+  20   0 4921528   4.7g   2992 R  93.8  38.1   1:19.35 mem2.bash
  743 vladisl+  20   0 4959544   4.7g   2992 R 100.0  38.4   1:20.05 mem2.bash
  743 vladisl+  20   0 4993864   4.8g   2992 R 100.0  38.7   1:20.68 mem2.bash
  743 vladisl+  20   0 5028316   4.8g   2992 R 100.0  38.9   1:21.31 mem2.bash
  743 vladisl+  20   0 5077420   4.8g   2992 R  44.1  39.3   1:22.11 mem2.bash
  743 vladisl+  20   0 5113720   4.9g   2992 R  93.8  39.6   1:22.69 mem2.bash
  743 vladisl+  20   0 5158732   4.9g   2992 R 100.0  40.0   1:23.26 mem2.bash
  743 vladisl+  20   0 5190544   4.9g   2992 R 100.0  40.2   1:23.82 mem2.bash
  743 vladisl+  20   0 5231728   5.0g   2992 R 100.0  40.5   1:24.39 mem2.bash
  743 vladisl+  20   0 5260900   5.0g   2992 R 100.0  40.7   1:25.00 mem2.bash
  743 vladisl+  20   0 5323864   5.1g   2992 R 100.0  41.2   1:26.12 mem2.bash
  743 vladisl+  20   0 5368744   5.1g   2992 R 100.0  41.6   1:26.80 mem2.bash
  743 vladisl+  20   0 5402932   5.1g   2992 R  86.7  41.8   1:27.43 mem2.bash
  743 vladisl+  20   0 5436988   5.2g   2992 R 100.0  42.1   1:28.11 mem2.bash
  743 vladisl+  20   0 5469988   5.2g   2992 R 100.0  42.4   1:28.77 mem2.bash
  743 vladisl+  20   0 5513548   5.3g   2992 R 100.0  42.7   1:29.34 mem2.bash
  743 vladisl+  20   0 5552752   5.3g   2992 R 100.0  43.0   1:29.91 mem2.bash
  743 vladisl+  20   0 5583112   5.3g   2992 R 100.0  43.2   1:30.49 mem2.bash
  743 vladisl+  20   0 5616244   5.4g   2992 R 100.0  43.5   1:31.06 mem2.bash
  743 vladisl+  20   0 5653864   5.4g   2992 R 100.0  43.8   1:31.62 mem2.bash
  743 vladisl+  20   0 5687788   5.4g   2992 R 100.0  44.1   1:32.19 mem2.bash
  743 vladisl+  20   0 5722108   5.5g   2992 R 100.0  44.3   1:32.77 mem2.bash
  743 vladisl+  20   0 5753260   5.5g   2992 R 100.0  44.6   1:33.33 mem2.bash
  743 vladisl+  20   0 5781640   5.5g   2992 R 100.0  44.8   1:33.90 mem2.bash
  743 vladisl+  20   0 5817280   5.5g   2992 R 100.0  45.1   1:34.47 mem2.bash
  743 vladisl+  20   0 5845132   5.6g   2992 R 100.0  45.3   1:35.05 mem2.bash
  743 vladisl+  20   0 5872324   5.6g   2992 R 100.0  45.5   1:35.62 mem2.bash
  743 vladisl+  20   0 5903872   5.6g   2992 R 100.0  45.7   1:36.19 mem2.bash
  743 vladisl+  20   0 5942944   5.7g   2992 R  93.8  46.0   1:36.76 mem2.bash
  743 vladisl+  20   0 5971852   5.7g   2992 R 100.0  46.3   1:37.32 mem2.bash
  743 vladisl+  20   0 6007888   5.7g   2992 R 100.0  46.5   1:37.90 mem2.bash
  743 vladisl+  20   0 6036796   5.8g   2992 R 100.0  46.8   1:38.50 mem2.bash
  743 vladisl+  20   0 6082600   5.8g   2992 R 100.0  47.1   1:39.11 mem2.bash
  743 vladisl+  20   0 6112168   5.8g   2992 R 100.0  47.4   1:39.68 mem2.bash
  743 vladisl+  20   0 6149920   5.9g   2992 R 100.0  47.6   1:40.25 mem2.bash
  743 vladisl+  20   0 6180148   5.9g   2992 R 100.0  47.9   1:40.83 mem2.bash
  743 vladisl+  20   0 6215524   5.9g   2928 R  85.0  48.2   1:44.33 mem2.bash
  743 vladisl+  20   0 8025244   5.9g   1284 R 100.0  47.7   2:34.70 mem2.bash
  743 vladisl+  20   0 8047288   5.9g   1284 R 100.0  47.9   2:35.27 mem2.bash
  743 vladisl+  20   0 8071048   5.9g   1284 R 100.0  48.1   2:35.85 mem2.bash
  743 vladisl+  20   0 8094412   5.9g   1184 R 100.0  48.2   2:36.42 mem2.bash
  743 vladisl+  20   0 8121868   6.0g    484 R 100.0  48.4   2:37.08 mem2.bash
