  742 vladisl+  20   0   17860  12436   2988 R  93.3   0.1   0:00.15 mem.bash
  742 vladisl+  20   0   56536  50980   2988 R 100.0   0.4   0:00.72 mem.bash
  742 vladisl+  20   0  103396  97972   2988 R 100.0   0.8   0:01.28 mem.bash
  742 vladisl+  20   0  131908 126484   2988 R 100.0   1.0   0:01.85 mem.bash
  742 vladisl+  20   0  178372 172948   2988 R  93.8   1.3   0:02.42 mem.bash
  742 vladisl+  20   0  218104 212548   2988 R 100.0   1.6   0:02.98 mem.bash
  742 vladisl+  20   0  261268 255844   2988 R 100.0   2.0   0:03.55 mem.bash
  742 vladisl+  20   0  305092 299404   2988 R 100.0   2.3   0:04.12 mem.bash
  742 vladisl+  20   0  341128 335572   2988 R 100.0   2.6   0:04.69 mem.bash
  742 vladisl+  20   0  369772 364348   2988 R 100.0   2.8   0:05.25 mem.bash
  742 vladisl+  20   0  411220 405532   2988 R 100.0   3.1   0:05.82 mem.bash
  742 vladisl+  20   0  440656 435100   2988 R 100.0   3.4   0:06.39 mem.bash
  742 vladisl+  20   0  469432 463876   2988 R  93.8   3.6   0:06.96 mem.bash
  742 vladisl+  20   0  508108 502684   2988 R 100.0   3.9   0:07.52 mem.bash
  742 vladisl+  20   0  548764 543340   2988 R 100.0   4.2   0:08.09 mem.bash
  742 vladisl+  20   0  577408 571852   2988 R 100.0   4.4   0:08.66 mem.bash
  742 vladisl+  20   0  605656 600100   2988 R 100.0   4.7   0:09.24 mem.bash
  742 vladisl+  20   0  636940 631516   2988 R 100.0   4.9   0:09.81 mem.bash
  742 vladisl+  20   0  673636 667948   2988 R 100.0   5.2   0:10.37 mem.bash
  742 vladisl+  20   0  724324 718900   2988 R 100.0   5.6   0:10.94 mem.bash
  742 vladisl+  20   0  766168 760612   2988 R 100.0   5.9   0:11.51 mem.bash
  742 vladisl+  20   0  794680 789124   2988 R 100.0   6.1   0:12.08 mem.bash
  742 vladisl+  20   0  823192 817636   2988 R 100.0   6.3   0:12.64 mem.bash
  742 vladisl+  20   0  851704 846148   2988 R 100.0   6.6   0:13.21 mem.bash
  742 vladisl+  20   0  879820 874396   2988 R 100.0   6.8   0:13.78 mem.bash
  742 vladisl+  20   0  924568 919012   2988 R  93.8   7.1   0:14.35 mem.bash
  742 vladisl+  20   0  971428 966004   2988 R 100.0   7.5   0:14.92 mem.bash
  742 vladisl+  20   0 1022248 992.9m   2988 R 100.0   7.9   0:15.48 mem.bash
  742 vladisl+  20   0 1074388   1.0g   2988 R 100.0   8.3   0:16.05 mem.bash
  742 vladisl+  20   0 1108180   1.1g   2988 R 100.0   8.6   0:16.62 mem.bash
  742 vladisl+  20   0 1139068   1.1g   2988 R  93.8   8.8   0:17.19 mem.bash
  742 vladisl+  20   0 1167052   1.1g   2988 R 100.0   9.0   0:17.75 mem.bash
  742 vladisl+  20   0 1195432   1.1g   2988 R 100.0   9.2   0:18.32 mem.bash
  742 vladisl+  20   0 1223812   1.2g   2988 R 100.0   9.4   0:18.89 mem.bash
  742 vladisl+  20   0 1262356   1.2g   2988 R 100.0   9.7   0:19.45 mem.bash
  742 vladisl+  20   0 1311592   1.2g   2988 R 100.0  10.1   0:20.02 mem.bash
  742 vladisl+  20   0 1345516   1.3g   2988 R 100.0  10.4   0:20.59 mem.bash
  742 vladisl+  20   0 1373764   1.3g   2988 R 100.0  10.6   0:21.16 mem.bash
  742 vladisl+  20   0 1401484   1.3g   2988 R  93.8  10.8   0:21.73 mem.bash
  742 vladisl+  20   0 1430128   1.4g   2988 R 100.0  11.0   0:22.29 mem.bash
  742 vladisl+  20   0 1458508   1.4g   2988 R 100.0  11.3   0:22.86 mem.bash
  742 vladisl+  20   0 1486888   1.4g   2988 R 100.0  11.5   0:23.43 mem.bash
  742 vladisl+  20   0 1515268   1.4g   2988 R 100.0  11.7   0:24.00 mem.bash
  742 vladisl+  20   0 1543780   1.5g   2988 R 100.0  11.9   0:24.56 mem.bash
  742 vladisl+  20   0 1571896   1.5g   2988 R 100.0  12.1   0:25.13 mem.bash
  742 vladisl+  20   0 1613872   1.5g   2988 R 100.0  12.5   0:25.70 mem.bash
  742 vladisl+  20   0 1662052   1.6g   2988 R 100.0  12.8   0:26.27 mem.bash
  742 vladisl+  20   0 1704424   1.6g   2988 R 100.0  13.2   0:26.83 mem.bash
  742 vladisl+  20   0 1751416   1.7g   2988 R 100.0  13.5   0:27.40 mem.bash
  742 vladisl+  20   0 1795900   1.7g   2988 R  93.8  13.9   0:27.97 mem.bash
  742 vladisl+  20   0 1841044   1.8g   2988 R 100.0  14.2   0:28.53 mem.bash
  742 vladisl+  20   0 1874704   1.8g   2988 R 100.0  14.5   0:29.10 mem.bash
  742 vladisl+  20   0 1908232   1.8g   2988 R 100.0  14.8   0:29.67 mem.bash
  742 vladisl+  20   0 1951264   1.9g   2988 R 100.0  15.1   0:30.24 mem.bash
  742 vladisl+  20   0 1983472   1.9g   2988 R 100.0  15.3   0:30.80 mem.bash
  742 vladisl+  20   0 2012248   1.9g   2988 R 100.0  15.6   0:31.36 mem.bash
  742 vladisl+  20   0 2044984   1.9g   2988 R 100.0  15.8   0:31.93 mem.bash
  742 vladisl+  20   0 2073232   2.0g   2988 R 100.0  16.0   0:32.50 mem.bash
  742 vladisl+  20   0 2107420   2.0g   2988 R 100.0  16.3   0:33.07 mem.bash
  742 vladisl+  20   0 2144644   2.0g   2988 R 100.0  16.6   0:33.64 mem.bash
  742 vladisl+  20   0 2181472   2.1g   2988 R 100.0  16.9   0:34.21 mem.bash
  742 vladisl+  20   0 2221072   2.1g   2988 R  93.8  17.2   0:34.78 mem.bash
  742 vladisl+  20   0 2256844   2.1g   2988 R 100.0  17.5   0:35.34 mem.bash
  742 vladisl+  20   0 2284564   2.2g   2988 R 100.0  17.7   0:35.91 mem.bash
  742 vladisl+  20   0 2313340   2.2g   2988 R 100.0  17.9   0:36.48 mem.bash
  742 vladisl+  20   0 2350432   2.2g   2988 R 100.0  18.2   0:37.05 mem.bash
  742 vladisl+  20   0 2392804   2.3g   2988 R  93.8  18.5   0:37.62 mem.bash
  742 vladisl+  20   0 2431744   2.3g   2988 R 100.0  18.8   0:38.18 mem.bash
  742 vladisl+  20   0 2460256   2.3g   2988 R 100.0  19.0   0:38.75 mem.bash
  742 vladisl+  20   0 2491540   2.4g   2988 R 100.0  19.3   0:39.32 mem.bash
  742 vladisl+  20   0 2519788   2.4g   2988 R 100.0  19.5   0:39.89 mem.bash
  742 vladisl+  20   0 2548432   2.4g   2988 R 100.0  19.7   0:40.46 mem.bash
  742 vladisl+  20   0 2583676   2.5g   2988 R 100.0  20.0   0:41.02 mem.bash
  742 vladisl+  20   0 2611792   2.5g   2988 R 100.0  20.2   0:41.59 mem.bash
  742 vladisl+  20   0 2640040   2.5g   2988 R 100.0  20.4   0:42.16 mem.bash
  742 vladisl+  20   0 2668816   2.5g   2988 R 100.0  20.7   0:42.73 mem.bash
  742 vladisl+  20   0 2711320   2.6g   2988 R 100.0  21.0   0:43.29 mem.bash
  742 vladisl+  20   0 2754880   2.6g   2988 R 100.0  21.3   0:43.86 mem.bash
  742 vladisl+  20   0 2793688   2.7g   2988 R 100.0  21.6   0:44.43 mem.bash
  742 vladisl+  20   0 2833024   2.7g   2988 R 100.0  21.9   0:45.00 mem.bash
  742 vladisl+  20   0 2881336   2.7g   2988 R 100.0  22.3   0:45.56 mem.bash
  742 vladisl+  20   0 2923048   2.8g   2988 R 100.0  22.6   0:46.13 mem.bash
  742 vladisl+  20   0 2951560   2.8g   2988 R 100.0  22.8   0:46.70 mem.bash
  742 vladisl+  20   0 2978356   2.8g   2988 R  93.8  23.0   0:47.27 mem.bash
  742 vladisl+  20   0 3006736   2.9g   2988 R 100.0  23.3   0:47.83 mem.bash
  742 vladisl+  20   0 3043564   2.9g   2988 R 100.0  23.6   0:48.40 mem.bash
  742 vladisl+  20   0 3082240   2.9g   2988 R 100.0  23.9   0:48.97 mem.bash
  742 vladisl+  20   0 3116296   3.0g   2988 R 100.0  24.1   0:49.54 mem.bash
  742 vladisl+  20   0 3162760   3.0g   2988 R 100.0  24.5   0:50.11 mem.bash
  742 vladisl+  20   0 3191140   3.0g   2988 R 100.0  24.7   0:50.68 mem.bash
  742 vladisl+  20   0 3227176   3.1g   2988 R 100.0  25.0   0:51.24 mem.bash
  742 vladisl+  20   0 3255820   3.1g   2988 R 100.0  25.2   0:51.81 mem.bash
  742 vladisl+  20   0 3292384   3.1g   2988 R 100.0  25.5   0:52.38 mem.bash
  742 vladisl+  20   0 3336868   3.2g   2988 R 100.0  25.8   0:52.95 mem.bash
  742 vladisl+  20   0 3377920   3.2g   2988 R 100.0  26.1   0:53.52 mem.bash
  742 vladisl+  20   0 3414352   3.3g   2988 R 100.0  26.4   0:54.09 mem.bash
  742 vladisl+  20   0 3451576   3.3g   2988 R 100.0  26.7   0:54.66 mem.bash
  742 vladisl+  20   0 3484444   3.3g   2988 R 100.0  27.0   0:55.24 mem.bash
  742 vladisl+  20   0 3517312   3.3g   2988 R 100.0  27.2   0:55.81 mem.bash
  742 vladisl+  20   0 3549652   3.4g   2988 R 100.0  27.5   0:56.39 mem.bash
  742 vladisl+  20   0 3586744   3.4g   2988 R 100.0  27.8   0:56.96 mem.bash
  742 vladisl+  20   0 3616180   3.4g   2988 R 100.0  28.0   0:57.53 mem.bash
  742 vladisl+  20   0 3652216   3.5g   2988 R 100.0  28.3   0:58.10 mem.bash
  742 vladisl+  20   0 3689836   3.5g   2988 R 100.0  28.6   0:58.67 mem.bash
  742 vladisl+  20   0 3718348   3.5g   2988 R 100.0  28.8   0:59.24 mem.bash
  742 vladisl+  20   0 3746200   3.6g   2988 R 100.0  29.0   0:59.81 mem.bash
  742 vladisl+  20   0 3774052   3.6g   2988 R 100.0  29.2   1:00.38 mem.bash
  742 vladisl+  20   0 3801904   3.6g   2988 R  93.8  29.4   1:00.95 mem.bash
  742 vladisl+  20   0 3832660   3.6g   2988 R 100.0  29.7   1:01.51 mem.bash
  742 vladisl+  20   0 3867376   3.7g   2988 R 100.0  29.9   1:02.08 mem.bash
  742 vladisl+  20   0 3895756   3.7g   2988 R 100.0  30.2   1:02.65 mem.bash
  742 vladisl+  20   0 3924400   3.7g   2988 R 100.0  30.4   1:03.22 mem.bash
  742 vladisl+  20   0 3953704   3.8g   2988 R  93.8  30.6   1:03.79 mem.bash
  742 vladisl+  20   0 3998320   3.8g   2988 R 100.0  31.0   1:04.35 mem.bash
  742 vladisl+  20   0 4044652   3.9g   2988 R 100.0  31.3   1:04.92 mem.bash
  742 vladisl+  20   0 4095340   3.9g   2988 R 100.0  31.7   1:05.49 mem.bash
  742 vladisl+  20   0 4144048   3.9g   2988 R 100.0  32.1   1:06.06 mem.bash
  742 vladisl+  20   0 4182724   4.0g   2988 R  93.8  32.4   1:06.63 mem.bash
  742 vladisl+  20   0 4219024   4.0g   2988 R  93.8  32.7   1:07.20 mem.bash
  742 vladisl+  20   0 4246612   4.0g   2988 R 100.0  32.9   1:07.76 mem.bash
  742 vladisl+  20   0 4280404   4.1g   2988 R  93.8  33.1   1:08.34 mem.bash
  742 vladisl+  20   0 4316968   4.1g   2988 R 100.0  33.4   1:08.90 mem.bash
  742 vladisl+  20   0 4352476   4.1g   2988 R 100.0  33.7   1:09.47 mem.bash
  742 vladisl+  20   0 4389964   4.2g   2988 R 100.0  34.0   1:10.04 mem.bash
  742 vladisl+  20   0 4429168   4.2g   2988 R 100.0  34.3   1:10.61 mem.bash
  742 vladisl+  20   0 4462432   4.3g   2988 R 100.0  34.6   1:11.18 mem.bash
  742 vladisl+  20   0 4502428   4.3g   2988 R 100.0  34.9   1:11.75 mem.bash
  742 vladisl+  20   0 4541632   4.3g   2988 R 100.0  35.2   1:12.32 mem.bash
  742 vladisl+  20   0 4569880   4.4g   2988 R 100.0  35.4   1:12.89 mem.bash
  742 vladisl+  20   0 4605520   4.4g   2988 R 100.0  35.7   1:13.46 mem.bash
  742 vladisl+  20   0 4644856   4.4g   2988 R 100.0  36.0   1:14.02 mem.bash
  742 vladisl+  20   0 4675744   4.5g   2988 R 100.0  36.2   1:14.59 mem.bash
  742 vladisl+  20   0 4707424   4.5g   2988 R 100.0  36.5   1:15.16 mem.bash
  742 vladisl+  20   0 4743724   4.5g   2988 R 100.0  36.7   1:15.73 mem.bash
  742 vladisl+  20   0 4788472   4.6g   2988 R 100.0  37.1   1:16.30 mem.bash
  742 vladisl+  20   0 4829392   4.6g   2988 R 100.0  37.4   1:16.87 mem.bash
  742 vladisl+  20   0 4867936   4.6g   2988 R 100.0  37.7   1:17.47 mem.bash
  742 vladisl+  20   0 4897768   4.7g   2988 R 100.0  37.9   1:18.04 mem.bash
  742 vladisl+  20   0 4928920   4.7g   2988 R 100.0  38.2   1:18.62 mem.bash
  742 vladisl+  20   0 4958224   4.7g   2988 R 100.0  38.4   1:19.19 mem.bash
  742 vladisl+  20   0 4997560   4.8g   2988 R 100.0  38.7   1:19.84 mem.bash
  742 vladisl+  20   0 5035708   4.8g   2988 R 100.0  39.0   1:20.52 mem.bash
  742 vladisl+  20   0 5071612   4.8g   2988 R 100.0  39.3   1:21.16 mem.bash
  742 vladisl+  20   0 5108968   4.9g   2988 R 100.0  39.6   1:21.77 mem.bash
  742 vladisl+  20   0 5153452   4.9g   2988 R 100.0  39.9   1:22.53 mem.bash
  742 vladisl+  20   0 5196748   5.0g   2988 R 100.0  40.3   1:23.10 mem.bash
  742 vladisl+  20   0 5229352   5.0g   2988 R 100.0  40.5   1:23.67 mem.bash
  742 vladisl+  20   0 5268556   5.0g   2988 R 100.0  40.8   1:24.24 mem.bash
  742 vladisl+  20   0 5302480   5.1g   2988 R 100.0  41.1   1:24.84 mem.bash
  742 vladisl+  20   0 5365840   5.1g   2988 R 100.0  41.6   1:25.97 mem.bash
  742 vladisl+  20   0 5406628   5.2g   2988 R 100.0  41.9   1:26.65 mem.bash
  742 vladisl+  20   0 5441872   5.2g   2988 R 100.0  42.2   1:27.30 mem.bash
  742 vladisl+  20   0 5472364   5.2g   2988 R 100.0  42.4   1:27.87 mem.bash
  742 vladisl+  20   0 5510908   5.3g   2988 R 100.0  42.7   1:28.64 mem.bash
  742 vladisl+  20   0 5547736   5.3g   2988 R 100.0  43.0   1:29.21 mem.bash
  742 vladisl+  20   0 5592616   5.3g   2988 R 100.0  43.3   1:29.78 mem.bash
  742 vladisl+  20   0 5624032   5.4g   2988 R 100.0  43.6   1:30.35 mem.bash
  742 vladisl+  20   0 5654656   5.4g   2988 R 100.0  43.8   1:30.92 mem.bash
  742 vladisl+  20   0 5688976   5.4g   2988 R 100.0  44.1   1:31.49 mem.bash
  742 vladisl+  20   0 5723692   5.5g   2988 R 100.0  44.3   1:32.06 mem.bash
  742 vladisl+  20   0 5758936   5.5g   2988 R 100.0  44.6   1:32.63 mem.bash
  742 vladisl+  20   0 5790880   5.5g   2988 R 100.0  44.9   1:33.20 mem.bash
  742 vladisl+  20   0 5817280   5.5g   2988 R 100.0  45.1   1:33.77 mem.bash
  742 vladisl+  20   0 5850280   5.6g   2988 R 100.0  45.3   1:34.34 mem.bash
  742 vladisl+  20   0 5881432   5.6g   2988 R 100.0  45.6   1:34.92 mem.bash
  742 vladisl+  20   0 5909020   5.6g   2988 R 100.0  45.8   1:35.49 mem.bash
  742 vladisl+  20   0 5937664   5.7g   2988 R 100.0  46.0   1:36.05 mem.bash
  742 vladisl+  20   0 5975812   5.7g   2988 R 100.0  46.3   1:36.62 mem.bash
  742 vladisl+  20   0 6006964   5.7g   2988 R 100.0  46.5   1:37.19 mem.bash
  742 vladisl+  20   0 6039172   5.8g   2988 R 100.0  46.8   1:37.76 mem.bash
  742 vladisl+  20   0 6068212   5.8g   2988 R 100.0  47.0   1:38.33 mem.bash
  742 vladisl+  20   0 6110056   5.8g   2988 R  93.8  47.3   1:38.94 mem.bash
  742 vladisl+  20   0 6147016   5.9g   2988 R 100.0  47.6   1:39.55 mem.bash
  742 vladisl+  20   0 6180808   5.9g   2988 R 100.0  47.9   1:40.13 mem.bash
  742 vladisl+  20   0 6214072   5.9g   2988 R 100.0  48.1   1:40.70 mem.bash
  742 vladisl+  20   0 6242848   5.9g   2988 D  87.1  48.4   1:42.46 mem.bash
  742 vladisl+  20   0 8017588   5.8g   1132 R  93.8  47.4   2:32.43 mem.bash
  742 vladisl+  20   0 8040820   5.9g   1132 R 100.0  47.6   2:33.01 mem.bash
  742 vladisl+  20   0 8062864   5.9g   1132 R  93.8  47.8   2:33.60 mem.bash
  742 vladisl+  20   0 8085304   5.9g   1020 R  93.8  47.9   2:34.16 mem.bash
  742 vladisl+  20   0 8114608   5.9g    848 R 100.0  48.1   2:34.77 mem.bash
  742 vladisl+  20   0 8146420   5.9g   1604 R 100.0  48.1   2:35.85 mem.bash
  742 vladisl+  20   0 8170048   5.9g   1604 R 100.0  48.3   2:36.44 mem.bash
  742 vladisl+  20   0 8178100   6.0g   1604 R  93.8  48.4   2:37.03 mem.bash
  742 vladisl+  20   0 8181400   6.0g   1604 R 100.0  48.4   2:37.67 mem.bash
  742 vladisl+  20   0 8185096   6.0g   1604 R 100.0  48.4   2:38.32 mem.bash
  742 vladisl+  20   0 8191828   6.0g   1604 R 100.0  48.5   2:38.91 mem.bash
  742 vladisl+  20   0 8224036   6.0g   1604 R 100.0  48.7   2:39.49 mem.bash
  742 vladisl+  20   0 8265880   6.0g   1604 R 100.0  49.1   2:40.06 mem.bash
  742 vladisl+  20   0 8296636   6.1g   1604 R 100.0  49.3   2:40.64 mem.bash
  742 vladisl+  20   0 8313796   6.1g   1604 R 100.0  49.4   2:41.23 mem.bash
  742 vladisl+  20   0 8326732   6.1g   1604 R 100.0  49.5   2:41.81 mem.bash
  742 vladisl+  20   0 8333200   6.1g   1604 R  87.5  49.6   2:42.38 mem.bash
  742 vladisl+  20   0 8338612   6.1g   1604 R 100.0  49.6   2:42.98 mem.bash
  742 vladisl+  20   0 8345080   6.1g   1604 R 100.0  49.7   2:43.55 mem.bash
  742 vladisl+  20   0 8355508   6.1g   1604 R 100.0  49.8   2:44.15 mem.bash
  742 vladisl+  20   0 8358016   6.1g   1604 R  26.7  49.8   2:45.14 mem.bash
  742 vladisl+  20   0 8358280   6.1g   1604 R  20.0  49.8   2:45.79 mem.bash
  742 vladisl+  20   0 8364748   6.1g   1604 R  86.7  49.8   2:46.66 mem.bash
  742 vladisl+  20   0 8418076   6.2g   1604 R 100.0  50.3   2:47.75 mem.bash
  742 vladisl+  20   0 8462956   6.2g   1604 R 100.0  50.6   2:48.49 mem.bash
  742 vladisl+  20   0 8509552   6.3g   1604 R 100.0  51.0   2:49.16 mem.bash
  742 vladisl+  20   0 8549548   6.3g   1604 R  59.1  51.3   2:49.82 mem.bash
  742 vladisl+  20   0 8560108   6.3g   1604 R 100.0  51.4   2:50.44 mem.bash
  742 vladisl+  20   0 8587168   6.3g   1604 R 100.0  51.6   2:51.01 mem.bash
  742 vladisl+  20   0 8600236   6.4g   1604 R 100.0  51.7   2:51.59 mem.bash
  742 vladisl+  20   0 8620168   6.4g   1604 R 100.0  51.8   2:52.16 mem.bash
  742 vladisl+  20   0 8634424   6.4g   1604 R  93.8  51.9   2:52.74 mem.bash
  742 vladisl+  20   0 8642740   6.4g   1604 R 100.0  52.0   2:53.31 mem.bash
  742 vladisl+  20   0 8649076   6.4g   1604 R 100.0  52.0   2:53.90 mem.bash
  742 vladisl+  20   0 8655808   6.4g   1604 R 100.0  52.1   2:54.49 mem.bash
  742 vladisl+  20   0 8662276   6.4g   1604 R  93.3  52.1   2:55.09 mem.bash
  742 vladisl+  20   0 8679568   6.4g   1604 R 100.0  52.3   2:55.69 mem.bash
  742 vladisl+  20   0 8715868   6.5g   1604 R 100.0  52.6   2:56.26 mem.bash
  742 vladisl+  20   0 8761804   6.5g   1604 R 100.0  52.9   2:56.84 mem.bash
  742 vladisl+  20   0 8808136   6.6g   1604 R 100.0  53.3   2:57.41 mem.bash
  742 vladisl+  20   0 8857108   6.6g   1604 R 100.0  53.7   2:57.98 mem.bash
  742 vladisl+  20   0 8901064   6.6g   1604 R 100.0  54.0   2:58.55 mem.bash
  742 vladisl+  20   0 8945020   6.7g   1604 R 100.0  54.3   2:59.12 mem.bash
  742 vladisl+  20   0 8994124   6.7g   1604 R 100.0  54.7   2:59.69 mem.bash
  742 vladisl+  20   0 9022900   6.8g   1604 R 100.0  54.9   3:00.26 mem.bash
  742 vladisl+  20   0 9049828   6.8g   1604 R 100.0  55.2   3:00.84 mem.bash
  742 vladisl+  20   0 9076624   6.8g   1604 R  93.3  55.4   3:01.40 mem.bash
  742 vladisl+  20   0 9092728   6.8g   1604 R 100.0  55.5   3:01.99 mem.bash
  742 vladisl+  20   0 9108304   6.8g   1604 R 100.0  55.6   3:02.58 mem.bash
  742 vladisl+  20   0 9129424   6.9g   1604 R 100.0  55.8   3:03.16 mem.bash
  742 vladisl+  20   0 9155560   6.9g   1604 R  93.3  56.0   3:03.72 mem.bash
  742 vladisl+  20   0 9165460   6.9g   1604 R 100.0  56.0   3:04.31 mem.bash
  742 vladisl+  20   0 9175756   6.9g   1604 R 100.0  56.1   3:04.89 mem.bash
  742 vladisl+  20   0 9184996   6.9g   1604 R 100.0  56.2   3:05.48 mem.bash
  742 vladisl+  20   0 9194236   6.9g   1604 R 100.0  56.3   3:06.06 mem.bash
  742 vladisl+  20   0 9204004   6.9g   1604 R 100.0  56.3   3:06.65 mem.bash
  742 vladisl+  20   0 9214036   6.9g   1604 R 100.0  56.4   3:07.24 mem.bash
  742 vladisl+  20   0 9223144   6.9g   1604 R 100.0  56.5   3:07.82 mem.bash
  742 vladisl+  20   0 9236212   7.0g   1604 R 100.0  56.6   3:08.40 mem.bash
  742 vladisl+  20   0 9241888   7.0g   1604 R 100.0  56.6   3:08.96 mem.bash
  742 vladisl+  20   0 9256672   7.0g   1604 R 100.0  56.8   3:09.61 mem.bash
  742 vladisl+  20   0 9269344   7.0g   1604 R 100.0  56.9   3:10.22 mem.bash
  742 vladisl+  20   0 9291124   7.0g   1604 R 100.0  57.0   3:10.80 mem.bash
  742 vladisl+  20   0 9332572   7.1g   1604 R 100.0  57.3   3:11.37 mem.bash
  742 vladisl+  20   0 9357916   7.1g   1604 R 100.0  57.5   3:11.95 mem.bash
  742 vladisl+  20   0 9395536   7.1g   1604 R 100.0  57.8   3:12.55 mem.bash
  742 vladisl+  20   0 9437776   7.2g   1604 R 100.0  58.2   3:13.12 mem.bash
  742 vladisl+  20   0 9485296   7.2g   1604 R 100.0  58.5   3:13.69 mem.bash
  742 vladisl+  20   0 9528856   7.2g   1604 R 100.0  58.9   3:14.27 mem.bash
  742 vladisl+  20   0 9580468   7.3g   1604 R 100.0  59.3   3:14.84 mem.bash
  742 vladisl+  20   0 9632080   7.3g   1604 R 100.0  59.7   3:15.40 mem.bash
  742 vladisl+  20   0 9680128   7.4g   1604 R 100.0  60.0   3:15.97 mem.bash
  742 vladisl+  20   0 9719200   7.4g   1604 R 100.0  60.3   3:16.54 mem.bash
  742 vladisl+  20   0 9747448   7.4g   1604 R 100.0  60.6   3:17.12 mem.bash
  742 vladisl+  20   0 9763816   7.5g   1604 R 100.0  60.7   3:17.69 mem.bash
  742 vladisl+  20   0 9793252   7.5g   1604 R  93.3  60.9   3:18.26 mem.bash
  742 vladisl+  20   0 9821896   7.5g   1604 R 100.0  61.1   3:18.84 mem.bash
  742 vladisl+  20   0 9849220   7.5g   1604 R 100.0  61.3   3:19.41 mem.bash
  742 vladisl+  20   0 9874036   7.6g   1604 R  93.8  61.5   3:19.99 mem.bash
  742 vladisl+  20   0 9890272   7.6g   1604 R 100.0  61.7   3:20.56 mem.bash
  742 vladisl+  20   0 9912976   7.6g   1604 R 100.0  61.8   3:21.13 mem.bash
  742 vladisl+  20   0 9925120   7.6g   1604 R 100.0  61.9   3:21.73 mem.bash
  742 vladisl+  20   0 9942676   7.6g   1604 R  93.8  62.1   3:22.30 mem.bash
  742 vladisl+  20   0 9967228   7.7g   1604 R 100.0  62.3   3:22.88 mem.bash
  742 vladisl+  20   0 9980032   7.7g   1604 R 100.0  62.4   3:23.45 mem.bash
  742 vladisl+  20   0 9997456   7.7g   1604 R 100.0  62.5   3:24.03 mem.bash
  742 vladisl+  20   0 9777.1m   7.7g   1604 R 100.0  62.6   3:24.60 mem.bash
  742 vladisl+  20   0 9788.8m   7.7g   1604 R  93.3  62.7   3:25.18 mem.bash
  742 vladisl+  20   0 9802.6m   7.7g   1604 R 100.0  62.8   3:25.77 mem.bash
  742 vladisl+  20   0 9824.0m   7.7g   1604 R  93.3  63.0   3:26.33 mem.bash
  742 vladisl+  20   0 9841.9m   7.8g   1604 R 100.0  63.1   3:26.91 mem.bash
  742 vladisl+  20   0 9853.8m   7.8g   1604 R 100.0  63.2   3:27.49 mem.bash
  742 vladisl+  20   0 9867.6m   7.8g   1604 R 100.0  63.3   3:28.07 mem.bash
  742 vladisl+  20   0 9879.3m   7.8g   1604 R 100.0  63.4   3:28.64 mem.bash
  742 vladisl+  20   0 9891.3m   7.8g   1604 R 100.0  63.5   3:29.23 mem.bash
  742 vladisl+  20   0 9905.5m   7.8g   1604 R 100.0  63.6   3:29.80 mem.bash
  742 vladisl+  20   0 9919.4m   7.8g   1604 R 100.0  63.7   3:30.38 mem.bash
  742 vladisl+  20   0 9933.6m   7.9g   1604 R 100.0  63.9   3:30.96 mem.bash
  742 vladisl+  20   0 9951.0m   7.9g   1604 R  93.8  64.0   3:31.54 mem.bash
  742 vladisl+  20   0 9971.7m   7.9g   1604 R 100.0  64.2   3:32.11 mem.bash
  742 vladisl+  20   0 9987.3m   7.9g   1604 R 100.0  64.3   3:32.69 mem.bash
  742 vladisl+  20   0    9.8g   7.9g   1604 R 100.0  64.5   3:33.27 mem.bash
  742 vladisl+  20   0    9.8g   8.0g   1604 R 100.0  64.7   3:33.84 mem.bash
  742 vladisl+  20   0    9.8g   8.0g   1604 R 100.0  65.0   3:34.41 mem.bash
  742 vladisl+  20   0    9.9g   8.0g   1604 R 100.0  65.3   3:34.98 mem.bash
  742 vladisl+  20   0    9.9g   8.1g   1604 R 100.0  65.6   3:35.56 mem.bash
  742 vladisl+  20   0   10.0g   8.1g   1604 R 100.0  66.1   3:36.13 mem.bash
  742 vladisl+  20   0   10.0g   8.2g   1604 R  93.8  66.4   3:36.70 mem.bash
  742 vladisl+  20   0   10.1g   8.2g   1604 R 100.0  66.8   3:37.25 mem.bash
  742 vladisl+  20   0   10.1g   8.3g   1604 R 100.0  67.2   3:37.83 mem.bash
  742 vladisl+  20   0   10.2g   8.3g   1604 R 100.0  67.6   3:38.40 mem.bash
  742 vladisl+  20   0   10.2g   8.4g   1604 R 100.0  68.0   3:38.98 mem.bash
  742 vladisl+  20   0   10.3g   8.4g   1604 R 100.0  68.4   3:39.54 mem.bash
  742 vladisl+  20   0   10.3g   8.5g   1604 R 100.0  68.8   3:40.12 mem.bash
  742 vladisl+  20   0   10.3g   8.5g   1604 R 100.0  69.1   3:40.69 mem.bash
  742 vladisl+  20   0   10.4g   8.5g   1604 R  93.8  69.3   3:41.27 mem.bash
  742 vladisl+  20   0   10.4g   8.6g   1604 R 100.0  69.5   3:41.85 mem.bash
  742 vladisl+  20   0   10.4g   8.6g   1604 R 100.0  69.6   3:42.42 mem.bash
  742 vladisl+  20   0   10.4g   8.6g   1604 R  93.8  69.8   3:43.00 mem.bash
  742 vladisl+  20   0   10.5g   8.6g   1604 R 100.0  70.0   3:43.56 mem.bash
  742 vladisl+  20   0   10.5g   8.6g   1604 R  93.3  70.2   3:44.13 mem.bash
  742 vladisl+  20   0   10.5g   8.7g   1604 R 100.0  70.4   3:44.73 mem.bash
  742 vladisl+  20   0   10.5g   8.7g   1604 R 100.0  70.6   3:45.31 mem.bash
  742 vladisl+  20   0   10.6g   8.7g   1604 R 100.0  70.9   3:45.88 mem.bash
  742 vladisl+  20   0   10.6g   8.7g   1604 R  93.3  71.1   3:46.44 mem.bash
  742 vladisl+  20   0   10.6g   8.8g   1604 R 100.0  71.3   3:47.05 mem.bash
  742 vladisl+  20   0   10.6g   8.8g   1604 R  93.3  71.4   3:47.62 mem.bash
  742 vladisl+  20   0   10.6g   8.8g   1604 R 100.0  71.5   3:48.23 mem.bash
  742 vladisl+  20   0   10.7g   8.8g   1604 R 100.0  71.6   3:48.92 mem.bash
  742 vladisl+  20   0   10.7g   8.8g   1604 R 100.0  71.7   3:49.53 mem.bash
  742 vladisl+  20   0   10.7g   8.8g   1604 R 100.0  71.9   3:50.11 mem.bash
  742 vladisl+  20   0   10.7g   8.9g   1604 R  93.3  72.0   3:50.68 mem.bash
  742 vladisl+  20   0   10.7g   8.9g   1604 R  87.5  72.1   3:51.37 mem.bash
  742 vladisl+  20   0   10.7g   8.9g   1604 R 100.0  72.2   3:51.95 mem.bash
  742 vladisl+  20   0   10.7g   8.9g   1604 R 100.0  72.3   3:52.52 mem.bash
  742 vladisl+  20   0   10.8g   8.9g   1604 R 100.0  72.5   3:53.10 mem.bash
  742 vladisl+  20   0   10.8g   8.9g   1604 R 100.0  72.7   3:53.67 mem.bash
  742 vladisl+  20   0   10.8g   9.0g   1604 R 100.0  72.9   3:54.24 mem.bash
  742 vladisl+  20   0   10.8g   9.0g   1604 R 100.0  73.1   3:54.86 mem.bash
  742 vladisl+  20   0   10.9g   9.0g   1604 R  93.8  73.2   3:55.43 mem.bash
  742 vladisl+  20   0   10.9g   9.0g   1604 R 100.0  73.3   3:56.01 mem.bash
  742 vladisl+  20   0   10.9g   9.0g   1604 R 100.0  73.5   3:56.59 mem.bash
  742 vladisl+  20   0   10.9g   9.1g   1604 R 100.0  73.7   3:57.16 mem.bash
  742 vladisl+  20   0   10.9g   9.1g   1604 R  93.3  73.9   3:57.73 mem.bash
  742 vladisl+  20   0   11.0g   9.1g   1604 R 100.0  74.1   3:58.30 mem.bash
  742 vladisl+  20   0   11.0g   9.1g   1604 R 100.0  74.2   3:58.88 mem.bash
  742 vladisl+  20   0   11.0g   9.1g   1604 R 100.0  74.4   3:59.46 mem.bash
  742 vladisl+  20   0   11.0g   9.2g   1604 R 100.0  74.6   4:00.03 mem.bash
  742 vladisl+  20   0   11.0g   9.2g   1604 R 100.0  74.7   4:00.60 mem.bash
  742 vladisl+  20   0   11.1g   9.2g   1604 R  93.8  74.8   4:01.18 mem.bash
  742 vladisl+  20   0   11.1g   9.2g   1604 R 100.0  75.0   4:01.75 mem.bash
  742 vladisl+  20   0   11.1g   9.2g   1604 R 100.0  75.1   4:02.32 mem.bash
  742 vladisl+  20   0   11.1g   9.3g   1604 R 100.0  75.3   4:02.90 mem.bash
  742 vladisl+  20   0   11.1g   9.3g   1604 R 100.0  75.4   4:03.47 mem.bash
  742 vladisl+  20   0   11.1g   9.3g   1604 R  86.7  75.4   4:04.15 mem.bash
  742 vladisl+  20   0   11.1g   9.3g   1604 R 100.0  75.4   4:04.85 mem.bash
  742 vladisl+  20   0   11.1g   9.3g   1604 R  66.7  75.5   4:05.44 mem.bash
  742 vladisl+  20   0   11.1g   9.3g   1604 R  33.3  75.5   4:05.95 mem.bash
  742 vladisl+  20   0   11.1g   9.3g   1604 R 100.0  75.5   4:06.79 mem.bash
  742 vladisl+  20   0   11.1g   9.3g   1604 R 100.0  75.5   4:07.42 mem.bash
  742 vladisl+  20   0   11.1g   9.3g   1604 R 100.0  75.6   4:08.07 mem.bash
  742 vladisl+  20   0   11.2g   9.3g   1604 R 100.0  75.8   4:08.64 mem.bash
  742 vladisl+  20   0   11.2g   9.3g   1604 R 100.0  75.9   4:09.22 mem.bash
  742 vladisl+  20   0   11.2g   9.3g   1604 R 100.0  76.0   4:09.79 mem.bash
  742 vladisl+  20   0   11.2g   9.4g   1604 R 100.0  76.1   4:10.38 mem.bash
  742 vladisl+  20   0   11.2g   9.4g   1604 R 100.0  76.3   4:10.96 mem.bash
  742 vladisl+  20   0   11.2g   9.4g   1604 R 100.0  76.4   4:11.54 mem.bash
  742 vladisl+  20   0   11.3g   9.4g   1604 R 100.0  76.5   4:12.12 mem.bash
  742 vladisl+  20   0   11.3g   9.4g   1604 R 100.0  76.6   4:12.71 mem.bash
  742 vladisl+  20   0   11.3g   9.4g   1604 R 100.0  76.7   4:13.29 mem.bash
  742 vladisl+  20   0   11.3g   9.4g   1604 R 100.0  76.8   4:13.88 mem.bash
  742 vladisl+  20   0   11.3g   9.5g   1604 R 100.0  76.8   4:14.47 mem.bash
  742 vladisl+  20   0   11.3g   9.5g   1604 R   0.0  76.9   4:14.94 mem.bash
  742 vladisl+  20   0   11.3g   9.5g   1604 R 100.0  76.9   4:16.02 mem.bash
  742 vladisl+  20   0   11.3g   9.5g   1604 R 100.0  77.0   4:16.60 mem.bash
  742 vladisl+  20   0   11.3g   9.5g   1604 R 100.0  77.2   4:17.18 mem.bash
  742 vladisl+  20   0   11.4g   9.5g   1604 R 100.0  77.3   4:17.75 mem.bash
  742 vladisl+  20   0   11.4g   9.5g   1604 R  93.8  77.4   4:18.33 mem.bash
  742 vladisl+  20   0   11.4g   9.6g   1604 R 100.0  77.7   4:18.90 mem.bash
  742 vladisl+  20   0   11.5g   9.6g   1604 R 100.0  78.1   4:19.45 mem.bash
  742 vladisl+  20   0   11.5g   9.6g   1604 R 100.0  78.4   4:20.03 mem.bash
  742 vladisl+  20   0   11.5g   9.7g   1604 R 100.0  78.7   4:20.60 mem.bash
  742 vladisl+  20   0   11.5g   9.7g   1604 R 100.0  78.9   4:21.17 mem.bash
  742 vladisl+  20   0   11.6g   9.7g   1604 R 100.0  79.1   4:21.74 mem.bash
  742 vladisl+  20   0   11.6g   9.8g   1604 R 100.0  79.5   4:22.31 mem.bash
  742 vladisl+  20   0   11.7g   9.8g   1604 R 100.0  79.8   4:22.87 mem.bash
  742 vladisl+  20   0   11.7g   9.9g   1604 R 100.0  80.2   4:23.45 mem.bash
  742 vladisl+  20   0   11.7g   9.9g   1604 R  93.8  80.5   4:24.06 mem.bash
  742 vladisl+  20   0   11.8g   9.9g   1604 R  93.8  80.6   4:24.66 mem.bash
  742 vladisl+  20   0   11.8g   9.9g   1604 R 100.0  80.7   4:25.24 mem.bash
  742 vladisl+  20   0   11.8g   9.9g   1604 R 100.0  80.8   4:25.81 mem.bash
  742 vladisl+  20   0   11.8g   9.9g   1604 R 100.0  80.9   4:26.39 mem.bash
  742 vladisl+  20   0   11.8g  10.0g   1604 R 100.0  81.0   4:26.98 mem.bash
  742 vladisl+  20   0   11.8g  10.0g   1604 R 100.0  81.2   4:27.56 mem.bash
  742 vladisl+  20   0   11.9g  10.0g   1604 R 100.0  81.4   4:28.13 mem.bash
  742 vladisl+  20   0   11.9g  10.0g   1604 R 100.0  81.5   4:28.71 mem.bash
  742 vladisl+  20   0   11.9g  10.0g   1604 R 100.0  81.7   4:29.28 mem.bash
  742 vladisl+  20   0   11.9g  10.1g   1604 R 100.0  81.9   4:29.86 mem.bash
  742 vladisl+  20   0   11.9g  10.1g   1604 R 100.0  82.0   4:30.43 mem.bash
  742 vladisl+  20   0   12.0g  10.1g   1604 R 100.0  82.2   4:31.01 mem.bash
  742 vladisl+  20   0   12.0g  10.1g   1604 R 100.0  82.4   4:31.59 mem.bash
  742 vladisl+  20   0   12.0g  10.2g   1604 R  93.3  82.6   4:32.15 mem.bash
  742 vladisl+  20   0   12.0g  10.2g   1604 R 100.0  82.8   4:32.72 mem.bash
  742 vladisl+  20   0   12.0g  10.2g   1604 R 100.0  82.9   4:33.31 mem.bash
  742 vladisl+  20   0   12.1g  10.2g   1604 R 100.0  83.2   4:33.88 mem.bash
  742 vladisl+  20   0   12.1g  10.3g   1604 R 100.0  83.4   4:34.45 mem.bash
  742 vladisl+  20   0   12.1g  10.3g   1604 R 100.0  83.5   4:35.02 mem.bash
  742 vladisl+  20   0   12.1g  10.3g   1604 R 100.0  83.7   4:35.60 mem.bash
  742 vladisl+  20   0   12.2g  10.3g   1604 R 100.0  83.9   4:36.17 mem.bash
  742 vladisl+  20   0   12.2g  10.3g   1604 R 100.0  84.1   4:36.74 mem.bash
  742 vladisl+  20   0   12.2g  10.4g   1604 R 100.0  84.3   4:37.32 mem.bash
  742 vladisl+  20   0   12.2g  10.4g   1604 R 100.0  84.5   4:37.88 mem.bash
  742 vladisl+  20   0   12.3g  10.4g   1604 R  87.5  84.6   4:38.45 mem.bash
  742 vladisl+  20   0   12.3g  10.4g   1604 R 100.0  84.7   4:39.21 mem.bash
  742 vladisl+  20   0   12.3g  10.4g   1604 R  93.3  84.9   4:39.78 mem.bash
  742 vladisl+  20   0   12.3g  10.5g   1604 R 100.0  85.1   4:40.36 mem.bash
  742 vladisl+  20   0   12.3g  10.5g   1604 R 100.0  85.3   4:40.93 mem.bash
  742 vladisl+  20   0   12.4g  10.5g   1604 R 100.0  85.4   4:41.51 mem.bash
  742 vladisl+  20   0   12.4g  10.5g   1604 R 100.0  85.6   4:42.09 mem.bash
  742 vladisl+  20   0   12.4g  10.6g   1604 R  93.3  85.9   4:42.65 mem.bash
  742 vladisl+  20   0   12.4g  10.6g   1604 R 100.0  86.0   4:43.24 mem.bash
  742 vladisl+  20   0   12.5g  10.6g   1604 R  93.3  86.2   4:43.80 mem.bash
  742 vladisl+  20   0   12.5g  10.6g   1604 R 100.0  86.4   4:44.38 mem.bash
  742 vladisl+  20   0   12.5g  10.7g   1604 R 100.0  86.7   4:44.95 mem.bash
  742 vladisl+  20   0   12.5g  10.7g   1604 R 100.0  86.9   4:45.51 mem.bash
  742 vladisl+  20   0   12.6g  10.7g   1604 R 100.0  87.1   4:46.08 mem.bash
  742 vladisl+  20   0   12.6g  10.7g   1604 R 100.0  87.3   4:46.66 mem.bash
  742 vladisl+  20   0   12.6g  10.8g   1604 R 100.0  87.5   4:47.24 mem.bash
  742 vladisl+  20   0   12.6g  10.8g   1604 R 100.0  87.7   4:47.80 mem.bash
  742 vladisl+  20   0   12.7g  10.8g   1604 R 100.0  87.9   4:48.39 mem.bash
  742 vladisl+  20   0   12.7g  10.8g   1604 R 100.0  88.2   4:48.96 mem.bash
  742 vladisl+  20   0   12.7g  10.9g   1604 R 100.0  88.3   4:49.52 mem.bash
  742 vladisl+  20   0   12.7g  10.9g   1604 R 100.0  88.5   4:50.11 mem.bash
  742 vladisl+  20   0   12.7g  10.9g   1604 R 100.0  88.6   4:50.69 mem.bash
  742 vladisl+  20   0   12.8g  10.9g   1604 R 100.0  88.9   4:51.25 mem.bash
  742 vladisl+  20   0   12.8g  11.0g   1604 R 100.0  89.1   4:51.83 mem.bash
  742 vladisl+  20   0   12.8g  11.0g   1604 R 100.0  89.2   4:52.40 mem.bash
  742 vladisl+  20   0   12.9g  11.0g   1604 R 100.0  89.5   4:52.97 mem.bash
  742 vladisl+  20   0   12.9g  11.0g   1604 R 100.0  89.6   4:53.53 mem.bash
  742 vladisl+  20   0   12.9g  11.0g   1604 R 100.0  89.8   4:54.11 mem.bash
  742 vladisl+  20   0   12.9g  11.1g   1604 R 100.0  89.9   4:54.69 mem.bash
  742 vladisl+  20   0   12.9g  11.1g   1604 R 100.0  90.2   4:55.26 mem.bash
  742 vladisl+  20   0   13.0g  11.1g   1604 R  93.8  90.4   4:55.85 mem.bash
  742 vladisl+  20   0   13.0g  11.1g   1604 R 100.0  90.6   4:56.42 mem.bash
  742 vladisl+  20   0   13.0g  11.2g   1604 R 100.0  90.8   4:56.99 mem.bash
  742 vladisl+  20   0   13.0g  11.2g   1604 R 100.0  90.8   4:57.57 mem.bash
  742 vladisl+  20   0   13.0g  11.2g   1604 R 100.0  90.9   4:58.15 mem.bash
  742 vladisl+  20   0   13.0g  11.2g   1604 R 100.0  91.1   4:58.72 mem.bash
  742 vladisl+  20   0   13.1g  11.2g   1604 R  93.3  91.2   4:59.29 mem.bash
  742 vladisl+  20   0   13.1g  11.2g   1604 R 100.0  91.3   4:59.88 mem.bash
  742 vladisl+  20   0   13.1g  11.2g   1604 R  93.3  91.4   5:00.57 mem.bash
  742 vladisl+  20   0   13.1g  11.3g   1604 R 100.0  91.5   5:01.20 mem.bash
  742 vladisl+  20   0   13.1g  11.3g   1604 R 100.0  91.6   5:01.77 mem.bash
  742 vladisl+  20   0   13.1g  11.3g   1604 R  93.3  91.8   5:02.34 mem.bash
  742 vladisl+  20   0   13.2g  11.3g   1604 R 100.0  92.1   5:02.92 mem.bash
  742 vladisl+  20   0   13.2g  11.4g   1604 R 100.0  92.3   5:03.48 mem.bash
  742 vladisl+  20   0   13.2g  11.4g   1604 R  46.7  92.5   5:03.97 mem.bash
  742 vladisl+  20   0   13.2g  11.4g   1604 R 100.0  92.6   5:04.67 mem.bash
  742 vladisl+  20   0   13.3g  11.4g   1604 R 100.0  92.8   5:05.25 mem.bash
  742 vladisl+  20   0   13.3g  11.4g   1604 R 100.0  92.9   5:05.82 mem.bash
  742 vladisl+  20   0   13.3g  11.4g   1604 R 100.0  93.1   5:06.39 mem.bash
  742 vladisl+  20   0   13.3g  11.5g   1604 R 100.0  93.1   5:07.07 mem.bash
  742 vladisl+  20   0   13.3g  11.5g   1604 R 100.0  93.1   5:07.75 mem.bash
  742 vladisl+  20   0   13.3g  11.5g   1604 R 100.0  93.3   5:08.32 mem.bash
  742 vladisl+  20   0   13.3g  11.5g   1604 R  93.8  93.4   5:08.91 mem.bash
  742 vladisl+  20   0   13.4g  11.5g   1604 R 100.0  93.6   5:09.48 mem.bash
  742 vladisl+  20   0   13.4g  11.5g   1604 R 100.0  93.6   5:10.24 mem.bash
  742 vladisl+  20   0   13.4g  11.5g   1604 R 100.0  93.7   5:11.03 mem.bash
  742 vladisl+  20   0   13.4g  11.5g   1604 R 100.0  93.8   5:11.61 mem.bash
  742 vladisl+  20   0   13.4g  11.6g   1604 R 100.0  94.0   5:12.19 mem.bash
  742 vladisl+  20   0   13.4g  11.6g   1604 R  90.5  94.1   5:12.97 mem.bash
  742 vladisl+  20   0   13.4g  11.6g   1604 R  46.7  94.1   5:13.61 mem.bash
  742 vladisl+  20   0   13.4g  11.6g   1604 R 100.0  94.1   5:14.43 mem.bash
  742 vladisl+  20   0   13.5g  11.6g   1604 R 100.0  94.3   5:15.01 mem.bash
  742 vladisl+  20   0   13.5g  11.6g   1604 R  75.0  94.5   5:15.59 mem.bash
  742 vladisl+  20   0   13.5g  11.6g   1604 R 100.0  94.6   5:16.19 mem.bash
  742 vladisl+  20   0   13.5g  11.7g   1604 R   0.0  94.8   5:16.64 mem.bash
  742 vladisl+  20   0   13.5g  11.7g   1604 R 100.0  94.9   5:17.37 mem.bash
  742 vladisl+  20   0   13.5g  11.7g   1604 R 100.0  95.0   5:17.96 mem.bash
  742 vladisl+  20   0   13.6g  11.7g   1604 R  93.8  95.2   5:18.54 mem.bash
  742 vladisl+  20   0   13.6g  11.7g   1604 R  93.3  95.4   5:19.10 mem.bash
  742 vladisl+  20   0   13.6g  11.7g   1604 R 100.0  95.4   5:19.78 mem.bash
  742 vladisl+  20   0   13.7g  11.7g   1604 R 100.0  95.2   5:21.64 mem.bash
  742 vladisl+  20   0   13.7g  11.7g   1604 R 100.0  95.4   5:22.21 mem.bash
  742 vladisl+  20   0   13.8g  11.7g   1604 R 100.0  95.4   5:22.87 mem.bash
  742 vladisl+  20   0   13.8g  11.7g   1604 R  93.8  94.9   5:23.84 mem.bash
  742 vladisl+  20   0   13.9g  11.7g   1604 R  93.8  95.1   5:24.41 mem.bash
  742 vladisl+  20   0   13.9g  11.7g   1604 R 100.0  95.4   5:24.98 mem.bash
  742 vladisl+  20   0   13.9g  11.7g   1604 R  93.3  95.5   5:25.55 mem.bash
  742 vladisl+  20   0   14.0g  11.7g   1604 R  93.8  95.4   5:26.14 mem.bash
  742 vladisl+  20   0   14.0g  11.7g   1604 R 100.0  95.3   5:26.84 mem.bash
  742 vladisl+  20   0   14.0g  11.7g   1604 R 100.0  95.3   5:27.41 mem.bash
  742 vladisl+  20   0   14.1g  11.8g   1604 R  93.3  95.6   5:27.98 mem.bash
  742 vladisl+  20   0   14.1g  11.7g   1604 R 100.0  95.1   5:28.51 mem.bash
  742 vladisl+  20   0   14.1g  11.7g   1604 R 100.0  95.3   5:29.10 mem.bash
  742 vladisl+  20   0   14.2g  11.7g   1604 R  93.8  95.2   5:29.68 mem.bash
  742 vladisl+  20   0   14.2g  11.7g   1604 R  82.4  95.0   5:30.25 mem.bash
  742 vladisl+  20   0   14.2g  11.7g   1604 R 100.0  95.2   5:30.86 mem.bash
  742 vladisl+  20   0   14.3g  11.8g   1604 R 100.0  95.5   5:31.43 mem.bash
  742 vladisl+  20   0   14.3g  11.7g   1604 R 100.0  95.1   5:32.00 mem.bash
  742 vladisl+  20   0   14.3g  11.7g   1604 D  47.6  95.2   5:32.51 mem.bash
  742 vladisl+  20   0   14.4g  11.7g   1592 R 100.0  95.1   5:34.24 mem.bash
  742 vladisl+  20   0   14.4g  11.7g   1592 R 100.0  95.4   5:34.81 mem.bash
  742 vladisl+  20   0   14.4g  11.8g   1592 R  93.3  95.6   5:35.37 mem.bash
  742 vladisl+  20   0   14.5g  11.7g   1592 D  86.7  95.2   5:37.37 mem.bash
  742 vladisl+  20   0   14.6g  11.7g   1592 R 100.0  95.4   5:37.99 mem.bash
  742 vladisl+  20   0   14.6g  11.8g   1592 R 100.0  95.7   5:38.58 mem.bash
  742 vladisl+  20   0   14.6g  11.7g   1592 R  66.7  95.2   5:39.35 mem.bash
  742 vladisl+  20   0   14.6g  11.7g   1592 R 100.0  95.2   5:39.87 mem.bash
  742 vladisl+  20   0   14.7g  11.7g   1592 R 100.0  95.5   5:40.44 mem.bash
  742 vladisl+  20   0   14.7g  11.8g   1592 R 100.0  95.7   5:41.02 mem.bash
  742 vladisl+  20   0   14.7g  11.7g   1592 R 100.0  95.5   5:41.48 mem.bash
  742 vladisl+  20   0   14.7g  11.8g   1592 R  93.8  95.6   5:42.14 mem.bash
  742 vladisl+  20   0   14.7g  11.7g   1592 R 100.0  95.5   5:42.71 mem.bash
  742 vladisl+  20   0   14.8g  11.7g   1592 R 100.0  95.4   5:43.48 mem.bash
  742 vladisl+  20   0   14.8g  11.8g   1592 R 100.0  95.6   5:44.06 mem.bash
  742 vladisl+  20   0   14.8g  11.7g   1592 R  46.7  95.3   5:44.56 mem.bash
  742 vladisl+  20   0   14.8g  11.7g   1592 R 100.0  95.3   5:45.14 mem.bash
  742 vladisl+  20   0   14.9g  11.7g   1592 R 100.0  95.2   5:45.56 mem.bash
  742 vladisl+  20   0   14.9g  11.7g   1592 R 100.0  95.5   5:46.13 mem.bash
  742 vladisl+  20   0   14.9g  11.8g   1592 R 100.0  95.6   5:46.72 mem.bash
  742 vladisl+  20   0   14.9g  11.7g   1592 R  60.0  95.0   5:47.20 mem.bash
  742 vladisl+  20   0   15.0g  11.7g   1592 D  43.8  95.0   5:47.62 mem.bash
  742 vladisl+  20   0   15.0g  11.7g   1592 R  93.8  95.0   5:48.19 mem.bash
  742 vladisl+  20   0   15.0g  11.7g   1592 R 100.0  95.2   5:48.76 mem.bash
  742 vladisl+  20   0   15.0g  11.7g   1592 R 100.0  95.0   5:49.34 mem.bash
  742 vladisl+  20   0   15.0g  11.7g   1592 R  73.3  95.0   5:49.87 mem.bash
  742 vladisl+  20   0   15.1g  11.7g   1592 R 100.0  95.3   5:50.57 mem.bash
  742 vladisl+  20   0   15.1g  11.7g   1592 R 100.0  95.2   5:52.55 mem.bash
  742 vladisl+  20   0   15.2g  11.7g   1592 R 100.0  95.4   5:53.21 mem.bash
  742 vladisl+  20   0   15.2g  11.8g   1592 R 100.0  95.7   5:53.78 mem.bash
  742 vladisl+  20   0   15.2g  11.8g   1592 R 100.0  95.8   5:54.31 mem.bash
  742 vladisl+  20   0   15.3g  11.7g   1592 R  73.3  95.2   5:54.76 mem.bash
  742 vladisl+  20   0   15.3g  11.7g   1592 R  83.3  95.4   5:55.35 mem.bash
  742 vladisl+  20   0   15.3g  11.7g   1592 R  46.7  95.1   5:55.65 mem.bash
  742 vladisl+  20   0   15.3g  11.7g   1592 R 100.0  95.4   5:57.70 mem.bash
  742 vladisl+  20   0   15.4g  11.8g   1564 R 100.0  95.7   5:58.33 mem.bash
  742 vladisl+  20   0   15.4g  11.8g   1564 R 100.0  96.0   5:58.91 mem.bash
  742 vladisl+  20   0   15.4g  11.8g   1564 R 100.0  96.2   5:59.47 mem.bash
  742 vladisl+  20   0   15.4g  11.8g   1564 R 100.0  96.3   6:00.93 mem.bash
  742 vladisl+  20   0   15.5g  11.9g   1352 R 100.0  96.5   6:01.54 mem.bash
  742 vladisl+  20   0       0      0      0 R  93.8   0.0   6:03.20 mem.bash
