12491604
12422792
12330340
12263796
12182652
12096964
12015804
11931408
11849760
11792548
11722728
11650436
11593460
11523680
11432944
11376512
11320804
11256300
11195056
11096012
11003804
10947080
10890388
10833704
10775980
10699404
10607920
10513664
10416392
10340288
10279540
10222344
10165652
10109172
10043180
9949672
9870780
9813576
9757128
9701964
9644996
9588540
9531604
9474904
9418456
9349416
9250112
9166448
9069696
8972188
8876412
8798528
8741560
8649108
8579304
8522612
8463864
8401888
8330808
8264784
8189192
8113128
8033968
7978276
7920812
7856812
7772132
7679412
7623956
7560956
7505272
7448068
7376516
7319028
7263328
7204132
7128508
7032472
6956416
6863420
6781528
6692548
6635092
6582220
6524748
6460740
6372540
6309792
6222356
6154048
6083992
6024528
5961040
5874328
5791160
5717080
5644512
5571164
5507408
5438368
5369320
5304060
5237548
5173516
5106492
5049540
4995628
4939912
4882976
4801824
4745108
4689156
4632968
4546800
4457568
4364856
4273908
4188700
4115620
4061692
3993148
3921272
3853296
3777008
3701096
3629188
3555368
3478752
3414436
3348540
3264748
3208356
3140080
3072512
2985588
2892104
2810960
2757768
2689560
2636252
2564568
2485012
2417880
2338956
2251772
2168684
2090824
2023264
1946672
1862032
1745448
1667708
1602896
1537936
1458500
1368992
1299300
1246456
1179724
1101628
1030352
964076
909596
846228
778856
725432
670880
600448
527596
471172
401384
329032
247340
184396
126492
129640
139404
136348
139624
148932
136772
6349220
6307136
6298796
6291196
6284668
6278392
6245412
6202572
6153424
6133004
6122688
6111584
6106276
6099440
6090432
6084320
6083020
6081792
6051820
5985292
5943508
5889848
5878484
5850016
5833368
5815468
5798096
5787504
5781456
5774384
5768588
5754224
5712676
5666048
5611632
5561468
5516880
5469236
5423072
5388344
5358356
5327880
5315288
5296884
5277464
5250760
5238664
5227064
5217496
5208156
5198572
5187516
5178420
5167624
5157528
5150472
5134580
5118680
5074596
5046624
5014644
4970276
4925900
4883840
4831644
4780268
4730648
4685272
4655536
4639652
4611924
4579936
4554452
4528008
4511360
4491468
4475340
4463268
4437052
4419656
4403260
4388400
4376304
4363712
4342780
4322360
4310800
4297436
4283844
4270968
4257132
4240988
4225860
4210212
4189360
4170176
4153048
4126076
4084512
4046184
4002352
3948668
3898024
3850900
3806304
3752352
3698164
3643440
3600852
3561612
3530120
3494076
3477176
3459284
3436808
3404520
3387572
3359744
3315652
3291720
3267276
3240800
3230932
3217600
3210772
3181280
3163160
3161072
3143496
3128400
3108680
3076888
3051640
3027692
3010464
2999400
2980208
2952464
2930044
2907276
2887604
2869736
2843300
2821724
2804832
2784868
2767456
2750036
2734616
2726496
2723628
2721136
2719104
2717088
2712780
2708708
2687140
2665980
2650884
2633464
2620124
2607028
2594924
2578040
2567204
2555116
2544296
2533436
2531600
2522820
2503660
2485532
2471388
2441180
2387244
2344916
2312140
2284916
2259464
2215940
2170248
2122116
2071708
2059344
2049144
2038320
2017864
2002456
1981004
1961128
1936716
1921492
1894244
1867644
1841664
1820492
1797360
1767040
1752620
1719860
1693464
1667964
1646276
1628772
1597300
1569440
1540972
1528764
1516624
1498416
1467924
1443408
1427424
1403656
1365912
1343168
1319300
1292540
1264324
1233824
1204016
1178392
1155160
1133756
1101816
1071456
1046852
1029416
1009724
985336
955812
929840
906028
878292
860352
842136
806984
778772
755276
733288
720876
707460
691448
677912
661792
646404
638796
625300
597876
567204
535020
504032
494692
474120
452420
433432
428320
422412
402428
386900
360824
357848
353736
337264
318812
301660
297572
294284
270076
248116
235668
207436
199308
176864
165532
135096
138372
118888
148740
137392
153752
157800
141188
135084
132200
146728
148492
140416
127684
118904
140336
117500
137844
135572
138880
119632
143132
140228
141024
181788
166912
131224
136772
134536
143948
139280
144600
143808
139792
138760
135972
136428
132064
155852
141780
142816
132064
133644
123644
137196
135100
128048
126168
138472
145388
151092
143028
132740
125208
148624
136372
139460
133948
136200
144500
135160
697092
12440016
12568072
12566032
12434748
12566040
12566260
12564000
12562732
12561960
12561220
12560464
12560236
12560456
12560000
12560340
12560008
12557976
12557740
12556212
12555904
12556660
12555928
12424668
12554936
12555220
12554928
12555472
12554148
12553432
12553416
12549124
12546840
12546376
12546140
12545872
12543824
12542360
12542076
12541572
12541548
12541556
