3770584
3770584
3770584
3770584
3770584
3770584
3770584
3770584
3770584
3770584
3770584
3770584
3770584
3770584
3770584
3770584
3770584
3770584
3770584
3770584
3770584
3770584
3770584
3770584
3770584
3770584
3770584
3770584
3770584
3770584
3770584
3770584
3770584
3770584
3770584
3770584
3770584
3770584
3770584
3770584
3770584
3770584
3770584
3770584
3770584
3770584
3770584
3770584
3770584
3770584
3770584
3770584
3770584
3770584
3770584
3770584
3770584
3770584
3770584
3770584
3770584
3770584
3770584
3770584
3770584
3770584
3770584
3770584
3770584
3770584
3770584
3770584
3770584
3770584
3770584
3770584
3770584
3770584
3770584
3770584
3770584
3770584
3770584
3770584
3770584
3770584
3770584
3770584
3770584
3770584
3770584
3770584
3770584
3770584
3770584
3770584
3770584
3770584
3770584
3770584
3770584
3770584
3770584
3770584
3770584
3770584
3770584
3770584
3770584
3770584
3770584
3770584
3770584
3770584
3770584
3770584
3770584
3770584
3770584
3770584
3770584
3770584
3770584
3770584
3770584
3770584
3770584
3770584
3770584
3770584
3770584
3770584
3770584
3770584
3770584
3770584
3770584
3770584
3770584
3770584
3770584
3770584
3770584
3770584
3770584
3770584
3770584
3770584
3770584
3770584
3770584
3770584
3770584
3770584
3770584
3770584
3770584
3770584
3770584
3770584
3770584
3770584
3770584
3770584
3770584
3770584
3770584
3770584
3770584
3770584
3770584
3770584
3770584
3770584
3769816
3770072
568
11612
11612
0
0
1809148
1809148
1809148
1809148
1809148
1809148
1809660
1809916
1809916
1809916
1809916
1809916
1809916
1809916
1809916
1809916
1809916
1809916
1809916
1812732
1813756
1817084
1820156
1820156
1820156
1820156
1820156
1820156
1820156
1820156
1820156
1820156
1820156
1820156
1821180
1821180
1821180
1821180
1821180
1821180
1821180
1821180
1821180
1821180
1821180
1821180
1821180
1821180
1821180
1821180
1821180
1821180
1821180
1821180
1821180
1821180
1821180
1821180
1821180
1821180
1821180
1821180
1821180
1821180
1821180
1821180
1821180
1821180
1821180
1821180
1821180
1821180
1821180
1821180
1821180
1821180
1821180
1821180
1821180
1821180
1821180
1821180
1821180
1821180
1821180
1821180
1821180
1821180
1821180
1821180
1821180
1821180
1821436
1821436
1821436
1821436
1821436
1821436
1821436
1821436
1821436
1821436
1821436
1821436
1821436
1821436
1821436
1821436
1821436
1821436
1821436
1821436
1821436
1821436
1821436
1821436
1821436
1821436
1821436
1821436
1821436
1821436
1821436
1821436
1821436
1821436
1821436
1821436
1821436
1821436
1821436
1821436
1821436
1821436
1821436
1821436
1821436
1821436
1821436
1821436
1821436
1821436
1821436
1821436
1821436
1821436
1821436
1821436
1821436
1821436
1821436
1821436
1821436
1821436
1821436
1821436
1821436
1821436
1821436
1821436
1821436
1821436
1821436
1821436
1821436
1821436
1821436
1821436
1821436
1821436
1821436
1821436
1821436
1821436
1821436
1821436
1821436
1821436
1821436
1821436
1821436
1821436
1821436
1821436
1821436
1821436
1821436
1821436
1821436
1821436
1821436
1821436
1821436
1821436
1821436
1821436
1823228
1823228
1823228
1823228
1823228
1823228
1823228
1823228
1823228
1823228
1823228
1823228
1823228
1823228
1823228
1823228
1823228
1823228
1823228
1823228
1823228
1823228
1823228
1823228
1823228
1823228
1823228
1823228
1823228
1823228
1823228
1823228
1823228
1823228
1823228
1823228
1823228
1823228
1823228
1823228
1823228
1823228
1823228
1823228
1823228
1823228
1823228
1823228
1823228
1823228
1823228
1823228
1823228
1823228
1823228
1823228
1823228
1823228
1823228
1823228
1823228
1823228
1823228
1823228
1823228
1823228
1823228
1823228
1823228
1823228
1823228
1823228
1823228
1823228
1823228
1823228
1823228
1823228
1823228
1823228
1818628
1729388
1668888
1668888
1521728
1512484
1512484
1492384
1455436
1391436
1351376
1351376
1256444
1256444
1255676
1201992
1152448
1152448
1137664
1067192
960188
960188
960188
828400
819036
819036
750604
708448
708448
708448
658756
658756
658756
603944
603944
573604
508080
470752
470752
470752
395216
350240
336208
311276
304496
250744
240624
174176
174176
174176
163528
105168
59300
17444
0
32
32
32
0
0
2570832
3763160
3763160
3763160
3763160
3763160
3763160
3763160
3763160
3763160
3763160
3763160
3763160
3763160
3763160
3763160
3763160
3763160
3763160
3763160
3763160
3763160
3763160
3763160
3763160
3763160
3763160
3763160
3763160
3763160
3763160
3763160
3763160
3763160
3763160
3763160
3763160
3763160
3763160
3763160
3763160
3763160
