 36.8 
 40.0 
 46.7 
 40.0 
 46.7 
 40.0 
 33.3 
 40.0 
 46.7 
 33.3 
 40.0 
 33.3 
 40.0 
 33.3 
 40.0 
 31.2 
 40.0 
 40.0 
 40.0 
 38.9 
 33.3 
 40.0 
 37.5 
 40.0 
 43.8 
 40.0 
 40.0 
 26.3 
 46.7 
 40.0 
 31.6 
 40.0 
 40.0 
 40.0 
 40.0 
 41.2 
 40.0 
 46.7 
 37.5 
 40.0 
 40.0 
 40.0 
 40.0 
 40.0 
 36.8 
 35.0 
 38.9 
 26.3 
 35.3 
 28.6 
 46.7 
 29.6 
 43.8 
 40.0 
 30.0 
 41.2 
 31.6 
 30.0 
 40.0 
 29.2 
 32.4 
 94.4 
 44.4 
 68.8 
  8.6 
 89.5 
 76.5 
 41.2 
 43.8 
 66.7 
 41.2 
 44.4 
 63.2 
 66.7 
 80.0 
100.0 
100.0 
