 39676 
 48860 
 60212 
 71036 
 76624 
 90308 
 99020 
108788 
118028 
115040 
124864 
143636 
142760 
161060 
162088 
179276 
180356 
198020 
206996 
204536 
225476 
225764 
200008 
247168 
246600 
212324 
254696 
272732 
278804 
272208 
278828 
242600 
286640 
303136 
308680 
301952 
312884 
318956 
325240 
340580 
343000 
352196 
349528 
347360 
364912 
365896 
380444 
385988 
379392 
391536 
330596 
335924 
322148 
333852 
344620 
343384 
358456 
361796 
359988 
367908 
387948 
376796 
459424 
390296 
411536 
423952 
417216 
456892 
429820 
436948 
444076 
468176 
477416 
469420 
442064 
470684 
493812 
