  45184 
  54424 
  65776 
  76468 
  82144 
  96004 
 104452 
 114220 
 123592 
 120688 
 130588 
 149068 
 148276 
 166492 
 167680 
 184840 
 185764 
 203584 
 212692 
 210316 
 230908 
 231172 
 205696 
 252556 
 252160 
 217708 
 260476 
 278164 
 284368 
 277768 
 284368 
 248068 
 292288 
 308524 
 314068 
 307600 
 318424 
 324496 
 330700 
 346144 
 348388 
 357628 
 355120 
 353008 
 370300 
 371356 
 385876 
 391420 
 384820 
 397228 
 336112 
 341524 
 327796 
 339412 
 350104 
 348784 
 363964 
 367528 
 365680 
 373468 
 393532 
 382312 
 464944 
 395776 
 417160 
 551272 
 550348 
 629812 
 563548 
 570544 
 577672 
 609484 
 618724 
 603148 
 580180 
 608164 
 626512 
