18166 vladisl+  20   0   10996   5228   2900 R  31.2   0.0   0:00.05 newmem.bash
18188 vladisl+  20   0   19312  13788   3012 R  40.0   0.1   0:00.21 newmem.bash
18182 vladisl+  20   0   26176  20476   2828 R  33.3   0.2   0:00.36 newmem.bash
18170 vladisl+  20   0   34228  28828   3012 R  33.3   0.2   0:00.51 newmem.bash
18174 vladisl+  20   0   40828  35452   3036 R  40.0   0.3   0:00.65 newmem.bash
18170 vladisl+  20   0   49936  44404   3012 R  33.3   0.3   0:00.85 newmem.bash
18181 vladisl+  20   0   58384  52760   2908 R  40.0   0.4   0:01.00 newmem.bash
18166 vladisl+  20   0   66964  61460   2900 R  40.0   0.5   0:01.20 newmem.bash
18172 vladisl+  20   0   67624  62008   2920 R  40.0   0.5   0:01.20 newmem.bash
18166 vladisl+  20   0   83860  78356   2900 R  40.0   0.6   0:01.54 newmem.bash
18172 vladisl+  20   0   85972  80224   2920 R  46.7   0.6   0:01.58 newmem.bash
18175 vladisl+  20   0   95080  89584   3044 R  46.7   0.7   0:01.74 newmem.bash
18165 vladisl+  20   0   96268  90752   2880 R  33.3   0.7   0:01.78 newmem.bash
18187 vladisl+  20   0  111184 105716   3076 R  40.0   0.8   0:02.08 newmem.bash
18173 vladisl+  20   0  122800 117240   2976 R  40.0   0.9   0:02.30 newmem.bash
18189 vladisl+  20   0  129136 123616   3016 R  40.0   1.0   0:02.46 newmem.bash
18167 vladisl+  20   0  126760 121208   2992 R  33.3   0.9   0:02.47 newmem.bash
18175 vladisl+  20   0  149464 143968   3044 R  40.0   1.1   0:02.86 newmem.bash
18167 vladisl+  20   0  143260 137576   2992 R  33.3   1.1   0:02.81 newmem.bash
18168 vladisl+  20   0  143128 137588   3004 R  40.0   1.1   0:02.89 newmem.bash
18171 vladisl+  20   0  160552 155044   3028 R  33.3   1.2   0:03.19 newmem.bash
18168 vladisl+  20   0  158704 153164   3004 R  40.0   1.2   0:03.23 newmem.bash
18175 vladisl+  20   0  187348 181984   3044 R  40.0   1.4   0:03.64 newmem.bash
18168 vladisl+  20   0  175864 170324   3004 R  40.0   1.3   0:03.58 newmem.bash
18167 vladisl+  20   0  190648 185096   2992 R  33.3   1.4   0:03.80 newmem.bash
18188 vladisl+  20   0  198964 193572   3012 R  40.0   1.5   0:04.00 newmem.bash
18187 vladisl+  20   0  215728 210260   3076 R  40.0   1.6   0:04.26 newmem.bash
18167 vladisl+  20   0  215860 210440   2992 R  33.3   1.6   0:04.32 newmem.bash
18193 vladisl+  20   0  236320 230840   3064 R  40.0   1.8   0:04.69 newmem.bash
18188 vladisl+  20   0  226420 221028   3012 R  37.5   1.7   0:04.67 newmem.bash
18187 vladisl+  20   0  242788 237188   3076 R  40.0   1.8   0:04.95 newmem.bash
18193 vladisl+  20   0  251764 246416   3064 R  40.0   1.9   0:05.24 newmem.bash
18187 vladisl+  20   0  252160 246692   3076 R  46.7   1.9   0:05.32 newmem.bash
18187 vladisl+  20   0  257572 251972   3076 R  40.0   2.0   0:05.52 newmem.bash
18189 vladisl+  20   0  262588 257200   3016 R  40.0   2.0   0:05.69 newmem.bash
18172 vladisl+  20   0  270244 264760   2920 R  40.0   2.1   0:06.00 newmem.bash
18187 vladisl+  20   0  273412 268076   3076 R  46.7   2.1   0:06.15 newmem.bash
18166 vladisl+  20   0  255724 250220   2900 R  33.3   1.9   0:05.79 newmem.bash
18172 vladisl+  20   0  285820 280072   2920 R  33.3   2.2   0:06.60 newmem.bash
18192 vladisl+  20   0  279748 274284   2936 R  31.6   2.1   0:06.63 newmem.bash
18192 vladisl+  20   0  289120 283524   2936 R  40.0   2.2   0:06.96 newmem.bash
18193 vladisl+  20   0  307732 302384   3064 R  40.0   2.3   0:07.36 newmem.bash
18193 vladisl+  20   0  313672 308192   3064 R  37.5   2.4   0:07.57 newmem.bash
18173 vladisl+  20   0  315784 310224   2976 R  66.7   2.4   0:07.66 newmem.bash
18172 vladisl+  20   0  320140 314392   2920 R  46.7   2.4   0:07.94 newmem.bash
18172 vladisl+  20   0  323836 318352   2920 R  37.5   2.5   0:08.17 newmem.bash
18167 vladisl+  20   0  302848 297296   2992 R  27.8   2.3   0:07.68 newmem.bash
18172 vladisl+  20   0  331360 325744   2920 R  31.2   2.5   0:08.92 newmem.bash
18192 vladisl+  20   0  326608 321012   2936 R  46.7   2.5   0:09.03 newmem.bash
18171 vladisl+  20   0  306544 301036   3028 R  35.3   2.3   0:08.41 newmem.bash
18169 vladisl+  20   0  298360 292744   2920 R  26.3   2.3   0:08.23 newmem.bash
18173 vladisl+  20   0  345352 339792   2976 R  31.6   2.6   0:09.77 newmem.bash
18187 vladisl+  20   0  347200 341732   3076 R  37.5   2.6   0:09.93 newmem.bash
18191 vladisl+  20   0  310900 305216   2984 R  47.4   2.4   0:09.38 newmem.bash
18186 vladisl+  20   0  313012 307388   3048 R 100.0   2.4   0:10.03 newmem.bash
18167 vladisl+  20   0  332680 327128   2992 R  40.0   2.5   0:10.60 newmem.bash
18191 vladisl+  20   0  324232 318680   2984 R  31.6   2.5   0:10.60 newmem.bash
18167 vladisl+  20   0  343768 338216   2992 R  35.3   2.6   0:11.01 newmem.bash
18178 vladisl+  20   0  343372 337652   2948 R  62.5   2.6   0:11.65 newmem.bash
18174 vladisl+  20   0  339808 334300   3036 R  52.6   2.6   0:11.77 newmem.bash
18181 vladisl+  20   0  345352 339728   2908 R  29.0   2.6   0:11.93 newmem.bash
18176 vladisl+  20   0  349708 344260   2956 R  38.2   2.7   0:12.85 newmem.bash
18191 vladisl+  20   0  351688 346136   2984 R  46.7   2.7   0:13.13 newmem.bash
18174 vladisl+  20   0  356572 351196   3036 R  14.0   2.7   0:13.46 newmem.bash
18178 vladisl+  20   0  378088 372500   2948 R  40.9   2.9   0:14.31 newmem.bash
18166 vladisl+  20   0  382048 376412   2900 R  33.3   2.9   0:14.05 newmem.bash
18188 vladisl+  20   0  385612 380220   3012 R  21.7   2.9   0:14.25 newmem.bash
18166 vladisl+  20   0  397756 391988   2900 R  31.2   3.0   0:14.81 newmem.bash
18174 vladisl+  20   0  384160 378652   3036 R  37.5   2.9   0:14.94 newmem.bash
18167 vladisl+  20   0  416764 411080   2992 R  87.5   3.2   0:16.03 newmem.bash
18167 vladisl+  20   0  424948 419528   2992 R  40.0   3.3   0:16.34 newmem.bash
18166 vladisl+  20   0  419008 413372   2900 R  33.3   3.2   0:16.43 newmem.bash
18170 vladisl+  20   0  408448 402916   3012 R  46.7   3.1   0:16.30 newmem.bash
18174 vladisl+  20   0  410692 405048   3032 R  21.9   3.1   0:17.49 newmem.bash
