12379416
12379416
12379384
12379652
12379384
12379132
12379124
12181264
11958456
11727584
11521204
11308768
11093820
10868240
10655308
10432532
10186076
9953724
9733720
9494076
9283656
9049792
8816952
8601996
8377952
8167540
7950316
7714948
7486636
7260592
7032540
6815568
6597832
6371284
6170448
5976156
5846880
5714580
5567656
5448460
5311372
5183608
5064924
4926324
4797040
4665992
4443744
4299600
4158228
4030700
3933176
3834156
3739656
3650448
3541332
3438012
3347040
3263872
3178452
3042356
2910284
2766140
2647448
2518676
2392928
2268188
2135668
1960780
1832260
1703480
1541956
1379164
1251652
940400
806588
658160
423296
326024
197000
119660
4386412
12469612
12468984
12468456
12468204
12468196
12336628
12467676
12467432
12467416
12467692
12467936
12468188
12467700
12467180
12335596
12466628
