3691236
3691236
3691236
3691236
3691236
3691236
3691236
3691236
3691236
3691236
3691236
3691236
3691236
3691236
3691236
3691236
3691236
3691236
3691236
3691236
3691236
3691236
3691236
3691236
3691236
3691236
3691236
3691236
3691236
3691236
3691236
3691236
3691236
3691236
3691236
3691236
3691236
3691236
3691236
3691236
3691236
3691236
3691236
3691236
3691236
3691236
3691236
3691236
3691236
3691236
3691236
3691236
3691236
3691236
3691236
3691236
3691236
3691236
3691236
3691236
3691236
3691236
3691236
3691236
3691236
3691236
3691236
3691236
3691236
3691236
3691236
3691236
3691236
3691236
3691236
3691236
3691236
3691236
3691236
3718192
1367868
3732124
3732128
3732128
3732128
3732128
3732128
3732128
3732128
3732128
3732128
3732128
3732128
3732128
3732128
3732128
3732128
