  158 vladisl+  20   0  764784   6516      0 S   0.0   0.1   0:58.99 docker
  144 root      20   0 1680396   3916      0 S   0.0   0.0   0:15.57 docker-desktop-
16804 vladisl+  20   0   10876   3720   3188 T   0.0   0.0   0:00.00 top
17065 vladisl+  20   0    8752   3720   3260 T   0.0   0.0   0:00.35 bash
17135 vladisl+  20   0   10876   3708   3172 T   0.0   0.0   0:00.03 top

  158 vladisl+  20   0  764784   6516      0 S   0.0   0.1   0:58.99 docker
  144 root      20   0 1680396   3916      0 S   0.0   0.0   0:15.57 docker-desktop-
16804 vladisl+  20   0   10876   3720   3188 T   0.0   0.0   0:00.00 top
17065 vladisl+  20   0    8752   3720   3260 T   0.0   0.0   0:00.35 bash
17135 vladisl+  20   0   10876   3708   3172 T   0.0   0.0   0:00.03 top

  158 vladisl+  20   0  764784   6516      0 S   0.0   0.1   0:58.99 docker
  144 root      20   0 1680396   3916      0 S   0.0   0.0   0:15.57 docker-desktop-
16804 vladisl+  20   0   10876   3720   3188 T   0.0   0.0   0:00.00 top
17065 vladisl+  20   0    8752   3720   3260 T   0.0   0.0   0:00.35 bash
17135 vladisl+  20   0   10876   3708   3172 T   0.0   0.0   0:00.03 top

  158 vladisl+  20   0  764784   6516      0 S   0.0   0.1   0:58.99 docker
  144 root      20   0 1680396   3916      0 S   0.0   0.0   0:15.57 docker-desktop-
16804 vladisl+  20   0   10876   3720   3188 T   0.0   0.0   0:00.00 top
17065 vladisl+  20   0    8752   3720   3260 T   0.0   0.0   0:00.35 bash
17135 vladisl+  20   0   10876   3708   3172 T   0.0   0.0   0:00.03 top

  158 vladisl+  20   0  764784   6516      0 S   0.0   0.1   0:58.99 docker
  144 root      20   0 1680396   3916      0 S   0.0   0.0   0:15.57 docker-desktop-
16804 vladisl+  20   0   10876   3720   3188 T   0.0   0.0   0:00.00 top
17065 vladisl+  20   0    8752   3720   3260 T   0.0   0.0   0:00.35 bash
17135 vladisl+  20   0   10876   3708   3172 T   0.0   0.0   0:00.03 top

  158 vladisl+  20   0  764784   6516      0 S   0.0   0.1   0:58.99 docker
  144 root      20   0 1680396   3916      0 S   0.0   0.0   0:15.57 docker-desktop-
16804 vladisl+  20   0   10876   3720   3188 T   0.0   0.0   0:00.00 top
17065 vladisl+  20   0    8752   3720   3260 T   0.0   0.0   0:00.35 bash
17135 vladisl+  20   0   10876   3708   3172 T   0.0   0.0   0:00.03 top

18171 vladisl+  20   0   14164   8788   3028 R  33.3   0.1   0:00.10 newmem.bash
18170 vladisl+  20   0   14164   8764   3012 R  26.7   0.1   0:00.10 newmem.bash
18174 vladisl+  20   0   13636   8260   3036 R  33.3   0.1   0:00.09 newmem.bash
18188 vladisl+  20   0   13636   8244   3012 R  26.7   0.1   0:00.09 newmem.bash
18166 vladisl+  20   0   13768   8132   2900 R  26.7   0.1   0:00.10 newmem.bash

18171 vladisl+  20   0   22348  16972   3028 R  33.3   0.1   0:00.27 newmem.bash
18188 vladisl+  20   0   22216  16692   3012 R  33.3   0.1   0:00.27 newmem.bash
18166 vladisl+  20   0   22084  16580   2900 R  33.3   0.1   0:00.27 newmem.bash
18180 vladisl+  20   0   21952  16440   3028 R  33.3   0.1   0:00.26 newmem.bash
18170 vladisl+  20   0   21820  16420   3012 R  33.3   0.1   0:00.26 newmem.bash

18181 vladisl+  20   0   30136  24512   2908 R  26.7   0.2   0:00.40 newmem.bash
18171 vladisl+  20   0   29740  24364   3028 R  33.3   0.2   0:00.43 newmem.bash
18188 vladisl+  20   0   29740  24084   3012 R  20.0   0.2   0:00.41 newmem.bash
18170 vladisl+  20   0   29608  24076   3012 R  26.7   0.2   0:00.41 newmem.bash
18166 vladisl+  20   0   29212  23708   2900 R  26.7   0.2   0:00.41 newmem.bash

18181 vladisl+  20   0   37924  32432   2908 R  26.7   0.3   0:00.58 newmem.bash
18166 vladisl+  20   0   37132  31628   2900 R  26.7   0.2   0:00.57 newmem.bash
18170 vladisl+  20   0   37000  31468   3012 R  26.7   0.2   0:00.56 newmem.bash
18171 vladisl+  20   0   36736  31228   3028 R  33.3   0.2   0:00.58 newmem.bash
18188 vladisl+  20   0   36472  30948   3012 R  20.0   0.2   0:00.56 newmem.bash

18181 vladisl+  20   0   45712  40088   2908 R  26.7   0.3   0:00.73 newmem.bash
18171 vladisl+  20   0   45052  39412   3028 R  33.3   0.3   0:00.75 newmem.bash
18192 vladisl+  20   0   44656  39060   2936 R  33.3   0.3   0:00.74 newmem.bash
18166 vladisl+  20   0   44656  39020   2900 R  20.0   0.3   0:00.72 newmem.bash
18170 vladisl+  20   0   44392  38860   3012 R  33.3   0.3   0:00.73 newmem.bash

18181 vladisl+  20   0   53104  47480   2908 R  20.0   0.4   0:00.88 newmem.bash
18166 vladisl+  20   0   52972  47204   2900 R  33.3   0.4   0:00.90 newmem.bash
18170 vladisl+  20   0   52576  47044   3012 R  26.7   0.4   0:00.90 newmem.bash
18188 vladisl+  20   0   52180  46788   3012 R  33.3   0.4   0:00.88 newmem.bash
18171 vladisl+  20   0   52048  46540   3028 R  20.0   0.4   0:00.90 newmem.bash

18181 vladisl+  20   0   60760  55136   2908 R  26.7   0.4   0:01.05 newmem.bash
18166 vladisl+  20   0   60232  54596   2900 R  33.3   0.4   0:01.06 newmem.bash
18188 vladisl+  20   0   59836  54444   3012 R  26.7   0.4   0:01.04 newmem.bash
18192 vladisl+  20   0   59968  54372   2936 R  26.7   0.4   0:01.05 newmem.bash
18180 vladisl+  20   0   59572  54192   3028 R  26.7   0.4   0:01.03 newmem.bash

18166 vladisl+  20   0   69340  63836   2900 R  33.3   0.5   0:01.25 newmem.bash
18181 vladisl+  20   0   67888  62264   2908 R  26.7   0.5   0:01.19 newmem.bash
18188 vladisl+  20   0   67492  61836   3012 R  20.0   0.5   0:01.19 newmem.bash
18192 vladisl+  20   0   67096  61500   2936 R  20.0   0.5   0:01.21 newmem.bash
18191 vladisl+  20   0   66964  61280   2984 R  26.7   0.5   0:01.19 newmem.bash

18166 vladisl+  20   0   76996  71492   2900 R  26.7   0.6   0:01.40 newmem.bash
18181 vladisl+  20   0   76468  70712   2908 R  26.7   0.5   0:01.36 newmem.bash
18170 vladisl+  20   0   75016  69484   3012 R  33.3   0.5   0:01.39 newmem.bash
18184 vladisl+  20   0   74356  68900   2948 R  33.3   0.5   0:01.35 newmem.bash
18188 vladisl+  20   0   74092  68700   3012 R  26.7   0.5   0:01.35 newmem.bash

18166 vladisl+  20   0   86764  80996   2900 R  33.3   0.6   0:01.60 newmem.bash
18170 vladisl+  20   0   84652  79252   3012 R  33.3   0.6   0:01.58 newmem.bash
18181 vladisl+  20   0   84256  78632   2908 R  26.7   0.6   0:01.51 newmem.bash
18191 vladisl+  20   0   83068  77648   2984 R  33.3   0.6   0:01.55 newmem.bash
18184 vladisl+  20   0   82012  76556   2948 R  20.0   0.6   0:01.50 newmem.bash

18166 vladisl+  20   0   95344  89708   2900 R  33.3   0.7   0:01.77 newmem.bash
18170 vladisl+  20   0   93100  87700   3012 R  26.7   0.7   0:01.74 newmem.bash
18181 vladisl+  20   0   91780  86288   2908 R  26.7   0.7   0:01.66 newmem.bash
18191 vladisl+  20   0   91384  85832   2984 R  26.7   0.7   0:01.72 newmem.bash
18184 vladisl+  20   0   89536  83948   2948 R  20.0   0.7   0:01.65 newmem.bash

18166 vladisl+  20   0  102076  96572   2900 R  26.7   0.7   0:01.91 newmem.bash
18170 vladisl+  20   0  100096  94564   3012 R  20.0   0.7   0:01.88 newmem.bash
18181 vladisl+  20   0   98644  93152   2908 R  26.7   0.7   0:01.81 newmem.bash
18191 vladisl+  20   0   98512  92960   2984 R  26.7   0.7   0:01.86 newmem.bash
18175 vladisl+  20   0   97984  92488   3044 R  33.3   0.7   0:01.80 newmem.bash

18166 vladisl+  20   0  109600 103964   2900 R  26.7   0.8   0:02.06 newmem.bash
18175 vladisl+  20   0  108280 102784   3044 R  26.7   0.8   0:01.99 newmem.bash
18170 vladisl+  20   0  107356 101956   3012 R  26.7   0.8   0:02.04 newmem.bash
18193 vladisl+  20   0  106300 100952   3064 R  26.7   0.8   0:01.98 newmem.bash
18173 vladisl+  20   0  106432 100872   2976 R  40.0   0.8   0:01.96 newmem.bash

18175 vladisl+  20   0  117256 111760   3044 R  26.7   0.9   0:02.18 newmem.bash
18193 vladisl+  20   0  116728 111248   3064 R  46.7   0.9   0:02.20 newmem.bash
18166 vladisl+  20   0  116596 111092   2900 R  26.7   0.9   0:02.21 newmem.bash
18173 vladisl+  20   0  116464 110904   2976 R  40.0   0.9   0:02.17 newmem.bash
18172 vladisl+  20   0  114352 108736   2920 R  26.7   0.8   0:02.16 newmem.bash

18193 vladisl+  20   0  127024 121544   3064 R  46.7   0.9   0:02.41 newmem.bash
18175 vladisl+  20   0  125704 120208   3044 R  33.3   0.9   0:02.37 newmem.bash
18173 vladisl+  20   0  125308 119616   2976 R  26.7   0.9   0:02.35 newmem.bash
18172 vladisl+  20   0  125044 119296   2920 R  46.7   0.9   0:02.39 newmem.bash
18166 vladisl+  20   0  123724 117956   2900 R  26.7   0.9   0:02.36 newmem.bash

18193 vladisl+  20   0  135868 130520   3064 R  26.7   1.0   0:02.60 newmem.bash
18175 vladisl+  20   0  135736 130240   3044 R  46.7   1.0   0:02.58 newmem.bash
18173 vladisl+  20   0  135076 129384   2976 R  33.3   1.0   0:02.55 newmem.bash
18172 vladisl+  20   0  133888 128272   2920 R  26.7   1.0   0:02.57 newmem.bash
18187 vladisl+  20   0  132700 127364   3076 R  46.7   1.0   0:02.52 newmem.bash

18175 vladisl+  20   0  143656 138160   3044 R  26.7   1.1   0:02.73 newmem.bash
18173 vladisl+  20   0  143128 137568   2976 R  33.3   1.1   0:02.72 newmem.bash
18193 vladisl+  20   0  142600 137120   3064 R  20.0   1.1   0:02.74 newmem.bash
18172 vladisl+  20   0  142204 136720   2920 R  33.3   1.1   0:02.75 newmem.bash
18187 vladisl+  20   0  140092 134756   3076 R  33.3   1.0   0:02.68 newmem.bash

18175 vladisl+  20   0  151312 145816   3044 R  26.7   1.1   0:02.90 newmem.bash
18173 vladisl+  20   0  151048 145488   2976 R  33.3   1.1   0:02.88 newmem.bash
18193 vladisl+  20   0  150784 145304   3064 R  33.3   1.1   0:02.91 newmem.bash
18172 vladisl+  20   0  149464 143848   2920 R  26.7   1.1   0:02.90 newmem.bash
18187 vladisl+  20   0  148276 142940   3076 R  26.7   1.1   0:02.84 newmem.bash

18193 vladisl+  20   0  159364 153752   3064 R  33.3   1.2   0:03.09 newmem.bash
18175 vladisl+  20   0  158704 153208   3044 R  26.7   1.2   0:03.04 newmem.bash
18173 vladisl+  20   0  158440 152880   2976 R  26.7   1.2   0:03.03 newmem.bash
18172 vladisl+  20   0  157780 152296   2920 R  20.0   1.2   0:03.07 newmem.bash
18187 vladisl+  20   0  155932 150596   3076 R  26.7   1.2   0:03.01 newmem.bash

18172 vladisl+  20   0  166756 161272   2920 R  26.7   1.3   0:03.25 newmem.bash
18193 vladisl+  20   0  166096 160616   3064 R  26.7   1.2   0:03.23 newmem.bash
18173 vladisl+  20   0  165700 160272   2976 R  26.7   1.2   0:03.19 newmem.bash
18175 vladisl+  20   0  165436 160072   3044 R  26.7   1.2   0:03.19 newmem.bash
18189 vladisl+  20   0  164380 158728   3016 R  26.7   1.2   0:03.19 newmem.bash

18193 vladisl+  20   0  174676 169328   3064 R  33.3   1.3   0:03.41 newmem.bash
18172 vladisl+  20   0  174148 168400   2920 R  26.7   1.3   0:03.41 newmem.bash
18173 vladisl+  20   0  173884 168192   2976 R  20.0   1.3   0:03.35 newmem.bash
18175 vladisl+  20   0  173092 167728   3044 R  26.7   1.3   0:03.35 newmem.bash
18189 vladisl+  20   0  173356 167704   3016 R  33.3   1.3   0:03.38 newmem.bash

18172 vladisl+  20   0  182728 177112   2920 R  33.3   1.4   0:03.59 newmem.bash
18193 vladisl+  20   0  182200 176720   3064 R  33.3   1.4   0:03.57 newmem.bash
18175 vladisl+  20   0  181012 175648   3044 R  26.7   1.4   0:03.51 newmem.bash
18189 vladisl+  20   0  181144 175624   3016 R  26.7   1.4   0:03.53 newmem.bash
18173 vladisl+  20   0  181012 175584   2976 R  26.7   1.4   0:03.50 newmem.bash

18173 vladisl+  20   0  190516 185088   2976 R  33.3   1.4   0:03.70 newmem.bash
18175 vladisl+  20   0  189988 184624   3044 R  33.3   1.4   0:03.69 newmem.bash
18193 vladisl+  20   0  189856 184376   3064 R  26.7   1.4   0:03.73 newmem.bash
18172 vladisl+  20   0  189856 184240   2920 R  26.7   1.4   0:03.75 newmem.bash
18189 vladisl+  20   0  188668 183016   3016 R  20.0   1.4   0:03.68 newmem.bash

18173 vladisl+  20   0  199228 193800   2976 R  26.7   1.5   0:03.87 newmem.bash
18175 vladisl+  20   0  198964 193600   3044 R  33.3   1.5   0:03.87 newmem.bash
18172 vladisl+  20   0  198304 192688   2920 R  26.7   1.5   0:03.91 newmem.bash
18193 vladisl+  20   0  198040 192560   3064 R  26.7   1.5   0:03.89 newmem.bash
18189 vladisl+  20   0  196456 190936   3016 R  26.7   1.5   0:03.84 newmem.bash

18193 vladisl+  20   0  206092 200744   3064 R  33.3   1.6   0:04.06 newmem.bash
18173 vladisl+  20   0  206224 200664   2976 R  26.7   1.6   0:04.03 newmem.bash
18172 vladisl+  20   0  205828 200080   2920 R  33.3   1.6   0:04.07 newmem.bash
18175 vladisl+  20   0  205432 199936   3044 R  20.0   1.6   0:04.01 newmem.bash
18189 vladisl+  20   0  205168 199648   3016 R  33.3   1.5   0:04.03 newmem.bash

18193 vladisl+  20   0  213880 208400   3064 R  26.7   1.6   0:04.22 newmem.bash
18172 vladisl+  20   0  213484 208000   2920 R  26.7   1.6   0:04.23 newmem.bash
18173 vladisl+  20   0  213352 207792   2976 R  26.7   1.6   0:04.17 newmem.bash
18189 vladisl+  20   0  213088 207568   3016 R  26.7   1.6   0:04.19 newmem.bash
18175 vladisl+  20   0  212824 207328   3044 R  26.7   1.6   0:04.16 newmem.bash

18193 vladisl+  20   0  222328 216848   3064 R  26.7   1.7   0:04.39 newmem.bash
18173 vladisl+  20   0  221800 216240   2976 R  26.7   1.7   0:04.34 newmem.bash
18175 vladisl+  20   0  221272 215776   3044 R  26.7   1.7   0:04.33 newmem.bash
18172 vladisl+  20   0  221140 215656   2920 R  33.3   1.7   0:04.39 newmem.bash
18189 vladisl+  20   0  220348 214960   3016 R  26.7   1.7   0:04.35 newmem.bash

18172 vladisl+  20   0  229852 224104   2920 R  33.3   1.7   0:04.56 newmem.bash
18193 vladisl+  20   0  229456 223976   3064 R  26.7   1.7   0:04.54 newmem.bash
18173 vladisl+  20   0  229324 223896   2976 R  26.7   1.7   0:04.50 newmem.bash
18175 vladisl+  20   0  228796 223432   3044 R  20.0   1.7   0:04.49 newmem.bash
18189 vladisl+  20   0  227608 222088   3016 R  26.7   1.7   0:04.50 newmem.bash

18193 vladisl+  20   0  237772 232160   3064 R  26.7   1.8   0:04.73 newmem.bash
18175 vladisl+  20   0  236980 231616   3044 R  26.7   1.8   0:04.68 newmem.bash
18173 vladisl+  20   0  237112 231552   2976 R  33.3   1.8   0:04.68 newmem.bash
18172 vladisl+  20   0  236848 231232   2920 R  26.7   1.8   0:04.73 newmem.bash
18189 vladisl+  20   0  235396 230008   3016 R  26.7   1.8   0:04.67 newmem.bash

18193 vladisl+  20   0  242524 236912   3064 R  26.7   1.8   0:04.90 newmem.bash
18175 vladisl+  20   0  242392 236896   3044 R  33.3   1.8   0:04.88 newmem.bash
18173 vladisl+  20   0  241996 236568   2976 R  26.7   1.8   0:04.85 newmem.bash
18172 vladisl+  20   0  241732 235984   2920 R  33.3   1.8   0:04.91 newmem.bash
18189 vladisl+  20   0  239884 234496   3016 R  26.7   1.8   0:04.84 newmem.bash

18193 vladisl+  20   0  247540 242192   3064 R  21.1   1.9   0:05.10 newmem.bash
18175 vladisl+  20   0  247012 241648   3044 R  26.3   1.9   0:05.06 newmem.bash
18173 vladisl+  20   0  246220 240792   2976 R  26.3   1.9   0:05.03 newmem.bash
18172 vladisl+  20   0  246088 240472   2920 R  21.1   1.9   0:05.08 newmem.bash
18189 vladisl+  20   0  244372 238984   3016 R  26.3   1.9   0:05.02 newmem.bash

18193 vladisl+  20   0  253348 248000   3064 R  33.3   1.9   0:05.29 newmem.bash
18175 vladisl+  20   0  251764 246400   3044 R  33.3   1.9   0:05.22 newmem.bash
18172 vladisl+  20   0  251896 246280   2920 R  33.3   1.9   0:05.28 newmem.bash
18173 vladisl+  20   0  250972 245544   2976 R  26.7   1.9   0:05.18 newmem.bash
18189 vladisl+  20   0  249256 243736   3016 R  20.0   1.9   0:05.17 newmem.bash

18193 vladisl+  20   0  257440 251960   3064 R  33.3   2.0   0:05.46 newmem.bash
18172 vladisl+  20   0  256120 250504   2920 R  26.7   1.9   0:05.44 newmem.bash
18173 vladisl+  20   0  255592 250032   2976 R  40.0   1.9   0:05.36 newmem.bash
18175 vladisl+  20   0  255328 249832   3044 R  26.7   1.9   0:05.37 newmem.bash
18187 vladisl+  20   0  253612 248276   3076 R  33.3   1.9   0:05.37 newmem.bash

18193 vladisl+  20   0  262984 257504   3064 R  33.3   2.0   0:05.67 newmem.bash
18172 vladisl+  20   0  261664 256048   2920 R  26.7   2.0   0:05.65 newmem.bash
18173 vladisl+  20   0  261136 255576   2976 R  40.0   2.0   0:05.57 newmem.bash
18175 vladisl+  20   0  259816 254320   3044 R  26.7   2.0   0:05.54 newmem.bash
18187 vladisl+  20   0  259156 253820   3076 R  33.3   2.0   0:05.58 newmem.bash

18193 vladisl+  20   0  267736 262256   3064 R  26.7   2.0   0:05.86 newmem.bash
18172 vladisl+  20   0  266944 261328   2920 R  40.0   2.0   0:05.85 newmem.bash
18173 vladisl+  20   0  266416 260856   2976 R  33.3   2.0   0:05.76 newmem.bash
18187 vladisl+  20   0  264436 259100   3076 R  40.0   2.0   0:05.78 newmem.bash
18189 vladisl+  20   0  264172 258784   3016 R  40.0   2.0   0:05.75 newmem.bash

18193 vladisl+  20   0  272752 267272   3064 R  33.3   2.1   0:06.07 newmem.bash
18172 vladisl+  20   0  271828 266344   2920 R  33.3   2.1   0:06.06 newmem.bash
18173 vladisl+  20   0  271564 265872   2976 R  33.3   2.1   0:05.97 newmem.bash
18187 vladisl+  20   0  269452 264116   3076 R  40.0   2.0   0:05.99 newmem.bash
18189 vladisl+  20   0  269188 263536   3016 R  33.3   2.0   0:05.95 newmem.bash

18193 vladisl+  20   0  278164 272816   3064 R  25.0   2.1   0:06.28 newmem.bash
18173 vladisl+  20   0  277504 271944   2976 R  31.2   2.1   0:06.19 newmem.bash
18172 vladisl+  20   0  277372 271888   2920 R  25.0   2.1   0:06.27 newmem.bash
18187 vladisl+  20   0  274996 269660   3076 R  37.5   2.1   0:06.21 newmem.bash
18189 vladisl+  20   0  274732 269344   3016 R  31.2   2.1   0:06.15 newmem.bash

18193 vladisl+  20   0  283972 278360   3064 R  40.0   2.2   0:06.50 newmem.bash
18173 vladisl+  20   0  282520 276960   2976 R  33.3   2.1   0:06.38 newmem.bash
18172 vladisl+  20   0  282256 276640   2920 R  33.3   2.1   0:06.46 newmem.bash
18187 vladisl+  20   0  280144 274676   3076 R  33.3   2.1   0:06.39 newmem.bash
18189 vladisl+  20   0  280276 274624   3016 R  40.0   2.1   0:06.36 newmem.bash

18193 vladisl+  20   0  289120 283640   3064 R  33.3   2.2   0:06.69 newmem.bash
18173 vladisl+  20   0  287536 281976   2976 R  33.3   2.2   0:06.57 newmem.bash
18172 vladisl+  20   0  287140 281656   2920 R  26.7   2.2   0:06.65 newmem.bash
18189 vladisl+  20   0  285556 280168   3016 R  26.7   2.2   0:06.54 newmem.bash
18187 vladisl+  20   0  285160 279692   3076 R  33.3   2.2   0:06.58 newmem.bash

18193 vladisl+  20   0  297700 292352   3064 R   8.6   2.3   0:07.01 newmem.bash
18172 vladisl+  20   0  296380 290896   2920 R   8.6   2.3   0:06.99 newmem.bash
18173 vladisl+  20   0  295852 290424   2976 R   6.9   2.3   0:06.88 newmem.bash
18187 vladisl+  20   0  294400 288932   3076 R   8.6   2.2   0:06.91 newmem.bash
18189 vladisl+  20   0  293212 287824   3016 R   6.9   2.2   0:06.86 newmem.bash

18193 vladisl+  20   0  303772 298424   3064 R  27.8   2.3   0:07.22 newmem.bash
18172 vladisl+  20   0  302188 296440   2920 R  27.8   2.3   0:07.21 newmem.bash
18173 vladisl+  20   0  301792 296232   2976 R  27.8   2.3   0:07.09 newmem.bash
18187 vladisl+  20   0  299812 294476   3076 R  22.2   2.3   0:07.11 newmem.bash
18189 vladisl+  20   0  299020 293632   3016 R  27.8   2.3   0:07.07 newmem.bash

18193 vladisl+  20   0  309184 303704   3064 R  26.7   2.4   0:07.41 newmem.bash
18173 vladisl+  20   0  307732 302040   2976 R  40.0   2.3   0:07.30 newmem.bash
18172 vladisl+  20   0  307600 301984   2920 R  26.7   2.3   0:07.40 newmem.bash
18187 vladisl+  20   0  305620 300284   3076 R  26.7   2.3   0:07.31 newmem.bash
18189 vladisl+  20   0  304960 299440   3016 R  26.7   2.3   0:07.27 newmem.bash

18193 vladisl+  20   0  315388 310040   3064 R  31.6   2.4   0:07.64 newmem.bash
18173 vladisl+  20   0  312880 307320   2976 R  26.3   2.4   0:07.48 newmem.bash
18172 vladisl+  20   0  312484 307000   2920 R  36.8   2.4   0:07.60 newmem.bash
18187 vladisl+  20   0  310108 304772   3076 R  21.1   2.4   0:07.50 newmem.bash
18189 vladisl+  20   0  309712 304192   3016 R  26.3   2.4   0:07.45 newmem.bash

18193 vladisl+  20   0  319084 313736   3064 R  16.7   2.4   0:07.82 newmem.bash
18172 vladisl+  20   0  316972 311224   2920 R  27.8   2.4   0:07.78 newmem.bash
18173 vladisl+  20   0  316576 311016   2976 R  16.7   2.4   0:07.69 newmem.bash
18189 vladisl+  20   0  314992 309472   3016 R  44.4   2.4   0:07.66 newmem.bash
18187 vladisl+  20   0  314728 309260   3076 R  33.3   2.4   0:07.70 newmem.bash

18193 vladisl+  20   0  323836 318224   3064 R  31.6   2.5   0:08.07 newmem.bash
18172 vladisl+  20   0  321328 315712   2920 R  31.6   2.4   0:08.01 newmem.bash
18173 vladisl+  20   0  320272 314712   2976 R  26.3   2.4   0:07.89 newmem.bash
18187 vladisl+  20   0  318820 313484   3076 R  21.1   2.4   0:07.93 newmem.bash
18189 vladisl+  20   0  318952 313432   3016 R  21.1   2.4   0:07.85 newmem.bash

18193 vladisl+  20   0  327268 321920   3064 R  33.3   2.5   0:08.34 newmem.bash
18172 vladisl+  20   0  324892 319408   2920 R  26.7   2.5   0:08.27 newmem.bash
18173 vladisl+  20   0  323968 318408   2976 R  26.7   2.5   0:08.15 newmem.bash
18189 vladisl+  20   0  323044 317392   3016 R  40.0   2.5   0:08.14 newmem.bash
18187 vladisl+  20   0  322648 317180   3076 R  33.3   2.5   0:08.19 newmem.bash

18193 vladisl+  20   0  330304 324824   3064 R  20.0   2.5   0:08.58 newmem.bash
18172 vladisl+  20   0  328192 322576   2920 R  20.0   2.5   0:08.48 newmem.bash
18173 vladisl+  20   0  327532 322104   2976 R  25.0   2.5   0:08.37 newmem.bash
18189 vladisl+  20   0  326212 320560   3016 R  20.0   2.5   0:08.36 newmem.bash
18187 vladisl+  20   0  325816 320348   3076 R  20.0   2.5   0:08.41 newmem.bash

18193 vladisl+  20   0  333472 327992   3064 R  25.0   2.5   0:09.00 newmem.bash
18172 vladisl+  20   0  332944 327328   2920 R  37.5   2.5   0:09.01 newmem.bash
18173 vladisl+  20   0  331360 325800   2976 R  37.5   2.5   0:08.89 newmem.bash
18187 vladisl+  20   0  330172 324836   3076 R  31.2   2.5   0:08.81 newmem.bash
18189 vladisl+  20   0  330172 324784   3016 R  37.5   2.5   0:08.79 newmem.bash

18172 vladisl+  20   0  337036 331552   2920 R  35.3   2.6   0:09.24 newmem.bash
18193 vladisl+  20   0  336640 331160   3064 R  23.5   2.6   0:09.19 newmem.bash
18173 vladisl+  20   0  335320 329760   2976 R  23.5   2.6   0:09.11 newmem.bash
18189 vladisl+  20   0  334396 329008   3016 R  29.4   2.6   0:09.02 newmem.bash
18187 vladisl+  20   0  333868 328268   3076 R  35.3   2.5   0:09.05 newmem.bash

18172 vladisl+  20   0  341128 335512   2920 R  29.4   2.6   0:09.49 newmem.bash
18193 vladisl+  20   0  339412 334064   3064 R  23.5   2.6   0:09.39 newmem.bash
18173 vladisl+  20   0  338884 333456   2976 R  29.4   2.6   0:09.36 newmem.bash
18189 vladisl+  20   0  338620 332968   3016 R  35.3   2.6   0:09.28 newmem.bash
18187 vladisl+  20   0  337828 332492   3076 R  29.4   2.6   0:09.31 newmem.bash

18172 vladisl+  20   0  344428 338944   2920 R  26.7   2.6   0:09.73 newmem.bash
18173 vladisl+  20   0  342976 337416   2976 R  46.7   2.6   0:09.60 newmem.bash
18189 vladisl+  20   0  342052 336664   3016 R  20.0   2.6   0:09.51 newmem.bash
18187 vladisl+  20   0  341788 336452   3076 R  26.7   2.6   0:09.55 newmem.bash
18193 vladisl+  20   0  342052 336440   3064 R  26.7   2.6   0:09.59 newmem.bash

18172 vladisl+  20   0  347596 342112   2920 R  16.7   2.7   0:09.94 newmem.bash
18173 vladisl+  20   0  346144 340584   2976 R  27.8   2.6   0:09.84 newmem.bash
18189 vladisl+  20   0  345352 339832   3016 R  22.2   2.6   0:09.76 newmem.bash
18187 vladisl+  20   0  344956 339356   3076 R  22.2   2.6   0:09.76 newmem.bash
18193 vladisl+  20   0  344692 339080   3064 R  27.8   2.6   0:09.80 newmem.bash

18172 vladisl+  20   0  351028 345280   2920 R  30.0   2.7   0:10.27 newmem.bash
18173 vladisl+  20   0  349048 343488   2976 R  22.0   2.7   0:10.11 newmem.bash
18187 vladisl+  20   0  348916 343316   3076 R  18.0   2.7   0:10.03 newmem.bash
18189 vladisl+  20   0  348652 343264   3016 R  30.0   2.7   0:10.07 newmem.bash
18193 vladisl+  20   0  347596 342248   3064 R  18.0   2.7   0:10.04 newmem.bash

18173 vladisl+  20   0  354196 348768   2976 R  68.8   2.7   0:10.66 newmem.bash
18172 vladisl+  20   0  353932 348184   2920 R  31.2   2.7   0:10.74 newmem.bash
18189 vladisl+  20   0  353536 348016   3016 R  31.2   2.7   0:10.61 newmem.bash
18193 vladisl+  20   0  352480 347000   3064 R  62.5   2.7   0:10.68 newmem.bash
18187 vladisl+  20   0  351952 346484   3076 R   0.0   2.7   0:10.62 newmem.bash

18193 vladisl+  20   0  360004 354656   3064 R  33.3   2.7   0:11.50 newmem.bash
18173 vladisl+  20   0  359872 354312   2976 R  33.3   2.7   0:11.39 newmem.bash
18172 vladisl+  20   0  358024 352408   2920 R  33.3   2.7   0:11.46 newmem.bash
18189 vladisl+  20   0  357760 352240   3016 R  33.3   2.7   0:11.31 newmem.bash
18187 vladisl+  20   0  355648 350180   3076 R  20.0   2.7   0:11.30 newmem.bash

18193 vladisl+  20   0  364096 358616   3064 R  26.7   2.8   0:11.66 newmem.bash
18173 vladisl+  20   0  363568 358008   2976 R  26.7   2.8   0:11.54 newmem.bash
18172 vladisl+  20   0  361588 356104   2920 R  26.7   2.8   0:11.61 newmem.bash
18189 vladisl+  20   0  361456 355936   3016 R  26.7   2.8   0:11.47 newmem.bash
18187 vladisl+  20   0  359872 354404   3076 R  26.7   2.7   0:11.46 newmem.bash

18193 vladisl+  20   0  368320 362840   3064 R  26.3   2.8   0:11.84 newmem.bash
18173 vladisl+  20   0  367528 361968   2976 R  21.1   2.8   0:11.70 newmem.bash
18189 vladisl+  20   0  366340 360688   3016 R  26.3   2.8   0:11.66 newmem.bash
18172 vladisl+  20   0  365812 360328   2920 R  26.3   2.8   0:11.78 newmem.bash
18187 vladisl+  20   0  363304 357836   3076 R  21.1   2.8   0:11.63 newmem.bash

18193 vladisl+  20   0  372280 366800   3064 R  10.5   2.8   0:11.98 newmem.bash
18173 vladisl+  20   0  370828 365400   2976 R  10.5   2.8   0:11.86 newmem.bash
18189 vladisl+  20   0  369376 363856   3016 R  26.3   2.8   0:11.84 newmem.bash
18172 vladisl+  20   0  369376 363760   2920 R  36.8   2.8   0:11.98 newmem.bash
18187 vladisl+  20   0  366736 361268   3076 R  15.8   2.8   0:11.81 newmem.bash

18173 vladisl+  20   0  376504 370944   2976 R   5.0   2.9   0:12.31 newmem.bash
18193 vladisl+  20   0  375580 370232   3064 R   0.0   2.9   0:12.44 newmem.bash
18189 vladisl+  20   0  372940 367552   3016 R  10.0   2.8   0:12.28 newmem.bash
18172 vladisl+  20   0  372412 366928   2920 R   5.0   2.8   0:12.36 newmem.bash
18187 vladisl+  20   0  370300 364964   3076 R  80.0   2.8   0:12.37 newmem.bash

18173 vladisl+  20   0  383764 378336   2976 R  43.8   2.9   0:12.78 newmem.bash
18193 vladisl+  20   0  379540 374192   3064 R   0.0   2.9   0:12.91 newmem.bash
18189 vladisl+  20   0  377824 372304   3016 R  31.2   2.9   0:12.75 newmem.bash
18172 vladisl+  20   0  377956 372208   2920 R  37.5   2.9   0:12.84 newmem.bash
18187 vladisl+  20   0  372940 367604   3076 R  12.5   2.9   0:12.69 newmem.bash

18173 vladisl+  20   0  390232 384672   2976 R  33.3   3.0   0:13.25 newmem.bash
18193 vladisl+  20   0  383368 377888   3064 R  40.0   2.9   0:13.38 newmem.bash
18172 vladisl+  20   0  382576 376960   2920 R  20.0   2.9   0:13.30 newmem.bash
18189 vladisl+  20   0  382444 376792   3016 R  40.0   2.9   0:13.20 newmem.bash
18187 vladisl+  20   0  379012 373676   3076 R  33.3   2.9   0:13.17 newmem.bash

18173 vladisl+  20   0  395644 390216   2976 R  46.7   3.0   0:13.68 newmem.bash
18189 vladisl+  20   0  388780 383392   3016 R  40.0   3.0   0:13.61 newmem.bash
18193 vladisl+  20   0  388516 383168   3064 R  66.7   3.0   0:13.80 newmem.bash
18172 vladisl+  20   0  386008 380392   2920 R   0.0   2.9   0:13.74 newmem.bash
18187 vladisl+  20   0  383896 378428   3076 R  33.3   2.9   0:13.60 newmem.bash

18173 vladisl+  20   0  399604 394176   2976 R  16.7   3.1   0:13.83 newmem.bash
18189 vladisl+  20   0  392608 387088   3016 R  22.2   3.0   0:13.78 newmem.bash
18193 vladisl+  20   0  391948 386600   3064 R  16.7   3.0   0:13.95 newmem.bash
18172 vladisl+  20   0  389836 384088   2920 R  27.8   3.0   0:13.90 newmem.bash
18187 vladisl+  20   0  387592 382124   3076 R  16.7   3.0   0:13.74 newmem.bash

18173 vladisl+  20   0  404620 399192   2976 R  16.7   3.1   0:14.28 newmem.bash
18193 vladisl+  20   0  396964 391352   3064 R  22.2   3.0   0:14.40 newmem.bash
18187 vladisl+  20   0  396172 390836   3076 R  16.7   3.0   0:14.20 newmem.bash
18189 vladisl+  20   0  396304 390784   3016 R  16.7   3.0   0:14.22 newmem.bash
18172 vladisl+  20   0  395116 389632   2920 R  22.2   3.0   0:14.34 newmem.bash

18173 vladisl+  20   0  407392 401832   2976 R  22.2   3.1   0:14.58 newmem.bash
18189 vladisl+  20   0  402772 397120   3016 R  22.2   3.1   0:14.52 newmem.bash
18187 vladisl+  20   0  400264 394796   3076 R  22.2   3.1   0:14.50 newmem.bash
18193 vladisl+  20   0  399076 393728   3064 R  22.2   3.1   0:14.70 newmem.bash
18172 vladisl+  20   0  397492 392008   2920 R  22.2   3.0   0:14.63 newmem.bash

18173 vladisl+  20   0  412012 406584   2976 R  33.3   3.2   0:14.75 newmem.bash
18189 vladisl+  20   0  406600 401080   3016 R  26.7   3.1   0:14.68 newmem.bash
18187 vladisl+  20   0  404488 399020   3076 R  26.7   3.1   0:14.66 newmem.bash
18193 vladisl+  20   0  403300 397952   3064 R  33.3   3.1   0:14.87 newmem.bash
18172 vladisl+  20   0  401980 396496   2920 R  26.7   3.1   0:14.80 newmem.bash

18173 vladisl+  20   0  422440 416880   2976 R  18.5   3.2   0:15.31 newmem.bash
18189 vladisl+  20   0  416896 411376   3016 R   6.2   3.2   0:15.21 newmem.bash
18187 vladisl+  20   0  415180 409580   3076 R   7.4   3.2   0:15.21 newmem.bash
18193 vladisl+  20   0  413596 408248   3064 R   4.9   3.2   0:15.41 newmem.bash
18172 vladisl+  20   0  410956 405472   2920 R  18.5   3.1   0:15.34 newmem.bash

18173 vladisl+  20   0  427192 421632   2976 R  26.3   3.3   0:15.48 newmem.bash
18189 vladisl+  20   0  421516 416128   3016 R  26.3   3.2   0:15.38 newmem.bash
18187 vladisl+  20   0  419536 414068   3076 R  31.6   3.2   0:15.38 newmem.bash
18193 vladisl+  20   0  418084 412736   3064 R  15.8   3.2   0:15.56 newmem.bash
18172 vladisl+  20   0  415576 409960   2920 R  31.6   3.2   0:15.51 newmem.bash

18173 vladisl+  20   0  430888 425328   2976 R  14.0   3.3   0:15.67 newmem.bash
18189 vladisl+  20   0  425212 419824   3016 R  11.6   3.3   0:15.57 newmem.bash
18187 vladisl+  20   0  424024 418556   3076 R   9.3   3.2   0:15.54 newmem.bash
18193 vladisl+  20   0  421384 415904   3064 R  14.0   3.2   0:15.76 newmem.bash
18172 vladisl+  20   0  419800 414184   2920 R   0.0   3.2   0:15.70 newmem.bash

18173 vladisl+  20   0  444880 439320   2976 R  50.0   3.4   0:16.49 newmem.bash
18187 vladisl+  20   0  435112 429644   3076 R  37.5   3.3   0:16.43 newmem.bash
18189 vladisl+  20   0  434320 428800   3016 R  25.0   3.3   0:16.36 newmem.bash
18172 vladisl+  20   0  429172 423688   2920 R  18.8   3.3   0:16.52 newmem.bash
18193 vladisl+  20   0  427324 421976   3064 R   6.2   3.3   0:16.55 newmem.bash

18173 vladisl+  20   0  449236 443544   2976 R  36.8   3.4   0:16.71 newmem.bash
18187 vladisl+  20   0  439732 434396   3076 R  36.8   3.4   0:16.65 newmem.bash
18189 vladisl+  20   0  438280 432760   3016 R  26.3   3.4   0:16.55 newmem.bash
18172 vladisl+  20   0  433924 428440   2920 R  21.1   3.3   0:16.70 newmem.bash
18193 vladisl+  20   0  430756 425144   3064 R  15.8   3.3   0:16.70 newmem.bash

18173 vladisl+  20   0  453988 448560   2976 R  16.7   3.5   0:17.04 newmem.bash
18187 vladisl+  20   0  443164 437828   3076 R  54.2   3.4   0:17.08 newmem.bash
18189 vladisl+  20   0  442900 437248   3016 R  29.2   3.4   0:16.89 newmem.bash
18172 vladisl+  20   0  439204 433720   2920 R   8.3   3.4   0:17.09 newmem.bash
18193 vladisl+  20   0  434848 429368   3064 R  25.0   3.3   0:17.07 newmem.bash

18173 vladisl+  20   0  458344 452784   2976 R  72.7   3.5   0:18.06 newmem.bash
18189 vladisl+  20   0  448048 442528   3016 R  69.7   3.4   0:17.82 newmem.bash
18187 vladisl+  20   0  446200 440732   3076 R  69.7   3.4   0:17.97 newmem.bash
18172 vladisl+  20   0  442900 437416   2920 R  72.7   3.4   0:18.02 newmem.bash
18193 vladisl+  20   0  440524 435176   3064 R  66.7   3.4   0:17.95 newmem.bash

18173 vladisl+  20   0  464020 458536   2920 R  36.8   3.6   0:18.35 newmem.bash
18189 vladisl+  20   0  453460 448032   2976 R  21.1   3.5   0:18.10 newmem.bash
18187 vladisl+  20   0  450688 445160   3016 R  26.3   3.5   0:18.22 newmem.bash
18172 vladisl+  20   0  448048 442396   2884 R  15.8   3.4   0:18.24 newmem.bash
18193 vladisl+  20   0  445276 439852   2988 R  21.1   3.4   0:18.18 newmem.bash

  158 vladisl+  20   0  764784   6480      0 S   0.0   0.1   1:00.23 docker
  144 root      20   0 1680396   3940      0 S   0.0   0.0   0:16.92 docker-desktop-
19234 vladisl+  20   0   10856   3560   3100 R   0.0   0.0   0:00.01 top
 9804 vladisl+  20   0   10288   2344   1604 S   0.0   0.0   0:01.40 bash
18069 vladisl+  20   0    8752   1420   1248 S   0.0   0.0   0:01.55 bash

  158 vladisl+  20   0  764784   6480      0 S   0.0   0.1   1:00.23 docker
  144 root      20   0 1680396   3940      0 S   0.0   0.0   0:16.92 docker-desktop-
19248 vladisl+  20   0   10856   3652   3196 R   0.0   0.0   0:00.00 top
 9804 vladisl+  20   0   10288   2344   1604 S   0.0   0.0   0:01.40 bash
18069 vladisl+  20   0    8752   1948   1776 S   0.0   0.0   0:01.55 bash

  158 vladisl+  20   0  764784   6480      0 S   0.0   0.1   1:00.23 docker
  144 root      20   0 1680396   3940      0 S   0.0   0.0   0:16.92 docker-desktop-
19260 vladisl+  20   0   10876   3684   3148 S   0.0   0.0   0:00.00 top
19263 vladisl+  20   0   10856   3644   3184 R   0.0   0.0   0:00.00 top
 9804 vladisl+  20   0   10288   2836   2052 S   0.0   0.0   0:01.40 bash

  158 vladisl+  20   0  764784   6480      0 S   0.0   0.1   1:00.23 docker
  144 root      20   0 1680396   3940      0 S   0.0   0.0   0:16.92 docker-desktop-
19260 vladisl+  20   0   10876   3684   3148 S   0.0   0.0   0:00.00 top
19277 vladisl+  20   0   10856   3668   3212 R   0.0   0.0   0:00.00 top
 9804 vladisl+  20   0   10288   2836   2052 S   0.0   0.0   0:01.40 bash

  158 vladisl+  20   0  764784   6480      0 S   0.0   0.1   1:00.23 docker
  144 root      20   0 1680396   3940      0 S   0.0   0.0   0:16.92 docker-desktop-
19260 vladisl+  20   0   10876   3684   3148 S   0.0   0.0   0:00.00 top
19291 vladisl+  20   0   10856   3564   3108 R   6.7   0.0   0:00.01 top
 9804 vladisl+  20   0   10288   2836   2052 S   0.0   0.0   0:01.40 bash

  158 vladisl+  20   0  764784   6480      0 S   0.0   0.1   1:00.23 docker
  144 root      20   0 1680396   3940      0 S   0.0   0.0   0:16.92 docker-desktop-
19260 vladisl+  20   0   10876   3684   3148 S   0.0   0.0   0:00.00 top
19305 vladisl+  20   0   10856   3636   3180 R   6.2   0.0   0:00.01 top
 9804 vladisl+  20   0   10288   2836   2052 S   0.0   0.0   0:01.40 bash

  158 vladisl+  20   0  764784   6480      0 S   0.0   0.1   1:00.23 docker
  144 root      20   0 1680396   3940      0 S   0.0   0.0   0:16.92 docker-desktop-
19319 vladisl+  20   0   10856   3700   3244 R   0.0   0.0   0:00.00 top
19260 vladisl+  20   0   10876   3684   3148 S   0.0   0.0   0:00.00 top
 9804 vladisl+  20   0   10288   2836   2052 S   0.0   0.0   0:01.40 bash

  158 vladisl+  20   0  764784   6480      0 S   0.0   0.1   1:00.23 docker
  144 root      20   0 1680396   3940      0 S   0.0   0.0   0:16.92 docker-desktop-
19260 vladisl+  20   0   10876   3684   3148 S   0.0   0.0   0:00.00 top
19333 vladisl+  20   0   10856   3560   3104 R   0.0   0.0   0:00.00 top
 9804 vladisl+  20   0   10288   2836   2052 S   0.0   0.0   0:01.40 bash

  158 vladisl+  20   0  764784   6480      0 S   0.0   0.1   1:00.23 docker
  144 root      20   0 1680396   3940      0 S   0.0   0.0   0:16.92 docker-desktop-
19260 vladisl+  20   0   10876   3684   3148 S   0.0   0.0   0:00.00 top
19347 vladisl+  20   0   10856   3628   3168 R   0.0   0.0   0:00.00 top
 9804 vladisl+  20   0   10288   2836   2052 S   0.0   0.0   0:01.40 bash

  158 vladisl+  20   0  764784   6480      0 S   0.0   0.1   1:00.23 docker
  144 root      20   0 1680396   3940      0 S   0.0   0.0   0:16.92 docker-desktop-
19260 vladisl+  20   0   10876   3684   3148 S   0.0   0.0   0:00.01 top
19361 vladisl+  20   0   10856   3632   3176 R   0.0   0.0   0:00.03 top
 9804 vladisl+  20   0   10288   2836   2052 S   0.0   0.0   0:01.40 bash

  158 vladisl+  20   0  764784   6480      0 S   0.0   0.1   1:00.23 docker
  144 root      20   0 1680396   3940      0 S   0.0   0.0   0:16.92 docker-desktop-
19260 vladisl+  20   0   10876   3684   3148 S   0.0   0.0   0:00.01 top
19375 vladisl+  20   0   10856   3620   3164 R   0.0   0.0   0:00.05 top
 9804 vladisl+  20   0   10288   2836   2052 S   0.0   0.0   0:01.40 bash

  158 vladisl+  20   0  764784   6480      0 S   0.0   0.1   1:00.23 docker
  144 root      20   0 1680396   3940      0 S   0.0   0.0   0:16.92 docker-desktop-
19260 vladisl+  20   0   10876   3684   3148 S   0.0   0.0   0:00.01 top
19389 vladisl+  20   0   10856   3532   3072 R   0.0   0.0   0:00.00 top
 9804 vladisl+  20   0   10288   2836   2052 S   0.0   0.0   0:01.40 bash

  158 vladisl+  20   0  764784   6480      0 S   0.0   0.1   1:00.23 docker
  144 root      20   0 1680396   3940      0 S   0.0   0.0   0:16.92 docker-desktop-
19260 vladisl+  20   0   10876   3684   3148 S   0.0   0.0   0:00.01 top
19403 vladisl+  20   0   10856   3656   3196 R   0.0   0.0   0:00.00 top
 9804 vladisl+  20   0   10288   2836   2052 S   0.0   0.0   0:01.40 bash

  158 vladisl+  20   0  764784   6480      0 S   0.0   0.1   1:00.23 docker
  144 root      20   0 1680396   3940      0 S   0.0   0.0   0:16.92 docker-desktop-
19417 vladisl+  20   0   10856   3700   3244 R   0.0   0.0   0:00.00 top
19260 vladisl+  20   0   10876   3684   3148 S   0.0   0.0   0:00.01 top
 9804 vladisl+  20   0   10288   2836   2052 S   0.0   0.0   0:01.40 bash

  158 vladisl+  20   0  764784   6480      0 S   0.0   0.1   1:00.23 docker
  144 root      20   0 1680396   3940      0 S   0.0   0.0   0:16.92 docker-desktop-
19260 vladisl+  20   0   10876   3684   3148 S   0.0   0.0   0:00.01 top
19431 vladisl+  20   0   10856   3644   3188 R   0.0   0.0   0:00.00 top
 9804 vladisl+  20   0   10288   2836   2052 S   0.0   0.0   0:01.40 bash

  158 vladisl+  20   0  764784   6480      0 S   0.0   0.1   1:00.23 docker
  144 root      20   0 1680396   3940      0 S   0.0   0.0   0:16.92 docker-desktop-
19260 vladisl+  20   0   10876   3684   3148 S   0.0   0.0   0:00.01 top
19445 vladisl+  20   0   10856   3640   3180 R   0.0   0.0   0:00.00 top
 9804 vladisl+  20   0   10288   2836   2052 S   0.0   0.0   0:01.40 bash

  158 vladisl+  20   0  764784   6480      0 S   0.0   0.1   1:00.23 docker
  144 root      20   0 1680396   3940      0 S   0.0   0.0   0:16.92 docker-desktop-
19260 vladisl+  20   0   10876   3684   3148 S   0.0   0.0   0:00.01 top
19459 vladisl+  20   0   10856   3532   3072 R   0.0   0.0   0:00.00 top
 9804 vladisl+  20   0   10288   2836   2052 S   0.0   0.0   0:01.40 bash

