3,92 3,94 3,29 3,50 3,93
4,09 4,54 4,21 4,59 4,52
8,08 7,98 6,43 7,28 6,52
7,42 7,95 7,85 6,37 6,42
9,77 10,63 9,17 8,17 8,13
9,59 13,33 11,75 10,51 9,48
12,33 13,53 11,17 11,08 12,84
13,40 14,06 15,15 12,61 12,70
18,00 15,21 14,04 14,18 13,94
16,12 20,79 16,84 17,41 21,00
40,92 36,55 25,62 21,83 19,83
20,75 20,30 20,38 19,94 19,94
21,25 22,29 21,56 21,96 22,44
25,59 23,88 23,91 23,88 24,04
25,30 25,44 25,37 25,45 25,71
27,89 27,72 26,87 27,16 26,67
29,21 29,01 28,50 28,22 28,58
34,01 30,73 30,77 30,35 30,38
31,88 31,85 31,22 29,95 30,34
31,79 31,67 31,71 31,20 31,42
