1,48 1,59 1,63 1,59 2,11
3,83 3,17 3,00 2,98 3,11
6,19 5,17 4,83 3,99 4,22
8,07 8,71 8,20 5,35 5,21
6,40 6,49 6,71 7,68 7,46
8,55 9,10 8,81 8,60 9,82
9,25 9,13 8,93 9,65 9,67
10,79 10,34 10,25 10,22 10,27
13,91 14,38 11,78 11,76 11,71
13,77 15,48 13,32 13,37 13,81
16,87 15,00 15,78 15,41 15,11
17,22 16,15 16,47 16,95 15,94
18,98 19,66 16,70 18,45 19,94
26,33 22,89 22,21 21,62 20,93
23,75 22,67 21,80 22,92 22,83
23,79 23,72 25,15 24,58 26,47
28,39 28,07 26,01 25,64 26,55
28,66 27,04 27,24 27,04 26,84
28,91 28,40 30,92 29,42 30,33
30,12 31,89 32,79 31,96 33,70
