 31.2 
 40.0 
 33.3 
 33.3 
 40.0 
 33.3 
 40.0 
 40.0 
 40.0 
 40.0 
 46.7 
 46.7 
 33.3 
 40.0 
 40.0 
 40.0 
 33.3 
 40.0 
 33.3 
 40.0 
 33.3 
 40.0 
 40.0 
 40.0 
 33.3 
 40.0 
 40.0 
 33.3 
 40.0 
 37.5 
 40.0 
 40.0 
 46.7 
 40.0 
 40.0 
 40.0 
 46.7 
 33.3 
 33.3 
 31.6 
 40.0 
 40.0 
 37.5 
 66.7 
 46.7 
 37.5 
 27.8 
 31.2 
 46.7 
 35.3 
 26.3 
 31.6 
 37.5 
 47.4 
100.0 
 40.0 
 31.6 
 35.3 
 62.5 
 52.6 
 29.0 
 38.2 
 46.7 
 14.0 
 40.9 
 33.3 
 21.7 
 31.2 
 37.5 
 87.5 
 40.0 
 33.3 
 46.7 
 21.9 
