  5228 
 13788 
 20476 
 28828 
 35452 
 44404 
 52760 
 61460 
 62008 
 78356 
 80224 
 89584 
 90752 
105716 
117240 
123616 
121208 
143968 
137576 
137588 
155044 
153164 
181984 
170324 
185096 
193572 
210260 
210440 
230840 
221028 
237188 
246416 
246692 
251972 
257200 
264760 
268076 
250220 
280072 
274284 
283524 
302384 
308192 
310224 
314392 
318352 
297296 
325744 
321012 
301036 
292744 
339792 
341732 
305216 
307388 
327128 
318680 
338216 
337652 
334300 
339728 
344260 
346136 
351196 
372500 
376412 
380220 
391988 
378652 
411080 
419528 
413372 
402916 
405048 
