  10996 
  19312 
  26176 
  34228 
  40828 
  49936 
  58384 
  66964 
  67624 
  83860 
  85972 
  95080 
  96268 
 111184 
 122800 
 129136 
 126760 
 149464 
 143260 
 143128 
 160552 
 158704 
 187348 
 175864 
 190648 
 198964 
 215728 
 215860 
 236320 
 226420 
 242788 
 251764 
 252160 
 257572 
 262588 
 270244 
 273412 
 255724 
 285820 
 279748 
 289120 
 307732 
 313672 
 315784 
 320140 
 323836 
 302848 
 331360 
 326608 
 306544 
 298360 
 345352 
 347200 
 310900 
 313012 
 332680 
 324232 
 343768 
 343372 
 339808 
 345352 
 349708 
 351688 
 356572 
 378088 
 382048 
 385612 
 397756 
 384160 
 416764 
 424948 
 419008 
 408448 
 410692 
