  6.2 
 33.3 
 40.0 
 40.0 
 40.0 
 33.3 
 33.3 
 33.3 
 40.0 
 46.7 
 33.3 
 40.0 
 33.3 
 40.0 
 40.0 
 33.3 
 33.3 
 33.3 
 33.3 
 40.0 
 40.0 
 33.3 
 40.0 
 40.0 
 33.3 
 33.3 
 37.5 
 46.7 
 40.0 
 37.5 
 33.3 
 33.3 
 33.3 
 40.0 
 36.8 
 27.8 
 40.0 
 38.9 
 37.5 
 33.3 
 33.3 
 26.3 
 31.6 
 33.3 
 40.0 
 40.0 
 40.0 
 33.3 
 33.3 
 40.0 
 46.7 
 40.0 
 37.5 
 40.0 
 33.3 
 33.3 
 37.5 
 23.8 
 33.3 
 40.0 
 40.0 
 10.2 
 30.3 
 30.0 
 27.8 
  4.0 
 81.2 
 56.2 
 31.6 
 40.0 
 82.4 
 53.3 
100.0 
 30.0 
 78.9 
 80.0 
 43.8 
 86.7 
 46.7 
 50.0 
 81.2 
 47.1 
100.0 
 50.0 
 47.8 
100.0 
 53.3 
  8.4 
 80.0 
 56.2 
 53.3 
 61.5 
 93.3 
 52.6 
 56.2 
 63.2 
 93.8 
 93.3 
 73.7 
 75.0 
 80.0 
 64.7 
 88.2 
100.0 
 81.2 
 83.3 
 75.0 
 66.7 
100.0 
100.0 
 80.0 
 60.0 
 81.2 
 86.7 
100.0 
 86.7 
 80.0 
 86.7 
 51.6 
 93.8 
 93.3 
 93.3 
100.0 
 93.3 
 86.7 
 80.0 
100.0 
 93.3 
 93.3 
 93.3 
 88.2 
100.0 
 93.3 
100.0 
100.0 
100.0 
100.0 
 83.3 
 94.1 
100.0 
100.0 
 93.3 
100.0 
 88.9 
100.0 
100.0 
100.0 
100.0 
100.0 
 93.8 
100.0 
100.0 
100.0 
100.0 
 93.3 
