  3704 
 11488 
 20200 
 23628 
 36416 
 43664 
 51092 
 60328 
 66272 
 76544 
 86200 
 94332 
106528 
116144 
126704 
132136 
141112 
124392 
165248 
141816 
147524 
152576 
162832 
169436 
214352 
183032 
189500 
194252 
199004 
193908 
198008 
215736 
239848 
226032 
231048 
226232 
226008 
230468 
240488 
246656 
243432 
254840 
250280 
255560 
261104 
282264 
268456 
291240 
284936 
300480 
306288 
298792 
310148 
311072 
304400 
314528 
326516 
317072 
322088 
328676 
341640 
367536 
372552 
372280 
394816 
438588 
510300 
445828 
515512 
408564 
397080 
482172 
470384 
423764 
475748 
503856 
453360 
461884 
478424 
471312 
492612 
476092 
570704 
491140 
550208 
538752 
571836 
478084 
539308 
552808 
600572 
568500 
619864 
587932 
617692 
641772 
618008 
611924 
626924 
616800 
630520 
641352 
669900 
693280 
686512 
709648 
704728 
720852 
746760 
820976 
787596 
787592 
735848 
765356 
785420 
807500 
818852 
858348 
765776 
899352 
923640 
943968 
890616 
955104 
909268 
885532 
877016 
882316 
892588 
915028 
920892 
975904 
946344 
986.7m 
973536 
  1.0g 
  1.0g 
979288 
  1.0g 
  1.0g 
  1.1g 
  1.0g 
  1.1g 
  1.1g 
  1.1g 
  1.1g 
  1.1g 
  1.1g 
  1.1g 
  1.2g 
  1.2g 
  1.2g 
  1.2g 
  1.2g 
     0 
