   9148 
  16936 
  25648 
  29344 
  42148 
  49012 
  56404 
  65644 
  71716 
  82012 
  91648 
  99832 
 111844 
 121744 
 132304 
 137452 
 146692 
 129928 
 170980 
 147352 
 153160 
 158176 
 168340 
 175072 
 219952 
 188536 
 195004 
 199888 
 204640 
 199624 
 203584 
 221140 
 245164 
 231568 
 236584 
 231964 
 231568 
 235924 
 246088 
 252160 
 248992 
 260212 
 255724 
 261004 
 266548 
 287668 
 274204 
 296776 
 290440 
 305884 
 311824 
 304432 
 315652 
 316576 
 309844 
 320140 
 332152 
 322516 
 327532 
 334396 
 347200 
 373072 
 377956 
 377692 
 400132 
 444088 
 635620 
 576616 
 667696 
 535036 
 528964 
 622552 
 607900 
 560116 
 623872 
 652252 
 591796 
 621496 
 628888 
 623608 
 651064 
 626116 
 729076 
 641296 
 735940 
 701224 
 737788 
 672976 
 706108 
 724852 
 778840 
 740824 
 822400 
 763660 
 797452 
 844444 
 818176 
 805372 
 821080 
 815140 
 851572 
 839824 
 874408 
 906484 
 886552 
 922720 
 904636 
 925492 
 966808 
1057360 
1015780 
1024492 
 975520 
1032544 
1052740 
1088908 
1100128 
1101448 
1021852 
1157152 
1181440 
1201636 
1220512 
1250740 
1228960 
1181968 
1167844 
1158736 
1202824 
1225264 
1251664 
1263808 
1242820 
1334296 
1270144 
1354756 
1365976 
1291528 
1442272 
1441744 
1464712 
1406896 
1535068 
1466560 
1493092 
1464976 
1477384 
1536256 
1548796 
1560544 
1572160 
1610572 
1579024 
1630372 
      0 
