[36594.176631] [  26126]  1000 26126   134782   102367  1114112    30277             0 newmem.bash
[36594.176632] [  26127]  1000 26127   150160   116845  1241088    31175             0 newmem.bash
[36594.176633] [  26128]  1000 26128   150424   108510  1253376    39781             0 newmem.bash
[36594.176634] [  26129]  1000 26129   142273   108769  1175552    31393             0 newmem.bash
[36594.176635] [  26130]  1000 26130   133759   101561  1105920    30080             0 newmem.bash
[36594.176637] [  26131]  1000 26131   155110   115799  1282048    37180             0 newmem.bash
[36594.176638] [  26132]  1000 26132   141316   107403  1171456    31775             0 newmem.bash
[36594.176639] [  26133]  1000 26133   145540   112468  1204224    30930             0 newmem.bash
[36594.176641] [  26134]  1000 26134   149269   115999  1232896    31173             0 newmem.bash
[36594.176642] [  26135]  1000 26135   134848   101748  1118208    30955             0 newmem.bash
[36594.176643] [  26136]  1000 26136   142834   109596  1179648    31101             0 newmem.bash
[36594.176644] [  26137]  1000 26137   155275   115453  1277952    37720             0 newmem.bash
[36594.176645] [  26138]  1000 26138   146299   112067  1212416    32069             0 newmem.bash
[36594.176647] [  26139]  1000 26139   128578    96310  1064960    30122             0 newmem.bash
[36594.176888] [  26141]  1000 26141   134881   100874  1105920    31892             0 newmem.bash
[36594.176895] [  26142]  1000 26142   144781   112292  1200128    30374             0 newmem.bash
[36594.176896] [  26143]  1000 26143   153130   113472  1261568    37513             0 newmem.bash
[36594.176897] [  26144]  1000 26144   141844   107611  1175552    32120             0 newmem.bash
[36594.176898] [  26145]  1000 26145   139963   107779  1163264    30083             0 newmem.bash
[36594.176900] [  26146]  1000 26146   127390    94891  1060864    30349             0 newmem.bash
[36594.176901] [  26147]  1000 26147   140986   106522  1171456    32317             0 newmem.bash
[36594.176903] [  26148]  1000 26148   130393    97064  1081344    31219             0 newmem.bash
[36594.176904] [  26149]  1000 26149   126433    92938  1048576    31385             0 newmem.bash
[36594.176905] [  26150]  1000 26150   140062   107068  1167360    30908             0 newmem.bash
[36594.176906] [  26151]  1000 26151   142735   110409  1175552    30201             0 newmem.bash
[36594.176907] [  26152]  1000 26152   137125   102662  1134592    32357             0 newmem.bash
[36594.176909] [  26153]  1000 26153   155077   115495  1277952    37466             0 newmem.bash
[36594.176910] [  26154]  1000 26154   141679   108540  1167360    31030             0 newmem.bash
[36594.176911] [  26155]  1000 26155   143890   111088  1191936    30670             0 newmem.bash
[36594.176913] [  26156]  1000 26156     2188       44    57344       71             0 bash
[36594.176914] [  26324]  1000 26324     2750      102    61440       68             0 top
[36594.176916] [  27081]  1000 27081     2714      114    53248        0             0 top
[36594.176918] [  27082]  1000 27082     1811       16    53248        0             0 head
[36594.176919] [  27083]  1000 27083     1817       16    53248        0             0 tail
[36594.176920] oom-kill:constraint=CONSTRAINT_NONE,nodemask=(null),cpuset=/,mems_allowed=0,global_oom,task_memcg=/,task=newmem.bash,pid=26137,uid=1000
[36594.176937] Out of memory: Killed process 26137 (newmem.bash) total-vm:621100kB, anon-rss:461812kB, file-rss:0kB, shmem-rss:0kB, UID:1000 pgtables:1248kB oom_score_adj:0
[36594.201944] oom_reaper: reaped process 26137 (newmem.bash), now anon-rss:0kB, file-rss:0kB, shmem-rss:0kB
[36627.015015] WSL2: Performing memory compaction.
[36688.375071] WSL2: Performing memory compaction.
[36751.428868] WSL2: Performing memory compaction.