93.3
100.0
100.0
100.0
93.8
100.0
100.0
93.8
100.0
100.0
100.0
100.0
100.0
100.0
100.0
100.0
100.0
93.8
100.0
100.0
100.0
100.0
100.0
100.0
93.8
100.0
100.0
100.0
100.0
93.8
100.0
100.0
100.0
100.0
93.8
100.0
100.0
100.0
100.0
100.0
100.0
100.0
100.0
100.0
100.0
100.0
100.0
100.0
93.8
100.0
100.0
100.0
100.0
100.0
100.0
100.0
100.0
100.0
100.0
100.0
100.0
100.0
100.0
100.0
100.0
100.0
100.0
93.8
100.0
100.0
100.0
100.0
100.0
100.0
100.0
100.0
100.0
100.0
100.0
100.0
100.0
93.8
100.0
100.0
100.0
100.0
100.0
100.0
100.0
100.0
100.0
100.0
100.0
100.0
100.0
100.0
100.0
100.0
100.0
100.0
100.0
100.0
100.0
100.0
100.0
100.0
100.0
100.0
100.0
100.0
93.8
100.0
100.0
100.0
100.0
93.8
100.0
100.0
93.8
100.0
100.0
93.8
100.0
100.0
100.0
100.0
100.0
100.0
100.0
100.0
100.0
100.0
100.0
93.8
100.0
100.0
100.0
93.8
100.0
100.0
100.0
100.0
100.0
100.0
100.0
100.0
100.0
100.0
100.0
100.0
100.0
93.3
100.0
100.0
100.0
100.0
100.0
100.0
100.0
100.0
100.0
100.0
100.0
93.8
100.0
93.8
100.0
100.0
100.0
100.0
100.0
100.0
93.8
100.0
93.8
100.0
100.0
100.0
100.0
93.8
100.0
100.0
100.0
100.0
83.3
100.0
75.0
100.0
100.0
100.0
100.0
100.0
100.0
100.0
93.8
100.0
100.0
100.0
93.8
100.0
100.0
100.0
100.0
93.8
93.8
100.0
100.0
100.0
100.0
93.8
100.0
100.0
93.8
100.0
100.0
100.0
100.0
100.0
100.0
100.0
100.0
100.0
100.0
100.0
100.0
80.0
78.9
93.8
100.0
93.8
100.0
100.0
100.0
100.0
93.8
100.0
100.0
100.0
100.0
93.3
100.0
93.8
100.0
100.0
100.0
93.8
100.0
100.0
100.0
100.0
100.0
100.0
93.8
93.8
100.0
93.3
100.0
100.0
100.0
100.0
100.0
100.0
100.0
78.8
100.0
100.0
100.0
100.0
100.0
100.0
100.0
100.0
100.0
83.3
100.0
100.0
100.0
100.0
95.5
100.0
93.8
100.0
100.0
100.0
100.0
100.0
100.0
100.0
100.0
100.0
100.0
100.0
100.0
100.0
93.8
100.0
100.0
100.0
100.0
100.0
100.0
100.0
100.0
100.0
100.0
100.0
100.0
78.9
75.0
88.9
100.0
80.0
100.0
94.4
100.0
100.0
100.0
93.8
100.0
100.0
100.0
91.2
100.0
100.0
100.0
100.0
100.0
100.0
100.0
100.0
93.8
100.0
100.0
100.0
100.0
62.5
100.0
100.0
71.4
100.0
100.0
93.8
100.0
100.0
100.0
100.0
100.0
100.0
100.0
86.7
100.0
100.0
100.0
93.8
100.0
93.8
100.0
93.3
93.8
100.0
100.0
93.3
100.0
93.3
100.0
87.5
100.0
100.0
100.0
100.0
100.0
100.0
100.0
100.0
93.8
100.0
93.3
100.0
100.0
100.0
100.0
100.0
100.0
100.0
100.0
93.3
100.0
100.0
93.8
100.0
100.0
100.0
100.0
93.8
100.0
100.0
100.0
100.0
100.0
93.8
100.0
93.3
100.0
100.0
93.3
93.8
100.0
100.0
93.3
100.0
100.0
93.8
100.0
100.0
100.0
100.0
87.5
100.0
100.0
100.0
100.0
100.0
100.0
100.0
100.0
100.0
100.0
87.5
93.8
100.0
100.0
70.6
100.0
55.0
86.7
100.0
100.0
41.4
58.3
100.0
100.0
93.3
100.0
100.0
100.0
100.0
100.0
100.0
100.0
100.0
93.8
100.0
100.0
100.0
100.0
100.0
93.3
100.0
93.8
100.0
100.0
100.0
93.8
93.8
100.0
100.0
93.3
100.0
100.0
100.0
100.0
100.0
100.0
100.0
100.0
100.0
100.0
100.0
93.3
100.0
100.0
100.0
100.0
100.0
100.0
93.8
93.3
100.0
100.0
93.3
100.0
100.0
100.0
100.0
100.0
93.8
87.5
100.0
100.0
100.0
100.0
100.0
100.0
0.0
100.0
100.0
100.0
100.0
93.8
100.0
100.0
100.0
100.0
100.0
80.0
100.0
100.0
100.0
100.0
100.0
100.0
100.0
100.0
100.0
100.0
100.0
73.3
100.0
100.0
100.0
65.2
71.4
57.1
100.0
100.0
100.0
100.0
100.0
93.8
80.0
100.0
44.1
100.0
100.0
100.0
100.0
100.0
100.0
100.0
100.0
93.3
100.0
37.8
100.0
100.0
71.4
40.0
100.0
100.0
93.3
100.0
100.0
33.3
57.7
93.8
62.5
100.0
73.3
100.0
93.3
71.4
100.0
100.0
100.0
100.0
100.0
100.0
100.0
93.3
80.0
68.2
100.0
100.0
93.3
100.0
100.0
81.2
100.0
93.3
78.9
100.0
100.0
63.2
93.8
20.0
100.0
100.0
100.0
100.0
100.0
100.0
100.0
100.0
100.0
100.0
100.0
100.0
100.0
100.0
68.8
5.4
5.0