 0.1 
 0.4 
 0.6 
 0.8 
 1.1 
 1.3 
 1.6 
 1.9 
 2.2 
 2.5 
 2.8 
 3.1 
 3.4 
 3.6 
 3.8 
 4.1 
 4.4 
 4.7 
 4.9 
 5.2 
 5.4 
 5.7 
 5.9 
 6.2 
 6.5 
 6.8 
 7.1 
 7.4 
 7.6 
 7.9 
 8.2 
 8.5 
 8.7 
 9.0 
 9.3 
 9.6 
 9.8 
10.1 
10.4 
10.7 
10.9 
11.2 
11.5 
11.7 
11.9 
12.1 
12.4 
12.7 
13.0 
13.3 
13.6 
13.8 
14.1 
14.4 
14.7 
15.0 
15.3 
15.6 
15.9 
16.1 
16.3 
16.5 
16.7 
17.0 
17.3 
17.5 
17.7 
18.0 
18.3 
18.6 
18.9 
19.2 
19.5 
19.8 
20.1 
20.4 
20.7 
21.0 
21.2 
21.3 
21.6 
21.8 
22.1 
22.4 
22.7 
23.0 
23.2 
23.5 
23.8 
24.1 
24.3 
24.6 
24.8 
25.0 
25.2 
25.4 
25.7 
26.0 
26.3 
26.6 
26.9 
27.1 
27.4 
27.6 
27.9 
28.1 
28.4 
28.6 
28.9 
29.1 
29.2 
29.5 
29.7 
30.0 
30.1 
30.4 
30.5 
30.7 
31.0 
31.2 
31.5 
31.6 
31.8 
32.0 
32.3 
32.5 
32.8 
33.1 
33.4 
33.6 
33.9 
34.1 
34.3 
34.5 
34.7 
35.0 
35.2 
35.4 
35.7 
36.0 
36.2 
36.4 
36.7 
37.0 
37.2 
37.4 
37.7 
37.8 
38.0 
38.3 
38.5 
38.8 
39.1 
39.3 
39.5 
39.7 
40.0 
40.3 
40.5 
40.7 
40.9 
41.2 
41.4 
41.6 
41.8 
42.0 
42.2 
42.4 
42.6 
42.8 
43.0 
43.2 
43.4 
43.7 
43.9 
44.1 
44.3 
44.5 
44.7 
44.9 
45.1 
45.3 
45.5 
45.8 
46.2 
46.6 
47.0 
47.4 
47.9 
48.6 
49.1 
49.7 
50.0 
50.3 
50.5 
50.8 
51.0 
51.1 
51.4 
51.6 
51.8 
52.0 
52.2 
52.4 
52.6 
52.9 
53.0 
53.3 
53.5 
53.8 
54.0 
54.3 
54.5 
54.7 
55.0 
55.2 
55.4 
55.7 
55.9 
56.1 
56.3 
56.4 
56.5 
56.6 
56.7 
56.9 
56.9 
56.9 
57.1 
57.1 
57.3 
57.4 
57.5 
57.6 
57.8 
57.9 
58.0 
58.1 
58.3 
58.4 
58.6 
58.8 
59.1 
59.3 
59.5 
59.7 
59.9 
60.2 
60.4 
60.7 
60.9 
61.1 
61.3 
61.4 
61.7 
61.9 
62.1 
62.3 
62.5 
62.8 
63.0 
63.2 
63.5 
63.7 
64.1 
64.3 
64.6 
64.8 
65.1 
65.3 
65.6 
66.0 
66.3 
66.6 
66.9 
67.2 
67.5 
67.9 
68.3 
68.8 
69.1 
69.3 
69.6 
69.8 
70.1 
70.3 
70.6 
70.9 
71.1 
71.3 
71.5 
71.8 
72.0 
72.2 
72.4 
72.6 
72.8 
73.0 
73.2 
73.5 
73.7 
74.0 
74.2 
74.5 
74.8 
75.2 
75.4 
75.7 
76.1 
76.3 
76.6 
76.9 
77.1 
77.3 
77.5 
77.6 
77.8 
78.0 
78.2 
78.4 
78.6 
78.8 
79.0 
79.3 
79.6 
79.8 
80.1 
80.3 
80.6 
80.8 
81.0 
81.3 
81.6 
81.7 
82.0 
82.1 
82.3 
82.6 
82.8 
83.1 
83.3 
83.5 
83.8 
84.0 
84.2 
84.4 
84.6 
84.8 
85.0 
85.2 
85.5 
85.8 
86.1 
86.3 
86.5 
86.5 
86.6 
86.6 
86.7 
86.7 
86.7 
86.8 
86.9 
86.9 
86.9 
87.0 
87.0 
87.1 
87.1 
87.1 
87.2 
87.2 
87.3 
87.3 
87.3 
87.4 
87.4 
87.5 
87.5 
87.5 
87.6 
87.7 
87.7 
87.8 
87.8 
87.9 
88.0 
88.1 
88.2 
88.4 
88.5 
88.6 
88.7 
88.8 
88.9 
89.0 
89.1 
89.2 
89.3 
89.4 
89.4 
89.5 
89.6 
89.6 
89.7 
89.8 
89.9 
90.0 
90.1 
90.2 
90.2 
90.4 
90.5 
90.6 
90.7 
90.8 
90.8 
90.9 
91.0 
91.1 
91.1 
91.2 
91.3 
91.4 
91.5 
91.5 
91.6 
91.7 
91.8 
91.9 
92.0 
92.0 
92.0 
92.0 
92.0 
92.0 
92.0 
92.0 
92.1 
92.1 
92.2 
92.3 
92.3 
92.4 
92.4 
92.5 
92.6 
92.6 
92.7 
92.8 
92.8 
92.9 
93.0 
93.0 
93.1 
93.2 
93.2 
93.3 
93.4 
93.5 
93.5 
93.6 
93.7 
93.8 
93.8 
93.9 
94.0 
94.0 
94.1 
94.2 
94.2 
94.3 
94.5 
94.6 
94.7 
94.8 
94.8 
94.9 
95.0 
95.0 
95.1 
95.2 
95.2 
95.3 
95.4 
95.5 
95.5 
95.6 
95.6 
95.7 
95.8 
95.8 
95.9 
95.9 
96.0 
96.1 
96.2 
96.2 
96.3 
96.4 
96.4 
96.1 
96.2 
94.8 
94.9 
95.0 
95.1 
95.2 
95.3 
95.5 
95.6 
95.8 
95.9 
96.0 
95.9 
95.0 
95.2 
95.3 
95.6 
95.8 
95.1 
95.7 
95.9 
95.5 
95.8 
96.1 
94.9 
94.2 
93.4 
93.5 
93.7 
94.1 
94.4 
94.9 
95.0 
95.1 
95.2 
95.4 
95.5 
95.7 
96.0 
95.4 
94.9 
95.1 
95.3 
95.5 
95.7 
95.9 
96.0 
96.1 
95.3 
95.0 
93.9 
94.1 
94.2 
93.7 
93.1 
93.9 
94.1 
94.3 
94.5 
94.7 
95.1 
95.3 
95.4 
94.2 
94.5 
94.7 
94.7 
94.9 
95.1 
95.3 
95.5 
95.6 
95.8 
96.0 
94.9 
95.0 
95.1 
95.3 
95.5 
95.7 
95.8 
95.9 
95.9 
95.9 
95.8 
95.9 
96.0 
95.8 
96.0 
96.0 
95.8 
95.8 
95.6 
95.6 
95.8 
95.7 
95.4 
95.4 
95.6 
95.7 
95.9 
95.8 
95.7 
95.8 
96.0 
96.2 
96.4 
96.6 
96.7 
96.7 
