  20104 
  51916 
  82540 
 113824 
 143392 
 176524 
 214804 
 253084 
 291232 
 329512 
 367792 
 402640 
 439072 
 473524 
 497812 
 536224 
 568828 
 605524 
 641692 
 673240 
 706636 
 739504 
 772504 
 808936 
 844180 
 881536 
 918100 
 954664 
 991228 
1025548 
1062112 
1098808 
1133656 
1170352 
1206916 
1241896 
1271464 
1308028 
1344460 
1381024 
1416664 
1453096 
1484908 
1509064 
1535860 
1563844 
1601992 
1640140 
1678552 
1716700 
1754980 
1790224 
1828372 
1866784 
1904536 
1942948 
1980568 
2019112 
2057524 
2086168 
2101348 
2132896 
2165104 
2203516 
2237176 
2263708 
2294596 
2332876 
2371420 
2409700 
2448244 
2484280 
2522560 
2560840 
2599252 
2637928 
2675020 
2712772 
2743264 
2758312 
2786956 
2820616 
2859028 
2897440 
2935588 
2973076 
3001456 
3037624 
3075508 
3112864 
3144412 
3173188 
3207244 
3231268 
3255952 
3284464 
3321292 
3358252 
3396532 
3434944 
3468736 
3500020 
3536848 
3571168 
3607864 
3633604 
3666076 
3699208 
3730624 
3755572 
3776428 
3807052 
3837412 
3868696 
3893116 
3921628 
3941428 
3965716 
4002676 
4031452 
4061944 
4080952 
4104316 
4138504 
4167148 
4202128 
4236448 
4273144 
4309840 
4340068 
4373068 
4402504 
4431940 
4456360 
4482892 
4517080 
4545328 
4577008 
4611328 
4643008 
4674424 
4706236 
4736860 
4770916 
4798636 
4831108 
4863976 
4885228 
4910572 
4941196 
4975648 
5009440 
5048512 
5070820 
5099332 
5130352 
5165200 
5201368 
5226316 
5255356 
5284792 
5318320 
5347228 
5373892 
5395672 
5423392 
5452696 
5474212 
5497708 
5521468 
5550640 
5581396 
5606872 
5635516 
5664160 
5691352 
5716564 
5747716 
5775700 
5800120 
5817148 
5849884 
5874964 
5907436 
5964064 
6019768 
6066364 
6119692 
6182656 
6275452 
6335380 
6414448 
6458536 
6488236 
6521896 
6556876 
6578128 
6600700 
6630004 
6655876 
6690460 
6718312 
6733888 
6762136 
6795268 
6821800 
6846352 
6880672 
6909184 
6940996 
6971356 
7004224 
7033264 
7064020 
7093720 
7124080 
7153384 
7185328 
7210540 
7238788 
7270204 
7281028 
7294096 
7308352 
7323664 
7337524 
7339504 
7349140 
7363660 
7375408 
7389664 
7402600 
7419892 
7439032 
7455400 
7474144 
7489456 
7502920 
7520476 
7537504 
7560736 
7594396 
7627264 
7654852 
7683892 
7708708 
7736296 
7768636 
7793056 
7827640 
7858660 
7885984 
7910008 
7929412 
7958848 
7987756 
8017588 
8040952 
8070916 
8103520 
8132824 
8157772 
8189320 
8220208 
8266144 
8299408 
8331616 
8364352 
8401048 
8427052 
8464408 
8516680 
8554564 
8591260 
8636668 
8671780 
8707156 
8758768 
8819092 
8883376 
8912548 
8943964 
8981056 
9008776 
9040588 
9071212 
9107776 
9144340 
9172720 
9202684 
9233176 
9265516 
9290332 
9316468 
9342736 
9368344 
9391708 
9415996 
9449920 
9481864 
9515128 
9547600 
9577960 
9612544 
9654652 
9707584 
9733060 
9773320 
9818860 
9840112 
9882616 
9920368 
9947428 
9976468 
9996796 
9784.5m 
9806.2m 
9832.9m 
9854.0m 
9881.3m 
9905.2m 
9928.8m 
9960.6m 
9990.4m 
   9.8g 
   9.8g 
   9.9g 
   9.9g 
   9.9g 
   9.9g 
  10.0g 
  10.0g 
  10.0g 
  10.1g 
  10.1g 
  10.1g 
  10.1g 
  10.2g 
  10.2g 
  10.2g 
  10.3g 
  10.3g 
  10.3g 
  10.3g 
  10.4g 
  10.4g 
  10.4g 
  10.4g 
  10.5g 
  10.5g 
  10.5g 
  10.6g 
  10.6g 
  10.6g 
  10.6g 
  10.6g 
  10.7g 
  10.7g 
  10.7g 
  10.7g 
  10.7g 
  10.7g 
  10.7g 
  10.7g 
  10.7g 
  10.7g 
  10.7g 
  10.7g 
  10.7g 
  10.7g 
  10.7g 
  10.7g 
  10.7g 
  10.7g 
  10.7g 
  10.8g 
  10.8g 
  10.8g 
  10.8g 
  10.8g 
  10.8g 
  10.8g 
  10.8g 
  10.8g 
  10.8g 
  10.8g 
  10.8g 
  10.8g 
  10.9g 
  10.9g 
  10.9g 
  10.9g 
  10.9g 
  10.9g 
  10.9g 
  11.0g 
  11.0g 
  11.0g 
  11.0g 
  11.0g 
  11.0g 
  11.0g 
  11.0g 
  11.0g 
  11.0g 
  11.1g 
  11.1g 
  11.1g 
  11.1g 
  11.1g 
  11.1g 
  11.1g 
  11.1g 
  11.1g 
  11.2g 
  11.2g 
  11.2g 
  11.2g 
  11.2g 
  11.2g 
  11.2g 
  11.2g 
  11.2g 
  11.2g 
  11.3g 
  11.3g 
  11.3g 
  11.3g 
  11.3g 
  11.3g 
  11.3g 
  11.3g 
  11.3g 
  11.3g 
  11.3g 
  11.3g 
  11.3g 
  11.3g 
  11.3g 
  11.3g 
  11.3g 
  11.4g 
  11.4g 
  11.4g 
  11.4g 
  11.4g 
  11.4g 
  11.4g 
  11.4g 
  11.4g 
  11.4g 
  11.4g 
  11.4g 
  11.4g 
  11.5g 
  11.5g 
  11.5g 
  11.5g 
  11.5g 
  11.5g 
  11.5g 
  11.5g 
  11.5g 
  11.5g 
  11.5g 
  11.6g 
  11.6g 
  11.6g 
  11.6g 
  11.6g 
  11.6g 
  11.6g 
  11.6g 
  11.6g 
  11.7g 
  11.7g 
  11.7g 
  11.7g 
  11.7g 
  11.7g 
  11.7g 
  11.7g 
  11.7g 
  11.7g 
  11.7g 
  11.7g 
  11.8g 
  11.8g 
  11.8g 
  11.8g 
  11.8g 
  11.8g 
  11.8g 
  11.8g 
  11.8g 
  11.8g 
  11.8g 
  11.8g 
  11.9g 
  11.9g 
  11.9g 
  12.0g 
  12.0g 
  12.2g 
  12.2g 
  12.2g 
  12.2g 
  12.2g 
  12.2g 
  12.2g 
  12.3g 
  12.3g 
  12.3g 
  12.3g 
  12.3g 
  12.4g 
  12.4g 
  12.4g 
  12.4g 
  12.5g 
  12.7g 
  12.8g 
  12.8g 
  12.9g 
  13.4g 
  13.5g 
  13.5g 
  13.5g 
  13.6g 
  13.6g 
  13.6g 
  13.7g 
  13.7g 
  13.8g 
  13.8g 
  13.8g 
  13.8g 
  13.8g 
  13.8g 
  13.9g 
  13.9g 
  13.9g 
  14.0g 
  14.0g 
  14.0g 
  14.0g 
  14.0g 
  14.1g 
  14.1g 
  14.1g 
  14.1g 
  14.1g 
  14.1g 
  14.2g 
  14.2g 
  14.2g 
  14.2g 
  14.3g 
  14.4g 
  14.4g 
  14.4g 
  14.5g 
  14.5g 
  14.5g 
  14.6g 
  14.6g 
  14.6g 
  14.7g 
  14.7g 
  14.7g 
  14.7g 
  14.7g 
  14.8g 
  14.8g 
  14.8g 
  14.8g 
  14.8g 
  14.9g 
  14.9g 
  14.9g 
  14.9g 
  14.9g 
  15.0g 
  15.0g 
  15.0g 
  15.0g 
  15.0g 
  15.1g 
  15.1g 
  15.1g 
  15.1g 
  15.1g 
  15.2g 
  15.2g 
  15.2g 
  15.2g 
  15.2g 
  15.3g 
  15.3g 
  15.3g 
  15.3g 
  15.3g 
  15.3g 
  15.4g 
  15.4g 
  15.4g 
  15.4g 
  15.4g 
  15.5g 
  15.5g 
  15.5g 
  15.5g 
