 40.0 
 40.0 
 33.3 
 40.0 
 33.3 
 40.0 
 40.0 
 40.0 
 40.0 
 40.0 
 40.0 
 33.3 
 40.0 
 33.3 
 40.0 
 33.3 
 33.3 
 33.3 
 33.3 
 40.0 
 33.3 
 40.0 
 33.3 
 40.0 
 33.3 
 33.3 
 33.3 
 40.0 
 33.3 
 40.0 
 40.0 
 33.3 
 40.0 
 31.2 
 33.3 
 33.3 
 43.8 
 38.9 
 35.3 
 40.0 
 40.0 
 33.3 
 33.3 
 33.3 
 31.2 
 33.3 
 43.8 
 46.7 
 37.5 
 38.9 
 26.3 
 46.7 
 40.0 
 33.3 
 35.3 
 31.6 
 33.3 
 26.3 
 40.0 
 33.3 
 36.8 
 40.0 
 41.2 
 43.8 
 43.8 
 37.5 
 25.0 
 31.6 
 31.6 
 33.3 
 29.7 
 21.6 
 93.8 
 93.8 
100.0 
 93.8 
100.0 
100.0 
100.0 
