  9328 
 19624 
 27780 
 35964 
 42520 
 52512 
 58888 
 70200 
 75484 
 82192 
 93016 
 98824 
107512 
111732 
121792 
129488 
138952 
145064 
152388 
162752 
167700 
183720 
186736 
198352 
199908 
207828 
190396 
226864 
228684 
234824 
209916 
240256 
244480 
248704 
254776 
260848 
267184 
285184 
280120 
297064 
256072 
297016 
266940 
269580 
301020 
317080 
324208 
318592 
341856 
344344 
345328 
303532 
354040 
359056 
372040 
326124 
330036 
338360 
341628 
345396 
352616 
365964 
360708 
359284 
371096 
376724 
379612 
383572 
392564 
401984 
405852 
417664 
419696 
402700 
410168 
333048 
358392 
377664 
404856 
