  14692 
  25252 
  33304 
  41488 
  48088 
  57988 
  64324 
  75808 
  81088 
  87556 
  98380 
 104320 
 113032 
 117256 
 127156 
 134812 
 144448 
 150388 
 157780 
 168340 
 173224 
 189460 
 192364 
 203716 
 205432 
 213220 
 195796 
 232360 
 234076 
 240148 
 215332 
 245692 
 249916 
 254272 
 260476 
 266416 
 272752 
 290572 
 285688 
 302584 
 261532 
 302452 
 272356 
 275260 
 306544 
 322516 
 329644 
 324232 
 347464 
 349840 
 350896 
 309184 
 359608 
 364624 
 377428 
 331492 
 335584 
 344032 
 347068 
 350896 
 358420 
 371356 
 366340 
 364888 
 376636 
 382312 
 385084 
 389176 
 398020 
 407656 
 411220 
 423100 
 545068 
 542428 
 533584 
 458212 
 483556 
 502960 
 530152 
