21967 vladisl+  20   0   45184  39676   3028 R  36.8   0.3   0:00.78 newmem.bash
21963 vladisl+  20   0   54424  48860   2968 R  40.0   0.4   0:00.96 newmem.bash
21963 vladisl+  20   0   65776  60212   2968 R  46.7   0.5   0:01.19 newmem.bash
21963 vladisl+  20   0   76468  71036   2968 R  40.0   0.6   0:01.41 newmem.bash
21975 vladisl+  20   0   82144  76624   3024 R  46.7   0.6   0:01.55 newmem.bash
21963 vladisl+  20   0   96004  90308   2968 R  40.0   0.7   0:01.81 newmem.bash
21963 vladisl+  20   0  104452  99020   2968 R  33.3   0.8   0:02.00 newmem.bash
21963 vladisl+  20   0  114220 108788   2968 R  40.0   0.8   0:02.20 newmem.bash
21963 vladisl+  20   0  123592 118028   2968 R  46.7   0.9   0:02.41 newmem.bash
21966 vladisl+  20   0  120688 115040   2888 R  33.3   0.9   0:02.42 newmem.bash
21972 vladisl+  20   0  130588 124864   2944 R  40.0   1.0   0:02.61 newmem.bash
21963 vladisl+  20   0  149068 143636   2968 R  33.3   1.1   0:02.99 newmem.bash
21966 vladisl+  20   0  148276 142760   2888 R  40.0   1.1   0:03.01 newmem.bash
21963 vladisl+  20   0  166492 161060   2968 R  33.3   1.2   0:03.35 newmem.bash
21972 vladisl+  20   0  167680 162088   2944 R  40.0   1.3   0:03.41 newmem.bash
21963 vladisl+  20   0  184840 179276   2968 R  31.2   1.4   0:03.74 newmem.bash
21978 vladisl+  20   0  185764 180356   3008 R  40.0   1.4   0:03.81 newmem.bash
21963 vladisl+  20   0  203584 198020   2968 R  40.0   1.5   0:04.15 newmem.bash
21963 vladisl+  20   0  212692 206996   2968 R  40.0   1.6   0:04.35 newmem.bash
21966 vladisl+  20   0  210316 204536   2888 R  38.9   1.6   0:04.41 newmem.bash
21963 vladisl+  20   0  230908 225476   2968 R  33.3   1.7   0:04.75 newmem.bash
21978 vladisl+  20   0  231172 225764   3008 R  40.0   1.8   0:04.83 newmem.bash
21987 vladisl+  20   0  205696 200008   2836 R  37.5   1.6   0:04.11 newmem.bash
21975 vladisl+  20   0  252556 247168   3024 R  40.0   1.9   0:05.28 newmem.bash
21988 vladisl+  20   0  252160 246600   2976 R  43.8   1.9   0:05.44 newmem.bash
21964 vladisl+  20   0  217708 212324   3020 R  40.0   1.6   0:04.51 newmem.bash
21966 vladisl+  20   0  260476 254696   2888 R  40.0   2.0   0:05.81 newmem.bash
21963 vladisl+  20   0  278164 272732   2968 R  26.3   2.1   0:06.19 newmem.bash
21963 vladisl+  20   0  284368 278804   2968 R  46.7   2.2   0:06.42 newmem.bash
21988 vladisl+  20   0  277768 272208   2976 R  40.0   2.1   0:06.43 newmem.bash
21978 vladisl+  20   0  284368 278828   3008 R  31.6   2.2   0:06.63 newmem.bash
21973 vladisl+  20   0  248068 242600   2932 R  40.0   1.9   0:05.60 newmem.bash
21966 vladisl+  20   0  292288 286640   2888 R  40.0   2.2   0:06.98 newmem.bash
21975 vladisl+  20   0  308524 303136   3024 R  40.0   2.4   0:07.37 newmem.bash
21975 vladisl+  20   0  314068 308680   3024 R  40.0   2.4   0:07.59 newmem.bash
21966 vladisl+  20   0  307600 301952   2888 R  41.2   2.3   0:07.54 newmem.bash
21978 vladisl+  20   0  318424 312884   3008 R  40.0   2.4   0:07.82 newmem.bash
21978 vladisl+  20   0  324496 318956   3008 R  46.7   2.5   0:08.04 newmem.bash
21972 vladisl+  20   0  330700 325240   2944 R  37.5   2.5   0:08.20 newmem.bash
21963 vladisl+  20   0  346144 340580   2968 R  40.0   2.6   0:08.52 newmem.bash
21975 vladisl+  20   0  348388 343000   3024 R  40.0   2.7   0:08.77 newmem.bash
21963 vladisl+  20   0  357628 352196   2968 R  40.0   2.7   0:08.94 newmem.bash
21972 vladisl+  20   0  355120 349528   2944 R  40.0   2.7   0:09.05 newmem.bash
21966 vladisl+  20   0  353008 347360   2888 R  40.0   2.7   0:09.14 newmem.bash
21975 vladisl+  20   0  370300 364912   3024 R  36.8   2.8   0:09.61 newmem.bash
21972 vladisl+  20   0  371356 365896   2944 R  35.0   2.8   0:09.65 newmem.bash
21963 vladisl+  20   0  385876 380444   2968 R  38.9   2.9   0:10.04 newmem.bash
21963 vladisl+  20   0  391420 385988   2968 R  26.3   3.0   0:10.26 newmem.bash
21988 vladisl+  20   0  384820 379392   2976 R  35.3   2.9   0:10.32 newmem.bash
21988 vladisl+  20   0  397228 391536   2976 R  28.6   3.0   0:11.08 newmem.bash
21964 vladisl+  20   0  336112 330596   3020 R  46.7   2.6   0:09.18 newmem.bash
21968 vladisl+  20   0  341524 335924   2808 R  29.6   2.6   0:09.56 newmem.bash
21965 vladisl+  20   0  327796 322148   3024 R  43.8   2.5   0:10.11 newmem.bash
21981 vladisl+  20   0  339412 333852   2868 R  40.0   2.6   0:10.32 newmem.bash
21977 vladisl+  20   0  350104 344620   3060 R  30.0   2.7   0:10.57 newmem.bash
21986 vladisl+  20   0  348784 343384   3148 R  41.2   2.7   0:10.72 newmem.bash
21969 vladisl+  20   0  363964 358456   2884 R  31.6   2.8   0:10.78 newmem.bash
21968 vladisl+  20   0  367528 361796   2808 R  30.0   2.8   0:10.95 newmem.bash
21981 vladisl+  20   0  365680 359988   2868 R  40.0   2.8   0:11.79 newmem.bash
21981 vladisl+  20   0  373468 367908   2868 R  29.2   2.9   0:12.46 newmem.bash
21962 vladisl+  20   0  393532 387948   3092 R  32.4   3.0   0:12.87 newmem.bash
21965 vladisl+  20   0  382312 376796   3024 R  94.4   2.9   0:13.79 newmem.bash
21975 vladisl+  20   0  464944 459424   3024 R  44.4   3.6   0:16.05 newmem.bash
21984 vladisl+  20   0  395776 390296   3060 R  68.8   3.0   0:14.03 newmem.bash
21962 vladisl+  20   0  417160 411536   2920 R   8.6   3.2   0:15.64 newmem.bash
21971 vladisl+  20   0  551272 423952    452 R  89.5   3.3   0:24.27 newmem.bash
21965 vladisl+  20   0  550348 417216   1228 R  76.5   3.2   0:24.96 newmem.bash
21963 vladisl+  20   0  629812 456892   1200 R  41.2   3.5   0:26.19 newmem.bash
21961 vladisl+  20   0  563548 429820   1172 R  43.8   3.3   0:24.14 newmem.bash
21961 vladisl+  20   0  570544 436948   1172 R  66.7   3.4   0:24.40 newmem.bash
21961 vladisl+  20   0  577672 444076   1172 R  41.2   3.4   0:24.65 newmem.bash
21979 vladisl+  20   0  609484 468176   1220 R  44.4   3.6   0:25.24 newmem.bash
21979 vladisl+  20   0  618724 477416   1220 R  63.2   3.7   0:25.98 newmem.bash
21961 vladisl+  20   0  603148 469420   1172 R  66.7   3.6   0:26.42 newmem.bash
21984 vladisl+  20   0  580180 442064   1140 R  80.0   3.4   0:25.70 newmem.bash
21983 vladisl+  20   0  608164 470684   1184 R 100.0   3.6   0:27.24 newmem.bash
21974 vladisl+  20   0  626512 493812   1276 R 100.0   3.8   0:27.25 newmem.bash
