11529996
11295856
11075080
10842776
10619756
10403288
10193120
9968832
9741032
9514736
9291976
9088352
8855976
8640784
8399124
8180380
7961896
7725520
7498728
7270912
7038316
6807484
6572604
6349096
6194132
6051484
5912104
5775040
5639700
5504904
5354696
5206024
5067936
4923028
4798540
4650128
4504700
4357800
4221200
4065220
3920052
3778948
3599776
3458412
3325104
3191284
3060244
2940560
2783564
2657296
2386380
2192088
2074412
1908092
1766436
1624544
1497040
1374560
1253112
1117788
927992
658384
515972
358732
207256
128856
510160
289652
1130700
1302936
1142200
987496
2306188
3575480
4635276
8225536
10596672
12131240
12528020
12527508
12528540
12528036
12528312
12528776
12397720
12527988
12528548
12528516
12528540
12528744
12528320
12528092
12528060
12527564
12526808
12527328
12527060
12527044
12527052
12527044
12526784
12526572
12527052
12527312
12526784
12526572
12527068
12527028
12527776
12527564
12526792
12527312
12527060
12526824
12527068
12526808
12526556
12525836
12394160
12525256
12524720
12524704
12523988
12393176
12524224
12523980
12523996
12524516
12523720
12524500
12523956
12524232
12524476
12524516
12525012
12525264
12524760
12523972
12523980
12523232
12523712
