3744676
3744676
3744676
3744676
3744676
3744676
3744676
3744676
3744676
3744676
3744676
3744676
3744676
3744676
3744676
3744676
3744676
3744676
3744676
3744676
3744676
3744676
3744676
3744676
3744676
3744676
3744676
3744676
3744676
3744676
3744676
3744676
3744676
3744676
3744676
3744676
3744676
3744676
3744676
3744676
3744676
3744676
3744676
3744676
3744676
3744676
3744676
3744676
3744676
3744676
3744676
3744676
3744676
3744676
3744676
3744676
3744676
3744676
3744676
3744676
3744676
3744676
3744676
3744676
3744676
92
232
232
477660
477692
477692
477696
894572
1284244
1665988
2580636
3229356
3742372
3742412
3742412
3742412
3742412
3742412
3742412
3742412
3742412
3742412
3742412
3742412
3742412
3742412
3742412
3742412
3742412
3742412
3742412
3742412
3742412
3742412
3742412
3742412
3742412
3742412
3742412
3742412
3742412
3742412
3742412
3742412
3742412
3742412
3742412
3742412
3742416
3742416
3742416
3742416
3742416
3742420
3742420
3742420
3742420
3742420
3742420
3742420
3742420
3742420
3742420
3742420
3742420
3742420
3742420
3742420
3742420
3742420
3742420
3742420
3742420
3742420
3742420
3742420
