21973 vladisl+  20   0   49936  44336   2932 R  20.0   0.3   0:00.84 newmem.bash
21987 vladisl+  20   0   48484  42928   2836 R  26.7   0.3   0:00.80 newmem.bash
21979 vladisl+  20   0   48088  42668   3124 R  33.3   0.3   0:00.82 newmem.bash
21963 vladisl+  20   0   48088  42524   2968 R  20.0   0.3   0:00.82 newmem.bash
21982 vladisl+  20   0   47824  42168   2916 R  33.3   0.3   0:00.81 newmem.bash

21963 vladisl+  20   0   57724  52292   2968 R  40.0   0.4   0:01.03 newmem.bash
21973 vladisl+  20   0   57064  51464   2932 R  26.7   0.4   0:01.01 newmem.bash
21979 vladisl+  20   0   55612  50324   3124 R  26.7   0.4   0:00.98 newmem.bash
21975 vladisl+  20   0   55612  50224   3024 R  26.7   0.4   0:01.00 newmem.bash
21987 vladisl+  20   0   55612  50056   2836 R  20.0   0.4   0:00.94 newmem.bash

21963 vladisl+  20   0   68944  63380   2968 R  31.6   0.5   0:01.26 newmem.bash
21975 vladisl+  20   0   66436  61048   3024 R  31.6   0.5   0:01.23 newmem.bash
21973 vladisl+  20   0   64324  58856   2932 R  26.3   0.5   0:01.16 newmem.bash
21978 vladisl+  20   0   64060  58652   3008 R  31.6   0.5   0:01.17 newmem.bash
21966 vladisl+  20   0   64192  58544   2888 R  36.8   0.5   0:01.18 newmem.bash

21963 vladisl+  20   0   79636  74204   2968 R  46.7   0.6   0:01.48 newmem.bash
21975 vladisl+  20   0   74488  68968   3024 R  33.3   0.5   0:01.39 newmem.bash
21988 vladisl+  20   0   73432  67872   2976 R  26.7   0.5   0:01.35 newmem.bash
21978 vladisl+  20   0   73036  67628   3008 R  40.0   0.5   0:01.36 newmem.bash
21966 vladisl+  20   0   72244  66728   2888 R  33.3   0.5   0:01.35 newmem.bash

21963 vladisl+  20   0   90196  84500   2968 R  33.3   0.7   0:01.69 newmem.bash
21975 vladisl+  20   0   84784  79264   3024 R  26.7   0.6   0:01.59 newmem.bash
21988 vladisl+  20   0   81880  76320   2976 R  33.3   0.6   0:01.52 newmem.bash
21978 vladisl+  20   0   81352  75812   3008 R  33.3   0.6   0:01.52 newmem.bash
21966 vladisl+  20   0   80296  74648   2888 R  33.3   0.6   0:01.51 newmem.bash

21963 vladisl+  20   0   98908  93212   2968 R  26.7   0.7   0:01.86 newmem.bash
21975 vladisl+  20   0   93364  87976   3024 R  33.3   0.7   0:01.76 newmem.bash
21988 vladisl+  20   0   90988  85296   2976 R  33.3   0.7   0:01.71 newmem.bash
21978 vladisl+  20   0   90460  85052   3008 R  33.3   0.7   0:01.70 newmem.bash
21966 vladisl+  20   0   88612  83096   2888 R  33.3   0.6   0:01.68 newmem.bash

21963 vladisl+  20   0  107620 101924   2968 R  27.8   0.8   0:02.06 newmem.bash
21975 vladisl+  20   0  102868  97216   3024 R  27.8   0.8   0:01.97 newmem.bash
21978 vladisl+  20   0   99832  94292   3008 R  27.8   0.7   0:01.90 newmem.bash
21988 vladisl+  20   0   99568  94008   2976 R  27.8   0.7   0:01.90 newmem.bash
21966 vladisl+  20   0   97456  91808   2888 R  27.8   0.7   0:01.88 newmem.bash

21963 vladisl+  20   0  116596 111164   2968 R  26.7   0.9   0:02.25 newmem.bash
21975 vladisl+  20   0  111316 105928   3024 R  40.0   0.8   0:02.16 newmem.bash
21978 vladisl+  20   0  108940 103532   3008 R  33.3   0.8   0:02.09 newmem.bash
21988 vladisl+  20   0  109072 103512   2976 R  33.3   0.8   0:02.10 newmem.bash
21966 vladisl+  20   0  106168 100520   2888 R  40.0   0.8   0:02.08 newmem.bash

21963 vladisl+  20   0  126232 120668   2968 R  26.7   0.9   0:02.46 newmem.bash
21975 vladisl+  20   0  121216 115696   3024 R  33.3   0.9   0:02.36 newmem.bash
21988 vladisl+  20   0  118312 112752   2976 R  33.3   0.9   0:02.29 newmem.bash
21978 vladisl+  20   0  117652 111980   3008 R  33.3   0.9   0:02.28 newmem.bash
21966 vladisl+  20   0  114748 109232   2888 R  33.3   0.8   0:02.25 newmem.bash

21963 vladisl+  20   0  134812 129116   2968 R  40.0   1.0   0:02.69 newmem.bash
21975 vladisl+  20   0  129928 124408   3024 R  33.3   1.0   0:02.57 newmem.bash
21988 vladisl+  20   0  126364 120936   2976 R  33.3   0.9   0:02.50 newmem.bash
21978 vladisl+  20   0  126100 120428   3008 R  26.7   0.9   0:02.48 newmem.bash
21966 vladisl+  20   0  123856 118208   2888 R  40.0   0.9   0:02.49 newmem.bash

21963 vladisl+  20   0  142864 137300   2968 R  26.7   1.1   0:02.85 newmem.bash
21975 vladisl+  20   0  137848 132328   3024 R  33.3   1.0   0:02.74 newmem.bash
21978 vladisl+  20   0  134680 129140   3008 R  40.0   1.0   0:02.67 newmem.bash
21988 vladisl+  20   0  133888 128328   2976 R  33.3   1.0   0:02.67 newmem.bash
21972 vladisl+  20   0  133756 128296   2944 R  33.3   1.0   0:02.67 newmem.bash

21963 vladisl+  20   0  151576 146012   2968 R  26.7   1.1   0:03.04 newmem.bash
21975 vladisl+  20   0  146824 141304   3024 R  33.3   1.1   0:02.93 newmem.bash
21978 vladisl+  20   0  144580 138908   3008 R  46.7   1.1   0:02.90 newmem.bash
21972 vladisl+  20   0  143788 138328   2944 R  40.0   1.1   0:02.89 newmem.bash
21966 vladisl+  20   0  142600 136952   2888 R  33.3   1.1   0:02.88 newmem.bash

21963 vladisl+  20   0  160288 154724   2968 R  40.0   1.2   0:03.22 newmem.bash
21975 vladisl+  20   0  155932 150544   3024 R  33.3   1.2   0:03.13 newmem.bash
21978 vladisl+  20   0  152104 146564   3008 R  26.7   1.1   0:03.07 newmem.bash
21972 vladisl+  20   0  152236 146512   2944 R  33.3   1.1   0:03.08 newmem.bash
21988 vladisl+  20   0  151840 146280   2976 R  26.7   1.1   0:03.05 newmem.bash

21963 vladisl+  20   0  169528 163964   2968 R  33.3   1.3   0:03.41 newmem.bash
21975 vladisl+  20   0  165436 160048   3024 R  33.3   1.2   0:03.33 newmem.bash
21978 vladisl+  20   0  161872 156332   3008 R  33.3   1.2   0:03.27 newmem.bash
21972 vladisl+  20   0  161872 156280   2944 R  33.3   1.2   0:03.27 newmem.bash
21988 vladisl+  20   0  161344 155784   2976 R  33.3   1.2   0:03.26 newmem.bash

21963 vladisl+  20   0  178108 172676   2968 R  33.3   1.3   0:03.61 newmem.bash
21975 vladisl+  20   0  173092 167704   3024 R  33.3   1.3   0:03.52 newmem.bash
21978 vladisl+  20   0  170716 165308   3008 R  33.3   1.3   0:03.48 newmem.bash
21972 vladisl+  20   0  170188 164728   2944 R  46.7   1.3   0:03.48 newmem.bash
21988 vladisl+  20   0  169396 163704   2976 R  26.7   1.3   0:03.43 newmem.bash

21963 vladisl+  20   0  187612 182180   2968 R  40.0   1.4   0:03.81 newmem.bash
21975 vladisl+  20   0  182860 177472   3024 R  40.0   1.4   0:03.72 newmem.bash
21978 vladisl+  20   0  180088 174548   3008 R  26.7   1.4   0:03.67 newmem.bash
21972 vladisl+  20   0  179692 174232   2944 R  33.3   1.4   0:03.68 newmem.bash
21988 vladisl+  20   0  177844 172152   2976 R  26.7   1.3   0:03.63 newmem.bash

21963 vladisl+  20   0  196588 191156   2968 R  33.3   1.5   0:04.00 newmem.bash
21975 vladisl+  20   0  191968 186448   3024 R  33.3   1.4   0:03.92 newmem.bash
21978 vladisl+  20   0  188536 182996   3008 R  33.3   1.4   0:03.87 newmem.bash
21972 vladisl+  20   0  188668 182944   2944 R  26.7   1.4   0:03.87 newmem.bash
21988 vladisl+  20   0  187216 181656   2976 R  33.3   1.4   0:03.83 newmem.bash

21963 vladisl+  20   0  205960 200396   2968 R  33.3   1.6   0:04.21 newmem.bash
21975 vladisl+  20   0  200812 195160   3024 R  40.0   1.5   0:04.13 newmem.bash
21972 vladisl+  20   0  197380 191920   2944 R  33.3   1.5   0:04.08 newmem.bash
21978 vladisl+  20   0  197248 191708   3008 R  33.3   1.5   0:04.08 newmem.bash
21988 vladisl+  20   0  196324 190896   2976 R  33.3   1.5   0:04.04 newmem.bash

21963 vladisl+  20   0  215596 210164   2968 R  33.3   1.6   0:04.41 newmem.bash
21975 vladisl+  20   0  210712 205192   3024 R  33.3   1.6   0:04.33 newmem.bash
21978 vladisl+  20   0  207148 201740   3008 R  33.3   1.6   0:04.28 newmem.bash
21972 vladisl+  20   0  206884 201160   2944 R  33.3   1.6   0:04.28 newmem.bash
21988 vladisl+  20   0  206092 200664   2976 R  33.3   1.6   0:04.24 newmem.bash

21963 vladisl+  20   0  224176 218612   2968 R  33.3   1.7   0:04.61 newmem.bash
21975 vladisl+  20   0  219160 213640   3024 R  33.3   1.7   0:04.53 newmem.bash
21978 vladisl+  20   0  215200 209660   3008 R  33.3   1.6   0:04.48 newmem.bash
21972 vladisl+  20   0  215068 209608   2944 R  33.3   1.6   0:04.47 newmem.bash
21988 vladisl+  20   0  214012 208320   2976 R  33.3   1.6   0:04.44 newmem.bash

21963 vladisl+  20   0  233680 228116   2968 R  33.3   1.8   0:04.81 newmem.bash
21975 vladisl+  20   0  228664 223144   3024 R  33.3   1.7   0:04.73 newmem.bash
21978 vladisl+  20   0  224968 219428   3008 R  40.0   1.7   0:04.69 newmem.bash
21972 vladisl+  20   0  224176 218584   2944 R  33.3   1.7   0:04.68 newmem.bash
21988 vladisl+  20   0  223120 217560   2976 R  33.3   1.7   0:04.64 newmem.bash

21963 vladisl+  20   0  242920 237356   2968 R  33.3   1.8   0:05.01 newmem.bash
21975 vladisl+  20   0  237508 231856   3024 R  33.3   1.8   0:04.93 newmem.bash
21978 vladisl+  20   0  234076 228668   3008 R  26.7   1.8   0:04.88 newmem.bash
21972 vladisl+  20   0  233416 227824   2944 R  33.3   1.8   0:04.88 newmem.bash
21988 vladisl+  20   0  232096 226536   2976 R  33.3   1.8   0:04.85 newmem.bash

21963 vladisl+  20   0  251896 246332   2968 R  27.8   1.9   0:05.22 newmem.bash
21975 vladisl+  20   0  246880 241360   3024 R  27.8   1.9   0:05.14 newmem.bash
21978 vladisl+  20   0  242524 237116   3008 R  27.8   1.8   0:05.09 newmem.bash
21972 vladisl+  20   0  242524 237064   2944 R  33.3   1.8   0:05.08 newmem.bash
21988 vladisl+  20   0  240808 235248   2976 R  27.8   1.8   0:05.05 newmem.bash

21963 vladisl+  20   0  259420 253988   2968 R  33.3   2.0   0:05.43 newmem.bash
21975 vladisl+  20   0  254668 249280   3024 R  38.9   1.9   0:05.36 newmem.bash
21978 vladisl+  20   0  250312 244772   3008 R  27.8   1.9   0:05.30 newmem.bash
21972 vladisl+  20   0  250312 244720   2944 R  38.9   1.9   0:05.31 newmem.bash
21988 vladisl+  20   0  248596 243168   2976 R  27.8   1.9   0:05.26 newmem.bash

21963 vladisl+  20   0  263644 258212   2968 R  35.3   2.0   0:05.63 newmem.bash
21975 vladisl+  20   0  259948 254560   3024 R  35.3   2.0   0:05.60 newmem.bash
21972 vladisl+  20   0  255064 249472   2944 R  29.4   1.9   0:05.50 newmem.bash
21978 vladisl+  20   0  254536 248996   3008 R  23.5   1.9   0:05.49 newmem.bash
21988 vladisl+  20   0  253744 248184   2976 R  29.4   1.9   0:05.50 newmem.bash

21963 vladisl+  20   0  269056 263492   2968 R  35.3   2.0   0:05.83 newmem.bash
21975 vladisl+  20   0  265228 259840   3024 R  35.3   2.0   0:05.81 newmem.bash
21972 vladisl+  20   0  260080 254488   2944 R  35.3   2.0   0:05.69 newmem.bash
21978 vladisl+  20   0  259816 254276   3008 R  35.3   2.0   0:05.70 newmem.bash
21988 vladisl+  20   0  259156 253728   2976 R  29.4   2.0   0:05.71 newmem.bash

21963 vladisl+  20   0  274600 269036   2968 R  33.3   2.1   0:06.04 newmem.bash
21975 vladisl+  20   0  270508 265120   3024 R  40.0   2.1   0:06.00 newmem.bash
21972 vladisl+  20   0  265624 260032   2944 R  33.3   2.0   0:05.89 newmem.bash
21978 vladisl+  20   0  264832 259292   3008 R  26.7   2.0   0:05.89 newmem.bash
21988 vladisl+  20   0  264436 258744   2976 R  33.3   2.0   0:05.90 newmem.bash

21963 vladisl+  20   0  280144 274580   2968 R  36.8   2.1   0:06.27 newmem.bash
21975 vladisl+  20   0  275788 270400   3024 R  31.6   2.1   0:06.22 newmem.bash
21972 vladisl+  20   0  271036 265576   2944 R  36.8   2.1   0:06.12 newmem.bash
21978 vladisl+  20   0  269980 264308   3008 R  31.6   2.0   0:06.11 newmem.bash
21988 vladisl+  20   0  268924 263496   2976 R  21.1   2.0   0:06.12 newmem.bash

21963 vladisl+  20   0  286216 280652   2968 R  35.3   2.2   0:06.49 newmem.bash
21975 vladisl+  20   0  280408 274888   3024 R  35.3   2.1   0:06.39 newmem.bash
21972 vladisl+  20   0  276580 271120   2944 R  17.6   2.1   0:06.31 newmem.bash
21978 vladisl+  20   0  274600 269060   3008 R  29.4   2.1   0:06.27 newmem.bash
21988 vladisl+  20   0  273412 267984   2976 R  23.5   2.1   0:06.28 newmem.bash

21963 vladisl+  20   0  292156 286724   2968 R  33.3   2.2   0:06.68 newmem.bash
21975 vladisl+  20   0  286216 280696   3024 R  33.3   2.2   0:06.59 newmem.bash
21972 vladisl+  20   0  282652 277192   2944 R  33.3   2.1   0:06.52 newmem.bash
21978 vladisl+  20   0  280540 275132   3008 R  33.3   2.1   0:06.47 newmem.bash
21988 vladisl+  20   0  279484 274056   2976 R  33.3   2.1   0:06.49 newmem.bash

21963 vladisl+  20   0  298096 292532   2968 R  26.7   2.3   0:06.90 newmem.bash
21975 vladisl+  20   0  291760 286240   3024 R  33.3   2.2   0:06.81 newmem.bash
21972 vladisl+  20   0  288592 283000   2944 R  33.3   2.2   0:06.73 newmem.bash
21978 vladisl+  20   0  286216 280676   3008 R  40.0   2.2   0:06.69 newmem.bash
21988 vladisl+  20   0  284896 279336   2976 R  33.3   2.2   0:06.70 newmem.bash

21963 vladisl+  20   0  303640 298076   2968 R  40.0   2.3   0:07.08 newmem.bash
21975 vladisl+  20   0  298888 293368   3024 R  40.0   2.3   0:07.04 newmem.bash
21972 vladisl+  20   0  293476 288016   2944 R  33.3   2.2   0:06.90 newmem.bash
21978 vladisl+  20   0  292420 287012   3008 R  26.7   2.2   0:06.90 newmem.bash
21988 vladisl+  20   0  290308 284880   2976 R  46.7   2.2   0:06.88 newmem.bash

21963 vladisl+  20   0  309316 303620   2968 R  26.7   2.4   0:07.26 newmem.bash
21975 vladisl+  20   0  304828 299440   3024 R  40.0   2.3   0:07.24 newmem.bash
21972 vladisl+  20   0  299416 293824   2944 R  33.3   2.3   0:07.10 newmem.bash
21978 vladisl+  20   0  298228 292820   3008 R  33.3   2.3   0:07.10 newmem.bash
21988 vladisl+  20   0  296512 290952   2976 R  33.3   2.3   0:07.08 newmem.bash

21963 vladisl+  20   0  313672 308108   2968 R  26.7   2.4   0:07.42 newmem.bash
21975 vladisl+  20   0  310768 305248   3024 R  46.7   2.4   0:07.46 newmem.bash
21972 vladisl+  20   0  303772 298048   2944 R  26.7   2.3   0:07.25 newmem.bash
21978 vladisl+  20   0  302452 296780   3008 R  26.7   2.3   0:07.26 newmem.bash
21988 vladisl+  20   0  302188 296760   2976 R  46.7   2.3   0:07.29 newmem.bash

21963 vladisl+  20   0  319480 313916   2968 R  33.3   2.4   0:07.62 newmem.bash
21975 vladisl+  20   0  316444 311056   3024 R  27.8   2.4   0:07.66 newmem.bash
21972 vladisl+  20   0  309844 304384   2944 R  27.8   2.4   0:07.46 newmem.bash
21978 vladisl+  20   0  307996 302588   3008 R  27.8   2.3   0:07.46 newmem.bash
21988 vladisl+  20   0  308128 302568   2976 R  27.8   2.3   0:07.48 newmem.bash

21963 vladisl+  20   0  324892 319196   2968 R  33.3   2.5   0:07.80 newmem.bash
21975 vladisl+  20   0  321196 315808   3024 R  26.7   2.4   0:07.84 newmem.bash
21972 vladisl+  20   0  314332 308872   2944 R  33.3   2.4   0:07.64 newmem.bash
21978 vladisl+  20   0  314068 308396   3008 R  40.0   2.4   0:07.68 newmem.bash
21988 vladisl+  20   0  312748 307320   2976 R  33.3   2.4   0:07.66 newmem.bash

21963 vladisl+  20   0  330700 325268   2968 R  33.3   2.5   0:08.00 newmem.bash
21975 vladisl+  20   0  327004 321616   3024 R  26.7   2.5   0:08.04 newmem.bash
21972 vladisl+  20   0  320272 314680   2944 R  40.0   2.4   0:07.85 newmem.bash
21978 vladisl+  20   0  319744 314204   3008 R  33.3   2.4   0:07.88 newmem.bash
21988 vladisl+  20   0  319084 313392   2976 R  33.3   2.4   0:07.87 newmem.bash

21963 vladisl+  20   0  335452 330020   2968 R  33.3   2.6   0:08.16 newmem.bash
21975 vladisl+  20   0  331756 326368   3024 R  33.3   2.5   0:08.20 newmem.bash
21972 vladisl+  20   0  326476 321016   2944 R  33.3   2.5   0:08.05 newmem.bash
21978 vladisl+  20   0  326344 320804   3008 R  40.0   2.5   0:08.10 newmem.bash
21988 vladisl+  20   0  323704 318144   2976 R  26.7   2.5   0:08.02 newmem.bash

21963 vladisl+  20   0  341524 336092   2968 R  30.0   2.6   0:08.37 newmem.bash
21975 vladisl+  20   0  338224 332704   3024 R  30.0   2.6   0:08.42 newmem.bash
21978 vladisl+  20   0  332812 327404   3008 R  30.0   2.5   0:08.32 newmem.bash
21972 vladisl+  20   0  332944 327352   2944 R  20.0   2.5   0:08.27 newmem.bash
21988 vladisl+  20   0  329512 323952   2976 R  20.0   2.5   0:08.24 newmem.bash

21963 vladisl+  20   0  347860 342164   2968 R  26.7   2.7   0:08.57 newmem.bash
21975 vladisl+  20   0  344692 339304   3024 R  40.0   2.6   0:08.62 newmem.bash
21978 vladisl+  20   0  339412 333740   3008 R  33.3   2.6   0:08.52 newmem.bash
21972 vladisl+  20   0  339148 333424   2944 R  26.7   2.6   0:08.47 newmem.bash
21988 vladisl+  20   0  335452 330024   2976 R  26.7   2.6   0:08.44 newmem.bash

21963 vladisl+  20   0  353140 347708   2968 R  33.3   2.7   0:08.78 newmem.bash
21975 vladisl+  20   0  349840 344320   3024 R  26.7   2.7   0:08.81 newmem.bash
21972 vladisl+  20   0  344428 338704   2944 R  33.3   2.6   0:08.66 newmem.bash
21978 vladisl+  20   0  343900 338228   3008 R  33.3   2.6   0:08.71 newmem.bash
21988 vladisl+  20   0  341128 335568   2976 R  40.0   2.6   0:08.66 newmem.bash

21963 vladisl+  20   0  359080 353516   2968 R  33.3   2.7   0:08.99 newmem.bash
21975 vladisl+  20   0  355384 349864   3024 R  33.3   2.7   0:09.00 newmem.bash
21972 vladisl+  20   0  349840 344248   2944 R  33.3   2.7   0:08.85 newmem.bash
21978 vladisl+  20   0  349312 343772   3008 R  33.3   2.7   0:08.89 newmem.bash
21988 vladisl+  20   0  347332 341904   2976 R  40.0   2.7   0:08.87 newmem.bash

21963 vladisl+  20   0  365680 360116   2968 R  33.3   2.8   0:09.25 newmem.bash
21975 vladisl+  20   0  362248 356728   3024 R  33.3   2.8   0:09.26 newmem.bash
21972 vladisl+  20   0  356836 351376   2944 R  33.3   2.7   0:09.10 newmem.bash
21978 vladisl+  20   0  356572 351164   3008 R  40.0   2.7   0:09.15 newmem.bash
21988 vladisl+  20   0  354196 348768   2976 R  26.7   2.7   0:09.12 newmem.bash

21963 vladisl+  20   0  370036 364604   2968 R  33.3   2.8   0:09.43 newmem.bash
21975 vladisl+  20   0  366604 361216   3024 R  33.3   2.8   0:09.46 newmem.bash
21978 vladisl+  20   0  361060 355652   3008 R  33.3   2.8   0:09.34 newmem.bash
21972 vladisl+  20   0  361060 355600   2944 R  33.3   2.8   0:09.29 newmem.bash
21988 vladisl+  20   0  358816 353256   2976 R  33.3   2.7   0:09.32 newmem.bash

21963 vladisl+  20   0  376240 370676   2968 R  38.9   2.9   0:09.66 newmem.bash
21975 vladisl+  20   0  372676 367288   3024 R  38.9   2.8   0:09.68 newmem.bash
21978 vladisl+  20   0  367396 361988   3008 R  33.3   2.8   0:09.58 newmem.bash
21972 vladisl+  20   0  367396 361672   2944 R  33.3   2.8   0:09.50 newmem.bash
21988 vladisl+  20   0  364228 358800   2976 R  27.8   2.8   0:09.52 newmem.bash

21963 vladisl+  20   0  381916 376484   2968 R  38.9   2.9   0:09.88 newmem.bash
21975 vladisl+  20   0  378352 372832   3024 R  38.9   2.9   0:09.90 newmem.bash
21972 vladisl+  20   0  372676 367216   2944 R  33.3   2.8   0:09.71 newmem.bash
21978 vladisl+  20   0  372280 366740   3008 R  22.2   2.8   0:09.75 newmem.bash
21988 vladisl+  20   0  369904 364344   2976 R  38.9   2.8   0:09.74 newmem.bash

21963 vladisl+  20   0  387988 382556   2968 R  31.2   3.0   0:10.11 newmem.bash
21975 vladisl+  20   0  384292 378904   3024 R  37.5   2.9   0:10.13 newmem.bash
21978 vladisl+  20   0  377164 371756   3008 R  31.2   2.9   0:09.96 newmem.bash
21972 vladisl+  20   0  377296 371704   2944 R  31.2   2.9   0:09.92 newmem.bash
21988 vladisl+  20   0  374524 369096   2976 R  25.0   2.9   0:09.92 newmem.bash

21963 vladisl+  20   0  392872 387308   2968 R  27.8   3.0   0:10.32 newmem.bash
21975 vladisl+  20   0  389440 383920   3024 R  27.8   3.0   0:10.33 newmem.bash
21972 vladisl+  20   0  382708 377248   2944 R  33.3   2.9   0:10.14 newmem.bash
21978 vladisl+  20   0  382180 376772   3008 R  22.2   2.9   0:10.17 newmem.bash
21988 vladisl+  20   0  379804 374112   2976 R  27.8   2.9   0:10.13 newmem.bash

21963 vladisl+  20   0  399472 393908   2968 R  18.8   3.1   0:10.55 newmem.bash
21975 vladisl+  20   0  394456 388936   3024 R  25.0   3.0   0:10.51 newmem.bash
21972 vladisl+  20   0  387592 382000   2944 R  18.8   3.0   0:10.32 newmem.bash
21988 vladisl+  20   0  386404 380712   2976 R  25.0   3.0   0:10.38 newmem.bash
21978 vladisl+  20   0  385348 379940   3008 R   0.0   2.9   0:10.30 newmem.bash

21963 vladisl+  20   0  411220 405788   2968 R  21.1   3.1   0:11.18 newmem.bash
21975 vladisl+  20   0  406600 401080   3024 R  21.1   3.1   0:11.11 newmem.bash
21988 vladisl+  20   0  399340 393648   2976 R  21.1   3.1   0:11.17 newmem.bash
21978 vladisl+  20   0  397492 392084   3008 R  21.1   3.0   0:10.89 newmem.bash
21972 vladisl+  20   0  397624 392032   2944 R  26.3   3.0   0:11.03 newmem.bash

21963 vladisl+  20   0  417556 412124   2968 R  12.2   3.2   0:11.75 newmem.bash
21975 vladisl+  20   0  414652 409264   3024 R  12.2   3.2   0:11.74 newmem.bash
21988 vladisl+  20   0  405016 399456   2976 R  14.3   3.1   0:11.80 newmem.bash
21972 vladisl+  20   0  404356 398632   2944 R  24.5   3.1   0:11.65 newmem.bash
21978 vladisl+  20   0  403564 398156   3008 R  16.3   3.1   0:11.47 newmem.bash

21963 vladisl+  20   0  422176 416612   2968 R   3.1   3.2   0:11.93 newmem.bash
21975 vladisl+  20   0  419404 413752   3024 R   6.2   3.2   0:11.94 newmem.bash
21988 vladisl+  20   0  409372 403944   2976 R  40.6   3.1   0:12.12 newmem.bash
21972 vladisl+  20   0  408976 403384   2944 R  15.6   3.1   0:11.88 newmem.bash
21978 vladisl+  20   0  407260 401852   3008 R  40.6   3.1   0:11.77 newmem.bash

21963 vladisl+  20   0  427720 422156   2968 R  20.0   3.3   0:12.38 newmem.bash
21975 vladisl+  20   0  422704 417184   3024 R   5.0   3.2   0:12.40 newmem.bash
21988 vladisl+  20   0  415576 410016   2976 R  20.0   3.2   0:12.47 newmem.bash
21972 vladisl+  20   0  413068 407608   2944 R  25.0   3.2   0:12.33 newmem.bash
21978 vladisl+  20   0  411352 405812   3008 R  15.0   3.1   0:12.07 newmem.bash

21963 vladisl+  20   0  432868 427436   2968 R  22.2   3.3   0:12.60 newmem.bash
21975 vladisl+  20   0  426136 420616   3024 R  22.2   3.3   0:12.64 newmem.bash
21988 vladisl+  20   0  420724 415296   2976 R  16.7   3.2   0:12.69 newmem.bash
21972 vladisl+  20   0  419536 413944   2944 R  16.7   3.2   0:12.54 newmem.bash
21978 vladisl+  20   0  416764 411356   3008 R  22.2   3.2   0:12.30 newmem.bash

21963 vladisl+  20   0  436828 431396   2968 R  21.1   3.3   0:12.78 newmem.bash
21975 vladisl+  20   0  430756 425368   3024 R  15.8   3.3   0:12.82 newmem.bash
21988 vladisl+  20   0  425080 419520   2976 R  21.1   3.3   0:12.88 newmem.bash
21972 vladisl+  20   0  423760 418168   2944 R  21.1   3.2   0:12.73 newmem.bash
21978 vladisl+  20   0  421120 415580   3008 R  15.8   3.2   0:12.48 newmem.bash

21963 vladisl+  20   0  440920 435356   2968 R  21.1   3.4   0:12.96 newmem.bash
21975 vladisl+  20   0  434584 429064   3024 R  21.1   3.3   0:13.00 newmem.bash
21988 vladisl+  20   0  428908 423216   2976 R  21.1   3.3   0:13.07 newmem.bash
21972 vladisl+  20   0  427588 422128   2944 R  21.1   3.3   0:12.90 newmem.bash
21978 vladisl+  20   0  425212 419804   3008 R  21.1   3.3   0:12.66 newmem.bash

21963 vladisl+  20   0  445012 439580   2968 R  26.7   3.4   0:13.13 newmem.bash
21975 vladisl+  20   0  438016 432496   3024 R  20.0   3.4   0:13.17 newmem.bash
21988 vladisl+  20   0  432472 426912   2976 R  26.7   3.3   0:13.23 newmem.bash
21972 vladisl+  20   0  431548 426088   2944 R  26.7   3.3   0:13.08 newmem.bash
21978 vladisl+  20   0  428908 423500   3008 R  26.7   3.3   0:12.84 newmem.bash

21963 vladisl+  20   0  447784 442220   2968 R  31.2   3.4   0:13.31 newmem.bash
21975 vladisl+  20   0  440920 435400   3024 R  12.5   3.4   0:13.34 newmem.bash
21988 vladisl+  20   0  436036 430344   2976 R  31.2   3.3   0:13.42 newmem.bash
21972 vladisl+  20   0  434452 428728   2944 R  25.0   3.3   0:13.26 newmem.bash
21978 vladisl+  20   0  431416 425876   3008 R  18.8   3.3   0:13.01 newmem.bash

21963 vladisl+  20   0  452404 446972   2968 R  21.7   3.5   0:13.80 newmem.bash
21975 vladisl+  20   0  444616 439096   3024 R  13.0   3.4   0:13.85 newmem.bash
21972 vladisl+  20   0  441448 435856   2944 R  13.0   3.4   0:13.77 newmem.bash
21988 vladisl+  20   0  440524 434832   2976 R  17.4   3.4   0:13.89 newmem.bash
21978 vladisl+  20   0  436564 431156   3008 R  17.4   3.3   0:13.53 newmem.bash

21963 vladisl+  20   0  459400 453836   2968 R  14.3   3.5   0:14.33 newmem.bash
21975 vladisl+  20   0  451216 445696   3024 R  14.3   3.5   0:14.40 newmem.bash
21972 vladisl+  20   0  447916 442192   2944 R  25.0   3.4   0:14.34 newmem.bash
21988 vladisl+  20   0  445540 440112   2976 R  14.3   3.4   0:14.44 newmem.bash
21978 vladisl+  20   0  441448 435908   3008 R  14.3   3.4   0:14.07 newmem.bash

21963 vladisl+  20   0  469036 463604   2968 R  43.8   3.6   0:15.09 newmem.bash
21975 vladisl+  20   0  456892 451504   3024 R  37.5   3.5   0:15.30 newmem.bash
21972 vladisl+  20   0  456496 450904   2944 R  31.2   3.5   0:15.16 newmem.bash
21988 vladisl+  20   0  452008 446448   2976 R  25.0   3.5   0:15.17 newmem.bash
21978 vladisl+  20   0  449500 444092   3008 R  37.5   3.4   0:14.87 newmem.bash

21963 vladisl+  20   0  477484 472052   2968 R  31.6   3.7   0:15.74 newmem.bash
21975 vladisl+  20   0  461776 456256   3024 R  15.8   3.5   0:15.90 newmem.bash
21972 vladisl+  20   0  461644 456184   2944 R  26.3   3.5   0:15.80 newmem.bash
21988 vladisl+  20   0  456364 450936   2976 R   5.3   3.5   0:15.79 newmem.bash
21978 vladisl+  20   0  454384 448844   3008 R   0.0   3.5   0:15.45 newmem.bash

21963 vladisl+  20   0  485800 480236   2968 R  23.3   3.7   0:16.28 newmem.bash
21975 vladisl+  20   0  469432 463912   3024 R  10.5   3.6   0:16.34 newmem.bash
21972 vladisl+  20   0  465472 459880   2944 R   0.0   3.6   0:16.09 newmem.bash
21978 vladisl+  20   0  460852 455444   3008 R  19.8   3.5   0:15.99 newmem.bash
21988 vladisl+  20   0  460984 455424   2976 R  16.3   3.5   0:16.26 newmem.bash

21963 vladisl+  20   0  488968 483404   2968 R  21.4   3.7   0:16.49 newmem.bash
21972 vladisl+  20   0  472468 467008   2944 R  17.9   3.6   0:16.40 newmem.bash
21975 vladisl+  20   0  470356 464968   3024 R  10.7   3.6   0:16.71 newmem.bash
21988 vladisl+  20   0  466660 460968   2976 R  17.9   3.6   0:16.57 newmem.bash
21978 vladisl+  20   0  465340 459668   3008 R  10.7   3.6   0:16.25 newmem.bash

21963 vladisl+  20   0  497284 487328   1944 D  78.2   3.8   0:18.76 newmem.bash
21975 vladisl+  20   0  485272 476188   1936 D  20.7   3.7   0:19.38 newmem.bash
21972 vladisl+  20   0  480124 470660   1916 D  10.3   3.6   0:18.40 newmem.bash
21978 vladisl+  20   0  476296 467076   1896 D  13.8   3.6   0:18.67 newmem.bash
21988 vladisl+  20   0  476164 466920   1952 D  62.1   3.6   0:18.91 newmem.bash

21962 vladisl+  20   0  600904 463036    864 R   0.9   3.6   0:24.62 newmem.bash
21969 vladisl+  20   0  598000 460352   1152 R   2.1   3.6   0:25.89 newmem.bash
21966 vladisl+  20   0  620704 457952   1128 R   8.3   3.6   0:26.57 newmem.bash
21988 vladisl+  20   0  620572 457088   1216 R   1.2   3.5   0:25.87 newmem.bash
21978 vladisl+  20   0  612784 448844   1128 R   1.5   3.5   0:25.52 newmem.bash

21962 vladisl+  20   0  608560 470960   1184 R  33.3   3.7   0:24.84 newmem.bash
21969 vladisl+  20   0  605392 467744   1152 R  33.3   3.6   0:26.09 newmem.bash
21966 vladisl+  20   0  628756 465872   1128 R  26.7   3.6   0:26.76 newmem.bash
21988 vladisl+  20   0  628228 464480   1216 R  33.3   3.6   0:26.07 newmem.bash
21978 vladisl+  20   0  621760 457820   1128 R  46.7   3.5   0:25.77 newmem.bash

21962 vladisl+  20   0  617140 479672   1184 R  38.9   3.7   0:25.04 newmem.bash
21969 vladisl+  20   0  613708 476192   1152 R  27.8   3.7   0:26.28 newmem.bash
21978 vladisl+  20   0  629944 466004   1128 R  33.3   3.6   0:25.98 newmem.bash
21968 vladisl+  20   0  597736 462020   1192 R  22.2   3.6   0:26.17 newmem.bash
21977 vladisl+  20   0  594964 461352   1148 R  22.2   3.6   0:25.55 newmem.bash

21962 vladisl+  20   0  624400 487064   1184 R  25.0   3.8   0:25.24 newmem.bash
21969 vladisl+  20   0  620836 483320   1152 R  31.2   3.7   0:26.48 newmem.bash
21978 vladisl+  20   0  633640 469700   1128 D   0.0   3.6   0:26.05 newmem.bash
21968 vladisl+  20   0  604864 469148   1192 R  31.2   3.6   0:26.39 newmem.bash
21977 vladisl+  20   0  601300 467688   1148 R  18.8   3.6   0:25.71 newmem.bash

21962 vladisl+  20   0  630076 492608   1184 R  40.0   3.8   0:25.45 newmem.bash
21969 vladisl+  20   0  627172 489656   1152 R  40.0   3.8   0:26.70 newmem.bash
21968 vladisl+  20   0  612256 476540   1192 R  26.7   3.7   0:26.58 newmem.bash
21977 vladisl+  20   0  608032 474552   1148 R  33.3   3.7   0:25.90 newmem.bash
21973 vladisl+  20   0  613840 473132   1120 R  40.0   3.7   0:26.23 newmem.bash

21962 vladisl+  20   0  633640 496304   1184 D   0.0   3.8   0:25.57 newmem.bash
21969 vladisl+  20   0  633640 496256   1152 D  29.4   3.8   0:26.89 newmem.bash
21968 vladisl+  20   0  619384 483668   1192 R  29.4   3.8   0:26.79 newmem.bash
21977 vladisl+  20   0  613708 480360   1148 R  23.5   3.7   0:26.06 newmem.bash
21990 vladisl+  20   0  615160 480168   1148 R  29.4   3.7   0:26.43 newmem.bash

21968 vladisl+  20   0  625720 489740   1192 R  25.0   3.8   0:27.00 newmem.bash
21973 vladisl+  20   0  627172 486332   1120 R  37.5   3.8   0:26.63 newmem.bash
21977 vladisl+  20   0  619780 486168   1148 R  31.2   3.8   0:26.29 newmem.bash
21990 vladisl+  20   0  620704 485448   1148 R  31.2   3.8   0:26.65 newmem.bash
21986 vladisl+  20   0  614104 480916   1252 R  25.0   3.7   0:27.28 newmem.bash

21990 vladisl+  20   0  633640 498648   1148 D   0.0   3.9   0:27.53 newmem.bash
21977 vladisl+  20   0  625720 492240   1148 R  30.4   3.8   0:27.30 newmem.bash
21986 vladisl+  20   0  621364 488044   1252 R  32.1   3.8   0:28.49 newmem.bash
21989 vladisl+  20   0  622288 485696   1172 R  33.9   3.8   0:26.51 newmem.bash
21971 vladisl+  20   0  621628 484588   1148 R   0.0   3.8   0:27.47 newmem.bash

21986 vladisl+  20   0  632320 499132   1252 R  12.7   3.9   0:29.64 newmem.bash
21971 vladisl+  20   0  633640 496732   1148 R  11.1   3.9   0:28.72 newmem.bash
21980 vladisl+  20   0  625984 493504   1088 R  11.1   3.8   0:28.48 newmem.bash
21989 vladisl+  20   0  630076 493352   1172 R   9.5   3.8   0:27.53 newmem.bash
21979 vladisl+  20   0  631396 490088   1220 R   9.5   3.8   0:27.48 newmem.bash

21965 vladisl+  20   0  623212 490080   1228 R  43.8   3.8   0:28.77 newmem.bash
21987 vladisl+  20   0  628888 486724   1160 R  50.0   3.8   0:29.06 newmem.bash
21961 vladisl+  20   0  618064 484204   1172 R  50.0   3.8   0:27.34 newmem.bash
21976 vladisl+  20   0  617536 477488   1240 R  56.2   3.7   0:27.85 newmem.bash
21970 vladisl+  20   0  611464 475020   1220 R  43.8   3.7   0:28.57 newmem.bash

21970 vladisl+  20   0  631660 495084   1220 R  93.3   3.8   0:29.05 newmem.bash
21974 vladisl+  20   0  611464 478764   1276 R 100.0   3.7   0:26.97 newmem.bash
21983 vladisl+  20   0  614896 477548   1184 R 100.0   3.7   0:27.40 newmem.bash
21984 vladisl+  20   0  609088 471104   1140 R 100.0   3.7   0:26.38 newmem.bash
21981 vladisl+  20   0  603280 469152   1152 R  93.3   3.6   0:27.57 newmem.bash

21981 vladisl+  20   0  628756 494496   1152 R 100.0   3.8   0:28.01 newmem.bash
21984 vladisl+  20   0  632452 494336   1140 R 100.0   3.8   0:26.81 newmem.bash
  158 vladisl+  20   0  764784   6492      0 S   0.0   0.1   1:01.63 docker
  144 root      20   0 1680396   3868      0 S   0.0   0.0   0:18.42 docker-desktop-
23067 vladisl+  20   0   10856   3552   3096 R   0.0   0.0   0:00.00 top

  158 vladisl+  20   0  764784   6492      0 S   0.0   0.1   1:01.63 docker
  144 root      20   0 1680396   3868      0 S   0.0   0.0   0:18.42 docker-desktop-
23081 vladisl+  20   0   10856   3628   3168 R   6.7   0.0   0:00.01 top
21991 vladisl+  20   0    8752   1856   1680 S   0.0   0.0   0:00.96 bash
22159 vladisl+  20   0   11000    684    276 S   0.0   0.0   0:07.77 top

  158 vladisl+  20   0  764784   6492      0 S   0.0   0.1   1:01.63 docker
  144 root      20   0 1680396   3868      0 S   0.0   0.0   0:18.42 docker-desktop-
23095 vladisl+  20   0   10856   3564   3104 R  28.6   0.0   0:00.07 top
21991 vladisl+  20   0    8752   1856   1680 S   0.0   0.0   0:00.97 bash
22159 vladisl+  20   0   11000    684    276 S   0.0   0.0   0:07.77 top

  158 vladisl+  20   0  764784   6492      0 S   0.0   0.1   1:01.63 docker
  144 root      20   0 1680396   3868      0 S   0.0   0.0   0:18.42 docker-desktop-
23109 vladisl+  20   0   10856   3620   3164 R   0.0   0.0   0:00.11 top
21991 vladisl+  20   0    8752   1856   1680 S   0.0   0.0   0:00.97 bash
22159 vladisl+  20   0   11000    684    276 S   0.0   0.0   0:07.77 top

  158 vladisl+  20   0  764784   6492      0 S   0.0   0.1   1:01.63 docker
  144 root      20   0 1680396   3868      0 S   0.0   0.0   0:18.42 docker-desktop-
23123 vladisl+  20   0   10856   3624   3168 R   0.0   0.0   0:00.00 top
21991 vladisl+  20   0    8752   1856   1680 S   0.0   0.0   0:00.98 bash
22159 vladisl+  20   0   11000    684    276 S   0.0   0.0   0:07.77 top

  158 vladisl+  20   0  764784   6492      0 S   0.0   0.1   1:01.63 docker
  144 root      20   0 1680396   3868      0 S   0.0   0.0   0:18.42 docker-desktop-
23137 vladisl+  20   0   10856   3548   3092 R   5.9   0.0   0:00.02 top
21991 vladisl+  20   0    8752   1856   1680 S   0.0   0.0   0:00.98 bash
22159 vladisl+  20   0   11000    684    276 S   0.0   0.0   0:07.77 top

  158 vladisl+  20   0  764784   6492      0 S   0.0   0.1   1:01.63 docker
  144 root      20   0 1680396   3868      0 S   0.0   0.0   0:18.42 docker-desktop-
23151 vladisl+  20   0   10856   3544   3088 R   6.7   0.0   0:00.01 top
21991 vladisl+  20   0    8752   1856   1680 S   0.0   0.0   0:00.99 bash
22159 vladisl+  20   0   11000    684    276 S   0.0   0.0   0:07.77 top

  158 vladisl+  20   0  764784   6492      0 S   0.0   0.1   1:01.63 docker
  144 root      20   0 1680396   3868      0 S   0.0   0.0   0:18.42 docker-desktop-
23165 vladisl+  20   0   10856   3656   3196 R   0.0   0.0   0:00.01 top
21991 vladisl+  20   0    8752   1856   1680 S   0.0   0.0   0:00.99 bash
22159 vladisl+  20   0   11000    684    276 S   0.0   0.0   0:07.77 top

  158 vladisl+  20   0  764784   6492      0 S   0.0   0.1   1:01.63 docker
  144 root      20   0 1680396   3868      0 S   0.0   0.0   0:18.42 docker-desktop-
23179 vladisl+  20   0   10856   3624   3168 R  18.2   0.0   0:00.13 top
21991 vladisl+  20   0    8752   1856   1680 S   0.0   0.0   0:01.00 bash
22159 vladisl+  20   0   11000    684    276 S   9.1   0.0   0:07.79 top

  158 vladisl+  20   0  764784   6492      0 S   0.0   0.1   1:01.63 docker
  144 root      20   0 1680396   3868      0 S   0.0   0.0   0:18.42 docker-desktop-
23193 vladisl+  20   0   10856   3628   3172 R   0.0   0.0   0:00.01 top
21991 vladisl+  20   0    8752   1856   1680 S   0.0   0.0   0:01.07 bash
22159 vladisl+  20   0   11000    684    276 S   0.0   0.0   0:07.79 top

  158 vladisl+  20   0  764784   6492      0 S   0.0   0.1   1:01.63 docker
  144 root      20   0 1680396   3868      0 S   0.0   0.0   0:18.42 docker-desktop-
23207 vladisl+  20   0   10856   3580   3120 R   0.0   0.0   0:00.00 top
21991 vladisl+  20   0    8752   1856   1680 S   0.0   0.0   0:01.07 bash
22159 vladisl+  20   0   11000    684    276 S   0.0   0.0   0:07.79 top

  158 vladisl+  20   0  764784   6492      0 S   0.0   0.1   1:01.63 docker
  144 root      20   0 1680396   3868      0 S   0.0   0.0   0:18.42 docker-desktop-
23221 vladisl+  20   0   10856   3552   3096 R   6.7   0.0   0:00.01 top
21991 vladisl+  20   0    8752   1856   1680 S   0.0   0.0   0:01.08 bash
22159 vladisl+  20   0   11000    684    276 S   0.0   0.0   0:07.79 top

  158 vladisl+  20   0  764784   6492      0 S   0.0   0.1   1:01.63 docker
  144 root      20   0 1680396   3868      0 S   0.0   0.0   0:18.42 docker-desktop-
23235 vladisl+  20   0   10856   3624   3168 R   0.0   0.0   0:00.00 top
21991 vladisl+  20   0    8752   1856   1680 S   0.0   0.0   0:01.08 bash
22159 vladisl+  20   0   11000    684    276 S   0.0   0.0   0:07.79 top

  158 vladisl+  20   0  764784   6492      0 S   0.0   0.1   1:01.63 docker
  144 root      20   0 1680396   3868      0 S   0.0   0.0   0:18.42 docker-desktop-
23249 vladisl+  20   0   10856   3620   3164 R   6.2   0.0   0:00.01 top
21991 vladisl+  20   0    8752   1856   1680 S   0.0   0.0   0:01.09 bash
22159 vladisl+  20   0   11000    684    276 S   0.0   0.0   0:07.79 top

  158 vladisl+  20   0  764784   6492      0 S   0.0   0.1   1:01.63 docker
  144 root      20   0 1680396   3868      0 S   0.0   0.0   0:18.42 docker-desktop-
23263 vladisl+  20   0   10856   3648   3192 R   6.7   0.0   0:00.01 top
21991 vladisl+  20   0    8752   1856   1680 S   0.0   0.0   0:01.09 bash
22159 vladisl+  20   0   11000    684    276 S   6.7   0.0   0:07.80 top

  158 vladisl+  20   0  764784   6492      0 S   0.0   0.1   1:01.63 docker
  144 root      20   0 1680396   3868      0 S   0.0   0.0   0:18.42 docker-desktop-
23277 vladisl+  20   0   10856   3556   3096 R   0.0   0.0   0:00.00 top
21991 vladisl+  20   0    8752   1856   1680 S   0.0   0.0   0:01.10 bash
22159 vladisl+  20   0   11000    684    276 S   0.0   0.0   0:07.80 top

  158 vladisl+  20   0  764784   6492      0 S   0.0   0.1   1:01.63 docker
  144 root      20   0 1680396   3868      0 S   0.0   0.0   0:18.42 docker-desktop-
23291 vladisl+  20   0   10856   3720   3260 R   0.0   0.0   0:00.00 top
21991 vladisl+  20   0    8752   1856   1680 S   0.0   0.0   0:01.10 bash
22159 vladisl+  20   0   11000    684    276 S   0.0   0.0   0:07.80 top

  158 vladisl+  20   0  764784   6492      0 S   0.0   0.1   1:01.63 docker
  144 root      20   0 1680396   3868      0 S   0.0   0.0   0:18.42 docker-desktop-
23305 vladisl+  20   0   10856   3624   3168 R   0.0   0.0   0:00.00 top
21991 vladisl+  20   0    8752   1856   1680 S   0.0   0.0   0:01.11 bash
22159 vladisl+  20   0   11000    684    276 S   0.0   0.0   0:07.80 top

  158 vladisl+  20   0  764784   6492      0 S   0.0   0.1   1:01.63 docker
  144 root      20   0 1680396   3868      0 S   0.0   0.0   0:18.42 docker-desktop-
23319 vladisl+  20   0   10856   3556   3096 R   0.0   0.0   0:00.00 top
21991 vladisl+  20   0    8752   1856   1680 S   0.0   0.0   0:01.11 bash
22159 vladisl+  20   0   11000    684    276 S   0.0   0.0   0:07.80 top

  158 vladisl+  20   0  764784   6492      0 S   0.0   0.1   1:01.63 docker
  144 root      20   0 1680396   3868      0 S   0.0   0.0   0:18.42 docker-desktop-
23333 vladisl+  20   0   10856   3624   3168 R   6.7   0.0   0:00.01 top
21991 vladisl+  20   0    8752   1856   1680 S   0.0   0.0   0:01.12 bash
22159 vladisl+  20   0   11000    684    276 S   0.0   0.0   0:07.80 top

  158 vladisl+  20   0  764784   6492      0 S   0.0   0.1   1:01.63 docker
  144 root      20   0 1680396   3868      0 S   0.0   0.0   0:18.42 docker-desktop-
23347 vladisl+  20   0   10856   3540   3080 R   6.7   0.0   0:00.01 top
21991 vladisl+  20   0    8752   1856   1680 S   0.0   0.0   0:01.12 bash
22159 vladisl+  20   0   11000    684    276 S   0.0   0.0   0:07.80 top

  158 vladisl+  20   0  764784   6492      0 S   0.0   0.1   1:01.63 docker
  144 root      20   0 1680396   3868      0 S   0.0   0.0   0:18.42 docker-desktop-
23361 vladisl+  20   0   10856   3628   3172 R   6.7   0.0   0:00.01 top
21991 vladisl+  20   0    8752   1856   1680 S   0.0   0.0   0:01.12 bash
22159 vladisl+  20   0   11000    684    276 S   0.0   0.0   0:07.80 top

  158 vladisl+  20   0  764784   6492      0 S   0.0   0.1   1:01.63 docker
  144 root      20   0 1680396   3868      0 S   0.0   0.0   0:18.42 docker-desktop-
23375 vladisl+  20   0   10856   3716   3260 R   0.0   0.0   0:00.00 top
21991 vladisl+  20   0    8752   1856   1680 S   0.0   0.0   0:01.13 bash
22159 vladisl+  20   0   11000    684    276 S   0.0   0.0   0:07.80 top

  158 vladisl+  20   0  764784   6492      0 S   0.0   0.1   1:01.63 docker
  144 root      20   0 1680396   3868      0 S   0.0   0.0   0:18.42 docker-desktop-
23389 vladisl+  20   0   10856   3560   3104 R   0.0   0.0   0:00.00 top
21991 vladisl+  20   0    8752   1856   1680 S   0.0   0.0   0:01.13 bash
22159 vladisl+  20   0   11000    684    276 S   0.0   0.0   0:07.80 top

  158 vladisl+  20   0  764784   6492      0 S   0.0   0.1   1:01.63 docker
  144 root      20   0 1680396   3868      0 S   0.0   0.0   0:18.42 docker-desktop-
23403 vladisl+  20   0   10856   3620   3164 R   0.0   0.0   0:00.01 top
21991 vladisl+  20   0    8752   1856   1680 S   0.0   0.0   0:01.14 bash
22159 vladisl+  20   0   11000    684    276 S   0.0   0.0   0:07.80 top

  158 vladisl+  20   0  764784   6492      0 S   0.0   0.1   1:01.63 docker
  144 root      20   0 1680396   3868      0 S   0.0   0.0   0:18.42 docker-desktop-
23417 vladisl+  20   0   10856   3628   3172 R   6.7   0.0   0:00.01 top
21991 vladisl+  20   0    8752   1856   1680 S   0.0   0.0   0:01.15 bash
22159 vladisl+  20   0   11000    684    276 S   0.0   0.0   0:07.80 top

  158 vladisl+  20   0  764784   6492      0 S   0.0   0.1   1:01.63 docker
  144 root      20   0 1680396   3868      0 S   0.0   0.0   0:18.42 docker-desktop-
23431 vladisl+  20   0   10856   3628   3168 R   6.7   0.0   0:00.01 top
21991 vladisl+  20   0    8752   1856   1680 S   0.0   0.0   0:01.15 bash
22159 vladisl+  20   0   11000    684    276 S   0.0   0.0   0:07.80 top

  158 vladisl+  20   0  764784   6492      0 S   0.0   0.1   1:01.63 docker
  144 root      20   0 1680396   3868      0 S   0.0   0.0   0:18.42 docker-desktop-
23445 vladisl+  20   0   10856   3556   3096 R   0.0   0.0   0:00.00 top
21991 vladisl+  20   0    8752   1856   1680 S   0.0   0.0   0:01.16 bash
22159 vladisl+  20   0   11000    684    276 S   0.0   0.0   0:07.80 top

  158 vladisl+  20   0  764784   6492      0 S   0.0   0.1   1:01.63 docker
  144 root      20   0 1680396   3868      0 S   0.0   0.0   0:18.42 docker-desktop-
23459 vladisl+  20   0   10856   3560   3104 R   0.0   0.0   0:00.01 top
21991 vladisl+  20   0    8752   1856   1680 S   0.0   0.0   0:01.16 bash
22159 vladisl+  20   0   11000    684    276 S   0.0   0.0   0:07.80 top

  158 vladisl+  20   0  764784   6492      0 S   0.0   0.1   1:01.63 docker
  144 root      20   0 1680396   3868      0 S   0.0   0.0   0:18.42 docker-desktop-
23473 vladisl+  20   0   10856   3576   3116 R   0.0   0.0   0:00.00 top
21991 vladisl+  20   0    8752   1856   1680 S   0.0   0.0   0:01.16 bash
22159 vladisl+  20   0   11000    684    276 S   0.0   0.0   0:07.80 top

  158 vladisl+  20   0  764784   6492      0 S   0.0   0.1   1:01.63 docker
  144 root      20   0 1680396   3868      0 S   0.0   0.0   0:18.42 docker-desktop-
23487 vladisl+  20   0   10856   3560   3100 R   0.0   0.0   0:00.00 top
21991 vladisl+  20   0    8752   1856   1680 S   0.0   0.0   0:01.17 bash
22159 vladisl+  20   0   11000    684    276 S   0.0   0.0   0:07.80 top

  158 vladisl+  20   0  764784   6492      0 S   0.0   0.1   1:01.63 docker
  144 root      20   0 1680396   3868      0 S   0.0   0.0   0:18.42 docker-desktop-
23501 vladisl+  20   0   10856   3620   3164 R   0.0   0.0   0:00.00 top
21991 vladisl+  20   0    8752   1856   1680 S   0.0   0.0   0:01.18 bash
22159 vladisl+  20   0   11000    684    276 S   0.0   0.0   0:07.80 top

  158 vladisl+  20   0  764784   6492      0 S   0.0   0.1   1:01.63 docker
  144 root      20   0 1680396   3868      0 S   0.0   0.0   0:18.42 docker-desktop-
23515 vladisl+  20   0   10856   3620   3164 R   6.2   0.0   0:00.01 top
21991 vladisl+  20   0    8752   1856   1680 S   0.0   0.0   0:01.18 bash
22159 vladisl+  20   0   11000    684    276 S   0.0   0.0   0:07.80 top

  158 vladisl+  20   0  764784   6492      0 S   0.0   0.1   1:01.63 docker
  144 root      20   0 1680396   3868      0 S   0.0   0.0   0:18.42 docker-desktop-
23529 vladisl+  20   0   10856   3548   3092 R   0.0   0.0   0:00.00 top
21991 vladisl+  20   0    8752   1856   1680 S   0.0   0.0   0:01.18 bash
22159 vladisl+  20   0   11000    684    276 S   0.0   0.0   0:07.80 top

  158 vladisl+  20   0  764784   6492      0 S   0.0   0.1   1:01.63 docker
  144 root      20   0 1680396   3868      0 S   0.0   0.0   0:18.42 docker-desktop-
23543 vladisl+  20   0   10856   3628   3172 R   0.0   0.0   0:00.00 top
21991 vladisl+  20   0    8752   1856   1680 S   0.0   0.0   0:01.18 bash
22159 vladisl+  20   0   11000    684    276 S   0.0   0.0   0:07.80 top

  158 vladisl+  20   0  764784   6492      0 S   0.0   0.1   1:01.63 docker
  144 root      20   0 1680396   3868      0 S   0.0   0.0   0:18.42 docker-desktop-
23557 vladisl+  20   0   10856   3536   3080 R   0.0   0.0   0:00.01 top
21991 vladisl+  20   0    8752   1856   1680 S   0.0   0.0   0:01.19 bash
22159 vladisl+  20   0   11000    684    276 S   0.0   0.0   0:07.81 top

  158 vladisl+  20   0  764784   6492      0 S   0.0   0.1   1:01.63 docker
  144 root      20   0 1680396   3868      0 S   0.0   0.0   0:18.42 docker-desktop-
23571 vladisl+  20   0   10856   3552   3096 R   0.0   0.0   0:00.00 top
21991 vladisl+  20   0    8752   1856   1680 S   0.0   0.0   0:01.19 bash
22159 vladisl+  20   0   11000    684    276 S   0.0   0.0   0:07.81 top

  158 vladisl+  20   0  764784   6492      0 S   0.0   0.1   1:01.63 docker
  144 root      20   0 1680396   3868      0 S   0.0   0.0   0:18.42 docker-desktop-
23585 vladisl+  20   0   10856   3624   3168 R   6.7   0.0   0:00.01 top
21991 vladisl+  20   0    8752   1856   1680 S   0.0   0.0   0:01.20 bash
22159 vladisl+  20   0   11000    684    276 S   0.0   0.0   0:07.81 top

  158 vladisl+  20   0  764784   6492      0 S   0.0   0.1   1:01.63 docker
  144 root      20   0 1680396   3868      0 S   0.0   0.0   0:18.42 docker-desktop-
23599 vladisl+  20   0   10856   3720   3260 R   0.0   0.0   0:00.00 top
21991 vladisl+  20   0    8752   1856   1680 S   0.0   0.0   0:01.21 bash
22159 vladisl+  20   0   11000    684    276 S   0.0   0.0   0:07.81 top

  158 vladisl+  20   0  764784   6492      0 S   0.0   0.1   1:01.63 docker
  144 root      20   0 1680396   3868      0 S   0.0   0.0   0:18.42 docker-desktop-
23613 vladisl+  20   0   10856   3536   3080 R   0.0   0.0   0:00.00 top
21991 vladisl+  20   0    8752   1856   1680 S   0.0   0.0   0:01.21 bash
22159 vladisl+  20   0   11000    684    276 S   0.0   0.0   0:07.81 top

  158 vladisl+  20   0  764784   6492      0 S   0.0   0.1   1:01.63 docker
  144 root      20   0 1680396   3868      0 S   0.0   0.0   0:18.42 docker-desktop-
23627 vladisl+  20   0   10856   3620   3164 R   0.0   0.0   0:00.00 top
21991 vladisl+  20   0    8752   1856   1680 S   0.0   0.0   0:01.22 bash
22159 vladisl+  20   0   11000    684    276 S   0.0   0.0   0:07.81 top

  158 vladisl+  20   0  764784   6492      0 S   0.0   0.1   1:01.63 docker
  144 root      20   0 1680396   3868      0 S   0.0   0.0   0:18.42 docker-desktop-
23641 vladisl+  20   0   10856   3544   3088 R   6.7   0.0   0:00.01 top
21991 vladisl+  20   0    8752   1856   1680 S   0.0   0.0   0:01.22 bash
22159 vladisl+  20   0   11000    684    276 S   0.0   0.0   0:07.81 top

  158 vladisl+  20   0  764784   6492      0 S   0.0   0.1   1:01.63 docker
  144 root      20   0 1680396   3868      0 S   0.0   0.0   0:18.42 docker-desktop-
23655 vladisl+  20   0   10856   3628   3172 R   6.7   0.0   0:00.01 top
21991 vladisl+  20   0    8752   1856   1680 S   0.0   0.0   0:01.23 bash
22159 vladisl+  20   0   11000    684    276 S   0.0   0.0   0:07.81 top

  158 vladisl+  20   0  764784   6492      0 S   0.0   0.1   1:01.63 docker
  144 root      20   0 1680396   3868      0 S   0.0   0.0   0:18.42 docker-desktop-
23669 vladisl+  20   0   10856   3508   3048 R   6.2   0.0   0:00.01 top
21991 vladisl+  20   0    8752   1856   1680 S   0.0   0.0   0:01.23 bash
22159 vladisl+  20   0   11000    684    276 S   0.0   0.0   0:07.81 top

  158 vladisl+  20   0  764784   6492      0 S   0.0   0.1   1:01.63 docker
  144 root      20   0 1680396   3868      0 S   0.0   0.0   0:18.42 docker-desktop-
23683 vladisl+  20   0   10856   3720   3260 R   0.0   0.0   0:00.00 top
21991 vladisl+  20   0    8752   1856   1680 S   0.0   0.0   0:01.24 bash
22159 vladisl+  20   0   11000    684    276 S   0.0   0.0   0:07.81 top

  158 vladisl+  20   0  764784   6492      0 S   0.0   0.1   1:01.63 docker
  144 root      20   0 1680396   3868      0 S   0.0   0.0   0:18.42 docker-desktop-
23697 vladisl+  20   0   10856   3652   3196 R   0.0   0.0   0:00.00 top
21991 vladisl+  20   0    8752   1856   1680 S   0.0   0.0   0:01.24 bash
22159 vladisl+  20   0   11000    684    276 S   0.0   0.0   0:07.81 top

  158 vladisl+  20   0  764784   6492      0 S   0.0   0.1   1:01.63 docker
  144 root      20   0 1680396   3868      0 S   0.0   0.0   0:18.42 docker-desktop-
23711 vladisl+  20   0   10856   3572   3116 R   6.2   0.0   0:00.01 top
21991 vladisl+  20   0    8752   1856   1680 S   0.0   0.0   0:01.25 bash
22159 vladisl+  20   0   11000    684    276 S   0.0   0.0   0:07.81 top

  158 vladisl+  20   0  764784   6492      0 S   0.0   0.1   1:01.63 docker
  144 root      20   0 1680396   3868      0 S   0.0   0.0   0:18.42 docker-desktop-
23725 vladisl+  20   0   10856   3628   3172 R   6.7   0.0   0:00.01 top
21991 vladisl+  20   0    8752   1856   1680 S   0.0   0.0   0:01.25 bash
22159 vladisl+  20   0   11000    684    276 S   0.0   0.0   0:07.81 top

  158 vladisl+  20   0  764784   6492      0 S   0.0   0.1   1:01.63 docker
  144 root      20   0 1680396   3868      0 S   0.0   0.0   0:18.42 docker-desktop-
23739 vladisl+  20   0   10856   3592   3136 R   0.0   0.0   0:00.00 top
21991 vladisl+  20   0    8752   1856   1680 S   0.0   0.0   0:01.26 bash
22159 vladisl+  20   0   11000    684    276 S   0.0   0.0   0:07.81 top

  158 vladisl+  20   0  764784   6492      0 S   0.0   0.1   1:01.63 docker
  144 root      20   0 1680396   3868      0 S   0.0   0.0   0:18.42 docker-desktop-
23753 vladisl+  20   0   10856   3632   3176 R   6.7   0.0   0:00.01 top
21991 vladisl+  20   0    8752   1856   1680 S   0.0   0.0   0:01.26 bash
22159 vladisl+  20   0   11000    684    276 S   0.0   0.0   0:07.81 top

  158 vladisl+  20   0  764784   6492      0 S   0.0   0.1   1:01.63 docker
  144 root      20   0 1680396   3868      0 S   0.0   0.0   0:18.42 docker-desktop-
23767 vladisl+  20   0   10856   3576   3120 R   0.0   0.0   0:00.00 top
21991 vladisl+  20   0    8752   1856   1680 S   0.0   0.0   0:01.27 bash
22159 vladisl+  20   0   11000    684    276 S   0.0   0.0   0:07.81 top

  158 vladisl+  20   0  764784   6492      0 S   0.0   0.1   1:01.63 docker
  144 root      20   0 1680396   3868      0 S   0.0   0.0   0:18.42 docker-desktop-
23781 vladisl+  20   0   10856   3624   3168 R   0.0   0.0   0:00.00 top
21991 vladisl+  20   0    8752   1856   1680 S   0.0   0.0   0:01.27 bash
22159 vladisl+  20   0   11000    684    276 S   0.0   0.0   0:07.81 top

  158 vladisl+  20   0  764784   6492      0 S   0.0   0.1   1:01.63 docker
  144 root      20   0 1680396   3868      0 S   0.0   0.0   0:18.42 docker-desktop-
23795 vladisl+  20   0   10856   3556   3096 R   0.0   0.0   0:00.00 top
21991 vladisl+  20   0    8752   1856   1680 S   0.0   0.0   0:01.28 bash
22159 vladisl+  20   0   11000    684    276 S   0.0   0.0   0:07.81 top

  158 vladisl+  20   0  764784   6492      0 S   0.0   0.1   1:01.63 docker
  144 root      20   0 1680396   3868      0 S   0.0   0.0   0:18.42 docker-desktop-
23809 vladisl+  20   0   10856   3624   3164 R   0.0   0.0   0:00.00 top
21991 vladisl+  20   0    8752   1856   1680 S   0.0   0.0   0:01.28 bash
22159 vladisl+  20   0   11000    684    276 S   0.0   0.0   0:07.81 top

  158 vladisl+  20   0  764784   6492      0 S   0.0   0.1   1:01.63 docker
  144 root      20   0 1680396   3868      0 S   0.0   0.0   0:18.42 docker-desktop-
23823 vladisl+  20   0   10856   3652   3196 R   0.0   0.0   0:00.00 top
21991 vladisl+  20   0    8752   1856   1680 S   0.0   0.0   0:01.28 bash
22159 vladisl+  20   0   11000    684    276 S   0.0   0.0   0:07.81 top

  158 vladisl+  20   0  764784   6492      0 S   0.0   0.1   1:01.63 docker
  144 root      20   0 1680396   3868      0 S   0.0   0.0   0:18.42 docker-desktop-
23837 vladisl+  20   0   10856   3652   3196 R   0.0   0.0   0:00.00 top
21991 vladisl+  20   0    8752   1856   1680 S   0.0   0.0   0:01.29 bash
22159 vladisl+  20   0   11000    684    276 S   0.0   0.0   0:07.81 top

  158 vladisl+  20   0  764784   6492      0 S   0.0   0.1   1:01.63 docker
  144 root      20   0 1680396   3868      0 S   0.0   0.0   0:18.42 docker-desktop-
23851 vladisl+  20   0   10856   3716   3260 R   0.0   0.0   0:00.00 top
21991 vladisl+  20   0    8752   1856   1680 S   0.0   0.0   0:01.29 bash
22159 vladisl+  20   0   11000    684    276 S   0.0   0.0   0:07.82 top

  158 vladisl+  20   0  764784   6492      0 S   0.0   0.1   1:01.63 docker
  144 root      20   0 1680396   3868      0 S   0.0   0.0   0:18.42 docker-desktop-
23865 vladisl+  20   0   10856   3544   3084 R   0.0   0.0   0:00.00 top
21991 vladisl+  20   0    8752   1856   1680 S   0.0   0.0   0:01.30 bash
22159 vladisl+  20   0   11000    684    276 S   0.0   0.0   0:07.82 top

  158 vladisl+  20   0  764784   6492      0 S   0.0   0.1   1:01.63 docker
  144 root      20   0 1680396   3868      0 S   0.0   0.0   0:18.42 docker-desktop-
23879 vladisl+  20   0   10856   3576   3120 R   0.0   0.0   0:00.00 top
21991 vladisl+  20   0    8752   1856   1680 S   0.0   0.0   0:01.30 bash
22159 vladisl+  20   0   11000    684    276 S   0.0   0.0   0:07.82 top

  158 vladisl+  20   0  764784   6492      0 S   0.0   0.1   1:01.63 docker
  144 root      20   0 1680396   3868      0 S   0.0   0.0   0:18.42 docker-desktop-
23893 vladisl+  20   0   10856   3612   3152 R   0.0   0.0   0:00.01 top
21991 vladisl+  20   0    8752   1856   1680 S   0.0   0.0   0:01.31 bash
22159 vladisl+  20   0   11000    684    276 S   0.0   0.0   0:07.82 top

  158 vladisl+  20   0  764784   6492      0 S   0.0   0.1   1:01.63 docker
  144 root      20   0 1680396   3868      0 S   0.0   0.0   0:18.42 docker-desktop-
23907 vladisl+  20   0   10856   3588   3132 R   0.0   0.0   0:00.00 top
21991 vladisl+  20   0    8752   1856   1680 S   0.0   0.0   0:01.31 bash
22159 vladisl+  20   0   11000    684    276 S   0.0   0.0   0:07.82 top

  158 vladisl+  20   0  764784   6492      0 S   0.0   0.1   1:01.63 docker
  144 root      20   0 1680396   3868      0 S   0.0   0.0   0:18.42 docker-desktop-
23921 vladisl+  20   0   10856   3592   3132 R   0.0   0.0   0:00.00 top
21991 vladisl+  20   0    8752   1856   1680 S   0.0   0.0   0:01.32 bash
22159 vladisl+  20   0   11000    684    276 S   0.0   0.0   0:07.82 top

  158 vladisl+  20   0  764784   6492      0 S   0.0   0.1   1:01.63 docker
  144 root      20   0 1680396   3868      0 S   0.0   0.0   0:18.42 docker-desktop-
23935 vladisl+  20   0   10856   3620   3164 R   0.0   0.0   0:00.00 top
21991 vladisl+  20   0    8752   1856   1680 S   0.0   0.0   0:01.32 bash
22159 vladisl+  20   0   11000    684    276 S   0.0   0.0   0:07.82 top

  158 vladisl+  20   0  764784   6492      0 S   0.0   0.1   1:01.63 docker
  144 root      20   0 1680396   3868      0 S   0.0   0.0   0:18.42 docker-desktop-
23949 vladisl+  20   0   10856   3544   3088 R   0.0   0.0   0:00.00 top
21991 vladisl+  20   0    8752   1856   1680 S   0.0   0.0   0:01.32 bash
22159 vladisl+  20   0   11000    684    276 S   0.0   0.0   0:07.82 top

