2,05 2,44 1,40 1,27 1,31
2,63 2,59 2,59 3,23 3,19
5,44 6,71 4,43 4,28 4,10
5,50 5,70 5,50 5,23 5,85
6,86 7,02 6,73 6,56 6,53
8,41 8,35 7,95 8,42 8,29
9,84 10,10 13,17 11,84 9,05
11,15 10,30 10,18 10,20 10,25
15,51 11,88 11,49 11,38 11,43
12,74 12,58 17,78 13,32 12,91
14,05 14,10 13,99 14,10 14,03
15,22 15,32 15,17 15,30 15,24
16,55 19,76 71,50 16,41 16,55
17,73 17,75 17,66 17,77 17,71
18,94 19,02 18,88 19,08 19,15
25,56 20,70 40,87 26,78 21,07
25,38 23,56 26,93 31,41 21,84
27,28 25,23 23,28 27,78 26,57
31,07 26,25 26,91 27,93 26,89
26,19 29,04 30,59 26,42 26,00
