2,79 2,51 1,97 1,89 1,94
4,44 3,23 5,23 4,70 4,45
6,49 5,09 4,58 4,82 4,55
5,98 5,95 6,21 6,55 8,40
10,80 10,43 9,04 9,08 8,79
8,67 8,65 9,17 9,12 9,15
13,23 11,68 10,30 14,26 11,04
12,79 12,62 16,86 16,31 12,54
15,40 13,30 13,29 12,04 13,40
16,44 15,17 15,00 17,50 15,09
18,60 16,79 14,87 14,98 14,65
19,89 18,17 17,52 16,66 15,98
17,64 17,60 20,55 22,90 24,59
25,93 24,86 22,95 24,39 23,06
24,04 25,32 23,41 24,25 23,62
26,58 27,72 28,88 27,77 25,10
28,93 28,25 27,07 28,14 31,89
27,33 26,88 29,03 28,49 29,10
33,41 30,56 31,26 30,53 29,00
35,99 29,02 44,95 61,42 58,49
