3,95 3,32 3,20 3,32 3,21
6,80 6,56 6,84 6,71 6,61
9,94 10,04 9,89 10,07 9,84
15,02 14,22 13,26 13,30 13,18
16,20 16,35 17,50 16,11 16,41
19,47 21,00 20,08 18,74 18,69
21,83 21,88 21,93 22,98 22,82
26,28 26,68 28,48 27,27 25,97
28,60 29,00 29,12 29,07 27,62
30,16 31,69 31,66 66,33 49,43
44,81 37,19 35,55 34,28 33,60
37,22 39,56 39,00 39,41 39,10
44,98 47,47 43,08 41,03 44,46
50,39 87,85 51,25 46,78 45,54
52,45 52,57 47,79 55,55 50,57
55,92 56,87 52,32 51,49 54,95
56,87 58,07 56,38 53,76 55,68
59,96 58,48 59,60 59,31 63,38
62,70 62,41 62,28 62,74 62,53
66,08 65,83 66,74 73,34 66,02
