14434 vladisl+  20   0   20104  14460   2880 R  93.3   0.1   0:00.15 mem.bash
14434 vladisl+  20   0   51916  46140   2880 R 100.0   0.4   0:00.56 mem.bash
14434 vladisl+  20   0   82540  76764   2880 R 100.0   0.6   0:00.98 mem.bash
14434 vladisl+  20   0  113824 108180   2880 R 100.0   0.8   0:01.40 mem.bash
14434 vladisl+  20   0  143392 137748   2880 R  93.8   1.1   0:01.82 mem.bash
14434 vladisl+  20   0  176524 171012   2880 R 100.0   1.3   0:02.23 mem.bash
14434 vladisl+  20   0  214804 209028   2880 R 100.0   1.6   0:02.64 mem.bash
14434 vladisl+  20   0  253084 247308   2880 R  93.8   1.9   0:03.06 mem.bash
14434 vladisl+  20   0  291232 285588   2880 R 100.0   2.2   0:03.47 mem.bash
14434 vladisl+  20   0  329512 323868   2880 R 100.0   2.5   0:03.88 mem.bash
14434 vladisl+  20   0  367792 362148   2880 R 100.0   2.8   0:04.30 mem.bash
14434 vladisl+  20   0  402640 396996   2880 R 100.0   3.1   0:04.71 mem.bash
14434 vladisl+  20   0  439072 433428   2880 R 100.0   3.4   0:05.12 mem.bash
14434 vladisl+  20   0  473524 467748   2880 R 100.0   3.6   0:05.54 mem.bash
14434 vladisl+  20   0  497812 492300   2880 R 100.0   3.8   0:05.95 mem.bash
14434 vladisl+  20   0  536224 530580   2880 R 100.0   4.1   0:06.37 mem.bash
14434 vladisl+  20   0  568828 563316   2880 R 100.0   4.4   0:06.78 mem.bash
14434 vladisl+  20   0  605524 599748   2880 R  93.8   4.7   0:07.20 mem.bash
14434 vladisl+  20   0  641692 635916   2880 R 100.0   4.9   0:07.61 mem.bash
14434 vladisl+  20   0  673240 667596   2880 R 100.0   5.2   0:08.02 mem.bash
14434 vladisl+  20   0  706636 700860   2880 R 100.0   5.4   0:08.44 mem.bash
14434 vladisl+  20   0  739504 733860   2880 R 100.0   5.7   0:08.85 mem.bash
14434 vladisl+  20   0  772504 766860   2880 R 100.0   5.9   0:09.27 mem.bash
14434 vladisl+  20   0  808936 803292   2880 R 100.0   6.2   0:09.68 mem.bash
14434 vladisl+  20   0  844180 838404   2880 R  93.8   6.5   0:10.10 mem.bash
14434 vladisl+  20   0  881536 875892   2880 R 100.0   6.8   0:10.52 mem.bash
14434 vladisl+  20   0  918100 912588   2880 R 100.0   7.1   0:10.94 mem.bash
14434 vladisl+  20   0  954664 949020   2880 R 100.0   7.4   0:11.35 mem.bash
14434 vladisl+  20   0  991228 985452   2880 R 100.0   7.6   0:11.76 mem.bash
14434 vladisl+  20   0 1025548 995.9m   2880 R  93.8   7.9   0:12.18 mem.bash
14434 vladisl+  20   0 1062112   1.0g   2880 R 100.0   8.2   0:12.59 mem.bash
14434 vladisl+  20   0 1098808   1.0g   2880 R 100.0   8.5   0:13.00 mem.bash
14434 vladisl+  20   0 1133656   1.1g   2880 R 100.0   8.7   0:13.41 mem.bash
14434 vladisl+  20   0 1170352   1.1g   2880 R 100.0   9.0   0:13.82 mem.bash
14434 vladisl+  20   0 1206916   1.1g   2880 R  93.8   9.3   0:14.24 mem.bash
14434 vladisl+  20   0 1241896   1.2g   2880 R 100.0   9.6   0:14.65 mem.bash
14434 vladisl+  20   0 1271464   1.2g   2880 R 100.0   9.8   0:15.07 mem.bash
14434 vladisl+  20   0 1308028   1.2g   2880 R 100.0  10.1   0:15.48 mem.bash
14434 vladisl+  20   0 1344460   1.3g   2880 R 100.0  10.4   0:15.89 mem.bash
14434 vladisl+  20   0 1381024   1.3g   2880 R 100.0  10.7   0:16.31 mem.bash
14434 vladisl+  20   0 1416664   1.3g   2880 R 100.0  10.9   0:16.72 mem.bash
14434 vladisl+  20   0 1453096   1.4g   2880 R 100.0  11.2   0:17.14 mem.bash
14434 vladisl+  20   0 1484908   1.4g   2880 R 100.0  11.5   0:17.56 mem.bash
14434 vladisl+  20   0 1509064   1.4g   2880 R 100.0  11.7   0:17.97 mem.bash
14434 vladisl+  20   0 1535860   1.5g   2880 R 100.0  11.9   0:18.39 mem.bash
14434 vladisl+  20   0 1563844   1.5g   2880 R 100.0  12.1   0:18.80 mem.bash
14434 vladisl+  20   0 1601992   1.5g   2880 R 100.0  12.4   0:19.22 mem.bash
14434 vladisl+  20   0 1640140   1.6g   2880 R 100.0  12.7   0:19.63 mem.bash
14434 vladisl+  20   0 1678552   1.6g   2880 R  93.8  13.0   0:20.05 mem.bash
14434 vladisl+  20   0 1716700   1.6g   2880 R 100.0  13.3   0:20.46 mem.bash
14434 vladisl+  20   0 1754980   1.7g   2880 R 100.0  13.6   0:20.87 mem.bash
14434 vladisl+  20   0 1790224   1.7g   2880 R 100.0  13.8   0:21.29 mem.bash
14434 vladisl+  20   0 1828372   1.7g   2880 R 100.0  14.1   0:21.70 mem.bash
14434 vladisl+  20   0 1866784   1.8g   2880 R 100.0  14.4   0:22.12 mem.bash
14434 vladisl+  20   0 1904536   1.8g   2880 R 100.0  14.7   0:22.53 mem.bash
14434 vladisl+  20   0 1942948   1.8g   2880 R 100.0  15.0   0:22.94 mem.bash
14434 vladisl+  20   0 1980568   1.9g   2880 R 100.0  15.3   0:23.36 mem.bash
14434 vladisl+  20   0 2019112   1.9g   2880 R 100.0  15.6   0:23.77 mem.bash
14434 vladisl+  20   0 2057524   2.0g   2880 R 100.0  15.9   0:24.18 mem.bash
14434 vladisl+  20   0 2086168   2.0g   2880 R 100.0  16.1   0:24.60 mem.bash
14434 vladisl+  20   0 2101348   2.0g   2880 R 100.0  16.3   0:25.03 mem.bash
14434 vladisl+  20   0 2132896   2.0g   2880 R 100.0  16.5   0:25.44 mem.bash
14434 vladisl+  20   0 2165104   2.1g   2880 R 100.0  16.7   0:25.86 mem.bash
14434 vladisl+  20   0 2203516   2.1g   2880 R 100.0  17.0   0:26.27 mem.bash
14434 vladisl+  20   0 2237176   2.1g   2880 R 100.0  17.3   0:26.68 mem.bash
14434 vladisl+  20   0 2263708   2.2g   2880 R 100.0  17.5   0:27.10 mem.bash
14434 vladisl+  20   0 2294596   2.2g   2880 R 100.0  17.7   0:27.51 mem.bash
14434 vladisl+  20   0 2332876   2.2g   2880 R  93.8  18.0   0:27.93 mem.bash
14434 vladisl+  20   0 2371420   2.3g   2880 R 100.0  18.3   0:28.34 mem.bash
14434 vladisl+  20   0 2409700   2.3g   2880 R 100.0  18.6   0:28.75 mem.bash
14434 vladisl+  20   0 2448244   2.3g   2880 R 100.0  18.9   0:29.17 mem.bash
14434 vladisl+  20   0 2484280   2.4g   2880 R 100.0  19.2   0:29.58 mem.bash
14434 vladisl+  20   0 2522560   2.4g   2880 R 100.0  19.5   0:30.00 mem.bash
14434 vladisl+  20   0 2560840   2.4g   2880 R 100.0  19.8   0:30.41 mem.bash
14434 vladisl+  20   0 2599252   2.5g   2880 R 100.0  20.1   0:30.82 mem.bash
14434 vladisl+  20   0 2637928   2.5g   2880 R 100.0  20.4   0:31.24 mem.bash
14434 vladisl+  20   0 2675020   2.5g   2880 R 100.0  20.7   0:31.65 mem.bash
14434 vladisl+  20   0 2712772   2.6g   2880 R 100.0  21.0   0:32.07 mem.bash
14434 vladisl+  20   0 2743264   2.6g   2880 R 100.0  21.2   0:32.48 mem.bash
14434 vladisl+  20   0 2758312   2.6g   2880 R 100.0  21.3   0:32.91 mem.bash
14434 vladisl+  20   0 2786956   2.7g   2880 R 100.0  21.6   0:33.32 mem.bash
14434 vladisl+  20   0 2820616   2.7g   2880 R  93.8  21.8   0:33.74 mem.bash
14434 vladisl+  20   0 2859028   2.7g   2880 R 100.0  22.1   0:34.15 mem.bash
14434 vladisl+  20   0 2897440   2.8g   2880 R 100.0  22.4   0:34.56 mem.bash
14434 vladisl+  20   0 2935588   2.8g   2880 R 100.0  22.7   0:34.98 mem.bash
14434 vladisl+  20   0 2973076   2.8g   2880 R 100.0  23.0   0:35.39 mem.bash
14434 vladisl+  20   0 3001456   2.9g   2880 R 100.0  23.2   0:35.81 mem.bash
14434 vladisl+  20   0 3037624   2.9g   2880 R 100.0  23.5   0:36.22 mem.bash
14434 vladisl+  20   0 3075508   2.9g   2880 R 100.0  23.8   0:36.64 mem.bash
14434 vladisl+  20   0 3112864   3.0g   2880 R 100.0  24.1   0:37.05 mem.bash
14434 vladisl+  20   0 3144412   3.0g   2880 R 100.0  24.3   0:37.46 mem.bash
14434 vladisl+  20   0 3173188   3.0g   2880 R 100.0  24.6   0:37.88 mem.bash
14434 vladisl+  20   0 3207244   3.1g   2880 R 100.0  24.8   0:38.29 mem.bash
14434 vladisl+  20   0 3231268   3.1g   2880 R 100.0  25.0   0:38.71 mem.bash
14434 vladisl+  20   0 3255952   3.1g   2880 R 100.0  25.2   0:39.13 mem.bash
14434 vladisl+  20   0 3284464   3.1g   2880 R 100.0  25.4   0:39.54 mem.bash
14434 vladisl+  20   0 3321292   3.2g   2880 R 100.0  25.7   0:39.96 mem.bash
14434 vladisl+  20   0 3358252   3.2g   2880 R 100.0  26.0   0:40.37 mem.bash
14434 vladisl+  20   0 3396532   3.2g   2880 R 100.0  26.3   0:40.78 mem.bash
14434 vladisl+  20   0 3434944   3.3g   2880 R 100.0  26.6   0:41.20 mem.bash
14434 vladisl+  20   0 3468736   3.3g   2880 R 100.0  26.9   0:41.61 mem.bash
14434 vladisl+  20   0 3500020   3.3g   2880 R 100.0  27.1   0:42.03 mem.bash
14434 vladisl+  20   0 3536848   3.4g   2880 R 100.0  27.4   0:42.44 mem.bash
14434 vladisl+  20   0 3571168   3.4g   2880 R 100.0  27.6   0:42.85 mem.bash
14434 vladisl+  20   0 3607864   3.4g   2880 R 100.0  27.9   0:43.27 mem.bash
14434 vladisl+  20   0 3633604   3.5g   2880 R 100.0  28.1   0:43.69 mem.bash
14434 vladisl+  20   0 3666076   3.5g   2880 R 100.0  28.4   0:44.10 mem.bash
14434 vladisl+  20   0 3699208   3.5g   2880 R 100.0  28.6   0:44.52 mem.bash
14434 vladisl+  20   0 3730624   3.6g   2880 R 100.0  28.9   0:44.93 mem.bash
14434 vladisl+  20   0 3755572   3.6g   2880 R 100.0  29.1   0:45.35 mem.bash
14434 vladisl+  20   0 3776428   3.6g   2880 R  93.8  29.2   0:45.77 mem.bash
14434 vladisl+  20   0 3807052   3.6g   2880 R 100.0  29.5   0:46.18 mem.bash
14434 vladisl+  20   0 3837412   3.7g   2880 R 100.0  29.7   0:46.60 mem.bash
14434 vladisl+  20   0 3868696   3.7g   2880 R 100.0  30.0   0:47.01 mem.bash
14434 vladisl+  20   0 3893116   3.7g   2880 R 100.0  30.1   0:47.43 mem.bash
14434 vladisl+  20   0 3921628   3.7g   2880 R  93.8  30.4   0:47.85 mem.bash
14434 vladisl+  20   0 3941428   3.8g   2880 R 100.0  30.5   0:48.27 mem.bash
14434 vladisl+  20   0 3965716   3.8g   2880 R 100.0  30.7   0:48.69 mem.bash
14434 vladisl+  20   0 4002676   3.8g   2880 R  93.8  31.0   0:49.11 mem.bash
14434 vladisl+  20   0 4031452   3.8g   2880 R 100.0  31.2   0:49.52 mem.bash
14434 vladisl+  20   0 4061944   3.9g   2880 R 100.0  31.5   0:49.94 mem.bash
14434 vladisl+  20   0 4080952   3.9g   2880 R  93.8  31.6   0:50.36 mem.bash
14434 vladisl+  20   0 4104316   3.9g   2880 R 100.0  31.8   0:50.78 mem.bash
14434 vladisl+  20   0 4138504   3.9g   2880 R 100.0  32.0   0:51.20 mem.bash
14434 vladisl+  20   0 4167148   4.0g   2880 R 100.0  32.3   0:51.61 mem.bash
14434 vladisl+  20   0 4202128   4.0g   2880 R 100.0  32.5   0:52.03 mem.bash
14434 vladisl+  20   0 4236448   4.0g   2880 R 100.0  32.8   0:52.44 mem.bash
14434 vladisl+  20   0 4273144   4.1g   2880 R 100.0  33.1   0:52.86 mem.bash
14434 vladisl+  20   0 4309840   4.1g   2880 R 100.0  33.4   0:53.27 mem.bash
14434 vladisl+  20   0 4340068   4.1g   2880 R 100.0  33.6   0:53.69 mem.bash
14434 vladisl+  20   0 4373068   4.2g   2880 R 100.0  33.9   0:54.10 mem.bash
14434 vladisl+  20   0 4402504   4.2g   2880 R 100.0  34.1   0:54.51 mem.bash
14434 vladisl+  20   0 4431940   4.2g   2880 R 100.0  34.3   0:54.93 mem.bash
14434 vladisl+  20   0 4456360   4.2g   2880 R  93.8  34.5   0:55.35 mem.bash
14434 vladisl+  20   0 4482892   4.3g   2880 R 100.0  34.7   0:55.76 mem.bash
14434 vladisl+  20   0 4517080   4.3g   2880 R 100.0  35.0   0:56.19 mem.bash
14434 vladisl+  20   0 4545328   4.3g   2880 R 100.0  35.2   0:56.60 mem.bash
14434 vladisl+  20   0 4577008   4.4g   2880 R  93.8  35.4   0:57.02 mem.bash
14434 vladisl+  20   0 4611328   4.4g   2880 R 100.0  35.7   0:57.43 mem.bash
14434 vladisl+  20   0 4643008   4.4g   2880 R 100.0  36.0   0:57.85 mem.bash
14434 vladisl+  20   0 4674424   4.5g   2880 R 100.0  36.2   0:58.26 mem.bash
14434 vladisl+  20   0 4706236   4.5g   2880 R 100.0  36.4   0:58.67 mem.bash
14434 vladisl+  20   0 4736860   4.5g   2880 R 100.0  36.7   0:59.09 mem.bash
14434 vladisl+  20   0 4770916   4.5g   2880 R 100.0  37.0   0:59.51 mem.bash
14434 vladisl+  20   0 4798636   4.6g   2880 R 100.0  37.2   0:59.93 mem.bash
14434 vladisl+  20   0 4831108   4.6g   2880 R 100.0  37.4   1:00.35 mem.bash
14434 vladisl+  20   0 4863976   4.6g   2880 R 100.0  37.7   1:00.76 mem.bash
14434 vladisl+  20   0 4885228   4.7g   2880 R 100.0  37.8   1:01.18 mem.bash
14434 vladisl+  20   0 4910572   4.7g   2880 R 100.0  38.0   1:01.59 mem.bash
14434 vladisl+  20   0 4941196   4.7g   2880 R 100.0  38.3   1:02.01 mem.bash
14434 vladisl+  20   0 4975648   4.7g   2880 R 100.0  38.5   1:02.42 mem.bash
14434 vladisl+  20   0 5009440   4.8g   2880 R  93.3  38.8   1:02.83 mem.bash
14434 vladisl+  20   0 5048512   4.8g   2880 R 100.0  39.1   1:03.28 mem.bash
14434 vladisl+  20   0 5070820   4.8g   2880 R 100.0  39.3   1:03.71 mem.bash
14434 vladisl+  20   0 5099332   4.9g   2880 R 100.0  39.5   1:04.13 mem.bash
14434 vladisl+  20   0 5130352   4.9g   2880 R 100.0  39.7   1:04.54 mem.bash
14434 vladisl+  20   0 5165200   4.9g   2880 R 100.0  40.0   1:05.09 mem.bash
14434 vladisl+  20   0 5201368   5.0g   2880 R 100.0  40.3   1:05.77 mem.bash
14434 vladisl+  20   0 5226316   5.0g   2880 R 100.0  40.5   1:06.19 mem.bash
14434 vladisl+  20   0 5255356   5.0g   2880 R 100.0  40.7   1:06.61 mem.bash
14434 vladisl+  20   0 5284792   5.0g   2880 R 100.0  40.9   1:07.03 mem.bash
14434 vladisl+  20   0 5318320   5.1g   2880 R 100.0  41.2   1:07.45 mem.bash
14434 vladisl+  20   0 5347228   5.1g   2880 R 100.0  41.4   1:07.87 mem.bash
14434 vladisl+  20   0 5373892   5.1g   2880 R  93.8  41.6   1:08.29 mem.bash
14434 vladisl+  20   0 5395672   5.1g   2880 R 100.0  41.8   1:08.91 mem.bash
14434 vladisl+  20   0 5423392   5.2g   2880 R  93.8  42.0   1:09.33 mem.bash
14434 vladisl+  20   0 5452696   5.2g   2880 R 100.0  42.2   1:09.75 mem.bash
14434 vladisl+  20   0 5474212   5.2g   2880 R 100.0  42.4   1:10.17 mem.bash
14434 vladisl+  20   0 5497708   5.2g   2880 R 100.0  42.6   1:10.59 mem.bash
14434 vladisl+  20   0 5521468   5.3g   2880 R 100.0  42.8   1:11.01 mem.bash
14434 vladisl+  20   0 5550640   5.3g   2880 R 100.0  43.0   1:11.43 mem.bash
14434 vladisl+  20   0 5581396   5.3g   2880 R 100.0  43.2   1:11.85 mem.bash
14434 vladisl+  20   0 5606872   5.3g   2880 R  93.8  43.4   1:12.27 mem.bash
14434 vladisl+  20   0 5635516   5.4g   2880 R 100.0  43.7   1:12.69 mem.bash
14434 vladisl+  20   0 5664160   5.4g   2880 R  93.8  43.9   1:13.11 mem.bash
14434 vladisl+  20   0 5691352   5.4g   2880 R 100.0  44.1   1:13.53 mem.bash
14434 vladisl+  20   0 5716564   5.4g   2880 R 100.0  44.3   1:13.95 mem.bash
14434 vladisl+  20   0 5747716   5.5g   2880 R 100.0  44.5   1:14.36 mem.bash
14434 vladisl+  20   0 5775700   5.5g   2880 R 100.0  44.7   1:14.78 mem.bash
14434 vladisl+  20   0 5800120   5.5g   2880 R  93.8  44.9   1:15.20 mem.bash
14434 vladisl+  20   0 5817148   5.5g   2880 R 100.0  45.1   1:15.63 mem.bash
14434 vladisl+  20   0 5849884   5.6g   2880 R 100.0  45.3   1:16.05 mem.bash
14434 vladisl+  20   0 5874964   5.6g   2880 R 100.0  45.5   1:16.47 mem.bash
14434 vladisl+  20   0 5907436   5.6g   2880 R 100.0  45.8   1:17.04 mem.bash
14434 vladisl+  20   0 5964064   5.7g   2880 R  83.3  46.2   1:17.73 mem.bash
14434 vladisl+  20   0 6019768   5.7g   2880 R 100.0  46.6   1:18.65 mem.bash
14434 vladisl+  20   0 6066364   5.8g   2880 R  75.0  47.0   1:19.28 mem.bash
14434 vladisl+  20   0 6119692   5.8g   2880 R 100.0  47.4   1:19.94 mem.bash
14434 vladisl+  20   0 6182656   5.9g   2880 R 100.0  47.9   1:20.72 mem.bash
14434 vladisl+  20   0 6275452   6.0g   2880 R 100.0  48.6   1:21.87 mem.bash
14434 vladisl+  20   0 6335380   6.0g   2880 R 100.0  49.1   1:22.72 mem.bash
14434 vladisl+  20   0 6414448   6.1g   2880 R 100.0  49.7   1:23.65 mem.bash
14434 vladisl+  20   0 6458536   6.2g   2880 R 100.0  50.0   1:24.21 mem.bash
14434 vladisl+  20   0 6488236   6.2g   2880 R 100.0  50.3   1:24.63 mem.bash
14434 vladisl+  20   0 6521896   6.2g   2880 R  93.8  50.5   1:25.05 mem.bash
14434 vladisl+  20   0 6556876   6.2g   2880 R 100.0  50.8   1:25.62 mem.bash
14434 vladisl+  20   0 6578128   6.3g   2880 R 100.0  51.0   1:26.05 mem.bash
14434 vladisl+  20   0 6600700   6.3g   2880 R 100.0  51.1   1:26.48 mem.bash
14434 vladisl+  20   0 6630004   6.3g   2880 R  93.8  51.4   1:26.90 mem.bash
14434 vladisl+  20   0 6655876   6.3g   2880 R 100.0  51.6   1:27.32 mem.bash
14434 vladisl+  20   0 6690460   6.4g   2880 R 100.0  51.8   1:27.75 mem.bash
14434 vladisl+  20   0 6718312   6.4g   2880 R 100.0  52.0   1:28.16 mem.bash
14434 vladisl+  20   0 6733888   6.4g   2880 R 100.0  52.2   1:28.59 mem.bash
14434 vladisl+  20   0 6762136   6.4g   2880 R  93.8  52.4   1:29.01 mem.bash
14434 vladisl+  20   0 6795268   6.5g   2880 R  93.8  52.6   1:29.43 mem.bash
14434 vladisl+  20   0 6821800   6.5g   2880 R 100.0  52.9   1:29.84 mem.bash
14434 vladisl+  20   0 6846352   6.5g   2880 R 100.0  53.0   1:30.27 mem.bash
14434 vladisl+  20   0 6880672   6.6g   2880 R 100.0  53.3   1:30.69 mem.bash
14434 vladisl+  20   0 6909184   6.6g   2880 R 100.0  53.5   1:31.11 mem.bash
14434 vladisl+  20   0 6940996   6.6g   2880 R  93.8  53.8   1:31.53 mem.bash
14434 vladisl+  20   0 6971356   6.6g   2880 R 100.0  54.0   1:31.94 mem.bash
14434 vladisl+  20   0 7004224   6.7g   2880 R 100.0  54.3   1:32.36 mem.bash
14434 vladisl+  20   0 7033264   6.7g   2880 R  93.8  54.5   1:32.78 mem.bash
14434 vladisl+  20   0 7064020   6.7g   2880 R 100.0  54.7   1:33.20 mem.bash
14434 vladisl+  20   0 7093720   6.8g   2880 R 100.0  55.0   1:33.62 mem.bash
14434 vladisl+  20   0 7124080   6.8g   2880 R 100.0  55.2   1:34.03 mem.bash
14434 vladisl+  20   0 7153384   6.8g   2880 R 100.0  55.4   1:34.45 mem.bash
14434 vladisl+  20   0 7185328   6.8g   2880 R 100.0  55.7   1:34.87 mem.bash
14434 vladisl+  20   0 7210540   6.9g   2880 R 100.0  55.9   1:35.29 mem.bash
14434 vladisl+  20   0 7238788   6.9g   2880 R 100.0  56.1   1:35.70 mem.bash
14434 vladisl+  20   0 7270204   6.9g   2880 R 100.0  56.3   1:36.12 mem.bash
14434 vladisl+  20   0 7281028   6.9g   2880 R 100.0  56.4   1:36.59 mem.bash
14434 vladisl+  20   0 7294096   7.0g   2880 R 100.0  56.5   1:37.03 mem.bash
14434 vladisl+  20   0 7308352   7.0g   2880 R 100.0  56.6   1:37.45 mem.bash
14434 vladisl+  20   0 7323664   7.0g   2880 R 100.0  56.7   1:37.87 mem.bash
14434 vladisl+  20   0 7337524   7.0g   2880 R  80.0  56.9   1:38.26 mem.bash
14434 vladisl+  20   0 7339504   7.0g   2880 R  78.9  56.9   1:38.93 mem.bash
14434 vladisl+  20   0 7349140   7.0g   2880 R  93.8  56.9   1:39.54 mem.bash
14434 vladisl+  20   0 7363660   7.0g   2880 R 100.0  57.1   1:39.96 mem.bash
14434 vladisl+  20   0 7375408   7.0g   2880 R  93.8  57.1   1:40.39 mem.bash
14434 vladisl+  20   0 7389664   7.0g   2880 R 100.0  57.3   1:40.81 mem.bash
14434 vladisl+  20   0 7402600   7.1g   2880 R 100.0  57.4   1:41.22 mem.bash
14434 vladisl+  20   0 7419892   7.1g   2880 R 100.0  57.5   1:41.65 mem.bash
14434 vladisl+  20   0 7439032   7.1g   2880 R 100.0  57.6   1:42.06 mem.bash
14434 vladisl+  20   0 7455400   7.1g   2880 R  93.8  57.8   1:42.49 mem.bash
14434 vladisl+  20   0 7474144   7.1g   2880 R 100.0  57.9   1:42.90 mem.bash
14434 vladisl+  20   0 7489456   7.1g   2880 R 100.0  58.0   1:43.32 mem.bash
14434 vladisl+  20   0 7502920   7.1g   2880 R 100.0  58.1   1:43.74 mem.bash
14434 vladisl+  20   0 7520476   7.2g   2880 R 100.0  58.3   1:44.16 mem.bash
14434 vladisl+  20   0 7537504   7.2g   2880 R  93.3  58.4   1:44.57 mem.bash
14434 vladisl+  20   0 7560736   7.2g   2880 R 100.0  58.6   1:44.99 mem.bash
14434 vladisl+  20   0 7594396   7.2g   2880 R  93.8  58.8   1:45.45 mem.bash
14434 vladisl+  20   0 7627264   7.3g   2880 R 100.0  59.1   1:45.89 mem.bash
14434 vladisl+  20   0 7654852   7.3g   2880 R 100.0  59.3   1:46.32 mem.bash
14434 vladisl+  20   0 7683892   7.3g   2880 R 100.0  59.5   1:46.73 mem.bash
14434 vladisl+  20   0 7708708   7.3g   2880 R  93.8  59.7   1:47.15 mem.bash
14434 vladisl+  20   0 7736296   7.4g   2880 R 100.0  59.9   1:47.57 mem.bash
14434 vladisl+  20   0 7768636   7.4g   2880 R 100.0  60.2   1:47.99 mem.bash
14434 vladisl+  20   0 7793056   7.4g   2880 R 100.0  60.4   1:48.41 mem.bash
14434 vladisl+  20   0 7827640   7.5g   2880 R 100.0  60.7   1:48.82 mem.bash
14434 vladisl+  20   0 7858660   7.5g   2880 R 100.0  60.9   1:49.24 mem.bash
14434 vladisl+  20   0 7885984   7.5g   2880 R 100.0  61.1   1:49.67 mem.bash
14434 vladisl+  20   0 7910008   7.5g   2880 R  93.8  61.3   1:50.10 mem.bash
14434 vladisl+  20   0 7929412   7.6g   2880 R  93.8  61.4   1:50.53 mem.bash
14434 vladisl+  20   0 7958848   7.6g   2880 R 100.0  61.7   1:50.95 mem.bash
14434 vladisl+  20   0 7987756   7.6g   2880 R  93.3  61.9   1:51.35 mem.bash
14434 vladisl+  20   0 8017588   7.6g   2880 R 100.0  62.1   1:51.77 mem.bash
14434 vladisl+  20   0 8040952   7.7g   2880 R 100.0  62.3   1:52.19 mem.bash
14434 vladisl+  20   0 8070916   7.7g   2880 R 100.0  62.5   1:52.62 mem.bash
14434 vladisl+  20   0 8103520   7.7g   2880 R 100.0  62.8   1:53.04 mem.bash
14434 vladisl+  20   0 8132824   7.8g   2880 R 100.0  63.0   1:53.46 mem.bash
14434 vladisl+  20   0 8157772   7.8g   2880 R 100.0  63.2   1:53.87 mem.bash
14434 vladisl+  20   0 8189320   7.8g   2880 R 100.0  63.5   1:54.29 mem.bash
14434 vladisl+  20   0 8220208   7.8g   2880 R  78.8  63.7   1:54.95 mem.bash
14434 vladisl+  20   0 8266144   7.9g   2880 R 100.0  64.1   1:55.57 mem.bash
14434 vladisl+  20   0 8299408   7.9g   2880 R 100.0  64.3   1:56.02 mem.bash
14434 vladisl+  20   0 8331616   7.9g   2880 R 100.0  64.6   1:56.44 mem.bash
14434 vladisl+  20   0 8364352   8.0g   2880 R 100.0  64.8   1:56.86 mem.bash
14434 vladisl+  20   0 8401048   8.0g   2880 R 100.0  65.1   1:57.28 mem.bash
14434 vladisl+  20   0 8427052   8.0g   2880 R 100.0  65.3   1:57.69 mem.bash
14434 vladisl+  20   0 8464408   8.1g   2880 R 100.0  65.6   1:58.23 mem.bash
14434 vladisl+  20   0 8516680   8.1g   2880 R 100.0  66.0   1:58.84 mem.bash
14434 vladisl+  20   0 8554564   8.2g   2880 R 100.0  66.3   1:59.30 mem.bash
14434 vladisl+  20   0 8591260   8.2g   2880 R  83.3  66.6   1:59.93 mem.bash
14434 vladisl+  20   0 8636668   8.2g   2880 R 100.0  66.9   2:00.48 mem.bash
14434 vladisl+  20   0 8671780   8.3g   2880 R 100.0  67.2   2:00.90 mem.bash
14434 vladisl+  20   0 8707156   8.3g   2880 R 100.0  67.5   2:01.32 mem.bash
14434 vladisl+  20   0 8758768   8.3g   2880 R 100.0  67.9   2:02.10 mem.bash
14434 vladisl+  20   0 8819092   8.4g   2880 R  95.5  68.3   2:03.06 mem.bash
14434 vladisl+  20   0 8883376   8.5g   2880 R 100.0  68.8   2:03.84 mem.bash
14434 vladisl+  20   0 8912548   8.5g   2880 R  93.8  69.1   2:04.26 mem.bash
14434 vladisl+  20   0 8943964   8.5g   2880 R 100.0  69.3   2:04.68 mem.bash
14434 vladisl+  20   0 8981056   8.6g   2880 R 100.0  69.6   2:05.10 mem.bash
14434 vladisl+  20   0 9008776   8.6g   2880 R 100.0  69.8   2:05.52 mem.bash
14434 vladisl+  20   0 9040588   8.6g   2880 R 100.0  70.1   2:05.94 mem.bash
14434 vladisl+  20   0 9071212   8.6g   2880 R 100.0  70.3   2:06.35 mem.bash
14434 vladisl+  20   0 9107776   8.7g   2880 R 100.0  70.6   2:06.77 mem.bash
14434 vladisl+  20   0 9144340   8.7g   2880 R 100.0  70.9   2:07.19 mem.bash
14434 vladisl+  20   0 9172720   8.7g   2880 R 100.0  71.1   2:07.61 mem.bash
14434 vladisl+  20   0 9202684   8.8g   2880 R 100.0  71.3   2:08.02 mem.bash
14434 vladisl+  20   0 9233176   8.8g   2880 R 100.0  71.5   2:08.44 mem.bash
14434 vladisl+  20   0 9265516   8.8g   2880 R 100.0  71.8   2:08.85 mem.bash
14434 vladisl+  20   0 9290332   8.9g   2880 R 100.0  72.0   2:09.27 mem.bash
14434 vladisl+  20   0 9316468   8.9g   2880 R 100.0  72.2   2:09.69 mem.bash
14434 vladisl+  20   0 9342736   8.9g   2880 R  93.8  72.4   2:10.11 mem.bash
14434 vladisl+  20   0 9368344   8.9g   2880 R 100.0  72.6   2:10.53 mem.bash
14434 vladisl+  20   0 9391708   9.0g   2880 R 100.0  72.8   2:10.94 mem.bash
14434 vladisl+  20   0 9415996   9.0g   2880 R 100.0  73.0   2:11.37 mem.bash
14434 vladisl+  20   0 9449920   9.0g   2880 R 100.0  73.2   2:11.78 mem.bash
14434 vladisl+  20   0 9481864   9.0g   2880 R 100.0  73.5   2:12.20 mem.bash
14434 vladisl+  20   0 9515128   9.1g   2880 R 100.0  73.7   2:12.62 mem.bash
14434 vladisl+  20   0 9547600   9.1g   2880 R 100.0  74.0   2:13.04 mem.bash
14434 vladisl+  20   0 9577960   9.1g   2880 R 100.0  74.2   2:13.46 mem.bash
14434 vladisl+  20   0 9612544   9.2g   2880 R 100.0  74.5   2:13.98 mem.bash
14434 vladisl+  20   0 9654652   9.2g   2880 R 100.0  74.8   2:14.54 mem.bash
14434 vladisl+  20   0 9707584   9.3g   2880 R 100.0  75.2   2:15.28 mem.bash
14434 vladisl+  20   0 9733060   9.3g   2880 R 100.0  75.4   2:15.78 mem.bash
14434 vladisl+  20   0 9773320   9.3g   2880 R  78.9  75.7   2:16.38 mem.bash
14434 vladisl+  20   0 9818860   9.4g   2880 R  75.0  76.1   2:16.95 mem.bash
14434 vladisl+  20   0 9840112   9.4g   2880 R  88.9  76.3   2:17.50 mem.bash
14434 vladisl+  20   0 9882616   9.4g   2880 R 100.0  76.6   2:18.22 mem.bash
14434 vladisl+  20   0 9920368   9.5g   2880 R  80.0  76.9   2:18.91 mem.bash
14434 vladisl+  20   0 9947428   9.5g   2880 R 100.0  77.1   2:19.67 mem.bash
14434 vladisl+  20   0 9976468   9.5g   2880 R  94.4  77.3   2:20.33 mem.bash
14434 vladisl+  20   0 9996796   9.5g   2880 R 100.0  77.5   2:20.84 mem.bash
14434 vladisl+  20   0 9784.5m   9.5g   2880 R 100.0  77.6   2:21.29 mem.bash
14434 vladisl+  20   0 9806.2m   9.6g   2880 R 100.0  77.8   2:21.71 mem.bash
14434 vladisl+  20   0 9832.9m   9.6g   2880 R  93.8  78.0   2:22.13 mem.bash
14434 vladisl+  20   0 9854.0m   9.6g   2880 R 100.0  78.2   2:22.55 mem.bash
14434 vladisl+  20   0 9881.3m   9.6g   2880 R 100.0  78.4   2:22.96 mem.bash
14434 vladisl+  20   0 9905.2m   9.7g   2880 R 100.0  78.6   2:23.38 mem.bash
14434 vladisl+  20   0 9928.8m   9.7g   2880 R  91.2  78.8   2:24.25 mem.bash
14434 vladisl+  20   0 9960.6m   9.7g   2880 R 100.0  79.0   2:24.98 mem.bash
14434 vladisl+  20   0 9990.4m   9.8g   2880 R 100.0  79.3   2:25.43 mem.bash
14434 vladisl+  20   0    9.8g   9.8g   2880 R 100.0  79.6   2:25.85 mem.bash
14434 vladisl+  20   0    9.8g   9.8g   2880 R 100.0  79.8   2:26.27 mem.bash
14434 vladisl+  20   0    9.9g   9.8g   2880 R 100.0  80.1   2:26.69 mem.bash
14434 vladisl+  20   0    9.9g   9.9g   2880 R 100.0  80.3   2:27.10 mem.bash
14434 vladisl+  20   0    9.9g   9.9g   2880 R 100.0  80.6   2:27.51 mem.bash
14434 vladisl+  20   0    9.9g   9.9g   2880 R 100.0  80.8   2:27.93 mem.bash
14434 vladisl+  20   0   10.0g  10.0g   2880 R  93.8  81.0   2:28.35 mem.bash
14434 vladisl+  20   0   10.0g  10.0g   2880 R 100.0  81.3   2:28.76 mem.bash
14434 vladisl+  20   0   10.0g  10.0g   2880 R 100.0  81.6   2:29.33 mem.bash
14434 vladisl+  20   0   10.1g  10.0g   2880 R 100.0  81.7   2:29.83 mem.bash
14434 vladisl+  20   0   10.1g  10.1g   2880 R 100.0  82.0   2:30.36 mem.bash
14434 vladisl+  20   0   10.1g  10.1g   2880 R  62.5  82.1   2:30.73 mem.bash
14434 vladisl+  20   0   10.1g  10.1g   2880 R 100.0  82.3   2:31.32 mem.bash
14434 vladisl+  20   0   10.2g  10.2g   2880 R 100.0  82.6   2:31.89 mem.bash
14434 vladisl+  20   0   10.2g  10.2g   2880 R  71.4  82.8   2:32.39 mem.bash
14434 vladisl+  20   0   10.2g  10.2g   2880 R 100.0  83.1   2:32.91 mem.bash
14434 vladisl+  20   0   10.3g  10.2g   2880 R 100.0  83.3   2:33.33 mem.bash
14434 vladisl+  20   0   10.3g  10.3g   2880 R  93.8  83.5   2:33.75 mem.bash
14434 vladisl+  20   0   10.3g  10.3g   2880 R 100.0  83.8   2:34.16 mem.bash
14434 vladisl+  20   0   10.3g  10.3g   2880 R 100.0  84.0   2:34.57 mem.bash
14434 vladisl+  20   0   10.4g  10.4g   2880 R 100.0  84.2   2:34.99 mem.bash
14434 vladisl+  20   0   10.4g  10.4g   2880 R 100.0  84.4   2:35.41 mem.bash
14434 vladisl+  20   0   10.4g  10.4g   2880 R 100.0  84.6   2:35.82 mem.bash
14434 vladisl+  20   0   10.4g  10.4g   2880 R 100.0  84.8   2:36.24 mem.bash
14434 vladisl+  20   0   10.5g  10.5g   2880 R 100.0  85.0   2:36.66 mem.bash
14434 vladisl+  20   0   10.5g  10.5g   2880 R  86.7  85.2   2:37.17 mem.bash
14434 vladisl+  20   0   10.5g  10.5g   2880 R 100.0  85.5   2:37.80 mem.bash
14434 vladisl+  20   0   10.6g  10.6g   2880 R 100.0  85.8   2:38.33 mem.bash
14434 vladisl+  20   0   10.6g  10.6g   2880 R 100.0  86.1   2:38.84 mem.bash
14434 vladisl+  20   0   10.6g  10.6g   2880 R  93.8  86.3   2:39.26 mem.bash
14434 vladisl+  20   0   10.6g  10.6g   2880 R 100.0  86.5   2:39.69 mem.bash
14434 vladisl+  20   0   10.6g  10.6g   2880 R  93.8  86.5   2:40.14 mem.bash
14434 vladisl+  20   0   10.7g  10.6g   2880 R 100.0  86.6   2:40.65 mem.bash
14434 vladisl+  20   0   10.7g  10.7g   2880 R  93.3  86.6   2:41.10 mem.bash
14434 vladisl+  20   0   10.7g  10.7g   2880 R  93.8  86.7   2:41.55 mem.bash
14434 vladisl+  20   0   10.7g  10.7g   2880 R 100.0  86.7   2:41.98 mem.bash
14434 vladisl+  20   0   10.7g  10.7g   2880 R 100.0  86.7   2:42.39 mem.bash
14434 vladisl+  20   0   10.7g  10.7g   2880 R  93.3  86.8   2:43.87 mem.bash
14434 vladisl+  20   0   10.7g  10.7g   2880 R 100.0  86.9   2:44.29 mem.bash
14434 vladisl+  20   0   10.7g  10.7g   2880 R  93.3  86.9   2:44.75 mem.bash
14434 vladisl+  20   0   10.7g  10.7g   2880 R 100.0  86.9   2:45.19 mem.bash
14434 vladisl+  20   0   10.7g  10.7g   2880 R  87.5  87.0   2:45.63 mem.bash
14434 vladisl+  20   0   10.7g  10.7g   2880 R 100.0  87.0   2:46.07 mem.bash
14434 vladisl+  20   0   10.7g  10.7g   2880 R 100.0  87.1   2:46.49 mem.bash
14434 vladisl+  20   0   10.7g  10.7g   2880 R 100.0  87.1   2:46.93 mem.bash
14434 vladisl+  20   0   10.7g  10.7g   2880 R 100.0  87.1   2:47.37 mem.bash
14434 vladisl+  20   0   10.7g  10.7g   2880 R 100.0  87.2   2:47.79 mem.bash
14434 vladisl+  20   0   10.7g  10.7g   2880 R 100.0  87.2   2:48.23 mem.bash
14434 vladisl+  20   0   10.7g  10.7g   2880 R 100.0  87.3   2:48.66 mem.bash
14434 vladisl+  20   0   10.7g  10.7g   2880 R 100.0  87.3   2:49.10 mem.bash
14434 vladisl+  20   0   10.7g  10.7g   2880 R  93.8  87.3   2:49.56 mem.bash
14434 vladisl+  20   0   10.8g  10.7g   2880 R 100.0  87.4   2:49.97 mem.bash
14434 vladisl+  20   0   10.8g  10.8g   2880 R  93.3  87.4   2:50.40 mem.bash
14434 vladisl+  20   0   10.8g  10.8g   2880 R 100.0  87.5   2:50.87 mem.bash
14434 vladisl+  20   0   10.8g  10.8g   2880 R 100.0  87.5   2:51.32 mem.bash
14434 vladisl+  20   0   10.8g  10.8g   2880 R 100.0  87.5   2:51.73 mem.bash
14434 vladisl+  20   0   10.8g  10.8g   2880 R 100.0  87.6   2:52.17 mem.bash
14434 vladisl+  20   0   10.8g  10.8g   2880 R 100.0  87.7   2:52.60 mem.bash
14434 vladisl+  20   0   10.8g  10.8g   2880 R 100.0  87.7   2:53.03 mem.bash
14434 vladisl+  20   0   10.8g  10.8g   2880 R 100.0  87.8   2:53.44 mem.bash
14434 vladisl+  20   0   10.8g  10.8g   2880 R 100.0  87.8   2:53.88 mem.bash
14434 vladisl+  20   0   10.8g  10.8g   2880 R  93.3  87.9   2:54.29 mem.bash
14434 vladisl+  20   0   10.8g  10.8g   2880 R 100.0  88.0   2:54.71 mem.bash
14434 vladisl+  20   0   10.8g  10.8g   2880 R 100.0  88.1   2:55.14 mem.bash
14434 vladisl+  20   0   10.9g  10.9g   2880 R  93.8  88.2   2:55.56 mem.bash
14434 vladisl+  20   0   10.9g  10.9g   2880 R 100.0  88.4   2:55.96 mem.bash
14434 vladisl+  20   0   10.9g  10.9g   2880 R 100.0  88.5   2:56.39 mem.bash
14434 vladisl+  20   0   10.9g  10.9g   2880 R 100.0  88.6   2:56.81 mem.bash
14434 vladisl+  20   0   10.9g  10.9g   2880 R 100.0  88.7   2:57.22 mem.bash
14434 vladisl+  20   0   10.9g  10.9g   2880 R  93.8  88.8   2:57.64 mem.bash
14434 vladisl+  20   0   10.9g  10.9g   2880 R 100.0  88.9   2:58.06 mem.bash
14434 vladisl+  20   0   11.0g  10.9g   2880 R 100.0  89.0   2:58.48 mem.bash
14434 vladisl+  20   0   11.0g  11.0g   2880 R 100.0  89.1   2:58.91 mem.bash
14434 vladisl+  20   0   11.0g  11.0g   2880 R 100.0  89.2   2:59.34 mem.bash
14434 vladisl+  20   0   11.0g  11.0g   2880 R 100.0  89.3   2:59.76 mem.bash
14434 vladisl+  20   0   11.0g  11.0g   2880 R  93.8  89.4   3:00.18 mem.bash
14434 vladisl+  20   0   11.0g  11.0g   2880 R 100.0  89.4   3:00.61 mem.bash
14434 vladisl+  20   0   11.0g  11.0g   2880 R  93.3  89.5   3:01.03 mem.bash
14434 vladisl+  20   0   11.0g  11.0g   2880 R 100.0  89.6   3:01.46 mem.bash
14434 vladisl+  20   0   11.0g  11.0g   2880 R 100.0  89.6   3:01.89 mem.bash
14434 vladisl+  20   0   11.0g  11.0g   2880 R  93.3  89.7   3:02.30 mem.bash
14434 vladisl+  20   0   11.1g  11.0g   2880 R  93.8  89.8   3:02.73 mem.bash
14434 vladisl+  20   0   11.1g  11.1g   2880 R 100.0  89.9   3:03.15 mem.bash
14434 vladisl+  20   0   11.1g  11.1g   2880 R 100.0  90.0   3:03.60 mem.bash
14434 vladisl+  20   0   11.1g  11.1g   2880 R  93.3  90.1   3:04.01 mem.bash
14434 vladisl+  20   0   11.1g  11.1g   2880 R 100.0  90.2   3:04.43 mem.bash
14434 vladisl+  20   0   11.1g  11.1g   2880 R 100.0  90.2   3:04.86 mem.bash
14434 vladisl+  20   0   11.1g  11.1g   2880 R  93.8  90.4   3:05.29 mem.bash
14434 vladisl+  20   0   11.1g  11.1g   2880 R 100.0  90.5   3:05.69 mem.bash
14434 vladisl+  20   0   11.1g  11.1g   2880 R 100.0  90.6   3:06.12 mem.bash
14434 vladisl+  20   0   11.2g  11.2g   2880 R 100.0  90.7   3:06.54 mem.bash
14434 vladisl+  20   0   11.2g  11.2g   2880 R 100.0  90.8   3:06.98 mem.bash
14434 vladisl+  20   0   11.2g  11.2g   2880 R  87.5  90.8   3:07.39 mem.bash
14434 vladisl+  20   0   11.2g  11.2g   2880 R 100.0  90.9   3:07.81 mem.bash
14434 vladisl+  20   0   11.2g  11.2g   2880 R 100.0  91.0   3:08.23 mem.bash
14434 vladisl+  20   0   11.2g  11.2g   2880 R 100.0  91.1   3:08.68 mem.bash
14434 vladisl+  20   0   11.2g  11.2g   2880 R 100.0  91.1   3:09.09 mem.bash
14434 vladisl+  20   0   11.2g  11.2g   2880 R 100.0  91.2   3:09.52 mem.bash
14434 vladisl+  20   0   11.2g  11.2g   2880 R 100.0  91.3   3:09.94 mem.bash
14434 vladisl+  20   0   11.2g  11.2g   2880 R 100.0  91.4   3:10.37 mem.bash
14434 vladisl+  20   0   11.3g  11.3g   2880 R 100.0  91.5   3:10.79 mem.bash
14434 vladisl+  20   0   11.3g  11.3g   2880 R 100.0  91.5   3:11.21 mem.bash
14434 vladisl+  20   0   11.3g  11.3g   2880 R 100.0  91.6   3:11.64 mem.bash
14434 vladisl+  20   0   11.3g  11.3g   2880 R  87.5  91.7   3:12.06 mem.bash
14434 vladisl+  20   0   11.3g  11.3g   2880 R  93.8  91.8   3:12.49 mem.bash
14434 vladisl+  20   0   11.3g  11.3g   2880 R 100.0  91.9   3:12.91 mem.bash
14434 vladisl+  20   0   11.3g  11.3g   2880 R 100.0  92.0   3:13.33 mem.bash
14434 vladisl+  20   0   11.3g  11.3g   2880 R  70.6  92.0   3:13.73 mem.bash
14434 vladisl+  20   0   11.3g  11.3g   2880 R 100.0  92.0   3:14.49 mem.bash
14434 vladisl+  20   0   11.3g  11.3g   2880 R  55.0  92.0   3:15.47 mem.bash
14434 vladisl+  20   0   11.3g  11.3g   2880 R  86.7  92.0   3:16.17 mem.bash
14434 vladisl+  20   0   11.3g  11.3g   2880 R 100.0  92.0   3:17.07 mem.bash
14434 vladisl+  20   0   11.3g  11.3g   2880 R 100.0  92.0   3:17.96 mem.bash
14434 vladisl+  20   0   11.3g  11.3g   2880 R  41.4  92.0   3:18.59 mem.bash
14434 vladisl+  20   0   11.3g  11.3g   2880 R  58.3  92.1   3:20.00 mem.bash
14434 vladisl+  20   0   11.3g  11.3g   2880 R 100.0  92.1   3:20.43 mem.bash
14434 vladisl+  20   0   11.3g  11.3g   2880 R 100.0  92.2   3:20.85 mem.bash
14434 vladisl+  20   0   11.4g  11.3g   2880 R  93.3  92.3   3:21.27 mem.bash
14434 vladisl+  20   0   11.4g  11.4g   2880 R 100.0  92.3   3:21.71 mem.bash
14434 vladisl+  20   0   11.4g  11.4g   2880 R 100.0  92.4   3:22.13 mem.bash
14434 vladisl+  20   0   11.4g  11.4g   2880 R 100.0  92.4   3:22.56 mem.bash
14434 vladisl+  20   0   11.4g  11.4g   2880 R 100.0  92.5   3:22.98 mem.bash
14434 vladisl+  20   0   11.4g  11.4g   2880 R 100.0  92.6   3:23.41 mem.bash
14434 vladisl+  20   0   11.4g  11.4g   2880 R 100.0  92.6   3:23.83 mem.bash
14434 vladisl+  20   0   11.4g  11.4g   2880 R 100.0  92.7   3:24.25 mem.bash
14434 vladisl+  20   0   11.4g  11.4g   2880 R 100.0  92.8   3:24.67 mem.bash
14434 vladisl+  20   0   11.4g  11.4g   2880 R  93.8  92.8   3:25.10 mem.bash
14434 vladisl+  20   0   11.4g  11.4g   2880 R 100.0  92.9   3:25.52 mem.bash
14434 vladisl+  20   0   11.4g  11.4g   2880 R 100.0  93.0   3:25.95 mem.bash
14434 vladisl+  20   0   11.4g  11.4g   2880 R 100.0  93.0   3:26.38 mem.bash
14434 vladisl+  20   0   11.5g  11.4g   2880 R 100.0  93.1   3:26.80 mem.bash
14434 vladisl+  20   0   11.5g  11.5g   2880 R 100.0  93.2   3:27.23 mem.bash
14434 vladisl+  20   0   11.5g  11.5g   2880 R  93.3  93.2   3:27.64 mem.bash
14434 vladisl+  20   0   11.5g  11.5g   2880 R 100.0  93.3   3:28.06 mem.bash
14434 vladisl+  20   0   11.5g  11.5g   2880 R  93.8  93.4   3:28.50 mem.bash
14434 vladisl+  20   0   11.5g  11.5g   2880 R 100.0  93.5   3:28.92 mem.bash
14434 vladisl+  20   0   11.5g  11.5g   2880 R 100.0  93.5   3:29.34 mem.bash
14434 vladisl+  20   0   11.5g  11.5g   2880 R 100.0  93.6   3:29.77 mem.bash
14434 vladisl+  20   0   11.5g  11.5g   2880 R  93.8  93.7   3:30.20 mem.bash
14434 vladisl+  20   0   11.5g  11.5g   2880 R  93.8  93.8   3:30.64 mem.bash
14434 vladisl+  20   0   11.5g  11.5g   2880 R 100.0  93.8   3:31.07 mem.bash
14434 vladisl+  20   0   11.6g  11.5g   2880 R 100.0  93.9   3:31.48 mem.bash
14434 vladisl+  20   0   11.6g  11.6g   2880 R  93.3  94.0   3:31.90 mem.bash
14434 vladisl+  20   0   11.6g  11.6g   2880 R 100.0  94.0   3:32.32 mem.bash
14434 vladisl+  20   0   11.6g  11.6g   2880 R 100.0  94.1   3:32.74 mem.bash
14434 vladisl+  20   0   11.6g  11.6g   2880 R 100.0  94.2   3:33.16 mem.bash
14434 vladisl+  20   0   11.6g  11.6g   2880 R 100.0  94.2   3:33.58 mem.bash
14434 vladisl+  20   0   11.6g  11.6g   2880 R 100.0  94.3   3:34.00 mem.bash
14434 vladisl+  20   0   11.6g  11.6g   2880 R 100.0  94.5   3:34.42 mem.bash
14434 vladisl+  20   0   11.6g  11.6g   2880 R 100.0  94.6   3:34.84 mem.bash
14434 vladisl+  20   0   11.7g  11.6g   2880 R 100.0  94.7   3:35.25 mem.bash
14434 vladisl+  20   0   11.7g  11.7g   2880 R 100.0  94.8   3:35.67 mem.bash
14434 vladisl+  20   0   11.7g  11.7g   2880 R 100.0  94.8   3:36.09 mem.bash
14434 vladisl+  20   0   11.7g  11.7g   2880 R 100.0  94.9   3:36.52 mem.bash
14434 vladisl+  20   0   11.7g  11.7g   2880 R  93.3  95.0   3:36.94 mem.bash
14434 vladisl+  20   0   11.7g  11.7g   2880 R 100.0  95.0   3:37.39 mem.bash
14434 vladisl+  20   0   11.7g  11.7g   2880 R 100.0  95.1   3:37.81 mem.bash
14434 vladisl+  20   0   11.7g  11.7g   2880 R 100.0  95.2   3:38.23 mem.bash
14434 vladisl+  20   0   11.7g  11.7g   2880 R 100.0  95.2   3:38.66 mem.bash
14434 vladisl+  20   0   11.7g  11.7g   2880 R 100.0  95.3   3:39.07 mem.bash
14434 vladisl+  20   0   11.7g  11.7g   2880 R 100.0  95.4   3:39.49 mem.bash
14434 vladisl+  20   0   11.7g  11.7g   2880 R  93.8  95.5   3:39.92 mem.bash
14434 vladisl+  20   0   11.8g  11.7g   2880 R  93.3  95.5   3:40.34 mem.bash
14434 vladisl+  20   0   11.8g  11.8g   2880 R 100.0  95.6   3:40.78 mem.bash
14434 vladisl+  20   0   11.8g  11.8g   2880 R 100.0  95.6   3:41.21 mem.bash
14434 vladisl+  20   0   11.8g  11.8g   2880 R  93.3  95.7   3:41.63 mem.bash
14434 vladisl+  20   0   11.8g  11.8g   2880 R 100.0  95.8   3:42.06 mem.bash
14434 vladisl+  20   0   11.8g  11.8g   2880 R 100.0  95.8   3:42.48 mem.bash
14434 vladisl+  20   0   11.8g  11.8g   2880 D 100.0  95.9   3:42.91 mem.bash
14434 vladisl+  20   0   11.8g  11.8g   2880 R 100.0  95.9   3:43.33 mem.bash
14434 vladisl+  20   0   11.8g  11.8g   2880 R 100.0  96.0   3:43.76 mem.bash
14434 vladisl+  20   0   11.8g  11.8g   2880 R  93.8  96.1   3:44.20 mem.bash
14434 vladisl+  20   0   11.8g  11.8g   2880 R  87.5  96.2   3:44.71 mem.bash
14434 vladisl+  20   0   11.8g  11.8g   2872 R 100.0  96.2   3:45.15 mem.bash
14434 vladisl+  20   0   11.9g  11.8g   2836 R 100.0  96.3   3:45.57 mem.bash
14434 vladisl+  20   0   11.9g  11.9g   2692 R 100.0  96.4   3:46.04 mem.bash
14434 vladisl+  20   0   11.9g  11.9g   2692 R 100.0  96.4   3:46.46 mem.bash
14434 vladisl+  20   0   12.0g  11.8g   2688 R 100.0  96.1   3:50.98 mem.bash
14434 vladisl+  20   0   12.0g  11.8g   2688 R 100.0  96.2   3:51.40 mem.bash
14434 vladisl+  20   0   12.2g  11.7g   2688 D   0.0  94.8   3:54.02 mem.bash
14434 vladisl+  20   0   12.2g  11.7g   2688 R 100.0  94.9   3:54.54 mem.bash
14434 vladisl+  20   0   12.2g  11.7g   2688 R 100.0  95.0   3:54.97 mem.bash
14434 vladisl+  20   0   12.2g  11.7g   2688 R 100.0  95.1   3:55.39 mem.bash
14434 vladisl+  20   0   12.2g  11.7g   2688 R 100.0  95.2   3:55.82 mem.bash
14434 vladisl+  20   0   12.2g  11.7g   2688 R  93.8  95.3   3:56.25 mem.bash
14434 vladisl+  20   0   12.2g  11.7g   2688 R 100.0  95.5   3:56.67 mem.bash
14434 vladisl+  20   0   12.3g  11.8g   2688 R 100.0  95.6   3:57.09 mem.bash
14434 vladisl+  20   0   12.3g  11.8g   2688 R 100.0  95.8   3:57.55 mem.bash
14434 vladisl+  20   0   12.3g  11.8g   2688 R 100.0  95.9   3:57.97 mem.bash
14434 vladisl+  20   0   12.3g  11.8g   2688 R 100.0  96.0   3:58.39 mem.bash
14434 vladisl+  20   0   12.3g  11.8g   2688 R  80.0  95.9   3:58.81 mem.bash
14434 vladisl+  20   0   12.4g  11.7g   2688 R 100.0  95.0   3:59.73 mem.bash
14434 vladisl+  20   0   12.4g  11.7g   2688 R 100.0  95.2   4:00.15 mem.bash
14434 vladisl+  20   0   12.4g  11.7g   2688 R 100.0  95.3   4:00.56 mem.bash
14434 vladisl+  20   0   12.4g  11.8g   2688 R 100.0  95.6   4:01.28 mem.bash
14434 vladisl+  20   0   12.5g  11.8g   2688 R 100.0  95.8   4:01.70 mem.bash
14434 vladisl+  20   0   12.7g  11.7g   2688 R 100.0  95.1   4:06.73 mem.bash
14434 vladisl+  20   0   12.8g  11.8g   2688 R 100.0  95.7   4:08.24 mem.bash
14434 vladisl+  20   0   12.8g  11.8g   2688 R 100.0  95.9   4:08.66 mem.bash
14434 vladisl+  20   0   12.9g  11.7g   2688 R 100.0  95.5   4:09.30 mem.bash
14434 vladisl+  20   0   13.4g  11.8g   2688 R 100.0  95.8   4:21.38 mem.bash
14434 vladisl+  20   0   13.5g  11.8g   2688 R 100.0  96.1   4:22.10 mem.bash
14434 vladisl+  20   0   13.5g  11.7g   2688 D  73.3  94.9   4:22.53 mem.bash
14434 vladisl+  20   0   13.5g  11.6g   2688 R 100.0  94.2   4:23.22 mem.bash
14434 vladisl+  20   0   13.6g  11.5g   2688 R 100.0  93.4   4:23.75 mem.bash
14434 vladisl+  20   0   13.6g  11.5g   2688 R 100.0  93.5   4:24.05 mem.bash
14434 vladisl+  20   0   13.6g  11.5g   2688 R  65.2  93.7   4:24.54 mem.bash
14434 vladisl+  20   0   13.7g  11.6g   2688 R  71.4  94.1   4:25.37 mem.bash
14434 vladisl+  20   0   13.7g  11.6g   2688 R  57.1  94.4   4:25.92 mem.bash
14434 vladisl+  20   0   13.8g  11.7g   2688 R 100.0  94.9   4:26.78 mem.bash
14434 vladisl+  20   0   13.8g  11.7g   2688 R 100.0  95.0   4:27.33 mem.bash
14434 vladisl+  20   0   13.8g  11.7g   2688 R 100.0  95.1   4:27.75 mem.bash
14434 vladisl+  20   0   13.8g  11.7g   2688 R 100.0  95.2   4:28.17 mem.bash
14434 vladisl+  20   0   13.8g  11.7g   2688 R 100.0  95.4   4:28.59 mem.bash
14434 vladisl+  20   0   13.8g  11.7g   2688 R  93.8  95.5   4:29.03 mem.bash
14434 vladisl+  20   0   13.9g  11.8g   2688 R  80.0  95.7   4:29.65 mem.bash
14434 vladisl+  20   0   13.9g  11.8g   2688 R 100.0  96.0   4:30.13 mem.bash
14434 vladisl+  20   0   13.9g  11.7g   2688 R  44.1  95.4   4:30.73 mem.bash
14434 vladisl+  20   0   14.0g  11.7g   2688 R 100.0  94.9   4:31.57 mem.bash
14434 vladisl+  20   0   14.0g  11.7g   2688 R 100.0  95.1   4:31.99 mem.bash
14434 vladisl+  20   0   14.0g  11.7g   2688 R 100.0  95.3   4:32.40 mem.bash
14434 vladisl+  20   0   14.0g  11.7g   2688 R 100.0  95.5   4:32.96 mem.bash
14434 vladisl+  20   0   14.0g  11.8g   2688 R 100.0  95.7   4:33.37 mem.bash
14434 vladisl+  20   0   14.1g  11.8g   2688 R 100.0  95.9   4:33.79 mem.bash
14434 vladisl+  20   0   14.1g  11.8g   2688 R 100.0  96.0   4:34.21 mem.bash
14434 vladisl+  20   0   14.1g  11.8g   2688 R 100.0  96.1   4:34.65 mem.bash
14434 vladisl+  20   0   14.1g  11.7g   2688 R  93.3  95.3   4:35.05 mem.bash
14434 vladisl+  20   0   14.1g  11.7g   2688 R 100.0  95.0   4:35.59 mem.bash
14434 vladisl+  20   0   14.1g  11.5g   2688 R  37.8  93.9   4:36.33 mem.bash
14434 vladisl+  20   0   14.2g  11.6g   2688 R 100.0  94.1   4:37.11 mem.bash
14434 vladisl+  20   0   14.2g  11.6g   2688 R 100.0  94.2   4:37.53 mem.bash
14434 vladisl+  20   0   14.2g  11.5g   2688 R  71.4  93.7   4:38.13 mem.bash
14434 vladisl+  20   0   14.2g  11.5g   2688 D  40.0  93.1   4:38.37 mem.bash
14434 vladisl+  20   0   14.3g  11.5g   2688 R 100.0  93.9   4:40.85 mem.bash
14434 vladisl+  20   0   14.4g  11.6g   2688 R 100.0  94.1   4:41.36 mem.bash
14434 vladisl+  20   0   14.4g  11.6g   2688 R  93.3  94.3   4:41.86 mem.bash
14434 vladisl+  20   0   14.4g  11.6g   2688 R 100.0  94.5   4:42.37 mem.bash
14434 vladisl+  20   0   14.5g  11.6g   2688 R 100.0  94.7   4:42.78 mem.bash
14434 vladisl+  20   0   14.5g  11.7g   2688 R  33.3  95.1   4:43.61 mem.bash
14434 vladisl+  20   0   14.5g  11.7g   2688 R  57.7  95.3   4:44.13 mem.bash
14434 vladisl+  20   0   14.6g  11.7g   2688 R  93.8  95.4   4:44.68 mem.bash
14434 vladisl+  20   0   14.6g  11.6g   2688 R  62.5  94.2   4:45.74 mem.bash
14434 vladisl+  20   0   14.6g  11.6g   2688 R 100.0  94.5   4:46.30 mem.bash
14434 vladisl+  20   0   14.7g  11.6g   2688 R  73.3  94.7   4:47.03 mem.bash
14434 vladisl+  20   0   14.7g  11.6g   2688 R 100.0  94.7   4:47.60 mem.bash
14434 vladisl+  20   0   14.7g  11.7g   2688 R  93.3  94.9   4:48.01 mem.bash
14434 vladisl+  20   0   14.7g  11.7g   2688 R  71.4  95.1   4:48.48 mem.bash
14434 vladisl+  20   0   14.7g  11.7g   2688 R 100.0  95.3   4:48.92 mem.bash
14434 vladisl+  20   0   14.8g  11.7g   2688 R 100.0  95.5   4:49.46 mem.bash
14434 vladisl+  20   0   14.8g  11.8g   2688 R 100.0  95.6   4:49.90 mem.bash
14434 vladisl+  20   0   14.8g  11.8g   2688 R 100.0  95.8   4:50.31 mem.bash
14434 vladisl+  20   0   14.8g  11.8g   2688 R 100.0  96.0   4:50.72 mem.bash
14434 vladisl+  20   0   14.8g  11.7g   2688 R 100.0  94.9   4:51.13 mem.bash
14434 vladisl+  20   0   14.9g  11.7g   2688 R 100.0  95.0   4:51.70 mem.bash
14434 vladisl+  20   0   14.9g  11.7g   2688 R  93.3  95.1   4:52.26 mem.bash
14434 vladisl+  20   0   14.9g  11.7g   2688 R  80.0  95.3   4:52.84 mem.bash
14434 vladisl+  20   0   14.9g  11.7g   2688 R  68.2  95.5   4:53.55 mem.bash
14434 vladisl+  20   0   14.9g  11.8g   2688 R 100.0  95.7   4:54.01 mem.bash
14434 vladisl+  20   0   15.0g  11.8g   2688 R 100.0  95.8   4:54.43 mem.bash
14434 vladisl+  20   0   15.0g  11.8g   2688 R  93.3  95.9   4:54.84 mem.bash
14434 vladisl+  20   0   15.0g  11.8g   2688 R 100.0  95.9   4:55.26 mem.bash
14434 vladisl+  20   0   15.0g  11.8g   2688 R 100.0  95.9   4:55.69 mem.bash
14434 vladisl+  20   0   15.0g  11.8g   2688 R  81.2  95.8   4:56.09 mem.bash
14434 vladisl+  20   0   15.1g  11.8g   2688 R 100.0  95.9   4:56.71 mem.bash
14434 vladisl+  20   0   15.1g  11.8g   2688 R  93.3  96.0   4:57.12 mem.bash
14434 vladisl+  20   0   15.1g  11.8g   2688 R  78.9  95.8   4:57.85 mem.bash
14434 vladisl+  20   0   15.1g  11.8g   2688 R 100.0  96.0   4:58.27 mem.bash
14434 vladisl+  20   0   15.1g  11.8g   2688 R 100.0  96.0   4:58.82 mem.bash
14434 vladisl+  20   0   15.2g  11.8g   2688 R  63.2  95.8   4:59.25 mem.bash
14434 vladisl+  20   0   15.2g  11.8g   2688 R  93.8  95.8   4:59.72 mem.bash
14434 vladisl+  20   0   15.2g  11.8g   2688 R  20.0  95.6   5:00.02 mem.bash
14434 vladisl+  20   0   15.2g  11.8g   2688 R 100.0  95.6   5:00.56 mem.bash
14434 vladisl+  20   0   15.2g  11.8g   2688 R 100.0  95.8   5:00.98 mem.bash
14434 vladisl+  20   0   15.3g  11.8g   2688 R 100.0  95.7   5:01.40 mem.bash
14434 vladisl+  20   0   15.3g  11.7g   2688 R 100.0  95.4   5:01.97 mem.bash
14434 vladisl+  20   0   15.3g  11.7g   2688 R 100.0  95.4   5:02.53 mem.bash
14434 vladisl+  20   0   15.3g  11.8g   2688 R 100.0  95.6   5:02.95 mem.bash
14434 vladisl+  20   0   15.3g  11.8g   2688 R 100.0  95.7   5:03.37 mem.bash
14434 vladisl+  20   0   15.3g  11.8g   2688 R 100.0  95.9   5:03.78 mem.bash
14434 vladisl+  20   0   15.4g  11.8g   2688 R 100.0  95.8   5:04.20 mem.bash
14434 vladisl+  20   0   15.4g  11.8g   2688 R 100.0  95.7   5:04.61 mem.bash
14434 vladisl+  20   0   15.4g  11.8g   2688 R 100.0  95.8   5:05.11 mem.bash
14434 vladisl+  20   0   15.4g  11.8g   2688 R 100.0  96.0   5:05.54 mem.bash
14434 vladisl+  20   0   15.4g  11.8g   2688 R 100.0  96.2   5:05.98 mem.bash
14434 vladisl+  20   0   15.5g  11.9g   2004 R 100.0  96.4   5:06.43 mem.bash
14434 vladisl+  20   0   15.5g  11.9g   1248 R  68.8  96.6   5:06.90 mem.bash
14434 vladisl+  20   0   15.5g  11.9g      0 D   5.4  96.7   5:08.07 mem.bash
14434 vladisl+  20   0   15.5g  11.9g      0 R   5.0  96.7   5:11.49 mem.bash
