11298748
11268012
11236528
11205760
11176804
11142492
11106212
11067420
11029872
10991072
10953028
10918984
10880688
10845416
10818704
10784920
10749624
10714628
10678560
10645052
10611796
10580060
10548048
10511232
10476236
10440192
10402644
10365584
10328800
10294292
10258240
10220676
10185664
10148864
10112324
10075296
10044544
10010508
9974236
9937956
9902676
9866120
9831108
9807924
9777180
9753232
9716660
9679412
9641084
9602772
9563988
9526180
9491160
9452336
9414048
9375972
9337456
9299908
9261336
9225056
9209660
9181964
9149432
9114160
9077872
9048884
9021668
8985648
8946564
8908016
8869712
8833180
8794624
8756532
8717748
8678460
8641668
8603608
8568588
8548420
8527520
8493776
8457716
8419112
8380036
8341756
8312792
8277748
8239240
8202424
8164616
8138952
8107916
8076936
8056280
8026536
7992776
7955960
7918160
7879888
7843852
7814092
7777804
7743532
7706748
7674484
7644748
7613508
7580212
7556028
7529844
7504116
7473144
7442384
7415680
7388480
7366540
7344600
7310848
7277080
7249100
7225160
7204504
7173988
7141748
7110224
7073440
7038948
7002392
6969104
6938172
6904380
6880700
6852468
6828024
6793736
6763260
6732256
6698496
6666468
6635984
6603736
6574212
6538160
6510952
6478712
6444204
6420484
6397056
6367620
6334592
6299304
6265544
6234288
6210032
6175940
6144332
6105044
6081348
6050596
6024884
5990368
5961632
5933920
5910752
5885780
5855296
5828348
5806392
5786492
5756260
5726800
5700064
5673368
5642340
5616164
5589680
5561456
5530216
5505008
5486888
5457892
5427148
5403704
5365384
5296856
5246700
5192552
5133592
5050148
4983408
4902760
4850084
4817332
4786068
4747504
4722296
4701640
4672416
4647452
4617716
4587224
4567340
4543140
4513436
4484172
4456956
4426968
4394712
4366732
4335484
4302984
4271996
4241000
4209980
4181756
4152288
4120008
4094548
4064852
4034336
4012956
4003796
3992328
3975644
3958428
3955440
3949364
3934552
3923212
3908092
3893916
3879544
3858692
3843572
3824560
3808560
3795384
3779524
3760820
3741620
3709840
3675612
3648720
3619448
3593044
3565836
3535524
3506836
3477612
3443656
3417960
3388356
3371560
3343280
3315608
3282872
3259916
3233936
3201468
3170180
3143576
3115028
3085580
3045016
3003552
2971676
2940648
2903752
2873780
2838280
2801204
2750664
2715132
2673804
2631388
2595880
2546780
2509224
2417952
2388264
2356976
2322412
2292156
2259940
2230260
2195680
2158896
2127388
2099180
2068224
2034952
2008468
1981448
1954596
1932168
1907108
1882096
1853936
1818972
1784472
1752972
1720936
1688232
1646888
1592044
1561104
1538440
1489008
1457304
1432900
1383572
1345824
1328592
1298568
1276660
1254288
1231048
1203872
1180452
1151984
1127584
1104104
1071012
1034772
1001948
968284
935996
904512
875884
845308
814720
779496
753436
721796
696076
674868
642928
615844
572612
547916
520408
489908
460164
430460
401580
375536
349896
327484
303492
273504
235460
196288
160112
150008
150000
143448
148764
148756
145212
139936
134588
138228
150872
148028
145100
140288
135240
147100
142076
135492
146084
142036
138288
145848
140848
174820
242844
237764
233000
227732
220976
213880
206824
198248
187396
174836
163700
147368
149132
135004
141296
148384
133468
136264
140792
146312
136996
139516
147068
138752
149888
142036
151132
140044
147588
134004
143540
150352
141044
148320
134736
139540
143556
149856
138516
146344
135500
143312
150108
143296
133492
141296
148596
139280
149612
140288
148620
137476
143840
151164
140792
140352
139028
138572
137280
136532
136800
136352
147172
138092
149212
140612
150936
143108
134524
145880
137296
147132
139816
148936
140352
149644
140848
150684
143620
151456
140580
149164
141368
149652
141620
149700
140872
149724
141660
150740
142644
151684
144448
174420
164688
151096
134172
140852
147144
150656
144640
134016
156900
148916
138844
148972
138120
149012
138940
148768
140932
150044
142320
149392
145780
136944
144764
145228
139220
145740
144480
145016
144260
143984
218424
146892
138968
148628
145092
144856
146344
151416
137060
145124
147132
145100
147888
128728
202384
180728
159616
141508
143452
118760
135872
143156
142928
145352
138028
123236
122192
137432
141900
137428
141300
142548
141916
139976
142756
142244
140692
136336
138968
142000
138148
170904
147948
142744
141628
143936
140508
141248
137500
125976
127668
119828
141624
144624
139136
125084
131732
144424
138568
140452
142216
138948
143836
140560
124796
139600
133368
144540
146048
140436
143964
141720
142728
143248
138388
128796
124320
133192
133852
141528
144548
139792
140280
142556
141012
139548
134476
144044
156904
137720
126884
135708
150788
138676
146664
147800
139816
130632
179224
163208
147080
142560
138488
144412
142940
133560
138120
140192
131852
117632
118144
12519436
12514924
12514412
12513664
12509364
12377788
12508576
12507104
12506616
12506568
12434896
12506112
12506592
12503844
12503812
12503804
12503520
12501796
12501820
12501292
12500748
12435196
12501056
12501316
12500520
12500796
12500048
12500820
12501048
12501316
12501576
12501056
12500040
12500048
12499804
12500276
12500048
12499780
12499812
12499796
12499788
12500056
12499780
12499536
12499560
12499300
12499276
12498780
12499292
12499056
12499056
12498796
12498292
12498056
12498024
12497260
12497000
12497236
12497456
12497552
12497292
12497008
12497276
12497048
12497284
12497812
12497512
12497496
12497772
12497504
12497772
12496308
12495544
12495788
12495788
12492236
12491512
12491284
12490796
12490764
12490512
12490196
12489172
12489252
12489252
12488756
12488724
