2632204
2632204
2632204
2632204
2632204
2632204
2632204
2632204
2632204
2632204
2632204
2632204
2632204
2632204
2632204
2632204
2632204
2632204
2632204
2632204
2632204
2632204
2632204
2632204
2632204
2632204
2632204
2632204
2632204
2632204
2632204
2632204
2632204
2632204
2632204
2632204
2632204
2632204
2632204
2632204
2632204
2632204
2632204
2632204
2632204
2632204
2632204
2632204
2632204
2632204
2632204
2632204
2632204
2632204
2632204
2632204
2632204
2632204
2632204
2632204
2632204
2632204
2632204
2632204
2632204
2632204
2632204
2632204
2632204
2632204
2632204
2632204
2632204
2632204
2632204
2632204
2632204
2632204
2632204
2632204
2632204
2632204
2632204
2632204
2632204
2632204
2632204
2632204
2632204
2632204
2632204
2632204
2632204
2632204
2632204
2632204
2632204
2632204
2632204
2632204
2632204
2632204
2632204
2632204
2632204
2632204
2632204
2632204
2632204
2632204
2632204
2632204
2632204
2632204
2632204
2632204
2632204
2632204
2632204
2632204
2632204
2632204
2632204
2632204
2632204
2632204
2632204
2632204
2632204
2632204
2632204
2632204
2632204
2632204
2632204
2632204
2632204
2632204
2632204
2632204
2632204
2632204
2632204
2632204
2632204
2632204
2632204
2632204
2632204
2632204
2632204
2632204
2632204
2632204
2632204
2632204
2632204
2632204
2632204
2632204
2632204
2632204
2632204
2632204
2632204
2632204
2632204
2632204
2632204
2632204
2632204
2632204
2632204
2632204
2632204
2632204
2632204
2632204
2632204
2632204
2632204
2632204
2632204
2632204
2632204
2632204
2632204
2632204
2632204
2632204
2632204
2632204
2632204
2632204
2632204
2632204
2632204
2632204
2632204
2632204
2632204
2632204
2632204
2632204
2632204
2632204
2632204
2632204
2632204
2632204
2632204
2632204
2632204
2632204
2632204
2632204
2632204
2632204
2632204
2632204
2632204
2632204
2632204
2632204
2632204
2632204
2632204
2632204
2632204
2632204
2632204
2632204
2632204
2632204
2632204
2632204
2632204
2632204
2632204
2632204
2632204
2632204
2632204
2632204
2632204
2632204
2632204
2632204
2632204
2632204
2632204
2632204
2632204
2632204
2632204
2632204
2632204
2632204
2632204
2632204
2632204
2632204
2632204
2632204
2632204
2632204
2632204
2632204
2632204
2632204
2632204
2632204
2632204
2632204
2632204
2632204
2632204
2632204
2632204
2632204
2632204
2632204
2632204
2632204
2632204
2632204
2632204
2632204
2632204
2632204
2632204
2632204
2632204
2632204
2632204
2632204
2632204
2632204
2632204
2632204
2632204
2632204
2632204
2632204
2632204
2632204
2632204
2632204
2632204
2632204
2632204
2632204
2632204
2632204
2632204
2632204
2632204
2632204
2632204
2632204
2632204
2632204
2632204
2632204
2632204
2632204
2632204
2632204
2632204
2632204
2632204
2632204
2632204
2632204
2632204
2632204
2632204
2632204
2632204
2632204
2632204
2632204
2632204
2632204
2632204
2632204
2632204
2632204
2632204
2632204
2632204
2632204
2632204
2632204
2650636
2653964
2653964
2653964
2653964
2653964
2653964
2653964
2670604
2670604
2670604
2670604
2670604
2670604
2689292
2689292
2689292
2689292
2689292
2689292
2689292
2689292
2714380
2779404
2779404
2779404
2779404
2779404
2779404
2779404
2779404
2779404
2779404
2779404
2779404
2797836
2797836
2816524
2834956
2834956
2851596
2862604
2881292
2881292
2899724
2918156
2918156
2936844
2936844
2955276
2955276
2973708
2973708
2992396
3010828
3010828
3029516
3029516
3047948
3066380
3085068
3085068
3102220
3102220
3118092
3136524
3136524
3136524
3155212
3173644
3173644
3190284
3190284
3208972
3208972
3227404
3246092
3246092
3246092
3246092
3246092
3246092
3246092
3246092
3246092
3264524
3264524
3283212
3283212
3301644
3301644
3301644
3320076
3320076
3338764
3338764
3357196
3357196
3374092
3374092
3392524
3392524
3411212
3411212
3429644
3429644
3447820
3447820
3466252
3466252
3484428
3484428
3502860
3502860
3521292
3521292
3562764
3562764
3562764
3562764
3580940
3599372
3617292
3617292
3617292
3644684
3644684
3644684
3662860
3662860
3681292
3681292
3699468
3699468
3717132
3717132
3733312
3735052
3735052
3743756
3744012
3744012
3744524
3745548
3745804
3745804
3734060
3528404
3528916
3231308
3211536
3211792
3211792
3211792
3211792
3211792
3211792
3211792
3211792
3211792
3190208
3027648
3027648
3027648
3027648
3027648
2757152
2661408
2661408
2656288
1994172
1994172
1833584
1742668
1584564
1546268
1546268
1546268
1546268
1546268
1547548
1547548
1547548
1549084
1550364
1550364
1550364
1525012
1352000
1352000
1352512
1352512
1352512
1353792
1353792
1353792
1241408
1177340
1129428
1011444
1011444
1011444
828748
804172
804172
804172
804172
804172
804172
804172
804172
660256
585740
585740
585740
585740
585740
585740
586252
586764
586764
586764
501516
412272
403604
403860
403860
403860
403860
404116
390404
381484
356100
336500
334028
287044
287044
260268
242632
182052
183076
130628
130628
130884
87832
57444
57444
57444
57444
43744
2692
0
8
0
0
0
0
0
3716684
3716684
3716684
3716684
3716684
3716684
3716684
3716684
3716684
3716684
3716684
3716684
3716684
3716684
3716684
3716684
3716684
3716684
3716684
3716684
3716684
3716684
3716684
3716684
3716684
3716684
3716684
3716684
3716684
3716684
3716684
3716684
3716684
3716684
3716684
3716684
3716684
3716684
3716684
3716684
3716684
3716684
3716684
3716684
3716684
3716684
3716684
3716684
3716684
3716684
3716684
3716684
3716684
3716684
3716684
3716684
3716684
3716684
3716684
3716684
3716684
3716684
3716684
3716684
3716684
3716684
3716684
3716684
3716684
3716684
3716684
3716684
3716684
3716684
3716684
3717196
3717196
3717196
3717196
3717196
3717196
3717196
3717196
3717196
3717196
3717196
3717196
