 93.3 
100.0 
100.0 
100.0 
 93.8 
100.0 
100.0 
100.0 
100.0 
100.0 
100.0 
100.0 
 93.8 
100.0 
100.0 
100.0 
100.0 
100.0 
100.0 
100.0 
100.0 
100.0 
100.0 
100.0 
100.0 
 93.8 
100.0 
100.0 
100.0 
100.0 
 93.8 
100.0 
100.0 
100.0 
100.0 
100.0 
100.0 
100.0 
 93.8 
100.0 
100.0 
100.0 
100.0 
100.0 
100.0 
100.0 
100.0 
100.0 
100.0 
 93.8 
100.0 
100.0 
100.0 
100.0 
100.0 
100.0 
100.0 
100.0 
100.0 
100.0 
100.0 
 93.8 
100.0 
100.0 
100.0 
100.0 
 93.8 
100.0 
100.0 
100.0 
100.0 
100.0 
100.0 
100.0 
100.0 
100.0 
100.0 
100.0 
100.0 
100.0 
100.0 
100.0 
100.0 
 93.8 
100.0 
100.0 
100.0 
100.0 
100.0 
100.0 
100.0 
100.0 
100.0 
100.0 
100.0 
100.0 
100.0 
100.0 
100.0 
100.0 
100.0 
100.0 
100.0 
100.0 
100.0 
100.0 
100.0 
 93.8 
100.0 
100.0 
100.0 
100.0 
 93.8 
100.0 
100.0 
100.0 
100.0 
 93.8 
 93.8 
100.0 
 93.8 
100.0 
100.0 
100.0 
100.0 
100.0 
100.0 
100.0 
100.0 
100.0 
100.0 
100.0 
100.0 
100.0 
100.0 
100.0 
100.0 
100.0 
100.0 
100.0 
100.0 
100.0 
100.0 
100.0 
100.0 
100.0 
100.0 
100.0 
100.0 
100.0 
100.0 
100.0 
100.0 
100.0 
100.0 
100.0 
100.0 
100.0 
100.0 
100.0 
100.0 
100.0 
100.0 
100.0 
100.0 
100.0 
100.0 
100.0 
100.0 
100.0 
100.0 
 93.8 
100.0 
100.0 
100.0 
 87.1 
 93.8 
100.0 
 93.8 
 93.8 
100.0 
100.0 
100.0 
 93.8 
100.0 
100.0 
100.0 
100.0 
100.0 
100.0 
100.0 
100.0 
 87.5 
100.0 
100.0 
100.0 
 26.7 
 20.0 
 86.7 
100.0 
100.0 
100.0 
 59.1 
100.0 
100.0 
100.0 
100.0 
 93.8 
100.0 
100.0 
100.0 
 93.3 
100.0 
100.0 
100.0 
100.0 
100.0 
100.0 
100.0 
100.0 
100.0 
100.0 
 93.3 
100.0 
100.0 
100.0 
 93.3 
100.0 
100.0 
100.0 
100.0 
100.0 
100.0 
100.0 
100.0 
100.0 
100.0 
100.0 
100.0 
100.0 
100.0 
100.0 
100.0 
100.0 
100.0 
100.0 
100.0 
100.0 
100.0 
100.0 
100.0 
 93.3 
100.0 
100.0 
 93.8 
100.0 
100.0 
100.0 
 93.8 
100.0 
100.0 
100.0 
100.0 
 93.3 
100.0 
 93.3 
100.0 
100.0 
100.0 
100.0 
100.0 
100.0 
100.0 
100.0 
 93.8 
100.0 
100.0 
100.0 
100.0 
100.0 
100.0 
100.0 
100.0 
 93.8 
100.0 
100.0 
100.0 
100.0 
100.0 
100.0 
100.0 
 93.8 
100.0 
100.0 
 93.8 
100.0 
 93.3 
100.0 
100.0 
100.0 
 93.3 
100.0 
 93.3 
100.0 
100.0 
100.0 
100.0 
 93.3 
 87.5 
100.0 
100.0 
100.0 
100.0 
100.0 
100.0 
 93.8 
100.0 
100.0 
100.0 
 93.3 
100.0 
100.0 
100.0 
100.0 
100.0 
 93.8 
100.0 
100.0 
100.0 
100.0 
 86.7 
100.0 
 66.7 
 33.3 
100.0 
100.0 
100.0 
100.0 
100.0 
100.0 
100.0 
100.0 
100.0 
100.0 
100.0 
100.0 
100.0 
100.0 
  0.0 
100.0 
100.0 
100.0 
100.0 
 93.8 
100.0 
100.0 
100.0 
100.0 
100.0 
100.0 
100.0 
100.0 
100.0 
 93.8 
 93.8 
100.0 
100.0 
100.0 
100.0 
100.0 
100.0 
100.0 
100.0 
100.0 
100.0 
100.0 
100.0 
 93.3 
100.0 
100.0 
100.0 
100.0 
100.0 
100.0 
100.0 
100.0 
100.0 
100.0 
 87.5 
100.0 
 93.3 
100.0 
100.0 
100.0 
100.0 
 93.3 
100.0 
 93.3 
100.0 
100.0 
100.0 
100.0 
100.0 
100.0 
100.0 
100.0 
100.0 
100.0 
100.0 
100.0 
100.0 
100.0 
100.0 
100.0 
100.0 
100.0 
100.0 
100.0 
 93.8 
100.0 
100.0 
100.0 
100.0 
100.0 
 93.3 
100.0 
 93.3 
100.0 
100.0 
 93.3 
100.0 
100.0 
 46.7 
100.0 
100.0 
100.0 
100.0 
100.0 
100.0 
100.0 
 93.8 
100.0 
100.0 
100.0 
100.0 
100.0 
 90.5 
 46.7 
100.0 
100.0 
 75.0 
100.0 
  0.0 
100.0 
100.0 
 93.8 
 93.3 
100.0 
100.0 
100.0 
100.0 
 93.8 
 93.8 
100.0 
 93.3 
 93.8 
100.0 
100.0 
 93.3 
100.0 
100.0 
 93.8 
 82.4 
100.0 
100.0 
100.0 
 47.6 
100.0 
100.0 
 93.3 
 86.7 
100.0 
100.0 
 66.7 
100.0 
100.0 
100.0 
100.0 
 93.8 
100.0 
100.0 
100.0 
 46.7 
100.0 
100.0 
100.0 
100.0 
 60.0 
 43.8 
 93.8 
100.0 
100.0 
 73.3 
100.0 
100.0 
100.0 
100.0 
100.0 
 73.3 
 83.3 
 46.7 
100.0 
100.0 
100.0 
100.0 
100.0 
100.0 
 93.8 
