 0.1 
 0.4 
 0.8 
 1.0 
 1.3 
 1.6 
 2.0 
 2.3 
 2.6 
 2.8 
 3.1 
 3.4 
 3.6 
 3.9 
 4.2 
 4.4 
 4.7 
 4.9 
 5.2 
 5.6 
 5.9 
 6.1 
 6.3 
 6.6 
 6.8 
 7.1 
 7.5 
 7.9 
 8.3 
 8.6 
 8.8 
 9.0 
 9.2 
 9.4 
 9.7 
10.1 
10.4 
10.6 
10.8 
11.0 
11.3 
11.5 
11.7 
11.9 
12.1 
12.5 
12.8 
13.2 
13.5 
13.9 
14.2 
14.5 
14.8 
15.1 
15.3 
15.6 
15.8 
16.0 
16.3 
16.6 
16.9 
17.2 
17.5 
17.7 
17.9 
18.2 
18.5 
18.8 
19.0 
19.3 
19.5 
19.7 
20.0 
20.2 
20.4 
20.7 
21.0 
21.3 
21.6 
21.9 
22.3 
22.6 
22.8 
23.0 
23.3 
23.6 
23.9 
24.1 
24.5 
24.7 
25.0 
25.2 
25.5 
25.8 
26.1 
26.4 
26.7 
27.0 
27.2 
27.5 
27.8 
28.0 
28.3 
28.6 
28.8 
29.0 
29.2 
29.4 
29.7 
29.9 
30.2 
30.4 
30.6 
31.0 
31.3 
31.7 
32.1 
32.4 
32.7 
32.9 
33.1 
33.4 
33.7 
34.0 
34.3 
34.6 
34.9 
35.2 
35.4 
35.7 
36.0 
36.2 
36.5 
36.7 
37.1 
37.4 
37.7 
37.9 
38.2 
38.4 
38.7 
39.0 
39.3 
39.6 
39.9 
40.3 
40.5 
40.8 
41.1 
41.6 
41.9 
42.2 
42.4 
42.7 
43.0 
43.3 
43.6 
43.8 
44.1 
44.3 
44.6 
44.9 
45.1 
45.3 
45.6 
45.8 
46.0 
46.3 
46.5 
46.8 
47.0 
47.3 
47.6 
47.9 
48.1 
48.4 
47.4 
47.6 
47.8 
47.9 
48.1 
48.1 
48.3 
48.4 
48.4 
48.4 
48.5 
48.7 
49.1 
49.3 
49.4 
49.5 
49.6 
49.6 
49.7 
49.8 
49.8 
49.8 
49.8 
50.3 
50.6 
51.0 
51.3 
51.4 
51.6 
51.7 
51.8 
51.9 
52.0 
52.0 
52.1 
52.1 
52.3 
52.6 
52.9 
53.3 
53.7 
54.0 
54.3 
54.7 
54.9 
55.2 
55.4 
55.5 
55.6 
55.8 
56.0 
56.0 
56.1 
56.2 
56.3 
56.3 
56.4 
56.5 
56.6 
56.6 
56.8 
56.9 
57.0 
57.3 
57.5 
57.8 
58.2 
58.5 
58.9 
59.3 
59.7 
60.0 
60.3 
60.6 
60.7 
60.9 
61.1 
61.3 
61.5 
61.7 
61.8 
61.9 
62.1 
62.3 
62.4 
62.5 
62.6 
62.7 
62.8 
63.0 
63.1 
63.2 
63.3 
63.4 
63.5 
63.6 
63.7 
63.9 
64.0 
64.2 
64.3 
64.5 
64.7 
65.0 
65.3 
65.6 
66.1 
66.4 
66.8 
67.2 
67.6 
68.0 
68.4 
68.8 
69.1 
69.3 
69.5 
69.6 
69.8 
70.0 
70.2 
70.4 
70.6 
70.9 
71.1 
71.3 
71.4 
71.5 
71.6 
71.7 
71.9 
72.0 
72.1 
72.2 
72.3 
72.5 
72.7 
72.9 
73.1 
73.2 
73.3 
73.5 
73.7 
73.9 
74.1 
74.2 
74.4 
74.6 
74.7 
74.8 
75.0 
75.1 
75.3 
75.4 
75.4 
75.4 
75.5 
75.5 
75.5 
75.5 
75.6 
75.8 
75.9 
76.0 
76.1 
76.3 
76.4 
76.5 
76.6 
76.7 
76.8 
76.8 
76.9 
76.9 
77.0 
77.2 
77.3 
77.4 
77.7 
78.1 
78.4 
78.7 
78.9 
79.1 
79.5 
79.8 
80.2 
80.5 
80.6 
80.7 
80.8 
80.9 
81.0 
81.2 
81.4 
81.5 
81.7 
81.9 
82.0 
82.2 
82.4 
82.6 
82.8 
82.9 
83.2 
83.4 
83.5 
83.7 
83.9 
84.1 
84.3 
84.5 
84.6 
84.7 
84.9 
85.1 
85.3 
85.4 
85.6 
85.9 
86.0 
86.2 
86.4 
86.7 
86.9 
87.1 
87.3 
87.5 
87.7 
87.9 
88.2 
88.3 
88.5 
88.6 
88.9 
89.1 
89.2 
89.5 
89.6 
89.8 
89.9 
90.2 
90.4 
90.6 
90.8 
90.8 
90.9 
91.1 
91.2 
91.3 
91.4 
91.5 
91.6 
91.8 
92.1 
92.3 
92.5 
92.6 
92.8 
92.9 
93.1 
93.1 
93.1 
93.3 
93.4 
93.6 
93.6 
93.7 
93.8 
94.0 
94.1 
94.1 
94.1 
94.3 
94.5 
94.6 
94.8 
94.9 
95.0 
95.2 
95.4 
95.4 
95.2 
95.4 
95.4 
94.9 
95.1 
95.4 
95.5 
95.4 
95.3 
95.3 
95.6 
95.1 
95.3 
95.2 
95.0 
95.2 
95.5 
95.1 
95.2 
95.1 
95.4 
95.6 
95.2 
95.4 
95.7 
95.2 
95.2 
95.5 
95.7 
95.5 
95.6 
95.5 
95.4 
95.6 
95.3 
95.3 
95.2 
95.5 
95.6 
95.0 
95.0 
95.0 
95.2 
95.0 
95.0 
95.3 
95.2 
95.4 
95.7 
95.8 
95.2 
95.4 
95.1 
95.4 
95.7 
96.0 
96.2 
96.3 
96.5 
 0.0 
