 12436 
 50980 
 97972 
126484 
172948 
212548 
255844 
299404 
335572 
364348 
405532 
435100 
463876 
502684 
543340 
571852 
600100 
631516 
667948 
718900 
760612 
789124 
817636 
846148 
874396 
919012 
966004 
992.9m 
  1.0g 
  1.1g 
  1.1g 
  1.1g 
  1.1g 
  1.2g 
  1.2g 
  1.2g 
  1.3g 
  1.3g 
  1.3g 
  1.4g 
  1.4g 
  1.4g 
  1.4g 
  1.5g 
  1.5g 
  1.5g 
  1.6g 
  1.6g 
  1.7g 
  1.7g 
  1.8g 
  1.8g 
  1.8g 
  1.9g 
  1.9g 
  1.9g 
  1.9g 
  2.0g 
  2.0g 
  2.0g 
  2.1g 
  2.1g 
  2.1g 
  2.2g 
  2.2g 
  2.2g 
  2.3g 
  2.3g 
  2.3g 
  2.4g 
  2.4g 
  2.4g 
  2.5g 
  2.5g 
  2.5g 
  2.5g 
  2.6g 
  2.6g 
  2.7g 
  2.7g 
  2.7g 
  2.8g 
  2.8g 
  2.8g 
  2.9g 
  2.9g 
  2.9g 
  3.0g 
  3.0g 
  3.0g 
  3.1g 
  3.1g 
  3.1g 
  3.2g 
  3.2g 
  3.3g 
  3.3g 
  3.3g 
  3.3g 
  3.4g 
  3.4g 
  3.4g 
  3.5g 
  3.5g 
  3.5g 
  3.6g 
  3.6g 
  3.6g 
  3.6g 
  3.7g 
  3.7g 
  3.7g 
  3.8g 
  3.8g 
  3.9g 
  3.9g 
  3.9g 
  4.0g 
  4.0g 
  4.0g 
  4.1g 
  4.1g 
  4.1g 
  4.2g 
  4.2g 
  4.3g 
  4.3g 
  4.3g 
  4.4g 
  4.4g 
  4.4g 
  4.5g 
  4.5g 
  4.5g 
  4.6g 
  4.6g 
  4.6g 
  4.7g 
  4.7g 
  4.7g 
  4.8g 
  4.8g 
  4.8g 
  4.9g 
  4.9g 
  5.0g 
  5.0g 
  5.0g 
  5.1g 
  5.1g 
  5.2g 
  5.2g 
  5.2g 
  5.3g 
  5.3g 
  5.3g 
  5.4g 
  5.4g 
  5.4g 
  5.5g 
  5.5g 
  5.5g 
  5.5g 
  5.6g 
  5.6g 
  5.6g 
  5.7g 
  5.7g 
  5.7g 
  5.8g 
  5.8g 
  5.8g 
  5.9g 
  5.9g 
  5.9g 
  5.9g 
  5.8g 
  5.9g 
  5.9g 
  5.9g 
  5.9g 
  5.9g 
  5.9g 
  6.0g 
  6.0g 
  6.0g 
  6.0g 
  6.0g 
  6.0g 
  6.1g 
  6.1g 
  6.1g 
  6.1g 
  6.1g 
  6.1g 
  6.1g 
  6.1g 
  6.1g 
  6.1g 
  6.2g 
  6.2g 
  6.3g 
  6.3g 
  6.3g 
  6.3g 
  6.4g 
  6.4g 
  6.4g 
  6.4g 
  6.4g 
  6.4g 
  6.4g 
  6.4g 
  6.5g 
  6.5g 
  6.6g 
  6.6g 
  6.6g 
  6.7g 
  6.7g 
  6.8g 
  6.8g 
  6.8g 
  6.8g 
  6.8g 
  6.9g 
  6.9g 
  6.9g 
  6.9g 
  6.9g 
  6.9g 
  6.9g 
  6.9g 
  6.9g 
  7.0g 
  7.0g 
  7.0g 
  7.0g 
  7.0g 
  7.1g 
  7.1g 
  7.1g 
  7.2g 
  7.2g 
  7.2g 
  7.3g 
  7.3g 
  7.4g 
  7.4g 
  7.4g 
  7.5g 
  7.5g 
  7.5g 
  7.5g 
  7.6g 
  7.6g 
  7.6g 
  7.6g 
  7.6g 
  7.7g 
  7.7g 
  7.7g 
  7.7g 
  7.7g 
  7.7g 
  7.7g 
  7.8g 
  7.8g 
  7.8g 
  7.8g 
  7.8g 
  7.8g 
  7.8g 
  7.9g 
  7.9g 
  7.9g 
  7.9g 
  7.9g 
  8.0g 
  8.0g 
  8.0g 
  8.1g 
  8.1g 
  8.2g 
  8.2g 
  8.3g 
  8.3g 
  8.4g 
  8.4g 
  8.5g 
  8.5g 
  8.5g 
  8.6g 
  8.6g 
  8.6g 
  8.6g 
  8.6g 
  8.7g 
  8.7g 
  8.7g 
  8.7g 
  8.8g 
  8.8g 
  8.8g 
  8.8g 
  8.8g 
  8.8g 
  8.9g 
  8.9g 
  8.9g 
  8.9g 
  8.9g 
  8.9g 
  9.0g 
  9.0g 
  9.0g 
  9.0g 
  9.0g 
  9.1g 
  9.1g 
  9.1g 
  9.1g 
  9.1g 
  9.2g 
  9.2g 
  9.2g 
  9.2g 
  9.2g 
  9.3g 
  9.3g 
  9.3g 
  9.3g 
  9.3g 
  9.3g 
  9.3g 
  9.3g 
  9.3g 
  9.3g 
  9.3g 
  9.3g 
  9.4g 
  9.4g 
  9.4g 
  9.4g 
  9.4g 
  9.4g 
  9.4g 
  9.5g 
  9.5g 
  9.5g 
  9.5g 
  9.5g 
  9.5g 
  9.5g 
  9.6g 
  9.6g 
  9.6g 
  9.7g 
  9.7g 
  9.7g 
  9.8g 
  9.8g 
  9.9g 
  9.9g 
  9.9g 
  9.9g 
  9.9g 
  9.9g 
 10.0g 
 10.0g 
 10.0g 
 10.0g 
 10.0g 
 10.1g 
 10.1g 
 10.1g 
 10.1g 
 10.2g 
 10.2g 
 10.2g 
 10.2g 
 10.3g 
 10.3g 
 10.3g 
 10.3g 
 10.3g 
 10.4g 
 10.4g 
 10.4g 
 10.4g 
 10.4g 
 10.5g 
 10.5g 
 10.5g 
 10.5g 
 10.6g 
 10.6g 
 10.6g 
 10.6g 
 10.7g 
 10.7g 
 10.7g 
 10.7g 
 10.8g 
 10.8g 
 10.8g 
 10.8g 
 10.9g 
 10.9g 
 10.9g 
 10.9g 
 11.0g 
 11.0g 
 11.0g 
 11.0g 
 11.0g 
 11.1g 
 11.1g 
 11.1g 
 11.1g 
 11.2g 
 11.2g 
 11.2g 
 11.2g 
 11.2g 
 11.2g 
 11.2g 
 11.3g 
 11.3g 
 11.3g 
 11.3g 
 11.4g 
 11.4g 
 11.4g 
 11.4g 
 11.4g 
 11.4g 
 11.5g 
 11.5g 
 11.5g 
 11.5g 
 11.5g 
 11.5g 
 11.5g 
 11.5g 
 11.6g 
 11.6g 
 11.6g 
 11.6g 
 11.6g 
 11.6g 
 11.6g 
 11.7g 
 11.7g 
 11.7g 
 11.7g 
 11.7g 
 11.7g 
 11.7g 
 11.7g 
 11.7g 
 11.7g 
 11.7g 
 11.7g 
 11.7g 
 11.7g 
 11.7g 
 11.7g 
 11.8g 
 11.7g 
 11.7g 
 11.7g 
 11.7g 
 11.7g 
 11.8g 
 11.7g 
 11.7g 
 11.7g 
 11.7g 
 11.8g 
 11.7g 
 11.7g 
 11.8g 
 11.7g 
 11.7g 
 11.7g 
 11.8g 
 11.7g 
 11.8g 
 11.7g 
 11.7g 
 11.8g 
 11.7g 
 11.7g 
 11.7g 
 11.7g 
 11.8g 
 11.7g 
 11.7g 
 11.7g 
 11.7g 
 11.7g 
 11.7g 
 11.7g 
 11.7g 
 11.7g 
 11.8g 
 11.8g 
 11.7g 
 11.7g 
 11.7g 
 11.7g 
 11.8g 
 11.8g 
 11.8g 
 11.8g 
 11.9g 
     0 
