  17860 
  56536 
 103396 
 131908 
 178372 
 218104 
 261268 
 305092 
 341128 
 369772 
 411220 
 440656 
 469432 
 508108 
 548764 
 577408 
 605656 
 636940 
 673636 
 724324 
 766168 
 794680 
 823192 
 851704 
 879820 
 924568 
 971428 
1022248 
1074388 
1108180 
1139068 
1167052 
1195432 
1223812 
1262356 
1311592 
1345516 
1373764 
1401484 
1430128 
1458508 
1486888 
1515268 
1543780 
1571896 
1613872 
1662052 
1704424 
1751416 
1795900 
1841044 
1874704 
1908232 
1951264 
1983472 
2012248 
2044984 
2073232 
2107420 
2144644 
2181472 
2221072 
2256844 
2284564 
2313340 
2350432 
2392804 
2431744 
2460256 
2491540 
2519788 
2548432 
2583676 
2611792 
2640040 
2668816 
2711320 
2754880 
2793688 
2833024 
2881336 
2923048 
2951560 
2978356 
3006736 
3043564 
3082240 
3116296 
3162760 
3191140 
3227176 
3255820 
3292384 
3336868 
3377920 
3414352 
3451576 
3484444 
3517312 
3549652 
3586744 
3616180 
3652216 
3689836 
3718348 
3746200 
3774052 
3801904 
3832660 
3867376 
3895756 
3924400 
3953704 
3998320 
4044652 
4095340 
4144048 
4182724 
4219024 
4246612 
4280404 
4316968 
4352476 
4389964 
4429168 
4462432 
4502428 
4541632 
4569880 
4605520 
4644856 
4675744 
4707424 
4743724 
4788472 
4829392 
4867936 
4897768 
4928920 
4958224 
4997560 
5035708 
5071612 
5108968 
5153452 
5196748 
5229352 
5268556 
5302480 
5365840 
5406628 
5441872 
5472364 
5510908 
5547736 
5592616 
5624032 
5654656 
5688976 
5723692 
5758936 
5790880 
5817280 
5850280 
5881432 
5909020 
5937664 
5975812 
6006964 
6039172 
6068212 
6110056 
6147016 
6180808 
6214072 
6242848 
8017588 
8040820 
8062864 
8085304 
8114608 
8146420 
8170048 
8178100 
8181400 
8185096 
8191828 
8224036 
8265880 
8296636 
8313796 
8326732 
8333200 
8338612 
8345080 
8355508 
8358016 
8358280 
8364748 
8418076 
8462956 
8509552 
8549548 
8560108 
8587168 
8600236 
8620168 
8634424 
8642740 
8649076 
8655808 
8662276 
8679568 
8715868 
8761804 
8808136 
8857108 
8901064 
8945020 
8994124 
9022900 
9049828 
9076624 
9092728 
9108304 
9129424 
9155560 
9165460 
9175756 
9184996 
9194236 
9204004 
9214036 
9223144 
9236212 
9241888 
9256672 
9269344 
9291124 
9332572 
9357916 
9395536 
9437776 
9485296 
9528856 
9580468 
9632080 
9680128 
9719200 
9747448 
9763816 
9793252 
9821896 
9849220 
9874036 
9890272 
9912976 
9925120 
9942676 
9967228 
9980032 
9997456 
9777.1m 
9788.8m 
9802.6m 
9824.0m 
9841.9m 
9853.8m 
9867.6m 
9879.3m 
9891.3m 
9905.5m 
9919.4m 
9933.6m 
9951.0m 
9971.7m 
9987.3m 
   9.8g 
   9.8g 
   9.8g 
   9.9g 
   9.9g 
  10.0g 
  10.0g 
  10.1g 
  10.1g 
  10.2g 
  10.2g 
  10.3g 
  10.3g 
  10.3g 
  10.4g 
  10.4g 
  10.4g 
  10.4g 
  10.5g 
  10.5g 
  10.5g 
  10.5g 
  10.6g 
  10.6g 
  10.6g 
  10.6g 
  10.6g 
  10.7g 
  10.7g 
  10.7g 
  10.7g 
  10.7g 
  10.7g 
  10.7g 
  10.8g 
  10.8g 
  10.8g 
  10.8g 
  10.9g 
  10.9g 
  10.9g 
  10.9g 
  10.9g 
  11.0g 
  11.0g 
  11.0g 
  11.0g 
  11.0g 
  11.1g 
  11.1g 
  11.1g 
  11.1g 
  11.1g 
  11.1g 
  11.1g 
  11.1g 
  11.1g 
  11.1g 
  11.1g 
  11.1g 
  11.2g 
  11.2g 
  11.2g 
  11.2g 
  11.2g 
  11.2g 
  11.3g 
  11.3g 
  11.3g 
  11.3g 
  11.3g 
  11.3g 
  11.3g 
  11.3g 
  11.3g 
  11.4g 
  11.4g 
  11.4g 
  11.5g 
  11.5g 
  11.5g 
  11.5g 
  11.6g 
  11.6g 
  11.7g 
  11.7g 
  11.7g 
  11.8g 
  11.8g 
  11.8g 
  11.8g 
  11.8g 
  11.8g 
  11.9g 
  11.9g 
  11.9g 
  11.9g 
  11.9g 
  12.0g 
  12.0g 
  12.0g 
  12.0g 
  12.0g 
  12.1g 
  12.1g 
  12.1g 
  12.1g 
  12.2g 
  12.2g 
  12.2g 
  12.2g 
  12.3g 
  12.3g 
  12.3g 
  12.3g 
  12.3g 
  12.4g 
  12.4g 
  12.4g 
  12.4g 
  12.5g 
  12.5g 
  12.5g 
  12.5g 
  12.6g 
  12.6g 
  12.6g 
  12.6g 
  12.7g 
  12.7g 
  12.7g 
  12.7g 
  12.7g 
  12.8g 
  12.8g 
  12.8g 
  12.9g 
  12.9g 
  12.9g 
  12.9g 
  12.9g 
  13.0g 
  13.0g 
  13.0g 
  13.0g 
  13.0g 
  13.0g 
  13.1g 
  13.1g 
  13.1g 
  13.1g 
  13.1g 
  13.1g 
  13.2g 
  13.2g 
  13.2g 
  13.2g 
  13.3g 
  13.3g 
  13.3g 
  13.3g 
  13.3g 
  13.3g 
  13.3g 
  13.4g 
  13.4g 
  13.4g 
  13.4g 
  13.4g 
  13.4g 
  13.4g 
  13.4g 
  13.5g 
  13.5g 
  13.5g 
  13.5g 
  13.5g 
  13.5g 
  13.6g 
  13.6g 
  13.6g 
  13.7g 
  13.7g 
  13.8g 
  13.8g 
  13.9g 
  13.9g 
  13.9g 
  14.0g 
  14.0g 
  14.0g 
  14.1g 
  14.1g 
  14.1g 
  14.2g 
  14.2g 
  14.2g 
  14.3g 
  14.3g 
  14.3g 
  14.4g 
  14.4g 
  14.4g 
  14.5g 
  14.6g 
  14.6g 
  14.6g 
  14.6g 
  14.7g 
  14.7g 
  14.7g 
  14.7g 
  14.7g 
  14.8g 
  14.8g 
  14.8g 
  14.8g 
  14.9g 
  14.9g 
  14.9g 
  14.9g 
  15.0g 
  15.0g 
  15.0g 
  15.0g 
  15.0g 
  15.1g 
  15.1g 
  15.2g 
  15.2g 
  15.2g 
  15.3g 
  15.3g 
  15.3g 
  15.3g 
  15.4g 
  15.4g 
  15.4g 
  15.4g 
  15.5g 
      0 
