76
PID:CMD
1409:systemd
1410:(sd-pam)
1416:pipewire
1417:pipewire-media-
1418:pulseaudio
1419:snapd-desktop-i
1426:gnome-keyring-d
1430:dbus-daemon
1432:gvfsd
1437:gvfsd-fuse
1445:gdm-wayland-ses
1452:gnome-session-b
1468:xdg-document-po
1472:xdg-permission-
1504:tracker-miner-f
1524:gnome-session-c
1536:gnome-session-b
1550:gvfs-udisks2-vo
1557:gvfs-afc-volume
1564:gvfs-goa-volume
1569:at-spi-bus-laun
1570:gnome-shell
1573:goa-daemon
1582:dbus-daemon
1594:goa-identity-se
1596:gvfs-gphoto2-vo
1602:gvfs-mtp-volume
1655:gnome-shell-cal
1662:evolution-sourc
1670:evolution-calen
1677:dconf-service
1684:evolution-addre
1699:xdg-desktop-por
1703:xdg-desktop-por
1711:gvfsd-trash
1724:gjs
1726:at-spi2-registr
1735:sh
1736:gsd-a11y-settin
1737:gsd-color
1738:gsd-datetime
1739:gsd-housekeepin
1742:ibus-daemon
1748:gsd-keyboard
1749:gsd-media-keys
1750:gsd-power
1751:gsd-print-notif
1757:gsd-rfkill
1759:gsd-screensaver
1760:gsd-sharing
1761:gsd-smartcard
1762:gsd-sound
1766:gsd-wacom
1802:ibus-dconf
1804:gsd-disk-utilit
1806:ibus-extension-
1814:evolution-alarm
1816:ibus-portal
1852:gsd-printer
1892:snap-store
1895:ibus-engine-sim
1950:xdg-desktop-por
1998:gjs
2027:gjs
2071:gvfsd-metadata
2102:gnome-terminal-
2128:bash
2278:Xwayland
2301:gsd-xsettings
2349:ibus-x11
2568:nautilus
2673:i
2677:ps
2678:awk
