100.0 
100.0 
100.0 
100.0 
100.0 
100.0 
100.0 
100.0 
100.0 
 93.8 
100.0 
100.0 
100.0 
100.0 
100.0 
100.0 
100.0 
100.0 
 93.8 
100.0 
100.0 
100.0 
100.0 
100.0 
100.0 
100.0 
100.0 
100.0 
100.0 
100.0 
100.0 
 93.8 
100.0 
100.0 
100.0 
100.0 
100.0 
100.0 
100.0 
100.0 
100.0 
100.0 
100.0 
 93.8 
100.0 
100.0 
100.0 
 93.8 
100.0 
100.0 
100.0 
100.0 
100.0 
100.0 
100.0 
100.0 
100.0 
 93.8 
100.0 
100.0 
100.0 
100.0 
100.0 
100.0 
100.0 
100.0 
100.0 
100.0 
100.0 
100.0 
100.0 
100.0 
 87.5 
100.0 
100.0 
100.0 
100.0 
100.0 
100.0 
100.0 
 93.8 
100.0 
100.0 
100.0 
100.0 
100.0 
100.0 
100.0 
100.0 
100.0 
100.0 
 93.8 
100.0 
100.0 
 93.8 
100.0 
100.0 
100.0 
 93.8 
100.0 
100.0 
100.0 
 93.8 
100.0 
 93.8 
100.0 
100.0 
100.0 
100.0 
100.0 
100.0 
100.0 
100.0 
100.0 
100.0 
100.0 
100.0 
100.0 
100.0 
100.0 
100.0 
100.0 
100.0 
100.0 
100.0 
100.0 
100.0 
 93.8 
100.0 
100.0 
100.0 
 93.8 
 93.8 
100.0 
100.0 
100.0 
100.0 
 93.8 
100.0 
 93.8 
100.0 
100.0 
100.0 
 44.1 
 93.8 
100.0 
100.0 
100.0 
100.0 
100.0 
100.0 
 86.7 
100.0 
100.0 
100.0 
100.0 
100.0 
100.0 
100.0 
100.0 
100.0 
100.0 
100.0 
100.0 
100.0 
100.0 
100.0 
 93.8 
100.0 
100.0 
100.0 
100.0 
100.0 
100.0 
100.0 
 85.0 
100.0 
100.0 
100.0 
100.0 
100.0 
