 0.2 
 0.5 
 0.8 
 1.0 
 1.4 
 1.7 
 2.0 
 2.4 
 2.6 
 2.8 
 3.2 
 3.4 
 3.6 
 3.9 
 4.2 
 4.4 
 4.7 
 4.9 
 5.2 
 5.6 
 5.9 
 6.1 
 6.3 
 6.5 
 6.7 
 7.1 
 7.4 
 7.8 
 8.1 
 8.4 
 8.6 
 8.8 
 9.0 
 9.2 
 9.6 
 9.9 
10.1 
10.4 
10.6 
10.8 
11.0 
11.2 
11.4 
11.7 
11.9 
12.2 
12.6 
12.9 
13.3 
13.7 
14.1 
14.3 
14.6 
14.9 
15.2 
15.4 
15.7 
15.9 
16.1 
16.4 
16.7 
17.0 
17.3 
17.5 
17.7 
18.0 
18.4 
18.7 
18.9 
19.1 
19.3 
19.6 
19.8 
20.1 
20.3 
20.5 
20.9 
21.3 
21.6 
21.9 
22.3 
22.5 
22.7 
22.9 
23.1 
23.4 
23.7 
24.0 
24.4 
24.6 
24.9 
25.1 
25.4 
25.7 
26.0 
26.3 
26.6 
26.9 
27.1 
27.4 
27.6 
27.9 
28.1 
28.4 
28.6 
28.8 
29.0 
29.3 
29.5 
29.8 
30.0 
30.2 
30.5 
30.9 
31.2 
31.5 
31.8 
32.2 
32.4 
32.6 
32.9 
33.1 
33.4 
33.7 
34.0 
34.3 
34.5 
34.8 
35.1 
35.4 
35.6 
35.9 
36.1 
36.4 
36.8 
37.1 
37.4 
37.7 
37.9 
38.1 
38.4 
38.7 
38.9 
39.3 
39.6 
40.0 
40.2 
40.5 
40.7 
41.2 
41.6 
41.8 
42.1 
42.4 
42.7 
43.0 
43.2 
43.5 
43.8 
44.1 
44.3 
44.6 
44.8 
45.1 
45.3 
45.5 
45.7 
46.0 
46.3 
46.5 
46.8 
47.1 
47.4 
47.6 
47.9 
48.2 
47.7 
47.9 
48.1 
48.2 
48.4 
