  25252 
  68284 
 108676 
 139168 
 182728 
 223384 
 263776 
 311824 
 341524 
 369376 
 412540 
 440920 
 472072 
 514708 
 549820 
 577276 
 609748 
 638260 
 679048 
 726436 
 760624 
 789136 
 817384 
 845500 
 874804 
 920740 
 965488 
1009180 
1050892 
1082704 
1111216 
1139464 
1167712 
1195828 
1238332 
1278592 
1312252 
1340500 
1367956 
1396204 
1424320 
1452568 
1480948 
1509328 
1537444 
1582588 
1624696 
1673404 
1725148 
1776364 
1821904 
1853320 
1890544 
1931596 
1963144 
1991392 
2023996 
2053036 
2086300 
2124448 
2164048 
2204308 
2234140 
2262256 
2289712 
2333272 
2378416 
2413000 
2443756 
2471872 
2499856 
2530480 
2564932 
2592652 
2622220 
2653636 
2700232 
2746300 
2789728 
2831440 
2875396 
2906944 
2934796 
2961988 
2990368 
3029308 
3066928 
3106000 
3147448 
3175168 
3212524 
3240772 
3280900 
3319048 
3359440 
3395872 
3435340 
3468868 
3500020 
3535528 
3571168 
3601528 
3632152 
3667528 
3694456 
3722308 
3750028 
3777880 
3815104 
3849688 
3877672 
3906184 
3940504 
3988420 
4029604 
4071976 
4112368 
4153420 
4180744 
4211764 
4246216 
4278424 
4318024 
4354984 
4389304 
4425472 
4460320 
4498864 
4529224 
4569484 
4601692 
4632184 
4664260 
4703860 
4751512 
4795864 
4830976 
4863844 
4896184 
4921528 
4959544 
4993864 
5028316 
5077420 
5113720 
5158732 
5190544 
5231728 
5260900 
5323864 
5368744 
5402932 
5436988 
5469988 
5513548 
5552752 
5583112 
5616244 
5653864 
5687788 
5722108 
5753260 
5781640 
5817280 
5845132 
5872324 
5903872 
5942944 
5971852 
6007888 
6036796 
6082600 
6112168 
6149920 
6180148 
6215524 
8025244 
8047288 
8071048 
8094412 
8121868 
