 9985 vladisl+  20   0   23932  18540   3008 R 100.0   0.1   0:00.33 newmem.bash
 9989 vladisl+  20   0   40036  34408   3044 R 100.0   0.3   0:00.71 newmem.bash
 9985 vladisl+  20   0   69604  64212   3008 R 100.0   0.5   0:01.31 newmem.bash
 9987 vladisl+  20   0   86500  81080   2984 R 100.0   0.6   0:01.64 newmem.bash
 9992 vladisl+  20   0  108676 103392   3128 R 100.0   0.8   0:02.08 newmem.bash
 9985 vladisl+  20   0  128344 122820   3008 R 100.0   1.0   0:02.52 newmem.bash
 9984 vladisl+  20   0  128872 123192   2852 R 100.0   1.0   0:02.53 newmem.bash
 9984 vladisl+  20   0  153688 148008   2852 R 100.0   1.1   0:03.06 newmem.bash
 9984 vladisl+  20   0  179824 174144   2852 R 100.0   1.4   0:03.58 newmem.bash
 9984 vladisl+  20   0  205432 199752   2852 R 100.0   1.5   0:04.12 newmem.bash
 9986 vladisl+  20   0  224044 218420   2772 R 100.0   1.7   0:04.48 newmem.bash
 9993 vladisl+  20   0  239356 233988   3044 R 100.0   1.8   0:04.79 newmem.bash
 9986 vladisl+  20   0  275656 269900   2772 R 100.0   2.1   0:05.51 newmem.bash
 9984 vladisl+  20   0  273280 267600   2852 R 100.0   2.1   0:05.50 newmem.bash
 9986 vladisl+  20   0  325816 320060   2772 R 100.0   2.5   0:06.56 newmem.bash
 9986 vladisl+  20   0  350500 344876   2772 R 100.0   2.7   0:07.11 newmem.bash
 9984 vladisl+  20   0  330040 324360   2852 R 100.0   2.5   0:06.69 newmem.bash
 9984 vladisl+  20   0  356044 350496   2852 R 100.0   2.7   0:07.25 newmem.bash
 9984 vladisl+  20   0  382576 376896   2852 R 100.0   2.9   0:07.80 newmem.bash
 9991 vladisl+  20   0  426136 420572   2976 R 100.0   3.3   0:08.83 newmem.bash
 9985 vladisl+  20   0  461248 455724   3008 R 100.0   3.5   0:09.44 newmem.bash
 9985 vladisl+  20   0  485800 480276   3008 R 100.0   3.7   0:09.93 newmem.bash
 9988 vladisl+  20   0  443692 438404   3124 R 100.0   3.4   0:09.31 newmem.bash
 9985 vladisl+  20   0  536752 531228   3008 R 100.0   4.1   0:10.99 newmem.bash
 9986 vladisl+  20   0  530812 525188   2772 R 100.0   4.1   0:10.90 newmem.bash
 9986 vladisl+  20   0  557344 551588   2772 R 100.0   4.3   0:11.42 newmem.bash
 9986 vladisl+  20   0  582952 577196   2772 R 100.0   4.5   0:11.95 newmem.bash
 9984 vladisl+  20   0  541240 535560   2852 R 100.0   4.2   0:11.14 newmem.bash
 9985 vladisl+  20   0  634960 629436   3008 R 100.0   4.9   0:13.01 newmem.bash
 9986 vladisl+  20   0  656212 650588   2772 R 100.0   5.0   0:13.45 newmem.bash
 9988 vladisl+  20   0  591928 586508   3124 R 100.0   4.5   0:12.50 newmem.bash
 9985 vladisl+  20   0  687892 682500   3008 R 100.0   5.3   0:14.27 newmem.bash
 9985 vladisl+  20   0  703600 698076   3008 R 100.0   5.4   0:14.81 newmem.bash
 9985 vladisl+  20   0  718252 712860   3008 R 100.0   5.5   0:15.34 newmem.bash
 9985 vladisl+  20   0  732112 726588   3008 R 100.0   5.6   0:15.89 newmem.bash
 9984 vladisl+  20   0  648028 642480   2852 R 100.0   5.0   0:14.25 newmem.bash
 9984 vladisl+  20   0  662812 657000   2852 R 100.0   5.1   0:14.78 newmem.bash
 9984 vladisl+  20   0  678256 672576   2852 R 100.0   5.2   0:15.34 newmem.bash
 9988 vladisl+  20   0  704656 699236   3124 R 100.0   5.4   0:16.56 newmem.bash
 9985 vladisl+  20   0  788344 782820   3008 R 100.0   6.1   0:17.92 newmem.bash
 9988 vladisl+  20   0  729076 723788   3124 R 100.0   5.6   0:17.46 newmem.bash
 9990 vladisl+  20   0  729340 723816   2876 R 100.0   5.6   0:17.44 newmem.bash
 9984 vladisl+  20   0  736336 730656   2852 R 100.0   5.7   0:17.32 newmem.bash
 9984 vladisl+  20   0  752308 746760   2852 R 100.0   5.8   0:17.88 newmem.bash
 9984 vladisl+  20   0  768148 762600   2852 R 100.0   5.9   0:18.40 newmem.bash
 9985 vladisl+  20   0  859888 854364   3008 R 100.0   6.6   0:20.33 newmem.bash
 9985 vladisl+  20   0  875332 869676   3008 R 100.0   6.7   0:20.87 newmem.bash
 9984 vladisl+  20   0  800752 795072   2852 R 100.0   6.2   0:19.54 newmem.bash
 9989 vladisl+  20   0  857644 852280   3044 R 100.0   6.6   0:21.56 newmem.bash
 9984 vladisl+  20   0  825964 820416   2852 R  93.8   6.4   0:20.69 newmem.bash
 9985 vladisl+  20   0  917704 912180   3008 R  93.8   7.1   0:22.71 newmem.bash
 9985 vladisl+  20   0  931564 925908   3008 R  93.8   7.2   0:23.25 newmem.bash
 9984 vladisl+  20   0  854212 848664   2852 R 100.0   6.6   0:22.01 newmem.bash
 9984 vladisl+  20   0  867940 862128   2852 R 100.0   6.7   0:22.73 newmem.bash
 9984 vladisl+  20   0  888664 882984   2852 R 100.0   6.8   0:23.59 newmem.bash
 9991 vladisl+  20   0  921400 915836   2976 R 100.0   7.1   0:24.76 newmem.bash
 9985 vladisl+  20   0 1012876 983.9m   3008 R 100.0   7.8   0:26.80 newmem.bash
 9991 vladisl+  20   0  954664 949100   2976 R  60.7   7.4   0:26.71 newmem.bash
 9992 vladisl+  20   0  969316 964032   3128 R 100.0   7.5   0:28.64 newmem.bash
 9984 vladisl+  20   0  967204 961656   2852 R  93.8   7.5   0:29.26 newmem.bash
 9988 vladisl+  20   0  967468 962180   3124 R  84.6   7.5   0:29.26 newmem.bash
 9991 vladisl+  20   0  993604 987908   2976 R 100.0   7.7   0:30.35 newmem.bash
 9993 vladisl+  20   0 1038220   1.0g   3044 R  88.2   8.0   0:31.47 newmem.bash
 9984 vladisl+  20   0 1007728 978.6m   2852 R  96.7   7.8   0:32.22 newmem.bash
 9990 vladisl+  20   0  993604 987816   2876 R  66.7   7.7   0:32.34 newmem.bash
 9986 vladisl+  20   0 1055644   1.0g   2772 R  81.2   8.1   0:32.80 newmem.bash
 9987 vladisl+  20   0 1074784   1.0g   2984 R 100.0   8.3   0:36.00 newmem.bash
 9984 vladisl+  20   0 1053664   1.0g   2852 R  53.6   8.1   0:37.07 newmem.bash
 9984 vladisl+  20   0 1063828   1.0g   2852 R 100.0   8.2   0:37.67 newmem.bash
 9993 vladisl+  20   0 1116760   1.1g   3044 R 100.0   8.6   0:39.28 newmem.bash
 9985 vladisl+  20   0 1154512   1.1g   3008 R 100.0   8.9   0:39.09 newmem.bash
 9984 vladisl+  20   0 1090096   1.0g   2852 R 100.0   8.4   0:40.91 newmem.bash
 9985 vladisl+  20   0 1178272   1.1g   3008 R 100.0   9.1   0:41.70 newmem.bash
 9986 vladisl+  20   0 1134448   1.1g   2772 R 100.0   8.8   0:40.37 newmem.bash
 9986 vladisl+  20   0 1144216   1.1g   2772 R  41.0   8.8   0:42.80 newmem.bash
 9988 vladisl+  20   0 1101976   1.0g   3124 R 100.0   8.5   0:45.54 newmem.bash
 9987 vladisl+  20   0 1164940   1.1g   2984 R  89.3   9.0   0:49.60 newmem.bash
 9988 vladisl+  20   0 1131544   1.1g   3124 R 100.0   8.7   0:49.28 newmem.bash
 9987 vladisl+  20   0 1188964   1.1g   2984 R 100.0   9.2   0:50.79 newmem.bash
 9987 vladisl+  20   0 1201900   1.1g   2984 R 100.0   9.3   0:51.34 newmem.bash
 9985 vladisl+  20   0 1268560   1.2g   3008 R 100.0   9.8   0:52.40 newmem.bash
 9985 vladisl+  20   0 1283080   1.2g   3008 R 100.0   9.9   0:52.93 newmem.bash
 9987 vladisl+  20   0 1244272   1.2g   2984 R 100.0   9.6   0:52.93 newmem.bash
 9987 vladisl+  20   0 1256548   1.2g   2984 R 100.0   9.7   0:53.58 newmem.bash
 9984 vladisl+  20   0 1222360   1.2g   2852 R  94.1   9.4   0:53.40 newmem.bash
 9992 vladisl+  20   0 1252720   1.2g   3128 R  80.0   9.7   0:55.82 newmem.bash
 9988 vladisl+  20   0 1211272   1.1g   2900 R  33.3   9.3   0:56.16 newmem.bash
 9984 vladisl+  20   0 1533484   1.1g   1148 R 100.0   8.9   1:13.91 newmem.bash
 9987 vladisl+  20   0 1520020   1.1g   1180 R 100.0   9.1   1:12.08 newmem.bash
 9984 vladisl+  20   0 1581136   1.1g   1148 R 100.0   9.3   1:14.82 newmem.bash
 9984 vladisl+  20   0 1603972   1.2g   1148 R 100.0   9.5   1:15.24 newmem.bash
 9984 vladisl+  20   0 1615852   1.2g   1148 R 100.0   9.6   1:15.66 newmem.bash
 9989 vladisl+  20   0 1577572   1.1g   1192 R 100.0   9.1   1:13.76 newmem.bash
 9987 vladisl+  20   0 1618492   1.2g   1180 R 100.0   9.8   1:14.26 newmem.bash
 9987 vladisl+  20   0       0      0      0 R 100.0   0.0   1:14.68 newmem.bash
 9989 vladisl+  20   0 1633672   1.2g   1192 D   0.0   9.5   1:14.85 newmem.bash
