12455104
12451536
12450780
12450820
12414900
12227616
12018960
11803264
11606468
11413632
11217048
11003092
10798460
10578000
10379928
10178816
9971932
9771292
9568480
9369636
9169052
8974752
8748976
8553172
8347548
8156028
7950388
7744756
7552732
7338792
7143956
6937072
6738496
6507664
6326956
6161400
6047000
5918944
5808308
5699948
5589808
5463816
5338312
5211808
5082800
4960092
4835328
4721684
4586612
4460864
4333612
4211400
4103536
4003736
3926388
3822312
3711968
3637116
3457684
3300380
3084464
2960984
2790388
2696384
2598364
2465568
2370036
2281584
2187588
2069644
1983948
1876628
1757952
1689188
1618604
1526380
1406940
1308912
1231044
1123448
1034232
882536
764600
652452
545856
437992
321608
198380
125008
125956
126132
7808108
7725376
7625080
7528104
7469672
7387512
9948596
9904480
11211888
12494960
12494920
12494928
12493740
12494072
12429056
12493828
12494316
12494056
12493536
12362488
12493936
12494016
12493512
12494040
12494300
12494056
12494056
12494796
12494512
12494316
12362992
12493804
12494316
12494340
12495268
12366552
12495536
12494528
12494528
12493780
12363204
12494308
12493820
12492812
12492804
12492828
12493316
12492772
12493056
12493316
12492560
12493072
12492040
12491796
12491544
12491056
12491040
12491048
12491584
