3727240
3727240
3727240
3727240
3727240
3727240
3727240
3727240
3727240
3727240
3727240
3727240
3727240
3727240
3727240
3727240
3727240
3727240
3727240
3727240
3727240
3727240
3727240
3727240
3727240
3727240
3727240
3727240
3727240
3727240
3727240
3727240
3727240
3727240
3727240
3727240
3727240
3727240
3727240
3727240
3727240
3727240
3727240
3727240
3727240
3727240
3727240
3727240
3727240
3727240
3727240
3727240
3727240
3727240
3727240
3727240
3727240
3727240
3727240
3727240
3727240
3727240
3727240
3727240
3727240
3727240
3727240
3727240
3727240
3727240
3727240
3727240
3727240
3727240
3727240
3727240
3727240
3727240
3727240
3727240
3727240
3727240
3727240
3727240
3727240
3727240
3727240
3727240
3727296
3763080
3762824
2276632
2276632
2276632
2276632
2276632
2276632
3022276
3022276
3365860
3763476
3763476
3763476
3763476
3763476
3763476
3763476
3763476
3763476
3763476
3763476
3763476
3763476
3763476
3763476
3763476
3763476
3763476
3763476
3763476
3763476
3763476
3763476
3763476
3763476
3763476
3763476
3763476
3763476
3763476
3763476
3763476
3763476
3763476
3763476
3763476
3763480
3763480
3763480
3763480
3763480
3763480
3763480
3763480
3763480
3763480
3763480
3763480
3763480
3763480
