1,83 1,94 1,80 1,59 1,58
2,21 2,42 2,12 1,84 2,24
2,96 3,63 3,33 3,10 3,68
4,48 4,34 4,71 3,70 4,02
3,94 3,91 3,95 3,94 3,91
4,71 4,50 4,63 4,63 4,59
5,96 7,97 6,90 5,80 5,69
6,29 6,24 6,72 6,63 6,77
7,76 7,38 7,28 7,27 7,20
8,09 8,24 8,16 8,95 7,79
8,92 9,37 9,10 9,11 9,11
9,88 9,87 9,91 10,05 10,06
10,76 10,71 11,03 10,67 10,78
11,53 11,53 11,08 11,59 12,37
15,46 12,29 12,41 12,09 12,07
12,84 13,33 13,92 12,96 12,73
13,83 13,82 14,07 13,80 13,67
14,94 17,88 15,07 13,60 13,37
14,16 14,10 14,25 14,56 14,12
15,00 14,93 15,01 14,96 14,85
