3,74 3,33 3,48 3,13 3,35
6,35 6,24 6,10 6,88 6,38
10,08 10,33 10,71 9,16 9,91
13,69 13,97 12,99 13,89 13,38
16,19 15,61 14,42 14,97 16,43
19,35 20,82 18,07 19,22 17,36
20,26 21,82 23,19 20,94 20,67
25,50 23,57 24,77 25,40 23,87
27,56 28,07 27,82 27,94 28,44
32,17 30,78 30,19 31,86 31,09
34,08 34,31 31,51 35,37 34,47
114,27 36,67 38,35 36,29 37,01
41,85 39,01 39,03 39,99 39,76
44,94 44,81 44,10 44,64 44,71
47,27 46,58 45,02 46,30 44,56
52,76 51,32 49,50 48,43 49,92
54,69 54,67 54,05 54,56 54,33
55,78 57,74 57,47 57,54 57,55
59,74 62,82 66,80 61,10 63,42
64,73 62,56 65,59 69,40 65,75
