4,51 4,09 4,40 5,35 5,19
9,79 7,50 7,23 7,25 7,15
10,20 10,18 10,23 10,71 10,62
13,62 14,32 13,89 14,08 13,88
17,58 21,61 17,21 17,08 17,05
21,28 20,86 19,80 20,91 20,76
23,01 24,30 24,51 24,91 23,13
26,00 32,25 32,40 27,38 26,59
30,62 31,39 32,05 30,94 31,08
33,17 33,85 33,65 34,65 40,02
38,26 37,99 37,49 36,66 37,50
44,96 38,79 38,46 38,14 38,41
41,36 43,86 40,66 40,69 41,71
49,03 44,62 44,33 43,74 43,58
46,76 46,54 46,68 46,69 46,32
49,78 49,61 49,73 52,66 50,88
54,11 54,10 54,07 53,89 56,13
58,05 60,99 62,69 63,82 63,91
67,24 71,29 68,45 68,18 71,29
74,28 69,75 69,20 68,93 68,22
