 40.0 
 40.0 
 33.3 
 40.0 
 40.0 
 33.3 
 40.0 
 33.3 
 40.0 
 33.3 
 33.3 
 33.3 
 33.3 
 29.4 
 40.0 
 40.0 
 40.0 
 40.0 
 40.0 
 33.3 
 40.0 
 35.3 
 40.0 
 40.0 
 40.0 
 40.0 
 46.7 
 33.3 
 40.0 
 40.0 
 36.8 
 33.3 
 40.0 
 33.3 
 33.3 
 40.0 
 40.0 
 40.0 
 40.0 
 40.0 
 40.0 
 40.0 
 40.0 
 31.6 
 33.3 
 31.6 
 42.9 
 40.0 
 26.3 
 26.3 
 30.4 
 27.8 
 28.0 
 35.0 
 33.3 
 31.2 
 42.9 
 28.6 
 24.1 
 93.8 
 31.2 
 31.8 
 40.5 
 33.3 
 31.6 
 28.6 
 39.6 
 31.6 
 31.1 
100.0 
 14.5 
 75.0 
 44.4 
 43.8 
 64.4 
 46.7 
 47.1 
 86.7 
 93.3 
100.0 
 81.0 
100.0 
