  8508 
 14704 
 22184 
 32748 
 41316 
 50860 
 59596 
 69868 
 79372 
 87556 
 78052 
 86236 
 93892 
101548 
107564 
135300 
143232 
151812 
164328 
154612 
180984 
173884 
183652 
206844 
201076 
225732 
220084 
227740 
245136 
254772 
257016 
250444 
269556 
261004 
266548 
228964 
287692 
297276 
299572 
305052 
311928 
317196 
260004 
330012 
261868 
324892 
270052 
333604 
337564 
341788 
356860 
349444 
353404 
382920 
300440 
309020 
382708 
322488 
332784 
347636 
347832 
424420 
361228 
361204 
446304 
450264 
381136 
391460 
389936 
392092 
410740 
421796 
407588 
438956 
378416 
431396 
397952 
443928 
442992 
454608 
448584 
468120 
