  13900 
  20236 
  27628 
  38320 
  47164 
  56536 
  65116 
  75676 
  84916 
  93100 
  83332 
  91780 
  99172 
 106828 
 112900 
 140884 
 148672 
 157384 
 169660 
 159892 
 186424 
 179164 
 188932 
 212560 
 206488 
 231304 
 225364 
 233020 
 250444 
 260344 
 262456 
 255856 
 274996 
 266284 
 271960 
 234472 
 293344 
 302980 
 305224 
 310768 
 317236 
 322912 
 265624 
 335452 
 267340 
 330436 
 275656 
 339148 
 342976 
 347068 
 362512 
 354856 
 358816 
 388384 
 306016 
 314464 
 387988 
 327796 
 338224 
 353140 
 353272 
 429700 
 366604 
 366736 
 451744 
 455572 
 386800 
 397096 
 395380 
 397624 
 416236 
 551272 
 535300 
 568696 
 500716 
 556552 
 520252 
 570544 
 567244 
 578728 
 573184 
 592720 
